#
# There is insufficient memory for the Java Runtime Environment to continue.
# Native memory allocation (malloc) failed to allocate 1457136 bytes for Chunk::new
# Possible reasons:
#   The system is out of physical RAM or swap space
#   The process is running with CompressedOops enabled, and the Java Heap may be blocking the growth of the native heap
# Possible solutions:
#   Reduce memory load on the system
#   Increase physical memory or swap space
#   Check if swap backing store is full
#   Decrease Java heap size (-Xmx/-Xms)
#   Decrease number of Java threads
#   Decrease Java thread stack sizes (-Xss)
#   Set larger code cache with -XX:ReservedCodeCacheSize=
#   JVM is running with Unscaled Compressed Oops mode in which the Java heap is
#     placed in the first 4GB address space. The Java Heap base address is the
#     maximum limit for the native heap growth. Please use -XX:HeapBaseMinAddress
#     to set the Java Heap base and to place the Java Heap above 4GB virtual address.
# This output file may be truncated or incomplete.
#
#  Out of Memory Error (./src/hotspot/share/memory/arena.cpp:197), pid=11924, tid=1704
#
# JRE version: OpenJDK Runtime Environment (11.0.8+10) (build 11.0.8+10-b944.6842174)
# Java VM: OpenJDK 64-Bit Server VM (11.0.8+10-b944.6842174, mixed mode, tiered, compressed oops, g1 gc, windows-amd64)
# No core dump will be written. Minidumps are not enabled by default on client versions of Windows
#

---------------  S U M M A R Y ------------

Command Line: --add-opens=java.base/java.util=ALL-UNNAMED --add-opens=java.base/java.lang=ALL-UNNAMED --add-opens=java.base/java.lang.invoke=ALL-UNNAMED --add-opens=java.prefs/java.util.prefs=ALL-UNNAMED -Xmx512m -Dfile.encoding=windows-1252 -Duser.country=US -Duser.language=en -Duser.variant org.gradle.launcher.daemon.bootstrap.GradleDaemon 6.5

Host: Intel(R) Core(TM) i3-7020U CPU @ 2.30GHz, 4 cores, 11G,  Windows 10 , 64 bit Build 21996 (10.0.21996.1)
Time: Tue Sep  7 16:34:46 2021 Pakistan Standard Time elapsed time: 4 seconds (0d 0h 0m 4s)

---------------  T H R E A D  ---------------

Current thread (0x00000189469d7800):  JavaThread "C2 CompilerThread0" daemon [_thread_in_native, id=1704, stack(0x0000008317200000,0x0000008317300000)]


Current CompileTask:
C2:   4574 1963   !   4       java.lang.ClassLoader::loadClass (122 bytes)

Stack: [0x0000008317200000,0x0000008317300000]
Native frames: (J=compiled Java code, j=interpreted, Vv=VM code, C=native code)
V  [jvm.dll+0x5de50a]
V  [jvm.dll+0x7122f5]
V  [jvm.dll+0x71384d]
V  [jvm.dll+0x713f03]
V  [jvm.dll+0x23e728]
V  [jvm.dll+0xb899c]
V  [jvm.dll+0xb8e9c]
V  [jvm.dll+0x35024d]
V  [jvm.dll+0x31dea3]
V  [jvm.dll+0x31d39a]
V  [jvm.dll+0x1f7702]
V  [jvm.dll+0x1f68d4]
V  [jvm.dll+0x17f32c]
V  [jvm.dll+0x205047]
V  [jvm.dll+0x203891]
V  [jvm.dll+0x6dad3f]
V  [jvm.dll+0x6d3895]
V  [jvm.dll+0x5dd4a6]
C  [ucrtbase.dll+0x26c0c]
C  [KERNEL32.DLL+0x154e0]
C  [ntdll.dll+0x485b]


---------------  P R O C E S S  ---------------

Threads class SMR info:
_java_thread_list=0x00000189489ac850, length=23, elements={
0x000001892fecb800, 0x0000018946050000, 0x0000018946051000, 0x00000189469d3800,
0x00000189469d6800, 0x00000189469d7800, 0x00000189469de000, 0x00000189469df800,
0x0000018946b1f000, 0x0000018946b42800, 0x0000018947bd8800, 0x0000018947cf9800,
0x0000018947d08000, 0x0000018947d3d000, 0x0000018947d4a000, 0x0000018948547000,
0x0000018947fe8000, 0x00000189483dd800, 0x0000018948443800, 0x0000018948002000,
0x000001894880e800, 0x0000018948813800, 0x000001894880f800
}

Java Threads: ( => current thread )
  0x000001892fecb800 JavaThread "main" [_thread_blocked, id=17252, stack(0x0000008316700000,0x0000008316800000)]
  0x0000018946050000 JavaThread "Reference Handler" daemon [_thread_blocked, id=7408, stack(0x0000008316e00000,0x0000008316f00000)]
  0x0000018946051000 JavaThread "Finalizer" daemon [_thread_blocked, id=13756, stack(0x0000008316f00000,0x0000008317000000)]
  0x00000189469d3800 JavaThread "Signal Dispatcher" daemon [_thread_blocked, id=14104, stack(0x0000008317000000,0x0000008317100000)]
  0x00000189469d6800 JavaThread "Attach Listener" daemon [_thread_blocked, id=6448, stack(0x0000008317100000,0x0000008317200000)]
=>0x00000189469d7800 JavaThread "C2 CompilerThread0" daemon [_thread_in_native, id=1704, stack(0x0000008317200000,0x0000008317300000)]
  0x00000189469de000 JavaThread "C1 CompilerThread0" daemon [_thread_in_native, id=13640, stack(0x0000008317300000,0x0000008317400000)]
  0x00000189469df800 JavaThread "Sweeper thread" daemon [_thread_blocked, id=5432, stack(0x0000008317400000,0x0000008317500000)]
  0x0000018946b1f000 JavaThread "Common-Cleaner" daemon [_thread_blocked, id=11668, stack(0x0000008317500000,0x0000008317600000)]
  0x0000018946b42800 JavaThread "Service Thread" daemon [_thread_blocked, id=16116, stack(0x0000008317600000,0x0000008317700000)]
  0x0000018947bd8800 JavaThread "Daemon health stats" [_thread_blocked, id=1836, stack(0x0000008317b00000,0x0000008317c00000)]
  0x0000018947cf9800 JavaThread "Incoming local TCP Connector on port 53808" [_thread_in_native, id=13528, stack(0x0000008317e00000,0x0000008317f00000)]
  0x0000018947d08000 JavaThread "Daemon periodic checks" [_thread_blocked, id=16224, stack(0x0000008317f00000,0x0000008318000000)]
  0x0000018947d3d000 JavaThread "Daemon" [_thread_blocked, id=7736, stack(0x0000008318000000,0x0000008318100000)]
  0x0000018947d4a000 JavaThread "Handler for socket connection from /127.0.0.1:53808 to /127.0.0.1:53809" [_thread_in_native, id=13996, stack(0x0000008318100000,0x0000008318200000)]
  0x0000018948547000 JavaThread "Cancel handler" [_thread_blocked, id=16756, stack(0x0000008318200000,0x0000008318300000)]
  0x0000018947fe8000 JavaThread "Daemon worker" [_thread_in_Java, id=16464, stack(0x0000008318300000,0x0000008318400000)]
  0x00000189483dd800 JavaThread "Asynchronous log dispatcher for DefaultDaemonConnection: socket connection from /127.0.0.1:53808 to /127.0.0.1:53809" [_thread_blocked, id=17052, stack(0x0000008318400000,0x0000008318500000)]
  0x0000018948443800 JavaThread "Stdin handler" [_thread_blocked, id=5760, stack(0x0000008318500000,0x0000008318600000)]
  0x0000018948002000 JavaThread "Thread-8" [_thread_blocked, id=12120, stack(0x0000008318600000,0x0000008318700000)]
  0x000001894880e800 JavaThread "Cache worker for journal cache (C:\Users\Developer\.gradle\caches\journal-1)" [_thread_blocked, id=10604, stack(0x0000008318700000,0x0000008318800000)]
  0x0000018948813800 JavaThread "File lock request listener" [_thread_in_native, id=17256, stack(0x0000008318800000,0x0000008318900000)]
  0x000001894880f800 JavaThread "Cache worker for file hash cache (C:\Users\Developer\.gradle\caches\6.5\fileHashes)" [_thread_blocked, id=5464, stack(0x0000008318900000,0x0000008318a00000)]

Other Threads:
  0x000001894602a000 VMThread "VM Thread" [stack: 0x0000008316d00000,0x0000008316e00000] [id=13752]
  0x0000018946b43800 WatcherThread [stack: 0x0000008317700000,0x0000008317800000] [id=11568]
  0x000001892fee4000 GCTaskThread "GC Thread#0" [stack: 0x0000008316800000,0x0000008316900000] [id=6824]
  0x000001894716d800 GCTaskThread "GC Thread#1" [stack: 0x0000008317800000,0x0000008317900000] [id=17100]
  0x0000018947153000 GCTaskThread "GC Thread#2" [stack: 0x0000008317900000,0x0000008317a00000] [id=12100]
  0x0000018947050800 GCTaskThread "GC Thread#3" [stack: 0x0000008317a00000,0x0000008317b00000] [id=12612]
  0x000001892fef5800 ConcurrentGCThread "G1 Main Marker" [stack: 0x0000008316900000,0x0000008316a00000] [id=14928]
  0x000001892fef7000 ConcurrentGCThread "G1 Conc#0" [stack: 0x0000008316a00000,0x0000008316b00000] [id=6264]
  0x0000018945ea0800 ConcurrentGCThread "G1 Refine#0" [stack: 0x0000008316b00000,0x0000008316c00000] [id=14000]
  0x0000018945ea1800 ConcurrentGCThread "G1 Young RemSet Sampling" [stack: 0x0000008316c00000,0x0000008316d00000] [id=12292]

Threads with active compile tasks:
C2 CompilerThread0   4641 1963   !   4       java.lang.ClassLoader::loadClass (122 bytes)
C1 CompilerThread0   4641 2025       3       com.google.common.io.LineReader$1::handleLine (15 bytes)

VM state:not at safepoint (normal execution)

VM Mutex/Monitor currently owned by a thread: None

Heap address: 0x00000000e0000000, size: 512 MB, Compressed Oops mode: 32-bit
Narrow klass base: 0x0000000000000000, Narrow klass shift: 3
Compressed class space size: 1073741824 Address: 0x0000000100000000

Heap:
 garbage-first heap   total 194560K, used 17641K [0x00000000e0000000, 0x0000000100000000)
  region size 1024K, 4 young (4096K), 2 survivors (2048K)
 Metaspace       used 22473K, capacity 23036K, committed 23296K, reserved 1069056K
  class space    used 2772K, capacity 2985K, committed 3072K, reserved 1048576K
Heap Regions: E=young(eden), S=young(survivor), O=old, HS=humongous(starts), HC=humongous(continues), CS=collection set, F=free, A=archive, TAMS=top-at-mark-start (previous, next)
|   0|0x00000000e0000000, 0x00000000e0100000, 0x00000000e0100000|100%| O|  |TAMS 0x00000000e0000000, 0x00000000e0000000| Untracked 
|   1|0x00000000e0100000, 0x00000000e0200000, 0x00000000e0200000|100%| O|  |TAMS 0x00000000e0100000, 0x00000000e0100000| Untracked 
|   2|0x00000000e0200000, 0x00000000e0300000, 0x00000000e0300000|100%| O|  |TAMS 0x00000000e0200000, 0x00000000e0200000| Untracked 
|   3|0x00000000e0300000, 0x00000000e0400000, 0x00000000e0400000|100%|HS|  |TAMS 0x00000000e0400000, 0x00000000e0300000| Complete 
|   4|0x00000000e0400000, 0x00000000e0500000, 0x00000000e0500000|100%|HC|  |TAMS 0x00000000e0500000, 0x00000000e0400000| Complete 
|   5|0x00000000e0500000, 0x00000000e0600000, 0x00000000e0600000|100%|HC|  |TAMS 0x00000000e0600000, 0x00000000e0500000| Complete 
|   6|0x00000000e0600000, 0x00000000e0700000, 0x00000000e0700000|100%| O|  |TAMS 0x00000000e0700000, 0x00000000e0600000| Untracked 
|   7|0x00000000e0700000, 0x00000000e0800000, 0x00000000e0800000|100%| O|  |TAMS 0x00000000e0800000, 0x00000000e0700000| Untracked 
|   8|0x00000000e0800000, 0x00000000e0900000, 0x00000000e0900000|100%| O|  |TAMS 0x00000000e08ab400, 0x00000000e0800000| Untracked 
|   9|0x00000000e0900000, 0x00000000e0a00000, 0x00000000e0a00000|100%| O|  |TAMS 0x00000000e0900000, 0x00000000e0900000| Untracked 
|  10|0x00000000e0a00000, 0x00000000e0b00000, 0x00000000e0b00000|100%| O|  |TAMS 0x00000000e0a00000, 0x00000000e0a00000| Untracked 
|  11|0x00000000e0b00000, 0x00000000e0c00000, 0x00000000e0c00000|100%| O|  |TAMS 0x00000000e0b00000, 0x00000000e0b00000| Untracked 
|  12|0x00000000e0c00000, 0x00000000e0d00000, 0x00000000e0d00000|100%| O|  |TAMS 0x00000000e0c00000, 0x00000000e0c00000| Untracked 
|  13|0x00000000e0d00000, 0x00000000e0e00000, 0x00000000e0e00000|100%| O|  |TAMS 0x00000000e0d00000, 0x00000000e0d00000| Untracked 
|  14|0x00000000e0e00000, 0x00000000e0f00000, 0x00000000e0f00000|100%| O|  |TAMS 0x00000000e0e00000, 0x00000000e0e00000| Untracked 
|  15|0x00000000e0f00000, 0x00000000e0f04800, 0x00000000e1000000|  1%| O|  |TAMS 0x00000000e0f00000, 0x00000000e0f00000| Untracked 
|  16|0x00000000e1000000, 0x00000000e1000000, 0x00000000e1100000|  0%| F|  |TAMS 0x00000000e1000000, 0x00000000e1000000| Untracked 
|  17|0x00000000e1100000, 0x00000000e1100000, 0x00000000e1200000|  0%| F|  |TAMS 0x00000000e1100000, 0x00000000e1100000| Untracked 
|  18|0x00000000e1200000, 0x00000000e1200000, 0x00000000e1300000|  0%| F|  |TAMS 0x00000000e1200000, 0x00000000e1200000| Untracked 
|  19|0x00000000e1300000, 0x00000000e1300000, 0x00000000e1400000|  0%| F|  |TAMS 0x00000000e1300000, 0x00000000e1300000| Untracked 
|  20|0x00000000e1400000, 0x00000000e1400000, 0x00000000e1500000|  0%| F|  |TAMS 0x00000000e1400000, 0x00000000e1400000| Untracked 
|  21|0x00000000e1500000, 0x00000000e1500000, 0x00000000e1600000|  0%| F|  |TAMS 0x00000000e1500000, 0x00000000e1500000| Untracked 
|  22|0x00000000e1600000, 0x00000000e1600000, 0x00000000e1700000|  0%| F|  |TAMS 0x00000000e1600000, 0x00000000e1600000| Untracked 
|  23|0x00000000e1700000, 0x00000000e1700000, 0x00000000e1800000|  0%| F|  |TAMS 0x00000000e1700000, 0x00000000e1700000| Untracked 
|  24|0x00000000e1800000, 0x00000000e1800000, 0x00000000e1900000|  0%| F|  |TAMS 0x00000000e1800000, 0x00000000e1800000| Untracked 
|  25|0x00000000e1900000, 0x00000000e1900000, 0x00000000e1a00000|  0%| F|  |TAMS 0x00000000e1900000, 0x00000000e1900000| Untracked 
|  26|0x00000000e1a00000, 0x00000000e1a00000, 0x00000000e1b00000|  0%| F|  |TAMS 0x00000000e1a00000, 0x00000000e1a00000| Untracked 
|  27|0x00000000e1b00000, 0x00000000e1b00000, 0x00000000e1c00000|  0%| F|  |TAMS 0x00000000e1b00000, 0x00000000e1b00000| Untracked 
|  28|0x00000000e1c00000, 0x00000000e1c00000, 0x00000000e1d00000|  0%| F|  |TAMS 0x00000000e1c00000, 0x00000000e1c00000| Untracked 
|  29|0x00000000e1d00000, 0x00000000e1d00000, 0x00000000e1e00000|  0%| F|  |TAMS 0x00000000e1d00000, 0x00000000e1d00000| Untracked 
|  30|0x00000000e1e00000, 0x00000000e1e00000, 0x00000000e1f00000|  0%| F|  |TAMS 0x00000000e1e00000, 0x00000000e1e00000| Untracked 
|  31|0x00000000e1f00000, 0x00000000e1f00000, 0x00000000e2000000|  0%| F|  |TAMS 0x00000000e1f00000, 0x00000000e1f00000| Untracked 
|  32|0x00000000e2000000, 0x00000000e2000000, 0x00000000e2100000|  0%| F|  |TAMS 0x00000000e2000000, 0x00000000e2000000| Untracked 
|  33|0x00000000e2100000, 0x00000000e2100000, 0x00000000e2200000|  0%| F|  |TAMS 0x00000000e2100000, 0x00000000e2100000| Untracked 
|  34|0x00000000e2200000, 0x00000000e2200000, 0x00000000e2300000|  0%| F|  |TAMS 0x00000000e2200000, 0x00000000e2200000| Untracked 
|  35|0x00000000e2300000, 0x00000000e2300000, 0x00000000e2400000|  0%| F|  |TAMS 0x00000000e2300000, 0x00000000e2300000| Untracked 
|  36|0x00000000e2400000, 0x00000000e2400000, 0x00000000e2500000|  0%| F|  |TAMS 0x00000000e2400000, 0x00000000e2400000| Untracked 
|  37|0x00000000e2500000, 0x00000000e2500000, 0x00000000e2600000|  0%| F|  |TAMS 0x00000000e2500000, 0x00000000e2500000| Untracked 
|  38|0x00000000e2600000, 0x00000000e2600000, 0x00000000e2700000|  0%| F|  |TAMS 0x00000000e2600000, 0x00000000e2600000| Untracked 
|  39|0x00000000e2700000, 0x00000000e2700000, 0x00000000e2800000|  0%| F|  |TAMS 0x00000000e2700000, 0x00000000e2700000| Untracked 
|  40|0x00000000e2800000, 0x00000000e2800000, 0x00000000e2900000|  0%| F|  |TAMS 0x00000000e2800000, 0x00000000e2800000| Untracked 
|  41|0x00000000e2900000, 0x00000000e2900000, 0x00000000e2a00000|  0%| F|  |TAMS 0x00000000e2900000, 0x00000000e2900000| Untracked 
|  42|0x00000000e2a00000, 0x00000000e2a00000, 0x00000000e2b00000|  0%| F|  |TAMS 0x00000000e2a00000, 0x00000000e2a00000| Untracked 
|  43|0x00000000e2b00000, 0x00000000e2b00000, 0x00000000e2c00000|  0%| F|  |TAMS 0x00000000e2b00000, 0x00000000e2b00000| Untracked 
|  44|0x00000000e2c00000, 0x00000000e2c00000, 0x00000000e2d00000|  0%| F|  |TAMS 0x00000000e2c00000, 0x00000000e2c00000| Untracked 
|  45|0x00000000e2d00000, 0x00000000e2d00000, 0x00000000e2e00000|  0%| F|  |TAMS 0x00000000e2d00000, 0x00000000e2d00000| Untracked 
|  46|0x00000000e2e00000, 0x00000000e2e00000, 0x00000000e2f00000|  0%| F|  |TAMS 0x00000000e2e00000, 0x00000000e2e00000| Untracked 
|  47|0x00000000e2f00000, 0x00000000e2f00000, 0x00000000e3000000|  0%| F|  |TAMS 0x00000000e2f00000, 0x00000000e2f00000| Untracked 
|  48|0x00000000e3000000, 0x00000000e3000000, 0x00000000e3100000|  0%| F|  |TAMS 0x00000000e3000000, 0x00000000e3000000| Untracked 
|  49|0x00000000e3100000, 0x00000000e3100000, 0x00000000e3200000|  0%| F|  |TAMS 0x00000000e3100000, 0x00000000e3100000| Untracked 
|  50|0x00000000e3200000, 0x00000000e3200000, 0x00000000e3300000|  0%| F|  |TAMS 0x00000000e3200000, 0x00000000e3200000| Untracked 
|  51|0x00000000e3300000, 0x00000000e3300000, 0x00000000e3400000|  0%| F|  |TAMS 0x00000000e3300000, 0x00000000e3300000| Untracked 
|  52|0x00000000e3400000, 0x00000000e3400000, 0x00000000e3500000|  0%| F|  |TAMS 0x00000000e3400000, 0x00000000e3400000| Untracked 
|  53|0x00000000e3500000, 0x00000000e3500000, 0x00000000e3600000|  0%| F|  |TAMS 0x00000000e3500000, 0x00000000e3500000| Untracked 
|  54|0x00000000e3600000, 0x00000000e3600000, 0x00000000e3700000|  0%| F|  |TAMS 0x00000000e3600000, 0x00000000e3600000| Untracked 
|  55|0x00000000e3700000, 0x00000000e3700000, 0x00000000e3800000|  0%| F|  |TAMS 0x00000000e3700000, 0x00000000e3700000| Untracked 
|  56|0x00000000e3800000, 0x00000000e3800000, 0x00000000e3900000|  0%| F|  |TAMS 0x00000000e3800000, 0x00000000e3800000| Untracked 
|  57|0x00000000e3900000, 0x00000000e3900000, 0x00000000e3a00000|  0%| F|  |TAMS 0x00000000e3900000, 0x00000000e3900000| Untracked 
|  58|0x00000000e3a00000, 0x00000000e3a00000, 0x00000000e3b00000|  0%| F|  |TAMS 0x00000000e3a00000, 0x00000000e3a00000| Untracked 
|  59|0x00000000e3b00000, 0x00000000e3b00000, 0x00000000e3c00000|  0%| F|  |TAMS 0x00000000e3b00000, 0x00000000e3b00000| Untracked 
|  60|0x00000000e3c00000, 0x00000000e3c00000, 0x00000000e3d00000|  0%| F|  |TAMS 0x00000000e3c00000, 0x00000000e3c00000| Untracked 
|  61|0x00000000e3d00000, 0x00000000e3d00000, 0x00000000e3e00000|  0%| F|  |TAMS 0x00000000e3d00000, 0x00000000e3d00000| Untracked 
|  62|0x00000000e3e00000, 0x00000000e3e00000, 0x00000000e3f00000|  0%| F|  |TAMS 0x00000000e3e00000, 0x00000000e3e00000| Untracked 
|  63|0x00000000e3f00000, 0x00000000e3f00000, 0x00000000e4000000|  0%| F|  |TAMS 0x00000000e3f00000, 0x00000000e3f00000| Untracked 
|  64|0x00000000e4000000, 0x00000000e4000000, 0x00000000e4100000|  0%| F|  |TAMS 0x00000000e4000000, 0x00000000e4000000| Untracked 
|  65|0x00000000e4100000, 0x00000000e4100000, 0x00000000e4200000|  0%| F|  |TAMS 0x00000000e4100000, 0x00000000e4100000| Untracked 
|  66|0x00000000e4200000, 0x00000000e4200000, 0x00000000e4300000|  0%| F|  |TAMS 0x00000000e4200000, 0x00000000e4200000| Untracked 
|  67|0x00000000e4300000, 0x00000000e4300000, 0x00000000e4400000|  0%| F|  |TAMS 0x00000000e4300000, 0x00000000e4300000| Untracked 
|  68|0x00000000e4400000, 0x00000000e4400000, 0x00000000e4500000|  0%| F|  |TAMS 0x00000000e4400000, 0x00000000e4400000| Untracked 
|  69|0x00000000e4500000, 0x00000000e4500000, 0x00000000e4600000|  0%| F|  |TAMS 0x00000000e4500000, 0x00000000e4500000| Untracked 
|  70|0x00000000e4600000, 0x00000000e4600000, 0x00000000e4700000|  0%| F|  |TAMS 0x00000000e4600000, 0x00000000e4600000| Untracked 
|  71|0x00000000e4700000, 0x00000000e4700000, 0x00000000e4800000|  0%| F|  |TAMS 0x00000000e4700000, 0x00000000e4700000| Untracked 
|  72|0x00000000e4800000, 0x00000000e4800000, 0x00000000e4900000|  0%| F|  |TAMS 0x00000000e4800000, 0x00000000e4800000| Untracked 
|  73|0x00000000e4900000, 0x00000000e4900000, 0x00000000e4a00000|  0%| F|  |TAMS 0x00000000e4900000, 0x00000000e4900000| Untracked 
|  74|0x00000000e4a00000, 0x00000000e4a00000, 0x00000000e4b00000|  0%| F|  |TAMS 0x00000000e4a00000, 0x00000000e4a00000| Untracked 
|  75|0x00000000e4b00000, 0x00000000e4b00000, 0x00000000e4c00000|  0%| F|  |TAMS 0x00000000e4b00000, 0x00000000e4b00000| Untracked 
|  76|0x00000000e4c00000, 0x00000000e4c00000, 0x00000000e4d00000|  0%| F|  |TAMS 0x00000000e4c00000, 0x00000000e4c00000| Untracked 
|  77|0x00000000e4d00000, 0x00000000e4d00000, 0x00000000e4e00000|  0%| F|  |TAMS 0x00000000e4d00000, 0x00000000e4d00000| Untracked 
|  78|0x00000000e4e00000, 0x00000000e4e00000, 0x00000000e4f00000|  0%| F|  |TAMS 0x00000000e4e00000, 0x00000000e4e00000| Untracked 
|  79|0x00000000e4f00000, 0x00000000e4f00000, 0x00000000e5000000|  0%| F|  |TAMS 0x00000000e4f00000, 0x00000000e4f00000| Untracked 
|  80|0x00000000e5000000, 0x00000000e5000000, 0x00000000e5100000|  0%| F|  |TAMS 0x00000000e5000000, 0x00000000e5000000| Untracked 
|  81|0x00000000e5100000, 0x00000000e5100000, 0x00000000e5200000|  0%| F|  |TAMS 0x00000000e5100000, 0x00000000e5100000| Untracked 
|  82|0x00000000e5200000, 0x00000000e5200000, 0x00000000e5300000|  0%| F|  |TAMS 0x00000000e5200000, 0x00000000e5200000| Untracked 
|  83|0x00000000e5300000, 0x00000000e5300000, 0x00000000e5400000|  0%| F|  |TAMS 0x00000000e5300000, 0x00000000e5300000| Untracked 
|  84|0x00000000e5400000, 0x00000000e5400000, 0x00000000e5500000|  0%| F|  |TAMS 0x00000000e5400000, 0x00000000e5400000| Untracked 
|  85|0x00000000e5500000, 0x00000000e5500000, 0x00000000e5600000|  0%| F|  |TAMS 0x00000000e5500000, 0x00000000e5500000| Untracked 
|  86|0x00000000e5600000, 0x00000000e5600000, 0x00000000e5700000|  0%| F|  |TAMS 0x00000000e5600000, 0x00000000e5600000| Untracked 
|  87|0x00000000e5700000, 0x00000000e5700000, 0x00000000e5800000|  0%| F|  |TAMS 0x00000000e5700000, 0x00000000e5700000| Untracked 
|  88|0x00000000e5800000, 0x00000000e5800000, 0x00000000e5900000|  0%| F|  |TAMS 0x00000000e5800000, 0x00000000e5800000| Untracked 
|  89|0x00000000e5900000, 0x00000000e5900000, 0x00000000e5a00000|  0%| F|  |TAMS 0x00000000e5900000, 0x00000000e5900000| Untracked 
|  90|0x00000000e5a00000, 0x00000000e5a00000, 0x00000000e5b00000|  0%| F|  |TAMS 0x00000000e5a00000, 0x00000000e5a00000| Untracked 
|  91|0x00000000e5b00000, 0x00000000e5b00000, 0x00000000e5c00000|  0%| F|  |TAMS 0x00000000e5b00000, 0x00000000e5b00000| Untracked 
|  92|0x00000000e5c00000, 0x00000000e5c00000, 0x00000000e5d00000|  0%| F|  |TAMS 0x00000000e5c00000, 0x00000000e5c00000| Untracked 
|  93|0x00000000e5d00000, 0x00000000e5d00000, 0x00000000e5e00000|  0%| F|  |TAMS 0x00000000e5d00000, 0x00000000e5d00000| Untracked 
|  94|0x00000000e5e00000, 0x00000000e5e00000, 0x00000000e5f00000|  0%| F|  |TAMS 0x00000000e5e00000, 0x00000000e5e00000| Untracked 
|  95|0x00000000e5f00000, 0x00000000e5f00000, 0x00000000e6000000|  0%| F|  |TAMS 0x00000000e5f00000, 0x00000000e5f00000| Untracked 
|  96|0x00000000e6000000, 0x00000000e6000000, 0x00000000e6100000|  0%| F|  |TAMS 0x00000000e6000000, 0x00000000e6000000| Untracked 
|  97|0x00000000e6100000, 0x00000000e6100000, 0x00000000e6200000|  0%| F|  |TAMS 0x00000000e6100000, 0x00000000e6100000| Untracked 
|  98|0x00000000e6200000, 0x00000000e6200000, 0x00000000e6300000|  0%| F|  |TAMS 0x00000000e6200000, 0x00000000e6200000| Untracked 
|  99|0x00000000e6300000, 0x00000000e6300000, 0x00000000e6400000|  0%| F|  |TAMS 0x00000000e6300000, 0x00000000e6300000| Untracked 
| 100|0x00000000e6400000, 0x00000000e6400000, 0x00000000e6500000|  0%| F|  |TAMS 0x00000000e6400000, 0x00000000e6400000| Untracked 
| 101|0x00000000e6500000, 0x00000000e6500000, 0x00000000e6600000|  0%| F|  |TAMS 0x00000000e6500000, 0x00000000e6500000| Untracked 
| 102|0x00000000e6600000, 0x00000000e6600000, 0x00000000e6700000|  0%| F|  |TAMS 0x00000000e6600000, 0x00000000e6600000| Untracked 
| 103|0x00000000e6700000, 0x00000000e6700000, 0x00000000e6800000|  0%| F|  |TAMS 0x00000000e6700000, 0x00000000e6700000| Untracked 
| 104|0x00000000e6800000, 0x00000000e6800000, 0x00000000e6900000|  0%| F|  |TAMS 0x00000000e6800000, 0x00000000e6800000| Untracked 
| 105|0x00000000e6900000, 0x00000000e6900000, 0x00000000e6a00000|  0%| F|  |TAMS 0x00000000e6900000, 0x00000000e6900000| Untracked 
| 106|0x00000000e6a00000, 0x00000000e6a00000, 0x00000000e6b00000|  0%| F|  |TAMS 0x00000000e6a00000, 0x00000000e6a00000| Untracked 
| 107|0x00000000e6b00000, 0x00000000e6b00000, 0x00000000e6c00000|  0%| F|  |TAMS 0x00000000e6b00000, 0x00000000e6b00000| Untracked 
| 108|0x00000000e6c00000, 0x00000000e6c00000, 0x00000000e6d00000|  0%| F|  |TAMS 0x00000000e6c00000, 0x00000000e6c00000| Untracked 
| 109|0x00000000e6d00000, 0x00000000e6d00000, 0x00000000e6e00000|  0%| F|  |TAMS 0x00000000e6d00000, 0x00000000e6d00000| Untracked 
| 110|0x00000000e6e00000, 0x00000000e6e00000, 0x00000000e6f00000|  0%| F|  |TAMS 0x00000000e6e00000, 0x00000000e6e00000| Untracked 
| 111|0x00000000e6f00000, 0x00000000e6f00000, 0x00000000e7000000|  0%| F|  |TAMS 0x00000000e6f00000, 0x00000000e6f00000| Untracked 
| 112|0x00000000e7000000, 0x00000000e7000000, 0x00000000e7100000|  0%| F|  |TAMS 0x00000000e7000000, 0x00000000e7000000| Untracked 
| 113|0x00000000e7100000, 0x00000000e7100000, 0x00000000e7200000|  0%| F|  |TAMS 0x00000000e7100000, 0x00000000e7100000| Untracked 
| 114|0x00000000e7200000, 0x00000000e7200000, 0x00000000e7300000|  0%| F|  |TAMS 0x00000000e7200000, 0x00000000e7200000| Untracked 
| 115|0x00000000e7300000, 0x00000000e7300000, 0x00000000e7400000|  0%| F|  |TAMS 0x00000000e7300000, 0x00000000e7300000| Untracked 
| 116|0x00000000e7400000, 0x00000000e7400000, 0x00000000e7500000|  0%| F|  |TAMS 0x00000000e7400000, 0x00000000e7400000| Untracked 
| 117|0x00000000e7500000, 0x00000000e7500000, 0x00000000e7600000|  0%| F|  |TAMS 0x00000000e7500000, 0x00000000e7500000| Untracked 
| 118|0x00000000e7600000, 0x00000000e7600000, 0x00000000e7700000|  0%| F|  |TAMS 0x00000000e7600000, 0x00000000e7600000| Untracked 
| 119|0x00000000e7700000, 0x00000000e7700000, 0x00000000e7800000|  0%| F|  |TAMS 0x00000000e7700000, 0x00000000e7700000| Untracked 
| 120|0x00000000e7800000, 0x00000000e7800000, 0x00000000e7900000|  0%| F|  |TAMS 0x00000000e7800000, 0x00000000e7800000| Untracked 
| 121|0x00000000e7900000, 0x00000000e7900000, 0x00000000e7a00000|  0%| F|  |TAMS 0x00000000e7900000, 0x00000000e7900000| Untracked 
| 122|0x00000000e7a00000, 0x00000000e7a00000, 0x00000000e7b00000|  0%| F|  |TAMS 0x00000000e7a00000, 0x00000000e7a00000| Untracked 
| 123|0x00000000e7b00000, 0x00000000e7b00000, 0x00000000e7c00000|  0%| F|  |TAMS 0x00000000e7b00000, 0x00000000e7b00000| Untracked 
| 124|0x00000000e7c00000, 0x00000000e7c00000, 0x00000000e7d00000|  0%| F|  |TAMS 0x00000000e7c00000, 0x00000000e7c00000| Untracked 
| 125|0x00000000e7d00000, 0x00000000e7d00000, 0x00000000e7e00000|  0%| F|  |TAMS 0x00000000e7d00000, 0x00000000e7d00000| Untracked 
| 126|0x00000000e7e00000, 0x00000000e7e00000, 0x00000000e7f00000|  0%| F|  |TAMS 0x00000000e7e00000, 0x00000000e7e00000| Untracked 
| 127|0x00000000e7f00000, 0x00000000e7f00000, 0x00000000e8000000|  0%| F|  |TAMS 0x00000000e7f00000, 0x00000000e7f00000| Untracked 
| 128|0x00000000e8000000, 0x00000000e8000000, 0x00000000e8100000|  0%| F|  |TAMS 0x00000000e8000000, 0x00000000e8000000| Untracked 
| 129|0x00000000e8100000, 0x00000000e8100000, 0x00000000e8200000|  0%| F|  |TAMS 0x00000000e8100000, 0x00000000e8100000| Untracked 
| 130|0x00000000e8200000, 0x00000000e8200000, 0x00000000e8300000|  0%| F|  |TAMS 0x00000000e8200000, 0x00000000e8200000| Untracked 
| 131|0x00000000e8300000, 0x00000000e8300000, 0x00000000e8400000|  0%| F|  |TAMS 0x00000000e8300000, 0x00000000e8300000| Untracked 
| 132|0x00000000e8400000, 0x00000000e8400000, 0x00000000e8500000|  0%| F|  |TAMS 0x00000000e8400000, 0x00000000e8400000| Untracked 
| 133|0x00000000e8500000, 0x00000000e8500000, 0x00000000e8600000|  0%| F|  |TAMS 0x00000000e8500000, 0x00000000e8500000| Untracked 
| 134|0x00000000e8600000, 0x00000000e8600000, 0x00000000e8700000|  0%| F|  |TAMS 0x00000000e8600000, 0x00000000e8600000| Untracked 
| 135|0x00000000e8700000, 0x00000000e8700000, 0x00000000e8800000|  0%| F|  |TAMS 0x00000000e8700000, 0x00000000e8700000| Untracked 
| 136|0x00000000e8800000, 0x00000000e8800000, 0x00000000e8900000|  0%| F|  |TAMS 0x00000000e8800000, 0x00000000e8800000| Untracked 
| 137|0x00000000e8900000, 0x00000000e8900000, 0x00000000e8a00000|  0%| F|  |TAMS 0x00000000e8900000, 0x00000000e8900000| Untracked 
| 138|0x00000000e8a00000, 0x00000000e8a00000, 0x00000000e8b00000|  0%| F|  |TAMS 0x00000000e8a00000, 0x00000000e8a00000| Untracked 
| 139|0x00000000e8b00000, 0x00000000e8b00000, 0x00000000e8c00000|  0%| F|  |TAMS 0x00000000e8b00000, 0x00000000e8b00000| Untracked 
| 140|0x00000000e8c00000, 0x00000000e8c00000, 0x00000000e8d00000|  0%| F|  |TAMS 0x00000000e8c00000, 0x00000000e8c00000| Untracked 
| 141|0x00000000e8d00000, 0x00000000e8d00000, 0x00000000e8e00000|  0%| F|  |TAMS 0x00000000e8d00000, 0x00000000e8d00000| Untracked 
| 142|0x00000000e8e00000, 0x00000000e8e00000, 0x00000000e8f00000|  0%| F|  |TAMS 0x00000000e8e00000, 0x00000000e8e00000| Untracked 
| 143|0x00000000e8f00000, 0x00000000e8f00000, 0x00000000e9000000|  0%| F|  |TAMS 0x00000000e8f00000, 0x00000000e8f00000| Untracked 
| 144|0x00000000e9000000, 0x00000000e9000000, 0x00000000e9100000|  0%| F|  |TAMS 0x00000000e9000000, 0x00000000e9000000| Untracked 
| 145|0x00000000e9100000, 0x00000000e9100000, 0x00000000e9200000|  0%| F|  |TAMS 0x00000000e9100000, 0x00000000e9100000| Untracked 
| 146|0x00000000e9200000, 0x00000000e9200000, 0x00000000e9300000|  0%| F|  |TAMS 0x00000000e9200000, 0x00000000e9200000| Untracked 
| 147|0x00000000e9300000, 0x00000000e9300000, 0x00000000e9400000|  0%| F|  |TAMS 0x00000000e9300000, 0x00000000e9300000| Untracked 
| 148|0x00000000e9400000, 0x00000000e9400000, 0x00000000e9500000|  0%| F|  |TAMS 0x00000000e9400000, 0x00000000e9400000| Untracked 
| 149|0x00000000e9500000, 0x00000000e9500000, 0x00000000e9600000|  0%| F|  |TAMS 0x00000000e9500000, 0x00000000e9500000| Untracked 
| 150|0x00000000e9600000, 0x00000000e9600000, 0x00000000e9700000|  0%| F|  |TAMS 0x00000000e9600000, 0x00000000e9600000| Untracked 
| 151|0x00000000e9700000, 0x00000000e9700000, 0x00000000e9800000|  0%| F|  |TAMS 0x00000000e9700000, 0x00000000e9700000| Untracked 
| 152|0x00000000e9800000, 0x00000000e9800000, 0x00000000e9900000|  0%| F|  |TAMS 0x00000000e9800000, 0x00000000e9800000| Untracked 
| 153|0x00000000e9900000, 0x00000000e9900000, 0x00000000e9a00000|  0%| F|  |TAMS 0x00000000e9900000, 0x00000000e9900000| Untracked 
| 154|0x00000000e9a00000, 0x00000000e9a00000, 0x00000000e9b00000|  0%| F|  |TAMS 0x00000000e9a00000, 0x00000000e9a00000| Untracked 
| 155|0x00000000e9b00000, 0x00000000e9b00000, 0x00000000e9c00000|  0%| F|  |TAMS 0x00000000e9b00000, 0x00000000e9b00000| Untracked 
| 156|0x00000000e9c00000, 0x00000000e9c00000, 0x00000000e9d00000|  0%| F|  |TAMS 0x00000000e9c00000, 0x00000000e9c00000| Untracked 
| 157|0x00000000e9d00000, 0x00000000e9d00000, 0x00000000e9e00000|  0%| F|  |TAMS 0x00000000e9d00000, 0x00000000e9d00000| Untracked 
| 158|0x00000000e9e00000, 0x00000000e9e00000, 0x00000000e9f00000|  0%| F|  |TAMS 0x00000000e9e00000, 0x00000000e9e00000| Untracked 
| 159|0x00000000e9f00000, 0x00000000e9f00000, 0x00000000ea000000|  0%| F|  |TAMS 0x00000000e9f00000, 0x00000000e9f00000| Untracked 
| 160|0x00000000ea000000, 0x00000000ea000000, 0x00000000ea100000|  0%| F|  |TAMS 0x00000000ea000000, 0x00000000ea000000| Untracked 
| 161|0x00000000ea100000, 0x00000000ea100000, 0x00000000ea200000|  0%| F|  |TAMS 0x00000000ea100000, 0x00000000ea100000| Untracked 
| 162|0x00000000ea200000, 0x00000000ea200000, 0x00000000ea300000|  0%| F|  |TAMS 0x00000000ea200000, 0x00000000ea200000| Untracked 
| 163|0x00000000ea300000, 0x00000000ea300000, 0x00000000ea400000|  0%| F|  |TAMS 0x00000000ea300000, 0x00000000ea300000| Untracked 
| 164|0x00000000ea400000, 0x00000000ea400000, 0x00000000ea500000|  0%| F|  |TAMS 0x00000000ea400000, 0x00000000ea400000| Untracked 
| 165|0x00000000ea500000, 0x00000000ea500000, 0x00000000ea600000|  0%| F|  |TAMS 0x00000000ea500000, 0x00000000ea500000| Untracked 
| 166|0x00000000ea600000, 0x00000000ea600000, 0x00000000ea700000|  0%| F|  |TAMS 0x00000000ea600000, 0x00000000ea600000| Untracked 
| 167|0x00000000ea700000, 0x00000000ea700000, 0x00000000ea800000|  0%| F|  |TAMS 0x00000000ea700000, 0x00000000ea700000| Untracked 
| 168|0x00000000ea800000, 0x00000000ea800000, 0x00000000ea900000|  0%| F|  |TAMS 0x00000000ea800000, 0x00000000ea800000| Untracked 
| 169|0x00000000ea900000, 0x00000000ea900000, 0x00000000eaa00000|  0%| F|  |TAMS 0x00000000ea900000, 0x00000000ea900000| Untracked 
| 170|0x00000000eaa00000, 0x00000000eaa00000, 0x00000000eab00000|  0%| F|  |TAMS 0x00000000eaa00000, 0x00000000eaa00000| Untracked 
| 171|0x00000000eab00000, 0x00000000eab35ef8, 0x00000000eac00000| 21%| S|CS|TAMS 0x00000000eab00000, 0x00000000eab00000| Complete 
| 172|0x00000000eac00000, 0x00000000ead00000, 0x00000000ead00000|100%| S|CS|TAMS 0x00000000eac00000, 0x00000000eac00000| Complete 
| 173|0x00000000ead00000, 0x00000000ead00000, 0x00000000eae00000|  0%| F|  |TAMS 0x00000000ead00000, 0x00000000ead00000| Untracked 
| 174|0x00000000eae00000, 0x00000000eae00000, 0x00000000eaf00000|  0%| F|  |TAMS 0x00000000eae00000, 0x00000000eae00000| Untracked 
| 175|0x00000000eaf00000, 0x00000000eaf00000, 0x00000000eb000000|  0%| F|  |TAMS 0x00000000eaf00000, 0x00000000eaf00000| Untracked 
| 176|0x00000000eb000000, 0x00000000eb000000, 0x00000000eb100000|  0%| F|  |TAMS 0x00000000eb000000, 0x00000000eb000000| Untracked 
| 177|0x00000000eb100000, 0x00000000eb100000, 0x00000000eb200000|  0%| F|  |TAMS 0x00000000eb100000, 0x00000000eb100000| Untracked 
| 178|0x00000000eb200000, 0x00000000eb200000, 0x00000000eb300000|  0%| F|  |TAMS 0x00000000eb200000, 0x00000000eb200000| Untracked 
| 179|0x00000000eb300000, 0x00000000eb300000, 0x00000000eb400000|  0%| F|  |TAMS 0x00000000eb300000, 0x00000000eb300000| Untracked 
| 180|0x00000000eb400000, 0x00000000eb400000, 0x00000000eb500000|  0%| F|  |TAMS 0x00000000eb400000, 0x00000000eb400000| Untracked 
| 181|0x00000000eb500000, 0x00000000eb500000, 0x00000000eb600000|  0%| F|  |TAMS 0x00000000eb500000, 0x00000000eb500000| Untracked 
| 182|0x00000000eb600000, 0x00000000eb600000, 0x00000000eb700000|  0%| F|  |TAMS 0x00000000eb600000, 0x00000000eb600000| Untracked 
| 183|0x00000000eb700000, 0x00000000eb700000, 0x00000000eb800000|  0%| F|  |TAMS 0x00000000eb700000, 0x00000000eb700000| Untracked 
| 184|0x00000000eb800000, 0x00000000eb800000, 0x00000000eb900000|  0%| F|  |TAMS 0x00000000eb800000, 0x00000000eb800000| Untracked 
| 185|0x00000000eb900000, 0x00000000eb900000, 0x00000000eba00000|  0%| F|  |TAMS 0x00000000eb900000, 0x00000000eb900000| Untracked 
| 186|0x00000000eba00000, 0x00000000eba00000, 0x00000000ebb00000|  0%| F|  |TAMS 0x00000000eba00000, 0x00000000eba00000| Untracked 
| 187|0x00000000ebb00000, 0x00000000ebb00000, 0x00000000ebc00000|  0%| F|  |TAMS 0x00000000ebb00000, 0x00000000ebb00000| Untracked 
| 188|0x00000000ebc00000, 0x00000000ebc80800, 0x00000000ebd00000| 50%| E|  |TAMS 0x00000000ebc00000, 0x00000000ebc00000| Complete 
| 189|0x00000000ebd00000, 0x00000000ebe00000, 0x00000000ebe00000|100%| E|CS|TAMS 0x00000000ebd00000, 0x00000000ebd00000| Complete 

Card table byte_map: [0x0000018942850000,0x0000018942950000] _byte_map_base: 0x0000018942150000

Marking Bits (Prev, Next): (CMBitMap*) 0x000001892fef29b0, (CMBitMap*) 0x000001892fef2978
 Prev Bits: [0x0000018943250000, 0x0000018943a50000)
 Next Bits: [0x0000018942a50000, 0x0000018943250000)

Polling page: 0x000001892dee0000

Metaspace:

Usage:
  Non-class:     19.58 MB capacity,    19.24 MB ( 98%) used,   304.96 KB (  2%) free+waste,    39.88 KB ( <1%) overhead. 
      Class:      2.92 MB capacity,     2.71 MB ( 93%) used,   192.35 KB (  6%) free+waste,    19.81 KB ( <1%) overhead. 
       Both:     22.50 MB capacity,    21.95 MB ( 98%) used,   497.31 KB (  2%) free+waste,    59.69 KB ( <1%) overhead. 

Virtual space:
  Non-class space:       20.00 MB reserved,      19.75 MB ( 99%) committed 
      Class space:        1.00 GB reserved,       3.00 MB ( <1%) committed 
             Both:        1.02 GB reserved,      22.75 MB (  2%) committed 

Chunk freelists:
   Non-Class:  45.00 KB
       Class:  23.00 KB
        Both:  68.00 KB

MaxMetaspaceSize: 17179869184.00 GB
CompressedClassSpaceSize: 1.00 GB

CodeHeap 'non-profiled nmethods': size=120064Kb used=699Kb max_used=734Kb free=119365Kb
 bounds [0x000001893b310000, 0x000001893b580000, 0x0000018942850000]
CodeHeap 'profiled nmethods': size=120000Kb used=3884Kb max_used=3915Kb free=116115Kb
 bounds [0x0000018933de0000, 0x00000189341c0000, 0x000001893b310000]
CodeHeap 'non-nmethods': size=5696Kb used=1132Kb max_used=1144Kb free=4563Kb
 bounds [0x0000018933850000, 0x0000018933ac0000, 0x0000018933de0000]
 total_blobs=2314 nmethods=1848 adapters=377
 compilation: enabled
              stopped_count=0, restarted_count=0
 full_count=0

Compilation events (20 events):
Event: 4.543 Thread 0x00000189469de000 1995       3       java.lang.reflect.ProxyGenerator$ConstantPool::getMethodRef (33 bytes)
Event: 4.544 Thread 0x00000189469de000 nmethod 1995 0x0000018933e64990 code [0x0000018933e64c60, 0x0000018933e658c8]
Event: 4.545 Thread 0x00000189469de000 1996       3       java.util.HashMap::getNode (148 bytes)
Event: 4.546 Thread 0x00000189469de000 nmethod 1996 0x0000018933e41790 code [0x0000018933e419c0, 0x0000018933e42328]
Event: 4.546 Thread 0x00000189469de000 1997       2       java.util.HashMap::putVal (300 bytes)
Event: 4.547 Thread 0x00000189469de000 nmethod 1997 0x0000018933e56110 code [0x0000018933e56380, 0x0000018933e56af8]
Event: 4.547 Thread 0x00000189469de000 1998       3       java.lang.reflect.Constructor::newInstance (76 bytes)
Event: 4.548 Thread 0x00000189469de000 nmethod 1998 0x0000018933e40610 code [0x0000018933e40820, 0x0000018933e40c58]
Event: 4.552 Thread 0x00000189469de000 1999       3       org.gradle.internal.service.DefaultServiceRegistry$OwnServices::getService (309 bytes)
Event: 4.556 Thread 0x00000189469de000 nmethod 1999 0x00000189341b3f10 code [0x00000189341b4480, 0x00000189341b73e8]
Event: 4.556 Thread 0x00000189469de000 2001       3       org.gradle.internal.service.DefaultServiceRegistry$CompositeServiceProvider::getService (49 bytes)
Event: 4.556 Thread 0x00000189469de000 nmethod 2001 0x0000018933e3a090 code [0x0000018933e3a260, 0x0000018933e3a568]
Event: 4.557 Thread 0x00000189469de000 2000       3       java.lang.Class::isAnnotation (17 bytes)
Event: 4.557 Thread 0x00000189469de000 nmethod 2000 0x0000018933e26690 code [0x0000018933e26840, 0x0000018933e269c8]
Event: 4.561 Thread 0x00000189469de000 2002       3       org.gradle.internal.service.DefaultServiceRegistry::find (142 bytes)
Event: 4.563 Thread 0x00000189469de000 nmethod 2002 0x0000018933ea4710 code [0x0000018933ea4ac0, 0x0000018933ea63e8]
Event: 4.571 Thread 0x00000189469de000 2003       3       org.gradle.internal.service.DefaultServiceRegistry$SingletonService::getService (18 bytes)
Event: 4.571 Thread 0x00000189469de000 nmethod 2003 0x0000018933e31e10 code [0x0000018933e31fe0, 0x0000018933e321f8]
Event: 4.571 Thread 0x00000189469de000 2004       3       org.gradle.internal.service.DefaultServiceRegistry::access$1200 (6 bytes)
Event: 4.571 Thread 0x00000189469de000 nmethod 2004 0x0000018933e36710 code [0x0000018933e368c0, 0x0000018933e369c8]

GC Heap History (4 events):
Event: 0.742 GC heap before
{Heap before GC invocations=0 (full 0):
 garbage-first heap   total 194560K, used 19456K [0x00000000e0000000, 0x0000000100000000)
  region size 1024K, 14 young (14336K), 0 survivors (0K)
 Metaspace       used 7537K, capacity 7727K, committed 7936K, reserved 1056768K
  class space    used 703K, capacity 748K, committed 768K, reserved 1048576K
}
Event: 0.747 GC heap after
{Heap after GC invocations=1 (full 0):
 garbage-first heap   total 194560K, used 7853K [0x00000000e0000000, 0x0000000100000000)
  region size 1024K, 2 young (2048K), 2 survivors (2048K)
 Metaspace       used 7537K, capacity 7727K, committed 7936K, reserved 1056768K
  class space    used 703K, capacity 748K, committed 768K, reserved 1048576K
}
Event: 3.766 GC heap before
{Heap before GC invocations=1 (full 0):
 garbage-first heap   total 194560K, used 96941K [0x00000000e0000000, 0x0000000100000000)
  region size 1024K, 90 young (92160K), 2 survivors (2048K)
 Metaspace       used 20631K, capacity 21031K, committed 21248K, reserved 1069056K
  class space    used 2424K, capacity 2545K, committed 2560K, reserved 1048576K
}
Event: 3.780 GC heap after
{Heap after GC invocations=2 (full 0):
 garbage-first heap   total 194560K, used 15449K [0x00000000e0000000, 0x0000000100000000)
  region size 1024K, 10 young (10240K), 10 survivors (10240K)
 Metaspace       used 20631K, capacity 21031K, committed 21248K, reserved 1069056K
  class space    used 2424K, capacity 2545K, committed 2560K, reserved 1048576K
}

Deoptimization events (20 events):
Event: 4.541 Thread 0x0000018947fe8000 Uncommon trap: trap_request=0xffffff4d fr.pc=0x000001893b368dd4 relative=0x0000000000000094
Event: 4.541 Thread 0x0000018947fe8000 Uncommon trap: reason=unstable_if action=reinterpret pc=0x000001893b368dd4 method=java.util.LinkedHashMap.afterNodeInsertion(Z)V @ 1 c2
Event: 4.541 Thread 0x0000018947fe8000 DEOPT PACKING pc=0x000001893b368dd4 sp=0x00000083183fc370
Event: 4.541 Thread 0x0000018947fe8000 DEOPT UNPACKING pc=0x00000189338774af sp=0x00000083183fc2f0 mode 2
Event: 4.542 Thread 0x0000018947fe8000 Uncommon trap: trap_request=0xffffff4d fr.pc=0x000001893b363970 relative=0x0000000000000130
Event: 4.542 Thread 0x0000018947fe8000 Uncommon trap: reason=unstable_if action=reinterpret pc=0x000001893b363970 method=java.util.HashMap.getNode(ILjava/lang/Object;)Ljava/util/HashMap$Node; @ 129 c2
Event: 4.542 Thread 0x0000018947fe8000 DEOPT PACKING pc=0x000001893b363970 sp=0x00000083183fa430
Event: 4.542 Thread 0x0000018947fe8000 DEOPT UNPACKING pc=0x00000189338774af sp=0x00000083183fa330 mode 2
Event: 4.542 Thread 0x0000018947fe8000 Uncommon trap: trap_request=0xffffffc6 fr.pc=0x000001893b3bc7d4 relative=0x0000000000000d94
Event: 4.542 Thread 0x0000018947fe8000 Uncommon trap: reason=bimorphic_or_optimized_type_check action=maybe_recompile pc=0x000001893b3bc7d4 method=java.util.HashMap.putVal(ILjava/lang/Object;Ljava/lang/Object;ZZ)Ljava/lang/Object; @ 203 c2
Event: 4.542 Thread 0x0000018947fe8000 DEOPT PACKING pc=0x000001893b3bc7d4 sp=0x00000083183fa360
Event: 4.542 Thread 0x0000018947fe8000 DEOPT UNPACKING pc=0x00000189338774af sp=0x00000083183fa330 mode 2
Event: 4.545 Thread 0x0000018947fe8000 Uncommon trap: trap_request=0xffffff4d fr.pc=0x000001893b35f234 relative=0x00000000000001f4
Event: 4.545 Thread 0x0000018947fe8000 Uncommon trap: reason=unstable_if action=reinterpret pc=0x000001893b35f234 method=java.util.HashMap.getNode(ILjava/lang/Object;)Ljava/util/HashMap$Node; @ 129 c2
Event: 4.545 Thread 0x0000018947fe8000 DEOPT PACKING pc=0x000001893b35f234 sp=0x00000083183fbff0
Event: 4.545 Thread 0x0000018947fe8000 DEOPT UNPACKING pc=0x00000189338774af sp=0x00000083183fbf60 mode 2
Event: 4.545 Thread 0x0000018947fe8000 Uncommon trap: trap_request=0xffffffc6 fr.pc=0x000001893b3bc7d4 relative=0x0000000000000d94
Event: 4.545 Thread 0x0000018947fe8000 Uncommon trap: reason=bimorphic_or_optimized_type_check action=maybe_recompile pc=0x000001893b3bc7d4 method=java.util.HashMap.putVal(ILjava/lang/Object;Ljava/lang/Object;ZZ)Ljava/lang/Object; @ 203 c2
Event: 4.545 Thread 0x0000018947fe8000 DEOPT PACKING pc=0x000001893b3bc7d4 sp=0x00000083183fbf90
Event: 4.545 Thread 0x0000018947fe8000 DEOPT UNPACKING pc=0x00000189338774af sp=0x00000083183fbf60 mode 2

Classes redefined (0 events):
No events

Internal exceptions (20 events):
Event: 3.194 Thread 0x0000018947d4a000 Exception <a 'java/lang/NoSuchMethodError'{0x00000000e7d3b968}: <clinit>> (0x00000000e7d3b968) thrown at [./src/hotspot/share/prims/jni.cpp, line 1362]
Event: 3.201 Thread 0x0000018947d4a000 Exception <a 'java/lang/NoSuchMethodError'{0x00000000e7d4d748}: <clinit>> (0x00000000e7d4d748) thrown at [./src/hotspot/share/prims/jni.cpp, line 1362]
Event: 3.207 Thread 0x0000018947d4a000 Exception <a 'java/lang/NoSuchMethodError'{0x00000000e7d74260}: <clinit>> (0x00000000e7d74260) thrown at [./src/hotspot/share/prims/jni.cpp, line 1362]
Event: 3.210 Thread 0x0000018947d4a000 Exception <a 'java/lang/NoSuchMethodError'{0x00000000e7d8c120}: <clinit>> (0x00000000e7d8c120) thrown at [./src/hotspot/share/prims/jni.cpp, line 1362]
Event: 3.211 Thread 0x0000018947d4a000 Exception <a 'java/lang/NoSuchMethodError'{0x00000000e7d95ae8}: <clinit>> (0x00000000e7d95ae8) thrown at [./src/hotspot/share/prims/jni.cpp, line 1362]
Event: 3.215 Thread 0x0000018947d4a000 Exception <a 'java/lang/NoSuchMethodError'{0x00000000e7dab4f0}: <clinit>> (0x00000000e7dab4f0) thrown at [./src/hotspot/share/prims/jni.cpp, line 1362]
Event: 3.233 Thread 0x0000018947d4a000 Exception <a 'java/lang/NoSuchMethodError'{0x00000000e7c097c0}: <clinit>> (0x00000000e7c097c0) thrown at [./src/hotspot/share/prims/jni.cpp, line 1362]
Event: 3.240 Thread 0x0000018947d4a000 Exception <a 'java/lang/NoSuchMethodError'{0x00000000e7c38828}: <clinit>> (0x00000000e7c38828) thrown at [./src/hotspot/share/prims/jni.cpp, line 1362]
Event: 3.247 Thread 0x0000018947d4a000 Exception <a 'java/lang/NoSuchMethodError'{0x00000000e7c61268}: <clinit>> (0x00000000e7c61268) thrown at [./src/hotspot/share/prims/jni.cpp, line 1362]
Event: 3.248 Thread 0x0000018947d4a000 Exception <a 'java/lang/NoSuchMethodError'{0x00000000e7c6c500}: <clinit>> (0x00000000e7c6c500) thrown at [./src/hotspot/share/prims/jni.cpp, line 1362]
Event: 3.349 Thread 0x0000018947fe8000 Exception <a 'java/lang/NoSuchMethodError'{0x00000000e794c578}: 'void java.lang.invoke.DelegatingMethodHandle$Holder.reinvoke_L(java.lang.Object, java.lang.Object, java.lang.Object, java.lang.Object)'> (0x00000000e794c578) thrown at [./src/hotspot/share/interpreter/linkResolver.cpp, line 773]
Event: 3.359 Thread 0x0000018947fe8000 Exception <a 'java/lang/NoSuchMethodError'{0x00000000e7986388}: 'long java.lang.invoke.DirectMethodHandle$Holder.invokeInterface(java.lang.Object, java.lang.Object)'> (0x00000000e7986388) thrown at [./src/hotspot/share/interpreter/linkResolver.cpp, line 773]
Event: 3.362 Thread 0x0000018947fe8000 Exception <a 'java/lang/NoSuchMethodError'{0x00000000e79a5ac0}: 'void java.lang.invoke.DelegatingMethodHandle$Holder.reinvoke_L(java.lang.Object, java.lang.Object, java.lang.Object, java.lang.Object, java.lang.Object, java.lang.Object, java.lang.Object)'> (0x00000000e79a5ac0) thrown at [./src/hotspot/share/interpreter/linkResolver.cpp, line 773]
Event: 3.481 Thread 0x0000018947fe8000 Exception <a 'java/lang/NoSuchMethodError'{0x00000000e712f570}: 'java.lang.Object java.lang.invoke.DirectMethodHandle$Holder.invokeVirtual(java.lang.Object, java.lang.Object, java.lang.Object)'> (0x00000000e712f570) thrown at [./src/hotspot/share/interpreter/linkResolver.cpp, line 773]
Event: 3.613 Thread 0x0000018947fe8000 Exception <a 'java/lang/NoSuchMethodError'{0x00000000e6b569b0}: 'void java.lang.invoke.DirectMethodHandle$Holder.invokeStaticInit(java.lang.Object)'> (0x00000000e6b569b0) thrown at [./src/hotspot/share/interpreter/linkResolver.cpp, line 773]
Event: 3.828 Thread 0x0000018947fe8000 Exception <a 'java/lang/NoSuchMethodError'{0x00000000ebdf8a50}: 'int java.lang.invoke.DirectMethodHandle$Holder.invokeSpecialIFC(java.lang.Object, java.lang.Object, java.lang.Object, java.lang.Object)'> (0x00000000ebdf8a50) thrown at [./src/hotspot/share/interpreter/linkResolver.cpp, line 773]
Event: 3.833 Thread 0x0000018947fe8000 Exception <a 'java/lang/NoSuchMethodError'{0x00000000ebc069f8}: 'java.lang.Object java.lang.invoke.DirectMethodHandle$Holder.invokeInterface(java.lang.Object, java.lang.Object, java.lang.Object)'> (0x00000000ebc069f8) thrown at [./src/hotspot/share/interpreter/linkResolver.cpp, line 773]
Event: 3.833 Thread 0x0000018947fe8000 Exception <a 'java/lang/IncompatibleClassChangeError'{0x00000000ebc09c28}: Found class java.lang.Object, but interface was expected> (0x00000000ebc09c28) thrown at [./src/hotspot/share/interpreter/linkResolver.cpp, line 839]
Event: 3.845 Thread 0x0000018947fe8000 Exception <a 'java/lang/NoSuchMethodError'{0x00000000ebc8aec0}: 'void java.lang.invoke.DirectMethodHandle$Holder.invokeSpecial(java.lang.Object, java.lang.Object, java.lang.Object, java.lang.Object)'> (0x00000000ebc8aec0) thrown at [./src/hotspot/share/interpreter/linkResolver.cpp, line 773]
Event: 4.507 Thread 0x0000018947fe8000 Exception <a 'java/lang/NoSuchMethodError'{0x00000000eb2ecf80}: 'java.lang.Object java.lang.invoke.DirectMethodHandle$Holder.invokeVirtual(java.lang.Object, java.lang.Object, java.lang.Object, java.lang.Object)'> (0x00000000eb2ecf80) thrown at [./src/hotspot/share/interpreter/linkResolver.cpp, line 773]

Events (20 events):
Event: 4.566 loading class org/gradle/internal/operations/DefaultBuildOperationExecutor$BuildOperationState
Event: 4.566 loading class org/gradle/internal/operations/DefaultBuildOperationExecutor$BuildOperationState done
Event: 4.566 loading class org/gradle/internal/operations/DefaultBuildOperationExecutor$UnmanagedThreadOperation
Event: 4.566 loading class org/gradle/internal/operations/DefaultBuildOperationExecutor$UnmanagedThreadOperation done
Event: 4.567 loading class org/gradle/internal/operations/DefaultBuildOperationQueueFactory
Event: 4.567 loading class org/gradle/internal/operations/DefaultBuildOperationQueueFactory done
Event: 4.568 loading class org/gradle/internal/operations/BuildOperationQueue
Event: 4.568 loading class org/gradle/internal/operations/BuildOperationQueue done
Event: 4.568 loading class org/gradle/internal/operations/DefaultBuildOperationExecutor$RunnableBuildOperationWorker
Event: 4.568 loading class org/gradle/internal/operations/DefaultBuildOperationExecutor$RunnableBuildOperationWorker done
Event: 4.568 loading class org/gradle/configuration/internal/DefaultUserCodeApplicationContext
Event: 4.568 loading class org/gradle/configuration/internal/DefaultUserCodeApplicationContext done
Event: 4.569 loading class org/gradle/configuration/internal/DefaultUserCodeApplicationContext$1
Event: 4.569 loading class org/gradle/configuration/internal/DefaultUserCodeApplicationContext$1 done
Event: 4.570 loading class org/gradle/configuration/ScriptPlugin
Event: 4.570 loading class org/gradle/configuration/ScriptPlugin done
Event: 4.570 loading class org/gradle/api/Plugin
Event: 4.570 loading class org/gradle/api/Plugin done
Event: 4.571 loading class org/gradle/api/internal/changedetection/state/DefaultResourceSnapshotterCacheService
Event: 4.571 loading class org/gradle/api/internal/changedetection/state/DefaultResourceSnapshotterCacheService done


Dynamic libraries:
0x00007ff72d240000 - 0x00007ff72d24a000 	C:\Program Files\Android\Android Studio\jre\bin\java.exe
0x00007ffffe3c0000 - 0x00007ffffe5c7000 	C:\Windows\SYSTEM32\ntdll.dll
0x00007ffffd660000 - 0x00007ffffd71d000 	C:\Windows\System32\KERNEL32.DLL
0x00007ffffba30000 - 0x00007ffffbda2000 	C:\Windows\System32\KERNELBASE.dll
0x00007ffffbe30000 - 0x00007ffffbf41000 	C:\Windows\System32\ucrtbase.dll
0x00007fffb63a0000 - 0x00007fffb63b9000 	C:\Program Files\Android\Android Studio\jre\bin\jli.dll
0x00007fffb6380000 - 0x00007fffb6397000 	C:\Program Files\Android\Android Studio\jre\bin\VCRUNTIME140.dll
0x00007ffffe1c0000 - 0x00007ffffe36c000 	C:\Windows\System32\USER32.dll
0x00007ffffb8e0000 - 0x00007ffffb906000 	C:\Windows\System32\win32u.dll
0x00007fffe3340000 - 0x00007fffe35e5000 	C:\Windows\WinSxS\amd64_microsoft.windows.common-controls_6595b64144ccf1df_6.0.21996.1_none_7d6b053978bcd706\COMCTL32.dll
0x00007ffffd740000 - 0x00007ffffd7e3000 	C:\Windows\System32\msvcrt.dll
0x00007ffffc310000 - 0x00007ffffc339000 	C:\Windows\System32\GDI32.dll
0x00007ffffb910000 - 0x00007ffffba22000 	C:\Windows\System32\gdi32full.dll
0x00007ffffc010000 - 0x00007ffffc0ad000 	C:\Windows\System32\msvcp_win.dll
0x00007ffffce10000 - 0x00007ffffce41000 	C:\Windows\System32\IMM32.DLL
0x00007fffb62e0000 - 0x00007fffb637d000 	C:\Program Files\Android\Android Studio\jre\bin\msvcp140.dll
0x00007fffb2560000 - 0x00007fffb301c000 	C:\Program Files\Android\Android Studio\jre\bin\server\jvm.dll
0x00007ffffc500000 - 0x00007ffffc5ac000 	C:\Windows\System32\ADVAPI32.dll
0x00007ffffc5b0000 - 0x00007ffffc64d000 	C:\Windows\System32\sechost.dll
0x00007ffffc370000 - 0x00007ffffc491000 	C:\Windows\System32\RPCRT4.dll
0x00007ffffe370000 - 0x00007ffffe378000 	C:\Windows\System32\PSAPI.DLL
0x00007ffff8780000 - 0x00007ffff8789000 	C:\Windows\SYSTEM32\WSOCK32.dll
0x00007ffff6cd0000 - 0x00007ffff6d03000 	C:\Windows\SYSTEM32\WINMM.dll
0x00007ffff4440000 - 0x00007ffff444a000 	C:\Windows\SYSTEM32\VERSION.dll
0x00007ffffd7f0000 - 0x00007ffffd85f000 	C:\Windows\System32\WS2_32.dll
0x00007ffffab00000 - 0x00007ffffab17000 	C:\Windows\SYSTEM32\kernel.appcore.dll
0x00007ffff7af0000 - 0x00007ffff7b01000 	C:\Program Files\Android\Android Studio\jre\bin\verify.dll
0x00007ffff4fd0000 - 0x00007ffff51f1000 	C:\Windows\SYSTEM32\DBGHELP.DLL
0x00007ffff4680000 - 0x00007ffff46b1000 	C:\Windows\SYSTEM32\dbgcore.DLL
0x00007ffffbdb0000 - 0x00007ffffbe30000 	C:\Windows\System32\bcryptPrimitives.dll
0x00007ffff6f80000 - 0x00007ffff6fa9000 	C:\Program Files\Android\Android Studio\jre\bin\java.dll
0x00007ffff8770000 - 0x00007ffff877b000 	C:\Program Files\Android\Android Studio\jre\bin\jimage.dll
0x00007ffff54f0000 - 0x00007ffff5508000 	C:\Program Files\Android\Android Studio\jre\bin\zip.dll
0x00007ffffce50000 - 0x00007ffffd5b9000 	C:\Windows\System32\SHELL32.dll
0x00007ffff9ab0000 - 0x00007ffffa308000 	C:\Windows\SYSTEM32\windows.storage.dll
0x00007ffffdd90000 - 0x00007ffffe105000 	C:\Windows\System32\combase.dll
0x00007ffff9940000 - 0x00007ffff9aa6000 	C:\Windows\SYSTEM32\wintypes.dll
0x00007ffffd860000 - 0x00007ffffd94a000 	C:\Windows\System32\SHCORE.dll
0x00007ffffc4a0000 - 0x00007ffffc4fd000 	C:\Windows\System32\shlwapi.dll
0x00007ffffb810000 - 0x00007ffffb831000 	C:\Windows\SYSTEM32\profapi.dll
0x00007ffff54d0000 - 0x00007ffff54ea000 	C:\Program Files\Android\Android Studio\jre\bin\net.dll
0x00007ffff69d0000 - 0x00007ffff6adc000 	C:\Windows\SYSTEM32\WINHTTP.dll
0x00007ffffaf10000 - 0x00007ffffaf77000 	C:\Windows\system32\mswsock.dll
0x00007ffff4130000 - 0x00007ffff4144000 	C:\Program Files\Android\Android Studio\jre\bin\nio.dll
0x00007fffaefa0000 - 0x00007fffaefc7000 	C:\Users\Developer\.gradle\native\f6784746aeab05261644944871eae4fe03e0ef1612fff0a4a95f87b438bc6780\windows-amd64\native-platform.dll
0x00007ffff8740000 - 0x00007ffff874a000 	C:\Program Files\Android\Android Studio\jre\bin\management.dll
0x00007ffff8280000 - 0x00007ffff828c000 	C:\Program Files\Android\Android Studio\jre\bin\management_ext.dll
0x00007ffffb150000 - 0x00007ffffb168000 	C:\Windows\SYSTEM32\CRYPTSP.dll
0x00007ffffaa60000 - 0x00007ffffaa95000 	C:\Windows\system32\rsaenh.dll
0x00007ffffb000000 - 0x00007ffffb029000 	C:\Windows\SYSTEM32\USERENV.dll
0x00007ffffb2d0000 - 0x00007ffffb2f7000 	C:\Windows\SYSTEM32\bcrypt.dll
0x00007ffffb170000 - 0x00007ffffb17c000 	C:\Windows\SYSTEM32\CRYPTBASE.dll
0x00007ffffa640000 - 0x00007ffffa66d000 	C:\Windows\SYSTEM32\IPHLPAPI.DLL
0x00007ffffc360000 - 0x00007ffffc369000 	C:\Windows\System32\NSI.dll
0x00007ffff6bb0000 - 0x00007ffff6bc9000 	C:\Windows\SYSTEM32\dhcpcsvc6.DLL
0x00007ffff7910000 - 0x00007ffff792e000 	C:\Windows\SYSTEM32\dhcpcsvc.DLL
0x00007ffffa670000 - 0x00007ffffa755000 	C:\Windows\SYSTEM32\DNSAPI.dll
0x00007ffff6ba0000 - 0x00007ffff6bac000 	C:\Windows\SYSTEM32\WINNSI.DLL

dbghelp: loaded successfully - version: 4.0.5 - missing functions: none
symbol engine: initialized successfully - sym options: 0x614 - pdb path: .;C:\Program Files\Android\Android Studio\jre\bin;C:\Windows\SYSTEM32;C:\Windows\WinSxS\amd64_microsoft.windows.common-controls_6595b64144ccf1df_6.0.21996.1_none_7d6b053978bcd706;C:\Program Files\Android\Android Studio\jre\bin\server;C:\Users\Developer\.gradle\native\f6784746aeab05261644944871eae4fe03e0ef1612fff0a4a95f87b438bc6780\windows-amd64

VM Arguments:
jvm_args: --add-opens=java.base/java.util=ALL-UNNAMED --add-opens=java.base/java.lang=ALL-UNNAMED --add-opens=java.base/java.lang.invoke=ALL-UNNAMED --add-opens=java.prefs/java.util.prefs=ALL-UNNAMED -Xmx512m -Dfile.encoding=windows-1252 -Duser.country=US -Duser.language=en -Duser.variant 
java_command: org.gradle.launcher.daemon.bootstrap.GradleDaemon 6.5
java_class_path (initial): C:\Users\Developer\.gradle\wrapper\dists\gradle-6.5-bin\6nifqtx7604sqp1q6g8wikw7p\gradle-6.5\lib\gradle-launcher-6.5.jar
Launcher Type: SUN_STANDARD

[Global flags]
     intx CICompilerCount                          = 3                                         {product} {ergonomic}
     uint ConcGCThreads                            = 1                                         {product} {ergonomic}
     uint G1ConcRefinementThreads                  = 4                                         {product} {ergonomic}
   size_t G1HeapRegionSize                         = 1048576                                   {product} {ergonomic}
    uintx GCDrainStackTargetSize                   = 64                                        {product} {ergonomic}
   size_t InitialHeapSize                          = 199229440                                 {product} {ergonomic}
   size_t MarkStackSize                            = 4194304                                   {product} {ergonomic}
   size_t MaxHeapSize                              = 536870912                                 {product} {command line}
   size_t MaxNewSize                               = 321912832                                 {product} {ergonomic}
   size_t MinHeapDeltaBytes                        = 1048576                                   {product} {ergonomic}
    uintx NonNMethodCodeHeapSize                   = 5830732                                {pd product} {ergonomic}
    uintx NonProfiledCodeHeapSize                  = 122913754                              {pd product} {ergonomic}
    uintx ProfiledCodeHeapSize                     = 122913754                              {pd product} {ergonomic}
    uintx ReservedCodeCacheSize                    = 251658240                              {pd product} {ergonomic}
     bool SegmentedCodeCache                       = true                                      {product} {ergonomic}
     bool UseCompressedClassPointers               = true                                 {lp64_product} {ergonomic}
     bool UseCompressedOops                        = true                                 {lp64_product} {ergonomic}
     bool UseG1GC                                  = true                                      {product} {ergonomic}
     bool UseLargePagesIndividualAllocation        = false                                  {pd product} {ergonomic}

Logging:
Log output configuration:
 #0: stdout all=warning uptime,level,tags
 #1: stderr all=off uptime,level,tags

Environment Variables:
PATH=C:\Windows\system32;C:\Windows;C:\Windows\System32\Wbem;C:\Windows\System32\WindowsPowerShell\v1.0\;C:\Windows\System32\OpenSSH\;C:\Users\Developer\AppData\Local\Microsoft\WindowsApps;
USERNAME=Developer
OS=Windows_NT
PROCESSOR_IDENTIFIER=Intel64 Family 6 Model 142 Stepping 10, GenuineIntel



---------------  S Y S T E M  ---------------

OS: Windows 10 , 64 bit Build 21996 (10.0.21996.1)
OS uptime: 0 days 1:25 hours

CPU:total 4 (initial active 4) (2 cores per cpu, 2 threads per core) family 6 model 142 stepping 10, cmov, cx8, fxsr, mmx, sse, sse2, sse3, ssse3, sse4.1, sse4.2, popcnt, avx, avx2, aes, clmul, erms, 3dnowpref, lzcnt, ht, tsc, tscinvbit, bmi1, bmi2, adx, fma

Memory: 4k page, system-wide physical 12154M (200M free)
TotalPageFile size 27271M (AvailPageFile size 6M)
current process WorkingSet (physical memory assigned to process): 203M, peak: 203M
current process commit charge ("private bytes"): 315M, peak: 316M

vm_info: OpenJDK 64-Bit Server VM (11.0.8+10-b944.6842174) for windows-amd64 JRE (11.0.8+10-b944.6842174), built on Sep 19 2020 01:11:42 by "builder" with MS VC++ 14.0 (VS2015)

END.
