#
# There is insufficient memory for the Java Runtime Environment to continue.
# Native memory allocation (malloc) failed to allocate 758256 bytes for Chunk::new
# Possible reasons:
#   The system is out of physical RAM or swap space
#   The process is running with CompressedOops enabled, and the Java Heap may be blocking the growth of the native heap
# Possible solutions:
#   Reduce memory load on the system
#   Increase physical memory or swap space
#   Check if swap backing store is full
#   Decrease Java heap size (-Xmx/-Xms)
#   Decrease number of Java threads
#   Decrease Java thread stack sizes (-Xss)
#   Set larger code cache with -XX:ReservedCodeCacheSize=
#   JVM is running with Unscaled Compressed Oops mode in which the Java heap is
#     placed in the first 4GB address space. The Java Heap base address is the
#     maximum limit for the native heap growth. Please use -XX:HeapBaseMinAddress
#     to set the Java Heap base and to place the Java Heap above 4GB virtual address.
# This output file may be truncated or incomplete.
#
#  Out of Memory Error (./src/hotspot/share/memory/arena.cpp:197), pid=9844, tid=9488
#
# JRE version: OpenJDK Runtime Environment (11.0.8+10) (build 11.0.8+10-b944.6842174)
# Java VM: OpenJDK 64-Bit Server VM (11.0.8+10-b944.6842174, mixed mode, tiered, compressed oops, g1 gc, windows-amd64)
# No core dump will be written. Minidumps are not enabled by default on client versions of Windows
#

---------------  S U M M A R Y ------------

Command Line: --add-opens=java.base/java.util=ALL-UNNAMED --add-opens=java.base/java.lang=ALL-UNNAMED --add-opens=java.base/java.lang.invoke=ALL-UNNAMED --add-opens=java.prefs/java.util.prefs=ALL-UNNAMED -Xmx512m -Dfile.encoding=windows-1252 -Duser.country=US -Duser.language=en -Duser.variant org.gradle.launcher.daemon.bootstrap.GradleDaemon 6.5

Host: Intel(R) Core(TM) i3-7020U CPU @ 2.30GHz, 4 cores, 11G,  Windows 10 , 64 bit Build 21996 (10.0.21996.1)
Time: Tue Sep  7 16:35:20 2021 Pakistan Standard Time elapsed time: 4 seconds (0d 0h 0m 4s)

---------------  T H R E A D  ---------------

Current thread (0x000002bfe1397800):  JavaThread "C2 CompilerThread0" daemon [_thread_in_native, id=9488, stack(0x000000eed7000000,0x000000eed7100000)]


Current CompileTask:
C2:   4324 1926   !   4       java.lang.ClassLoader::loadClass (122 bytes)

Stack: [0x000000eed7000000,0x000000eed7100000]
Native frames: (J=compiled Java code, j=interpreted, Vv=VM code, C=native code)
V  [jvm.dll+0x5de50a]
V  [jvm.dll+0x7122f5]
V  [jvm.dll+0x71384d]
V  [jvm.dll+0x713f03]
V  [jvm.dll+0x23e728]
V  [jvm.dll+0xb899c]
V  [jvm.dll+0xb8e9c]
V  [jvm.dll+0x2b20e4]
V  [jvm.dll+0x502098]
V  [jvm.dll+0x1ff393]
V  [jvm.dll+0x1f917c]
V  [jvm.dll+0x1f685f]
V  [jvm.dll+0x17f32c]
V  [jvm.dll+0x205047]
V  [jvm.dll+0x203891]
V  [jvm.dll+0x6dad3f]
V  [jvm.dll+0x6d3895]
V  [jvm.dll+0x5dd4a6]
C  [ucrtbase.dll+0x26c0c]
C  [KERNEL32.DLL+0x154e0]
C  [ntdll.dll+0x485b]


---------------  P R O C E S S  ---------------

Threads class SMR info:
_java_thread_list=0x000002bfe2de8840, length=23, elements={
0x000002bfca879800, 0x000002bfe09ee000, 0x000002bfe0a19800, 0x000002bfe1393800,
0x000002bfe1396800, 0x000002bfe1397800, 0x000002bfe0a32000, 0x000002bfe0a45800,
0x000002bfe14d9800, 0x000002bfe14da800, 0x000002bfe2577800, 0x000002bfe2a08000,
0x000002bfe26f2000, 0x000002bfe20a4000, 0x000002bfe2c7e000, 0x000002bfe2cd0000,
0x000002bfe29b1800, 0x000002bfe2ce0000, 0x000002bfe2bfd800, 0x000002bfe2d13800,
0x000002bfe3d17800, 0x000002bfe3d18000, 0x000002bfe3d13000
}

Java Threads: ( => current thread )
  0x000002bfca879800 JavaThread "main" [_thread_blocked, id=5920, stack(0x000000eed6500000,0x000000eed6600000)]
  0x000002bfe09ee000 JavaThread "Reference Handler" daemon [_thread_blocked, id=8712, stack(0x000000eed6c00000,0x000000eed6d00000)]
  0x000002bfe0a19800 JavaThread "Finalizer" daemon [_thread_blocked, id=17084, stack(0x000000eed6d00000,0x000000eed6e00000)]
  0x000002bfe1393800 JavaThread "Signal Dispatcher" daemon [_thread_blocked, id=1536, stack(0x000000eed6e00000,0x000000eed6f00000)]
  0x000002bfe1396800 JavaThread "Attach Listener" daemon [_thread_blocked, id=1360, stack(0x000000eed6f00000,0x000000eed7000000)]
=>0x000002bfe1397800 JavaThread "C2 CompilerThread0" daemon [_thread_in_native, id=9488, stack(0x000000eed7000000,0x000000eed7100000)]
  0x000002bfe0a32000 JavaThread "C1 CompilerThread0" daemon [_thread_in_native, id=3416, stack(0x000000eed7100000,0x000000eed7200000)]
  0x000002bfe0a45800 JavaThread "Sweeper thread" daemon [_thread_blocked, id=15804, stack(0x000000eed7200000,0x000000eed7300000)]
  0x000002bfe14d9800 JavaThread "Common-Cleaner" daemon [_thread_blocked, id=2756, stack(0x000000eed7300000,0x000000eed7400000)]
  0x000002bfe14da800 JavaThread "Service Thread" daemon [_thread_blocked, id=2240, stack(0x000000eed7400000,0x000000eed7500000)]
  0x000002bfe2577800 JavaThread "Daemon health stats" [_thread_blocked, id=11036, stack(0x000000eed7900000,0x000000eed7a00000)]
  0x000002bfe2a08000 JavaThread "Incoming local TCP Connector on port 53822" [_thread_in_native, id=11696, stack(0x000000eed7c00000,0x000000eed7d00000)]
  0x000002bfe26f2000 JavaThread "Daemon periodic checks" [_thread_blocked, id=9428, stack(0x000000eed7d00000,0x000000eed7e00000)]
  0x000002bfe20a4000 JavaThread "Daemon" [_thread_blocked, id=10180, stack(0x000000eed7e00000,0x000000eed7f00000)]
  0x000002bfe2c7e000 JavaThread "Handler for socket connection from /127.0.0.1:53822 to /127.0.0.1:53823" [_thread_in_native, id=12016, stack(0x000000eed7f00000,0x000000eed8000000)]
  0x000002bfe2cd0000 JavaThread "Cancel handler" [_thread_blocked, id=6948, stack(0x000000eed8000000,0x000000eed8100000)]
  0x000002bfe29b1800 JavaThread "Daemon worker" [_thread_in_vm, id=13664, stack(0x000000eed8100000,0x000000eed8200000)]
  0x000002bfe2ce0000 JavaThread "Asynchronous log dispatcher for DefaultDaemonConnection: socket connection from /127.0.0.1:53822 to /127.0.0.1:53823" [_thread_blocked, id=8432, stack(0x000000eed8200000,0x000000eed8300000)]
  0x000002bfe2bfd800 JavaThread "Stdin handler" [_thread_blocked, id=14260, stack(0x000000eed8300000,0x000000eed8400000)]
  0x000002bfe2d13800 JavaThread "Thread-8" [_thread_blocked, id=12908, stack(0x000000eed8400000,0x000000eed8500000)]
  0x000002bfe3d17800 JavaThread "Cache worker for journal cache (C:\Users\Developer\.gradle\caches\journal-1)" [_thread_blocked, id=2160, stack(0x000000eed8500000,0x000000eed8600000)]
  0x000002bfe3d18000 JavaThread "File lock request listener" [_thread_in_native, id=13636, stack(0x000000eed8600000,0x000000eed8700000)]
  0x000002bfe3d13000 JavaThread "Cache worker for file hash cache (C:\Users\Developer\.gradle\caches\6.5\fileHashes)" [_thread_blocked, id=17236, stack(0x000000eed8700000,0x000000eed8800000)]

Other Threads:
  0x000002bfe09eb800 VMThread "VM Thread" [stack: 0x000000eed6b00000,0x000000eed6c00000] [id=4392]
  0x000002bfe14db800 WatcherThread [stack: 0x000000eed7500000,0x000000eed7600000] [id=8312]
  0x000002bfca894000 GCTaskThread "GC Thread#0" [stack: 0x000000eed6600000,0x000000eed6700000] [id=13708]
  0x000002bfe1b1f000 GCTaskThread "GC Thread#1" [stack: 0x000000eed7600000,0x000000eed7700000] [id=10936]
  0x000002bfe1660000 GCTaskThread "GC Thread#2" [stack: 0x000000eed7700000,0x000000eed7800000] [id=14168]
  0x000002bfe1a1c000 GCTaskThread "GC Thread#3" [stack: 0x000000eed7800000,0x000000eed7900000] [id=9120]
  0x000002bfca8a5800 ConcurrentGCThread "G1 Main Marker" [stack: 0x000000eed6700000,0x000000eed6800000] [id=14400]
  0x000002bfca8a7000 ConcurrentGCThread "G1 Conc#0" [stack: 0x000000eed6800000,0x000000eed6900000] [id=2596]
  0x000002bfca955800 ConcurrentGCThread "G1 Refine#0" [stack: 0x000000eed6900000,0x000000eed6a00000] [id=14792]
  0x000002bfe0860800 ConcurrentGCThread "G1 Young RemSet Sampling" [stack: 0x000000eed6a00000,0x000000eed6b00000] [id=16136]

Threads with active compile tasks:
C2 CompilerThread0   4390 1926   !   4       java.lang.ClassLoader::loadClass (122 bytes)

VM state:not at safepoint (normal execution)

VM Mutex/Monitor currently owned by a thread: None

Heap address: 0x00000000e0000000, size: 512 MB, Compressed Oops mode: 32-bit
Narrow klass base: 0x0000000000000000, Narrow klass shift: 3
Compressed class space size: 1073741824 Address: 0x0000000100000000

Heap:
 garbage-first heap   total 194560K, used 18830K [0x00000000e0000000, 0x0000000100000000)
  region size 1024K, 7 young (7168K), 4 survivors (4096K)
 Metaspace       used 22266K, capacity 22812K, committed 23036K, reserved 1075200K
  class space    used 2740K, capacity 2953K, committed 3072K, reserved 1048576K
Heap Regions: E=young(eden), S=young(survivor), O=old, HS=humongous(starts), HC=humongous(continues), CS=collection set, F=free, A=archive, TAMS=top-at-mark-start (previous, next)
|   0|0x00000000e0000000, 0x00000000e0100000, 0x00000000e0100000|100%| O|  |TAMS 0x00000000e0100000, 0x00000000e0000000| Untracked 
|   1|0x00000000e0100000, 0x00000000e0200000, 0x00000000e0200000|100%| O|  |TAMS 0x00000000e0200000, 0x00000000e0100000| Untracked 
|   2|0x00000000e0200000, 0x00000000e0300000, 0x00000000e0300000|100%| O|  |TAMS 0x00000000e0300000, 0x00000000e0200000| Untracked 
|   3|0x00000000e0300000, 0x00000000e0400000, 0x00000000e0400000|100%|HS|  |TAMS 0x00000000e0400000, 0x00000000e0300000| Complete 
|   4|0x00000000e0400000, 0x00000000e0500000, 0x00000000e0500000|100%|HC|  |TAMS 0x00000000e0500000, 0x00000000e0400000| Complete 
|   5|0x00000000e0500000, 0x00000000e0600000, 0x00000000e0600000|100%|HC|  |TAMS 0x00000000e0600000, 0x00000000e0500000| Complete 
|   6|0x00000000e0600000, 0x00000000e0700000, 0x00000000e0700000|100%| O|  |TAMS 0x00000000e0700000, 0x00000000e0600000| Untracked 
|   7|0x00000000e0700000, 0x00000000e0800000, 0x00000000e0800000|100%| O|  |TAMS 0x00000000e0800000, 0x00000000e0700000| Untracked 
|   8|0x00000000e0800000, 0x00000000e0900000, 0x00000000e0900000|100%| O|  |TAMS 0x00000000e0900000, 0x00000000e0800000| Untracked 
|   9|0x00000000e0900000, 0x00000000e0a00000, 0x00000000e0a00000|100%| O|  |TAMS 0x00000000e0a00000, 0x00000000e0900000| Untracked 
|  10|0x00000000e0a00000, 0x00000000e0b00000, 0x00000000e0b00000|100%| O|  |TAMS 0x00000000e0b00000, 0x00000000e0a00000| Untracked 
|  11|0x00000000e0b00000, 0x00000000e0c00000, 0x00000000e0c00000|100%| O|  |TAMS 0x00000000e0c00000, 0x00000000e0b00000| Untracked 
|  12|0x00000000e0c00000, 0x00000000e0c63a00, 0x00000000e0d00000| 38%| O|  |TAMS 0x00000000e0c63a00, 0x00000000e0c00000| Untracked 
|  13|0x00000000e0d00000, 0x00000000e0d00000, 0x00000000e0e00000|  0%| F|  |TAMS 0x00000000e0d00000, 0x00000000e0d00000| Untracked 
|  14|0x00000000e0e00000, 0x00000000e0e00000, 0x00000000e0f00000|  0%| F|  |TAMS 0x00000000e0e00000, 0x00000000e0e00000| Untracked 
|  15|0x00000000e0f00000, 0x00000000e0f00000, 0x00000000e1000000|  0%| F|  |TAMS 0x00000000e0f00000, 0x00000000e0f00000| Untracked 
|  16|0x00000000e1000000, 0x00000000e1000000, 0x00000000e1100000|  0%| F|  |TAMS 0x00000000e1000000, 0x00000000e1000000| Untracked 
|  17|0x00000000e1100000, 0x00000000e1100000, 0x00000000e1200000|  0%| F|  |TAMS 0x00000000e1100000, 0x00000000e1100000| Untracked 
|  18|0x00000000e1200000, 0x00000000e1200000, 0x00000000e1300000|  0%| F|  |TAMS 0x00000000e1200000, 0x00000000e1200000| Untracked 
|  19|0x00000000e1300000, 0x00000000e1300000, 0x00000000e1400000|  0%| F|  |TAMS 0x00000000e1300000, 0x00000000e1300000| Untracked 
|  20|0x00000000e1400000, 0x00000000e1400000, 0x00000000e1500000|  0%| F|  |TAMS 0x00000000e1400000, 0x00000000e1400000| Untracked 
|  21|0x00000000e1500000, 0x00000000e1500000, 0x00000000e1600000|  0%| F|  |TAMS 0x00000000e1500000, 0x00000000e1500000| Untracked 
|  22|0x00000000e1600000, 0x00000000e1600000, 0x00000000e1700000|  0%| F|  |TAMS 0x00000000e1600000, 0x00000000e1600000| Untracked 
|  23|0x00000000e1700000, 0x00000000e1700000, 0x00000000e1800000|  0%| F|  |TAMS 0x00000000e1700000, 0x00000000e1700000| Untracked 
|  24|0x00000000e1800000, 0x00000000e1800000, 0x00000000e1900000|  0%| F|  |TAMS 0x00000000e1800000, 0x00000000e1800000| Untracked 
|  25|0x00000000e1900000, 0x00000000e1900000, 0x00000000e1a00000|  0%| F|  |TAMS 0x00000000e1900000, 0x00000000e1900000| Untracked 
|  26|0x00000000e1a00000, 0x00000000e1a00000, 0x00000000e1b00000|  0%| F|  |TAMS 0x00000000e1a00000, 0x00000000e1a00000| Untracked 
|  27|0x00000000e1b00000, 0x00000000e1b00000, 0x00000000e1c00000|  0%| F|  |TAMS 0x00000000e1b00000, 0x00000000e1b00000| Untracked 
|  28|0x00000000e1c00000, 0x00000000e1c00000, 0x00000000e1d00000|  0%| F|  |TAMS 0x00000000e1c00000, 0x00000000e1c00000| Untracked 
|  29|0x00000000e1d00000, 0x00000000e1d00000, 0x00000000e1e00000|  0%| F|  |TAMS 0x00000000e1d00000, 0x00000000e1d00000| Untracked 
|  30|0x00000000e1e00000, 0x00000000e1e00000, 0x00000000e1f00000|  0%| F|  |TAMS 0x00000000e1e00000, 0x00000000e1e00000| Untracked 
|  31|0x00000000e1f00000, 0x00000000e1f00000, 0x00000000e2000000|  0%| F|  |TAMS 0x00000000e1f00000, 0x00000000e1f00000| Untracked 
|  32|0x00000000e2000000, 0x00000000e2000000, 0x00000000e2100000|  0%| F|  |TAMS 0x00000000e2000000, 0x00000000e2000000| Untracked 
|  33|0x00000000e2100000, 0x00000000e2100000, 0x00000000e2200000|  0%| F|  |TAMS 0x00000000e2100000, 0x00000000e2100000| Untracked 
|  34|0x00000000e2200000, 0x00000000e2200000, 0x00000000e2300000|  0%| F|  |TAMS 0x00000000e2200000, 0x00000000e2200000| Untracked 
|  35|0x00000000e2300000, 0x00000000e2300000, 0x00000000e2400000|  0%| F|  |TAMS 0x00000000e2300000, 0x00000000e2300000| Untracked 
|  36|0x00000000e2400000, 0x00000000e2400000, 0x00000000e2500000|  0%| F|  |TAMS 0x00000000e2400000, 0x00000000e2400000| Untracked 
|  37|0x00000000e2500000, 0x00000000e2500000, 0x00000000e2600000|  0%| F|  |TAMS 0x00000000e2500000, 0x00000000e2500000| Untracked 
|  38|0x00000000e2600000, 0x00000000e2600000, 0x00000000e2700000|  0%| F|  |TAMS 0x00000000e2600000, 0x00000000e2600000| Untracked 
|  39|0x00000000e2700000, 0x00000000e2700000, 0x00000000e2800000|  0%| F|  |TAMS 0x00000000e2700000, 0x00000000e2700000| Untracked 
|  40|0x00000000e2800000, 0x00000000e2800000, 0x00000000e2900000|  0%| F|  |TAMS 0x00000000e2800000, 0x00000000e2800000| Untracked 
|  41|0x00000000e2900000, 0x00000000e2900000, 0x00000000e2a00000|  0%| F|  |TAMS 0x00000000e2900000, 0x00000000e2900000| Untracked 
|  42|0x00000000e2a00000, 0x00000000e2a00000, 0x00000000e2b00000|  0%| F|  |TAMS 0x00000000e2a00000, 0x00000000e2a00000| Untracked 
|  43|0x00000000e2b00000, 0x00000000e2b00000, 0x00000000e2c00000|  0%| F|  |TAMS 0x00000000e2b00000, 0x00000000e2b00000| Untracked 
|  44|0x00000000e2c00000, 0x00000000e2c00000, 0x00000000e2d00000|  0%| F|  |TAMS 0x00000000e2c00000, 0x00000000e2c00000| Untracked 
|  45|0x00000000e2d00000, 0x00000000e2d00000, 0x00000000e2e00000|  0%| F|  |TAMS 0x00000000e2d00000, 0x00000000e2d00000| Untracked 
|  46|0x00000000e2e00000, 0x00000000e2e00000, 0x00000000e2f00000|  0%| F|  |TAMS 0x00000000e2e00000, 0x00000000e2e00000| Untracked 
|  47|0x00000000e2f00000, 0x00000000e2f00000, 0x00000000e3000000|  0%| F|  |TAMS 0x00000000e2f00000, 0x00000000e2f00000| Untracked 
|  48|0x00000000e3000000, 0x00000000e3000000, 0x00000000e3100000|  0%| F|  |TAMS 0x00000000e3000000, 0x00000000e3000000| Untracked 
|  49|0x00000000e3100000, 0x00000000e3100000, 0x00000000e3200000|  0%| F|  |TAMS 0x00000000e3100000, 0x00000000e3100000| Untracked 
|  50|0x00000000e3200000, 0x00000000e3200000, 0x00000000e3300000|  0%| F|  |TAMS 0x00000000e3200000, 0x00000000e3200000| Untracked 
|  51|0x00000000e3300000, 0x00000000e3300000, 0x00000000e3400000|  0%| F|  |TAMS 0x00000000e3300000, 0x00000000e3300000| Untracked 
|  52|0x00000000e3400000, 0x00000000e3400000, 0x00000000e3500000|  0%| F|  |TAMS 0x00000000e3400000, 0x00000000e3400000| Untracked 
|  53|0x00000000e3500000, 0x00000000e3500000, 0x00000000e3600000|  0%| F|  |TAMS 0x00000000e3500000, 0x00000000e3500000| Untracked 
|  54|0x00000000e3600000, 0x00000000e3600000, 0x00000000e3700000|  0%| F|  |TAMS 0x00000000e3600000, 0x00000000e3600000| Untracked 
|  55|0x00000000e3700000, 0x00000000e3700000, 0x00000000e3800000|  0%| F|  |TAMS 0x00000000e3700000, 0x00000000e3700000| Untracked 
|  56|0x00000000e3800000, 0x00000000e3800000, 0x00000000e3900000|  0%| F|  |TAMS 0x00000000e3800000, 0x00000000e3800000| Untracked 
|  57|0x00000000e3900000, 0x00000000e3900000, 0x00000000e3a00000|  0%| F|  |TAMS 0x00000000e3900000, 0x00000000e3900000| Untracked 
|  58|0x00000000e3a00000, 0x00000000e3a00000, 0x00000000e3b00000|  0%| F|  |TAMS 0x00000000e3a00000, 0x00000000e3a00000| Untracked 
|  59|0x00000000e3b00000, 0x00000000e3b00000, 0x00000000e3c00000|  0%| F|  |TAMS 0x00000000e3b00000, 0x00000000e3b00000| Untracked 
|  60|0x00000000e3c00000, 0x00000000e3c00000, 0x00000000e3d00000|  0%| F|  |TAMS 0x00000000e3c00000, 0x00000000e3c00000| Untracked 
|  61|0x00000000e3d00000, 0x00000000e3d00000, 0x00000000e3e00000|  0%| F|  |TAMS 0x00000000e3d00000, 0x00000000e3d00000| Untracked 
|  62|0x00000000e3e00000, 0x00000000e3e00000, 0x00000000e3f00000|  0%| F|  |TAMS 0x00000000e3e00000, 0x00000000e3e00000| Untracked 
|  63|0x00000000e3f00000, 0x00000000e3f00000, 0x00000000e4000000|  0%| F|  |TAMS 0x00000000e3f00000, 0x00000000e3f00000| Untracked 
|  64|0x00000000e4000000, 0x00000000e4000000, 0x00000000e4100000|  0%| F|  |TAMS 0x00000000e4000000, 0x00000000e4000000| Untracked 
|  65|0x00000000e4100000, 0x00000000e4100000, 0x00000000e4200000|  0%| F|  |TAMS 0x00000000e4100000, 0x00000000e4100000| Untracked 
|  66|0x00000000e4200000, 0x00000000e4200000, 0x00000000e4300000|  0%| F|  |TAMS 0x00000000e4200000, 0x00000000e4200000| Untracked 
|  67|0x00000000e4300000, 0x00000000e4300000, 0x00000000e4400000|  0%| F|  |TAMS 0x00000000e4300000, 0x00000000e4300000| Untracked 
|  68|0x00000000e4400000, 0x00000000e4400000, 0x00000000e4500000|  0%| F|  |TAMS 0x00000000e4400000, 0x00000000e4400000| Untracked 
|  69|0x00000000e4500000, 0x00000000e4500000, 0x00000000e4600000|  0%| F|  |TAMS 0x00000000e4500000, 0x00000000e4500000| Untracked 
|  70|0x00000000e4600000, 0x00000000e4600000, 0x00000000e4700000|  0%| F|  |TAMS 0x00000000e4600000, 0x00000000e4600000| Untracked 
|  71|0x00000000e4700000, 0x00000000e4700000, 0x00000000e4800000|  0%| F|  |TAMS 0x00000000e4700000, 0x00000000e4700000| Untracked 
|  72|0x00000000e4800000, 0x00000000e4800000, 0x00000000e4900000|  0%| F|  |TAMS 0x00000000e4800000, 0x00000000e4800000| Untracked 
|  73|0x00000000e4900000, 0x00000000e4900000, 0x00000000e4a00000|  0%| F|  |TAMS 0x00000000e4900000, 0x00000000e4900000| Untracked 
|  74|0x00000000e4a00000, 0x00000000e4a00000, 0x00000000e4b00000|  0%| F|  |TAMS 0x00000000e4a00000, 0x00000000e4a00000| Untracked 
|  75|0x00000000e4b00000, 0x00000000e4b00000, 0x00000000e4c00000|  0%| F|  |TAMS 0x00000000e4b00000, 0x00000000e4b00000| Untracked 
|  76|0x00000000e4c00000, 0x00000000e4c00000, 0x00000000e4d00000|  0%| F|  |TAMS 0x00000000e4c00000, 0x00000000e4c00000| Untracked 
|  77|0x00000000e4d00000, 0x00000000e4d00000, 0x00000000e4e00000|  0%| F|  |TAMS 0x00000000e4d00000, 0x00000000e4d00000| Untracked 
|  78|0x00000000e4e00000, 0x00000000e4e00000, 0x00000000e4f00000|  0%| F|  |TAMS 0x00000000e4e00000, 0x00000000e4e00000| Untracked 
|  79|0x00000000e4f00000, 0x00000000e4f00000, 0x00000000e5000000|  0%| F|  |TAMS 0x00000000e4f00000, 0x00000000e4f00000| Untracked 
|  80|0x00000000e5000000, 0x00000000e5000000, 0x00000000e5100000|  0%| F|  |TAMS 0x00000000e5000000, 0x00000000e5000000| Untracked 
|  81|0x00000000e5100000, 0x00000000e5100000, 0x00000000e5200000|  0%| F|  |TAMS 0x00000000e5100000, 0x00000000e5100000| Untracked 
|  82|0x00000000e5200000, 0x00000000e5200000, 0x00000000e5300000|  0%| F|  |TAMS 0x00000000e5200000, 0x00000000e5200000| Untracked 
|  83|0x00000000e5300000, 0x00000000e5300000, 0x00000000e5400000|  0%| F|  |TAMS 0x00000000e5300000, 0x00000000e5300000| Untracked 
|  84|0x00000000e5400000, 0x00000000e5400000, 0x00000000e5500000|  0%| F|  |TAMS 0x00000000e5400000, 0x00000000e5400000| Untracked 
|  85|0x00000000e5500000, 0x00000000e5500000, 0x00000000e5600000|  0%| F|  |TAMS 0x00000000e5500000, 0x00000000e5500000| Untracked 
|  86|0x00000000e5600000, 0x00000000e5600000, 0x00000000e5700000|  0%| F|  |TAMS 0x00000000e5600000, 0x00000000e5600000| Untracked 
|  87|0x00000000e5700000, 0x00000000e5700000, 0x00000000e5800000|  0%| F|  |TAMS 0x00000000e5700000, 0x00000000e5700000| Untracked 
|  88|0x00000000e5800000, 0x00000000e5800000, 0x00000000e5900000|  0%| F|  |TAMS 0x00000000e5800000, 0x00000000e5800000| Untracked 
|  89|0x00000000e5900000, 0x00000000e5900000, 0x00000000e5a00000|  0%| F|  |TAMS 0x00000000e5900000, 0x00000000e5900000| Untracked 
|  90|0x00000000e5a00000, 0x00000000e5a00000, 0x00000000e5b00000|  0%| F|  |TAMS 0x00000000e5a00000, 0x00000000e5a00000| Untracked 
|  91|0x00000000e5b00000, 0x00000000e5b00000, 0x00000000e5c00000|  0%| F|  |TAMS 0x00000000e5b00000, 0x00000000e5b00000| Untracked 
|  92|0x00000000e5c00000, 0x00000000e5c00000, 0x00000000e5d00000|  0%| F|  |TAMS 0x00000000e5c00000, 0x00000000e5c00000| Untracked 
|  93|0x00000000e5d00000, 0x00000000e5d00000, 0x00000000e5e00000|  0%| F|  |TAMS 0x00000000e5d00000, 0x00000000e5d00000| Untracked 
|  94|0x00000000e5e00000, 0x00000000e5e00000, 0x00000000e5f00000|  0%| F|  |TAMS 0x00000000e5e00000, 0x00000000e5e00000| Untracked 
|  95|0x00000000e5f00000, 0x00000000e5f00000, 0x00000000e6000000|  0%| F|  |TAMS 0x00000000e5f00000, 0x00000000e5f00000| Untracked 
|  96|0x00000000e6000000, 0x00000000e6000000, 0x00000000e6100000|  0%| F|  |TAMS 0x00000000e6000000, 0x00000000e6000000| Untracked 
|  97|0x00000000e6100000, 0x00000000e6100000, 0x00000000e6200000|  0%| F|  |TAMS 0x00000000e6100000, 0x00000000e6100000| Untracked 
|  98|0x00000000e6200000, 0x00000000e6200000, 0x00000000e6300000|  0%| F|  |TAMS 0x00000000e6200000, 0x00000000e6200000| Untracked 
|  99|0x00000000e6300000, 0x00000000e6300000, 0x00000000e6400000|  0%| F|  |TAMS 0x00000000e6300000, 0x00000000e6300000| Untracked 
| 100|0x00000000e6400000, 0x00000000e6400000, 0x00000000e6500000|  0%| F|  |TAMS 0x00000000e6400000, 0x00000000e6400000| Untracked 
| 101|0x00000000e6500000, 0x00000000e6500000, 0x00000000e6600000|  0%| F|  |TAMS 0x00000000e6500000, 0x00000000e6500000| Untracked 
| 102|0x00000000e6600000, 0x00000000e6600000, 0x00000000e6700000|  0%| F|  |TAMS 0x00000000e6600000, 0x00000000e6600000| Untracked 
| 103|0x00000000e6700000, 0x00000000e6700000, 0x00000000e6800000|  0%| F|  |TAMS 0x00000000e6700000, 0x00000000e6700000| Untracked 
| 104|0x00000000e6800000, 0x00000000e6800000, 0x00000000e6900000|  0%| F|  |TAMS 0x00000000e6800000, 0x00000000e6800000| Untracked 
| 105|0x00000000e6900000, 0x00000000e6900000, 0x00000000e6a00000|  0%| F|  |TAMS 0x00000000e6900000, 0x00000000e6900000| Untracked 
| 106|0x00000000e6a00000, 0x00000000e6a00000, 0x00000000e6b00000|  0%| F|  |TAMS 0x00000000e6a00000, 0x00000000e6a00000| Untracked 
| 107|0x00000000e6b00000, 0x00000000e6b00000, 0x00000000e6c00000|  0%| F|  |TAMS 0x00000000e6b00000, 0x00000000e6b00000| Untracked 
| 108|0x00000000e6c00000, 0x00000000e6c00000, 0x00000000e6d00000|  0%| F|  |TAMS 0x00000000e6c00000, 0x00000000e6c00000| Untracked 
| 109|0x00000000e6d00000, 0x00000000e6d00000, 0x00000000e6e00000|  0%| F|  |TAMS 0x00000000e6d00000, 0x00000000e6d00000| Untracked 
| 110|0x00000000e6e00000, 0x00000000e6e00000, 0x00000000e6f00000|  0%| F|  |TAMS 0x00000000e6e00000, 0x00000000e6e00000| Untracked 
| 111|0x00000000e6f00000, 0x00000000e6f00000, 0x00000000e7000000|  0%| F|  |TAMS 0x00000000e6f00000, 0x00000000e6f00000| Untracked 
| 112|0x00000000e7000000, 0x00000000e7000000, 0x00000000e7100000|  0%| F|  |TAMS 0x00000000e7000000, 0x00000000e7000000| Untracked 
| 113|0x00000000e7100000, 0x00000000e7100000, 0x00000000e7200000|  0%| F|  |TAMS 0x00000000e7100000, 0x00000000e7100000| Untracked 
| 114|0x00000000e7200000, 0x00000000e7200000, 0x00000000e7300000|  0%| F|  |TAMS 0x00000000e7200000, 0x00000000e7200000| Untracked 
| 115|0x00000000e7300000, 0x00000000e7300000, 0x00000000e7400000|  0%| F|  |TAMS 0x00000000e7300000, 0x00000000e7300000| Untracked 
| 116|0x00000000e7400000, 0x00000000e7400000, 0x00000000e7500000|  0%| F|  |TAMS 0x00000000e7400000, 0x00000000e7400000| Untracked 
| 117|0x00000000e7500000, 0x00000000e7500000, 0x00000000e7600000|  0%| F|  |TAMS 0x00000000e7500000, 0x00000000e7500000| Untracked 
| 118|0x00000000e7600000, 0x00000000e7600000, 0x00000000e7700000|  0%| F|  |TAMS 0x00000000e7600000, 0x00000000e7600000| Untracked 
| 119|0x00000000e7700000, 0x00000000e7700000, 0x00000000e7800000|  0%| F|  |TAMS 0x00000000e7700000, 0x00000000e7700000| Untracked 
| 120|0x00000000e7800000, 0x00000000e7800000, 0x00000000e7900000|  0%| F|  |TAMS 0x00000000e7800000, 0x00000000e7800000| Untracked 
| 121|0x00000000e7900000, 0x00000000e7900000, 0x00000000e7a00000|  0%| F|  |TAMS 0x00000000e7900000, 0x00000000e7900000| Untracked 
| 122|0x00000000e7a00000, 0x00000000e7a00000, 0x00000000e7b00000|  0%| F|  |TAMS 0x00000000e7a00000, 0x00000000e7a00000| Untracked 
| 123|0x00000000e7b00000, 0x00000000e7b00000, 0x00000000e7c00000|  0%| F|  |TAMS 0x00000000e7b00000, 0x00000000e7b00000| Untracked 
| 124|0x00000000e7c00000, 0x00000000e7c00000, 0x00000000e7d00000|  0%| F|  |TAMS 0x00000000e7c00000, 0x00000000e7c00000| Untracked 
| 125|0x00000000e7d00000, 0x00000000e7d00000, 0x00000000e7e00000|  0%| F|  |TAMS 0x00000000e7d00000, 0x00000000e7d00000| Untracked 
| 126|0x00000000e7e00000, 0x00000000e7e00000, 0x00000000e7f00000|  0%| F|  |TAMS 0x00000000e7e00000, 0x00000000e7e00000| Untracked 
| 127|0x00000000e7f00000, 0x00000000e7f00000, 0x00000000e8000000|  0%| F|  |TAMS 0x00000000e7f00000, 0x00000000e7f00000| Untracked 
| 128|0x00000000e8000000, 0x00000000e8000000, 0x00000000e8100000|  0%| F|  |TAMS 0x00000000e8000000, 0x00000000e8000000| Untracked 
| 129|0x00000000e8100000, 0x00000000e8100000, 0x00000000e8200000|  0%| F|  |TAMS 0x00000000e8100000, 0x00000000e8100000| Untracked 
| 130|0x00000000e8200000, 0x00000000e8200000, 0x00000000e8300000|  0%| F|  |TAMS 0x00000000e8200000, 0x00000000e8200000| Untracked 
| 131|0x00000000e8300000, 0x00000000e8300000, 0x00000000e8400000|  0%| F|  |TAMS 0x00000000e8300000, 0x00000000e8300000| Untracked 
| 132|0x00000000e8400000, 0x00000000e8400000, 0x00000000e8500000|  0%| F|  |TAMS 0x00000000e8400000, 0x00000000e8400000| Untracked 
| 133|0x00000000e8500000, 0x00000000e8500000, 0x00000000e8600000|  0%| F|  |TAMS 0x00000000e8500000, 0x00000000e8500000| Untracked 
| 134|0x00000000e8600000, 0x00000000e8600000, 0x00000000e8700000|  0%| F|  |TAMS 0x00000000e8600000, 0x00000000e8600000| Untracked 
| 135|0x00000000e8700000, 0x00000000e8700000, 0x00000000e8800000|  0%| F|  |TAMS 0x00000000e8700000, 0x00000000e8700000| Untracked 
| 136|0x00000000e8800000, 0x00000000e8800000, 0x00000000e8900000|  0%| F|  |TAMS 0x00000000e8800000, 0x00000000e8800000| Untracked 
| 137|0x00000000e8900000, 0x00000000e8900000, 0x00000000e8a00000|  0%| F|  |TAMS 0x00000000e8900000, 0x00000000e8900000| Untracked 
| 138|0x00000000e8a00000, 0x00000000e8a00000, 0x00000000e8b00000|  0%| F|  |TAMS 0x00000000e8a00000, 0x00000000e8a00000| Untracked 
| 139|0x00000000e8b00000, 0x00000000e8b00000, 0x00000000e8c00000|  0%| F|  |TAMS 0x00000000e8b00000, 0x00000000e8b00000| Untracked 
| 140|0x00000000e8c00000, 0x00000000e8c00000, 0x00000000e8d00000|  0%| F|  |TAMS 0x00000000e8c00000, 0x00000000e8c00000| Untracked 
| 141|0x00000000e8d00000, 0x00000000e8d00000, 0x00000000e8e00000|  0%| F|  |TAMS 0x00000000e8d00000, 0x00000000e8d00000| Untracked 
| 142|0x00000000e8e00000, 0x00000000e8e00000, 0x00000000e8f00000|  0%| F|  |TAMS 0x00000000e8e00000, 0x00000000e8e00000| Untracked 
| 143|0x00000000e8f00000, 0x00000000e8f00000, 0x00000000e9000000|  0%| F|  |TAMS 0x00000000e8f00000, 0x00000000e8f00000| Untracked 
| 144|0x00000000e9000000, 0x00000000e9000000, 0x00000000e9100000|  0%| F|  |TAMS 0x00000000e9000000, 0x00000000e9000000| Untracked 
| 145|0x00000000e9100000, 0x00000000e9100000, 0x00000000e9200000|  0%| F|  |TAMS 0x00000000e9100000, 0x00000000e9100000| Untracked 
| 146|0x00000000e9200000, 0x00000000e9200000, 0x00000000e9300000|  0%| F|  |TAMS 0x00000000e9200000, 0x00000000e9200000| Untracked 
| 147|0x00000000e9300000, 0x00000000e9300000, 0x00000000e9400000|  0%| F|  |TAMS 0x00000000e9300000, 0x00000000e9300000| Untracked 
| 148|0x00000000e9400000, 0x00000000e9400000, 0x00000000e9500000|  0%| F|  |TAMS 0x00000000e9400000, 0x00000000e9400000| Untracked 
| 149|0x00000000e9500000, 0x00000000e9500000, 0x00000000e9600000|  0%| F|  |TAMS 0x00000000e9500000, 0x00000000e9500000| Untracked 
| 150|0x00000000e9600000, 0x00000000e9600000, 0x00000000e9700000|  0%| F|  |TAMS 0x00000000e9600000, 0x00000000e9600000| Untracked 
| 151|0x00000000e9700000, 0x00000000e9700000, 0x00000000e9800000|  0%| F|  |TAMS 0x00000000e9700000, 0x00000000e9700000| Untracked 
| 152|0x00000000e9800000, 0x00000000e9800000, 0x00000000e9900000|  0%| F|  |TAMS 0x00000000e9800000, 0x00000000e9800000| Untracked 
| 153|0x00000000e9900000, 0x00000000e9900000, 0x00000000e9a00000|  0%| F|  |TAMS 0x00000000e9900000, 0x00000000e9900000| Untracked 
| 154|0x00000000e9a00000, 0x00000000e9a00000, 0x00000000e9b00000|  0%| F|  |TAMS 0x00000000e9a00000, 0x00000000e9a00000| Untracked 
| 155|0x00000000e9b00000, 0x00000000e9b00000, 0x00000000e9c00000|  0%| F|  |TAMS 0x00000000e9b00000, 0x00000000e9b00000| Untracked 
| 156|0x00000000e9c00000, 0x00000000e9c00000, 0x00000000e9d00000|  0%| F|  |TAMS 0x00000000e9c00000, 0x00000000e9c00000| Untracked 
| 157|0x00000000e9d00000, 0x00000000e9d00000, 0x00000000e9e00000|  0%| F|  |TAMS 0x00000000e9d00000, 0x00000000e9d00000| Untracked 
| 158|0x00000000e9e00000, 0x00000000e9e00000, 0x00000000e9f00000|  0%| F|  |TAMS 0x00000000e9e00000, 0x00000000e9e00000| Untracked 
| 159|0x00000000e9f00000, 0x00000000e9f00000, 0x00000000ea000000|  0%| F|  |TAMS 0x00000000e9f00000, 0x00000000e9f00000| Untracked 
| 160|0x00000000ea000000, 0x00000000ea000000, 0x00000000ea100000|  0%| F|  |TAMS 0x00000000ea000000, 0x00000000ea000000| Untracked 
| 161|0x00000000ea100000, 0x00000000ea100000, 0x00000000ea200000|  0%| F|  |TAMS 0x00000000ea100000, 0x00000000ea100000| Untracked 
| 162|0x00000000ea200000, 0x00000000ea200000, 0x00000000ea300000|  0%| F|  |TAMS 0x00000000ea200000, 0x00000000ea200000| Untracked 
| 163|0x00000000ea300000, 0x00000000ea300000, 0x00000000ea400000|  0%| F|  |TAMS 0x00000000ea300000, 0x00000000ea300000| Untracked 
| 164|0x00000000ea400000, 0x00000000ea400000, 0x00000000ea500000|  0%| F|  |TAMS 0x00000000ea400000, 0x00000000ea400000| Untracked 
| 165|0x00000000ea500000, 0x00000000ea500000, 0x00000000ea600000|  0%| F|  |TAMS 0x00000000ea500000, 0x00000000ea500000| Untracked 
| 166|0x00000000ea600000, 0x00000000ea600000, 0x00000000ea700000|  0%| F|  |TAMS 0x00000000ea600000, 0x00000000ea600000| Untracked 
| 167|0x00000000ea700000, 0x00000000ea800000, 0x00000000ea800000|100%| S|CS|TAMS 0x00000000ea700000, 0x00000000ea700000| Complete 
| 168|0x00000000ea800000, 0x00000000ea900000, 0x00000000ea900000|100%| S|CS|TAMS 0x00000000ea800000, 0x00000000ea800000| Complete 
| 169|0x00000000ea900000, 0x00000000eaa00000, 0x00000000eaa00000|100%| S|CS|TAMS 0x00000000ea900000, 0x00000000ea900000| Complete 
| 170|0x00000000eaa00000, 0x00000000eab00000, 0x00000000eab00000|100%| S|CS|TAMS 0x00000000eaa00000, 0x00000000eaa00000| Complete 
| 171|0x00000000eab00000, 0x00000000eab00000, 0x00000000eac00000|  0%| F|  |TAMS 0x00000000eab00000, 0x00000000eab00000| Untracked 
| 172|0x00000000eac00000, 0x00000000eac00000, 0x00000000ead00000|  0%| F|  |TAMS 0x00000000eac00000, 0x00000000eac00000| Untracked 
| 173|0x00000000ead00000, 0x00000000ead00000, 0x00000000eae00000|  0%| F|  |TAMS 0x00000000ead00000, 0x00000000ead00000| Untracked 
| 174|0x00000000eae00000, 0x00000000eae00000, 0x00000000eaf00000|  0%| F|  |TAMS 0x00000000eae00000, 0x00000000eae00000| Untracked 
| 175|0x00000000eaf00000, 0x00000000eaf00000, 0x00000000eb000000|  0%| F|  |TAMS 0x00000000eaf00000, 0x00000000eaf00000| Untracked 
| 176|0x00000000eb000000, 0x00000000eb000000, 0x00000000eb100000|  0%| F|  |TAMS 0x00000000eb000000, 0x00000000eb000000| Untracked 
| 177|0x00000000eb100000, 0x00000000eb100000, 0x00000000eb200000|  0%| F|  |TAMS 0x00000000eb100000, 0x00000000eb100000| Untracked 
| 178|0x00000000eb200000, 0x00000000eb200000, 0x00000000eb300000|  0%| F|  |TAMS 0x00000000eb200000, 0x00000000eb200000| Untracked 
| 179|0x00000000eb300000, 0x00000000eb300000, 0x00000000eb400000|  0%| F|  |TAMS 0x00000000eb300000, 0x00000000eb300000| Untracked 
| 180|0x00000000eb400000, 0x00000000eb400000, 0x00000000eb500000|  0%| F|  |TAMS 0x00000000eb400000, 0x00000000eb400000| Untracked 
| 181|0x00000000eb500000, 0x00000000eb500000, 0x00000000eb600000|  0%| F|  |TAMS 0x00000000eb500000, 0x00000000eb500000| Untracked 
| 182|0x00000000eb600000, 0x00000000eb600000, 0x00000000eb700000|  0%| F|  |TAMS 0x00000000eb600000, 0x00000000eb600000| Untracked 
| 183|0x00000000eb700000, 0x00000000eb700000, 0x00000000eb800000|  0%| F|  |TAMS 0x00000000eb700000, 0x00000000eb700000| Untracked 
| 184|0x00000000eb800000, 0x00000000eb800000, 0x00000000eb900000|  0%| F|  |TAMS 0x00000000eb800000, 0x00000000eb800000| Untracked 
| 185|0x00000000eb900000, 0x00000000eb900000, 0x00000000eba00000|  0%| F|  |TAMS 0x00000000eb900000, 0x00000000eb900000| Untracked 
| 186|0x00000000eba00000, 0x00000000eba00000, 0x00000000ebb00000|  0%| F|  |TAMS 0x00000000eba00000, 0x00000000eba00000| Untracked 
| 187|0x00000000ebb00000, 0x00000000ebb80800, 0x00000000ebc00000| 50%| E|  |TAMS 0x00000000ebb00000, 0x00000000ebb00000| Complete 
| 188|0x00000000ebc00000, 0x00000000ebd00000, 0x00000000ebd00000|100%| E|CS|TAMS 0x00000000ebc00000, 0x00000000ebc00000| Complete 
| 189|0x00000000ebd00000, 0x00000000ebe00000, 0x00000000ebe00000|100%| E|CS|TAMS 0x00000000ebd00000, 0x00000000ebd00000| Complete 

Card table byte_map: [0x000002bfdd200000,0x000002bfdd300000] _byte_map_base: 0x000002bfdcb00000

Marking Bits (Prev, Next): (CMBitMap*) 0x000002bfca8a2d98, (CMBitMap*) 0x000002bfca8a2dd0
 Prev Bits: [0x000002bfdd400000, 0x000002bfddc00000)
 Next Bits: [0x000002bfddc00000, 0x000002bfde400000)

Polling page: 0x000002bfc87c0000

Metaspace:

Usage:
  Non-class:     19.39 MB capacity,    19.09 MB ( 98%) used,   269.20 KB (  1%) free+waste,    39.69 KB ( <1%) overhead. 
      Class:      2.88 MB capacity,     2.68 MB ( 93%) used,   188.17 KB (  6%) free+waste,    19.75 KB ( <1%) overhead. 
       Both:     22.28 MB capacity,    21.77 MB ( 98%) used,   457.38 KB (  2%) free+waste,    59.44 KB ( <1%) overhead. 

Virtual space:
  Non-class space:       26.00 MB reserved,      19.50 MB ( 75%) committed 
      Class space:        1.00 GB reserved,       3.00 MB ( <1%) committed 
             Both:        1.03 GB reserved,      22.50 MB (  2%) committed 

Chunk freelists:
   Non-Class:  105.00 KB
       Class:  23.00 KB
        Both:  128.00 KB

MaxMetaspaceSize: 17179869184.00 GB
CompressedClassSpaceSize: 1.00 GB

CodeHeap 'non-profiled nmethods': size=120064Kb used=749Kb max_used=749Kb free=119314Kb
 bounds [0x000002bfd5cc0000, 0x000002bfd5f30000, 0x000002bfdd200000]
CodeHeap 'profiled nmethods': size=120000Kb used=3759Kb max_used=3759Kb free=116241Kb
 bounds [0x000002bfce790000, 0x000002bfceb40000, 0x000002bfd5cc0000]
CodeHeap 'non-nmethods': size=5696Kb used=1133Kb max_used=1147Kb free=4562Kb
 bounds [0x000002bfce200000, 0x000002bfce470000, 0x000002bfce790000]
 total_blobs=2299 nmethods=1834 adapters=376
 compilation: enabled
              stopped_count=0, restarted_count=0
 full_count=0

Compilation events (20 events):
Event: 4.316 Thread 0x000002bfe0a32000 1955       3       sun.reflect.generics.parser.SignatureParser::parseFieldTypeSignature (73 bytes)
Event: 4.316 Thread 0x000002bfe0a32000 nmethod 1955 0x000002bfceb25810 code [0x000002bfceb25a60, 0x000002bfceb25f18]
Event: 4.316 Thread 0x000002bfe0a32000 1957       3       java.lang.reflect.ProxyGenerator::codeLocalLoadStore (90 bytes)
Event: 4.317 Thread 0x000002bfe0a32000 nmethod 1957 0x000002bfceb26110 code [0x000002bfceb263c0, 0x000002bfceb271a8]
Event: 4.317 Thread 0x000002bfe0a32000 1960       3       java.util.HashMap::get (23 bytes)
Event: 4.317 Thread 0x000002bfe0a32000 nmethod 1960 0x000002bfceb27610 code [0x000002bfceb27800, 0x000002bfceb27b38]
Event: 4.317 Thread 0x000002bfe0a32000 1958       3       java.lang.reflect.ProxyGenerator$ConstantPool::getValue (87 bytes)
Event: 4.318 Thread 0x000002bfe0a32000 nmethod 1958 0x000002bfceb27c90 code [0x000002bfceb27fc0, 0x000002bfceb29238]
Event: 4.318 Thread 0x000002bfe0a32000 1961       3       java.lang.reflect.ProxyGenerator$ConstantPool::getIndirect (63 bytes)
Event: 4.319 Thread 0x000002bfe0a32000 nmethod 1961 0x000002bfceb29910 code [0x000002bfceb29b60, 0x000002bfceb2a3b8]
Event: 4.319 Thread 0x000002bfe0a32000 1962       3       java.lang.reflect.ProxyGenerator$ConstantPool::getUtf8 (18 bytes)
Event: 4.319 Thread 0x000002bfe0a32000 nmethod 1962 0x000002bfceb2a710 code [0x000002bfceb2a8e0, 0x000002bfceb2aaf8]
Event: 4.319 Thread 0x000002bfe0a32000 1959       3       java.lang.reflect.ProxyGenerator$ConstantPool::getMethodRef (33 bytes)
Event: 4.320 Thread 0x000002bfe0a32000 nmethod 1959 0x000002bfceb2ac10 code [0x000002bfceb2aee0, 0x000002bfceb2bb48]
Event: 4.320 Thread 0x000002bfe0a32000 1965       3       java.util.HashMap::putVal (300 bytes)
Event: 4.321 Thread 0x000002bfe0a32000 nmethod 1965 0x000002bfceb2c090 code [0x000002bfceb2c360, 0x000002bfceb2d518]
Event: 4.321 Thread 0x000002bfe0a32000 1964       3       java.util.HashMap::getNode (148 bytes)
Event: 4.322 Thread 0x000002bfe0a32000 nmethod 1964 0x000002bfceb2da10 code [0x000002bfceb2dc40, 0x000002bfceb2e5a8]
Event: 4.322 Thread 0x000002bfe0a32000 1963       3       java.lang.reflect.Array::newInstance (6 bytes)
Event: 4.322 Thread 0x000002bfe0a32000 nmethod 1963 0x000002bfce8f8490 code [0x000002bfce8f8640, 0x000002bfce8f8748]

GC Heap History (10 events):
Event: 0.772 GC heap before
{Heap before GC invocations=0 (full 0):
 garbage-first heap   total 194560K, used 19456K [0x00000000e0000000, 0x0000000100000000)
  region size 1024K, 14 young (14336K), 0 survivors (0K)
 Metaspace       used 7547K, capacity 7729K, committed 7936K, reserved 1056768K
  class space    used 703K, capacity 749K, committed 768K, reserved 1048576K
}
Event: 0.788 GC heap after
{Heap after GC invocations=1 (full 0):
 garbage-first heap   total 194560K, used 8160K [0x00000000e0000000, 0x0000000100000000)
  region size 1024K, 2 young (2048K), 2 survivors (2048K)
 Metaspace       used 7547K, capacity 7729K, committed 7936K, reserved 1056768K
  class space    used 703K, capacity 749K, committed 768K, reserved 1048576K
}
Event: 1.579 GC heap before
{Heap before GC invocations=1 (full 0):
 garbage-first heap   total 194560K, used 17376K [0x00000000e0000000, 0x0000000100000000)
  region size 1024K, 11 young (11264K), 2 survivors (2048K)
 Metaspace       used 10342K, capacity 10561K, committed 10752K, reserved 1058816K
  class space    used 1089K, capacity 1163K, committed 1280K, reserved 1048576K
}
Event: 1.582 GC heap after
{Heap after GC invocations=2 (full 0):
 garbage-first heap   total 194560K, used 8877K [0x00000000e0000000, 0x0000000100000000)
  region size 1024K, 1 young (1024K), 1 survivors (1024K)
 Metaspace       used 10342K, capacity 10561K, committed 10752K, reserved 1058816K
  class space    used 1089K, capacity 1163K, committed 1280K, reserved 1048576K
}
Event: 2.071 GC heap before
{Heap before GC invocations=2 (full 0):
 garbage-first heap   total 194560K, used 34477K [0x00000000e0000000, 0x0000000100000000)
  region size 1024K, 27 young (27648K), 1 survivors (1024K)
 Metaspace       used 10607K, capacity 10821K, committed 11008K, reserved 1058816K
  class space    used 1101K, capacity 1164K, committed 1280K, reserved 1048576K
}
Event: 2.076 GC heap after
{Heap after GC invocations=3 (full 0):
 garbage-first heap   total 194560K, used 12989K [0x00000000e0000000, 0x0000000100000000)
  region size 1024K, 4 young (4096K), 4 survivors (4096K)
 Metaspace       used 10607K, capacity 10821K, committed 11008K, reserved 1058816K
  class space    used 1101K, capacity 1164K, committed 1280K, reserved 1048576K
}
Event: 3.618 GC heap before
{Heap before GC invocations=3 (full 0):
 garbage-first heap   total 194560K, used 51901K [0x00000000e0000000, 0x0000000100000000)
  region size 1024K, 42 young (43008K), 4 survivors (4096K)
 Metaspace       used 17979K, capacity 18433K, committed 18560K, reserved 1064960K
  class space    used 2164K, capacity 2340K, committed 2432K, reserved 1048576K
}
Event: 3.629 GC heap after
{Heap after GC invocations=4 (full 0):
 garbage-first heap   total 194560K, used 15807K [0x00000000e0000000, 0x0000000100000000)
  region size 1024K, 4 young (4096K), 4 survivors (4096K)
 Metaspace       used 17979K, capacity 18433K, committed 18560K, reserved 1064960K
  class space    used 2164K, capacity 2340K, committed 2432K, reserved 1048576K
}
Event: 4.124 GC heap before
{Heap before GC invocations=4 (full 0):
 garbage-first heap   total 194560K, used 29119K [0x00000000e0000000, 0x0000000100000000)
  region size 1024K, 18 young (18432K), 4 survivors (4096K)
 Metaspace       used 20610K, capacity 21031K, committed 21248K, reserved 1069056K
  class space    used 2424K, capacity 2545K, committed 2560K, reserved 1048576K
}
Event: 4.131 GC heap after
{Heap after GC invocations=5 (full 0):
 garbage-first heap   total 194560K, used 16243K [0x00000000e0000000, 0x0000000100000000)
  region size 1024K, 4 young (4096K), 4 survivors (4096K)
 Metaspace       used 20610K, capacity 21031K, committed 21248K, reserved 1069056K
  class space    used 2424K, capacity 2545K, committed 2560K, reserved 1048576K
}

Deoptimization events (20 events):
Event: 4.316 Thread 0x000002bfe29b1800 Uncommon trap: trap_request=0xffffff4d fr.pc=0x000002bfd5d16b0c relative=0x000000000000014c
Event: 4.316 Thread 0x000002bfe29b1800 Uncommon trap: reason=unstable_if action=reinterpret pc=0x000002bfd5d16b0c method=java.util.HashMap.getNode(ILjava/lang/Object;)Ljava/util/HashMap$Node; @ 129 c2
Event: 4.316 Thread 0x000002bfe29b1800 DEOPT PACKING pc=0x000002bfd5d16b0c sp=0x000000eed81fa1f0
Event: 4.317 Thread 0x000002bfe29b1800 DEOPT UNPACKING pc=0x000002bfce2274af sp=0x000000eed81fa0f0 mode 2
Event: 4.317 Thread 0x000002bfe29b1800 Uncommon trap: trap_request=0xffffffc6 fr.pc=0x000002bfd5d6b898 relative=0x0000000000000dd8
Event: 4.317 Thread 0x000002bfe29b1800 Uncommon trap: reason=bimorphic_or_optimized_type_check action=maybe_recompile pc=0x000002bfd5d6b898 method=java.util.HashMap.putVal(ILjava/lang/Object;Ljava/lang/Object;ZZ)Ljava/lang/Object; @ 203 c2
Event: 4.317 Thread 0x000002bfe29b1800 DEOPT PACKING pc=0x000002bfd5d6b898 sp=0x000000eed81fa120
Event: 4.317 Thread 0x000002bfe29b1800 DEOPT UNPACKING pc=0x000002bfce2274af sp=0x000000eed81fa0f0 mode 2
Event: 4.318 Thread 0x000002bfe29b1800 Uncommon trap: trap_request=0xffffffcc fr.pc=0x000002bfd5d73a78 relative=0x00000000000002b8
Event: 4.318 Thread 0x000002bfe29b1800 Uncommon trap: reason=intrinsic_or_type_checked_inlining action=make_not_entrant pc=0x000002bfd5d73a78 method=java.util.Arrays.copyOf([Ljava/lang/Object;ILjava/lang/Class;)[Ljava/lang/Object; @ 35 c2
Event: 4.318 Thread 0x000002bfe29b1800 DEOPT PACKING pc=0x000002bfd5d73a78 sp=0x000000eed81fc550
Event: 4.318 Thread 0x000002bfe29b1800 DEOPT UNPACKING pc=0x000002bfce2274af sp=0x000000eed81fc4e0 mode 2
Event: 4.319 Thread 0x000002bfe29b1800 Uncommon trap: trap_request=0xffffff4d fr.pc=0x000002bfd5cfe928 relative=0x00000000000001e8
Event: 4.319 Thread 0x000002bfe29b1800 Uncommon trap: reason=unstable_if action=reinterpret pc=0x000002bfd5cfe928 method=java.util.HashMap.getNode(ILjava/lang/Object;)Ljava/util/HashMap$Node; @ 129 c2
Event: 4.319 Thread 0x000002bfe29b1800 DEOPT PACKING pc=0x000002bfd5cfe928 sp=0x000000eed81fbdd0
Event: 4.319 Thread 0x000002bfe29b1800 DEOPT UNPACKING pc=0x000002bfce2274af sp=0x000000eed81fbd40 mode 2
Event: 4.319 Thread 0x000002bfe29b1800 Uncommon trap: trap_request=0xffffffc6 fr.pc=0x000002bfd5d6b898 relative=0x0000000000000dd8
Event: 4.319 Thread 0x000002bfe29b1800 Uncommon trap: reason=bimorphic_or_optimized_type_check action=maybe_recompile pc=0x000002bfd5d6b898 method=java.util.HashMap.putVal(ILjava/lang/Object;Ljava/lang/Object;ZZ)Ljava/lang/Object; @ 203 c2
Event: 4.319 Thread 0x000002bfe29b1800 DEOPT PACKING pc=0x000002bfd5d6b898 sp=0x000000eed81fbd70
Event: 4.319 Thread 0x000002bfe29b1800 DEOPT UNPACKING pc=0x000002bfce2274af sp=0x000000eed81fbd40 mode 2

Classes redefined (0 events):
No events

Internal exceptions (20 events):
Event: 3.369 Thread 0x000002bfe2c7e000 Exception <a 'java/lang/NoSuchMethodError'{0x00000000ea4fecc8}: <clinit>> (0x00000000ea4fecc8) thrown at [./src/hotspot/share/prims/jni.cpp, line 1362]
Event: 3.375 Thread 0x000002bfe2c7e000 Exception <a 'java/lang/NoSuchMethodError'{0x00000000ea310f90}: <clinit>> (0x00000000ea310f90) thrown at [./src/hotspot/share/prims/jni.cpp, line 1362]
Event: 3.380 Thread 0x000002bfe2c7e000 Exception <a 'java/lang/NoSuchMethodError'{0x00000000ea337a98}: <clinit>> (0x00000000ea337a98) thrown at [./src/hotspot/share/prims/jni.cpp, line 1362]
Event: 3.382 Thread 0x000002bfe2c7e000 Exception <a 'java/lang/NoSuchMethodError'{0x00000000ea34f618}: <clinit>> (0x00000000ea34f618) thrown at [./src/hotspot/share/prims/jni.cpp, line 1362]
Event: 3.383 Thread 0x000002bfe2c7e000 Exception <a 'java/lang/NoSuchMethodError'{0x00000000ea358fe0}: <clinit>> (0x00000000ea358fe0) thrown at [./src/hotspot/share/prims/jni.cpp, line 1362]
Event: 3.388 Thread 0x000002bfe2c7e000 Exception <a 'java/lang/NoSuchMethodError'{0x00000000ea36e9e8}: <clinit>> (0x00000000ea36e9e8) thrown at [./src/hotspot/share/prims/jni.cpp, line 1362]
Event: 3.406 Thread 0x000002bfe2c7e000 Exception <a 'java/lang/NoSuchMethodError'{0x00000000ea3cc870}: <clinit>> (0x00000000ea3cc870) thrown at [./src/hotspot/share/prims/jni.cpp, line 1362]
Event: 3.412 Thread 0x000002bfe2c7e000 Exception <a 'java/lang/NoSuchMethodError'{0x00000000ea3fb8b8}: <clinit>> (0x00000000ea3fb8b8) thrown at [./src/hotspot/share/prims/jni.cpp, line 1362]
Event: 3.419 Thread 0x000002bfe2c7e000 Exception <a 'java/lang/NoSuchMethodError'{0x00000000e9e24750}: <clinit>> (0x00000000e9e24750) thrown at [./src/hotspot/share/prims/jni.cpp, line 1362]
Event: 3.421 Thread 0x000002bfe2c7e000 Exception <a 'java/lang/NoSuchMethodError'{0x00000000e9e2f9e8}: <clinit>> (0x00000000e9e2f9e8) thrown at [./src/hotspot/share/prims/jni.cpp, line 1362]
Event: 3.491 Thread 0x000002bfe29b1800 Exception <a 'java/lang/NoSuchMethodError'{0x00000000e9b47758}: 'void java.lang.invoke.DelegatingMethodHandle$Holder.reinvoke_L(java.lang.Object, java.lang.Object, java.lang.Object, java.lang.Object)'> (0x00000000e9b47758) thrown at [./src/hotspot/share/interpreter/linkResolver.cpp, line 773]
Event: 3.499 Thread 0x000002bfe29b1800 Exception <a 'java/lang/NoSuchMethodError'{0x00000000e9b801c8}: 'long java.lang.invoke.DirectMethodHandle$Holder.invokeInterface(java.lang.Object, java.lang.Object)'> (0x00000000e9b801c8) thrown at [./src/hotspot/share/interpreter/linkResolver.cpp, line 773]
Event: 3.502 Thread 0x000002bfe29b1800 Exception <a 'java/lang/NoSuchMethodError'{0x00000000e9b9f0f0}: 'void java.lang.invoke.DelegatingMethodHandle$Holder.reinvoke_L(java.lang.Object, java.lang.Object, java.lang.Object, java.lang.Object, java.lang.Object, java.lang.Object, java.lang.Object)'> (0x00000000e9b9f0f0) thrown at [./src/hotspot/share/interpreter/linkResolver.cpp, line 773]
Event: 3.616 Thread 0x000002bfe29b1800 Exception <a 'java/lang/NoSuchMethodError'{0x00000000e94ec990}: 'java.lang.Object java.lang.invoke.DirectMethodHandle$Holder.invokeVirtual(java.lang.Object, java.lang.Object, java.lang.Object)'> (0x00000000e94ec990) thrown at [./src/hotspot/share/interpreter/linkResolver.cpp, line 773]
Event: 3.778 Thread 0x000002bfe29b1800 Exception <a 'java/lang/NoSuchMethodError'{0x00000000eb75c818}: 'void java.lang.invoke.DirectMethodHandle$Holder.invokeStaticInit(java.lang.Object)'> (0x00000000eb75c818) thrown at [./src/hotspot/share/interpreter/linkResolver.cpp, line 773]
Event: 4.155 Thread 0x000002bfe29b1800 Exception <a 'java/lang/NoSuchMethodError'{0x00000000ebc22698}: 'int java.lang.invoke.DirectMethodHandle$Holder.invokeSpecialIFC(java.lang.Object, java.lang.Object, java.lang.Object, java.lang.Object)'> (0x00000000ebc22698) thrown at [./src/hotspot/share/interpreter/linkResolver.cpp, line 773]
Event: 4.158 Thread 0x000002bfe29b1800 Exception <a 'java/lang/NoSuchMethodError'{0x00000000ebc301b0}: 'java.lang.Object java.lang.invoke.DirectMethodHandle$Holder.invokeInterface(java.lang.Object, java.lang.Object, java.lang.Object)'> (0x00000000ebc301b0) thrown at [./src/hotspot/share/interpreter/linkResolver.cpp, line 773]
Event: 4.158 Thread 0x000002bfe29b1800 Exception <a 'java/lang/IncompatibleClassChangeError'{0x00000000ebc333e0}: Found class java.lang.Object, but interface was expected> (0x00000000ebc333e0) thrown at [./src/hotspot/share/interpreter/linkResolver.cpp, line 839]
Event: 4.166 Thread 0x000002bfe29b1800 Exception <a 'java/lang/NoSuchMethodError'{0x00000000ebcb08d0}: 'void java.lang.invoke.DirectMethodHandle$Holder.invokeSpecial(java.lang.Object, java.lang.Object, java.lang.Object, java.lang.Object)'> (0x00000000ebcb08d0) thrown at [./src/hotspot/share/interpreter/linkResolver.cpp, line 773]
Event: 4.287 Thread 0x000002bfe29b1800 Exception <a 'java/lang/NoSuchMethodError'{0x00000000eb270960}: 'java.lang.Object java.lang.invoke.DirectMethodHandle$Holder.invokeVirtual(java.lang.Object, java.lang.Object, java.lang.Object, java.lang.Object)'> (0x00000000eb270960) thrown at [./src/hotspot/share/interpreter/linkResolver.cpp, line 773]

Events (20 events):
Event: 4.312 loading class org/gradle/instantexecution/InstantExecutionReport$Companion
Event: 4.312 loading class org/gradle/instantexecution/InstantExecutionReport$Companion done
Event: 4.312 loading class org/gradle/instantexecution/InstantExecutionReport$outputDirectory$2
Event: 4.312 loading class org/gradle/instantexecution/InstantExecutionReport$outputDirectory$2 done
Event: 4.313 loading class kotlin/SynchronizedLazyImpl
Event: 4.313 loading class kotlin/SynchronizedLazyImpl done
Event: 4.314 loading class kotlin/Metadata
Event: 4.314 loading class kotlin/Metadata done
Event: 4.315 loading class kotlin/annotation/Retention
Event: 4.315 loading class kotlin/annotation/Retention done
Event: 4.315 loading class kotlin/annotation/Target
Event: 4.315 loading class kotlin/annotation/Target done
Event: 4.316 loading class java/lang/annotation/Target
Event: 4.316 loading class java/lang/annotation/Target done
Event: 4.318 loading class org/gradle/instantexecution/problems/PropertyProblem
Event: 4.318 loading class org/gradle/instantexecution/problems/PropertyProblem done
Event: 4.321 loading class org/gradle/instantexecution/problems/InstantExecutionProblems$ProblemHandler
Event: 4.321 loading class org/gradle/instantexecution/problems/InstantExecutionProblems$ProblemHandler done
Event: 4.322 loading class org/gradle/instantexecution/problems/InstantExecutionProblems$BuildFinishedProblemsHandler
Event: 4.322 loading class org/gradle/instantexecution/problems/InstantExecutionProblems$BuildFinishedProblemsHandler done


Dynamic libraries:
0x00007ff72d240000 - 0x00007ff72d24a000 	C:\Program Files\Android\Android Studio\jre\bin\java.exe
0x00007ffffe3c0000 - 0x00007ffffe5c7000 	C:\Windows\SYSTEM32\ntdll.dll
0x00007ffffd660000 - 0x00007ffffd71d000 	C:\Windows\System32\KERNEL32.DLL
0x00007ffffba30000 - 0x00007ffffbda2000 	C:\Windows\System32\KERNELBASE.dll
0x00007ffffbe30000 - 0x00007ffffbf41000 	C:\Windows\System32\ucrtbase.dll
0x00007fffb63a0000 - 0x00007fffb63b9000 	C:\Program Files\Android\Android Studio\jre\bin\jli.dll
0x00007fffb6380000 - 0x00007fffb6397000 	C:\Program Files\Android\Android Studio\jre\bin\VCRUNTIME140.dll
0x00007ffffe1c0000 - 0x00007ffffe36c000 	C:\Windows\System32\USER32.dll
0x00007ffffb8e0000 - 0x00007ffffb906000 	C:\Windows\System32\win32u.dll
0x00007fffe3340000 - 0x00007fffe35e5000 	C:\Windows\WinSxS\amd64_microsoft.windows.common-controls_6595b64144ccf1df_6.0.21996.1_none_7d6b053978bcd706\COMCTL32.dll
0x00007ffffc310000 - 0x00007ffffc339000 	C:\Windows\System32\GDI32.dll
0x00007ffffd740000 - 0x00007ffffd7e3000 	C:\Windows\System32\msvcrt.dll
0x00007ffffb910000 - 0x00007ffffba22000 	C:\Windows\System32\gdi32full.dll
0x00007ffffc010000 - 0x00007ffffc0ad000 	C:\Windows\System32\msvcp_win.dll
0x00007ffffce10000 - 0x00007ffffce41000 	C:\Windows\System32\IMM32.DLL
0x00007fffb62e0000 - 0x00007fffb637d000 	C:\Program Files\Android\Android Studio\jre\bin\msvcp140.dll
0x00007fffb2560000 - 0x00007fffb301c000 	C:\Program Files\Android\Android Studio\jre\bin\server\jvm.dll
0x00007ffffc500000 - 0x00007ffffc5ac000 	C:\Windows\System32\ADVAPI32.dll
0x00007ffffc5b0000 - 0x00007ffffc64d000 	C:\Windows\System32\sechost.dll
0x00007ffffc370000 - 0x00007ffffc491000 	C:\Windows\System32\RPCRT4.dll
0x00007ffffe370000 - 0x00007ffffe378000 	C:\Windows\System32\PSAPI.DLL
0x00007ffff8780000 - 0x00007ffff8789000 	C:\Windows\SYSTEM32\WSOCK32.dll
0x00007ffff6cd0000 - 0x00007ffff6d03000 	C:\Windows\SYSTEM32\WINMM.dll
0x00007ffffd7f0000 - 0x00007ffffd85f000 	C:\Windows\System32\WS2_32.dll
0x00007ffff4440000 - 0x00007ffff444a000 	C:\Windows\SYSTEM32\VERSION.dll
0x00007ffffab00000 - 0x00007ffffab17000 	C:\Windows\SYSTEM32\kernel.appcore.dll
0x00007ffff7af0000 - 0x00007ffff7b01000 	C:\Program Files\Android\Android Studio\jre\bin\verify.dll
0x00007ffff4fd0000 - 0x00007ffff51f1000 	C:\Windows\SYSTEM32\DBGHELP.DLL
0x00007ffff4680000 - 0x00007ffff46b1000 	C:\Windows\SYSTEM32\dbgcore.DLL
0x00007ffffbdb0000 - 0x00007ffffbe30000 	C:\Windows\System32\bcryptPrimitives.dll
0x00007ffff6f80000 - 0x00007ffff6fa9000 	C:\Program Files\Android\Android Studio\jre\bin\java.dll
0x00007ffff8770000 - 0x00007ffff877b000 	C:\Program Files\Android\Android Studio\jre\bin\jimage.dll
0x00007ffff54f0000 - 0x00007ffff5508000 	C:\Program Files\Android\Android Studio\jre\bin\zip.dll
0x00007ffffce50000 - 0x00007ffffd5b9000 	C:\Windows\System32\SHELL32.dll
0x00007ffff9ab0000 - 0x00007ffffa308000 	C:\Windows\SYSTEM32\windows.storage.dll
0x00007ffffdd90000 - 0x00007ffffe105000 	C:\Windows\System32\combase.dll
0x00007ffff9940000 - 0x00007ffff9aa6000 	C:\Windows\SYSTEM32\wintypes.dll
0x00007ffffd860000 - 0x00007ffffd94a000 	C:\Windows\System32\SHCORE.dll
0x00007ffffc4a0000 - 0x00007ffffc4fd000 	C:\Windows\System32\shlwapi.dll
0x00007ffffb810000 - 0x00007ffffb831000 	C:\Windows\SYSTEM32\profapi.dll
0x00007ffff54d0000 - 0x00007ffff54ea000 	C:\Program Files\Android\Android Studio\jre\bin\net.dll
0x00007ffff69d0000 - 0x00007ffff6adc000 	C:\Windows\SYSTEM32\WINHTTP.dll
0x00007ffffaf10000 - 0x00007ffffaf77000 	C:\Windows\system32\mswsock.dll
0x00007ffff4130000 - 0x00007ffff4144000 	C:\Program Files\Android\Android Studio\jre\bin\nio.dll
0x00007fffaefa0000 - 0x00007fffaefc7000 	C:\Users\Developer\.gradle\native\f6784746aeab05261644944871eae4fe03e0ef1612fff0a4a95f87b438bc6780\windows-amd64\native-platform.dll
0x00007ffff8740000 - 0x00007ffff874a000 	C:\Program Files\Android\Android Studio\jre\bin\management.dll
0x00007ffff8280000 - 0x00007ffff828c000 	C:\Program Files\Android\Android Studio\jre\bin\management_ext.dll
0x00007ffffb150000 - 0x00007ffffb168000 	C:\Windows\SYSTEM32\CRYPTSP.dll
0x00007ffffaa60000 - 0x00007ffffaa95000 	C:\Windows\system32\rsaenh.dll
0x00007ffffb000000 - 0x00007ffffb029000 	C:\Windows\SYSTEM32\USERENV.dll
0x00007ffffb2d0000 - 0x00007ffffb2f7000 	C:\Windows\SYSTEM32\bcrypt.dll
0x00007ffffb170000 - 0x00007ffffb17c000 	C:\Windows\SYSTEM32\CRYPTBASE.dll
0x00007ffffa640000 - 0x00007ffffa66d000 	C:\Windows\SYSTEM32\IPHLPAPI.DLL
0x00007ffffc360000 - 0x00007ffffc369000 	C:\Windows\System32\NSI.dll
0x00007ffff6bb0000 - 0x00007ffff6bc9000 	C:\Windows\SYSTEM32\dhcpcsvc6.DLL
0x00007ffff7910000 - 0x00007ffff792e000 	C:\Windows\SYSTEM32\dhcpcsvc.DLL
0x00007ffffa670000 - 0x00007ffffa755000 	C:\Windows\SYSTEM32\DNSAPI.dll
0x00007ffff6ba0000 - 0x00007ffff6bac000 	C:\Windows\SYSTEM32\WINNSI.DLL

dbghelp: loaded successfully - version: 4.0.5 - missing functions: none
symbol engine: initialized successfully - sym options: 0x614 - pdb path: .;C:\Program Files\Android\Android Studio\jre\bin;C:\Windows\SYSTEM32;C:\Windows\WinSxS\amd64_microsoft.windows.common-controls_6595b64144ccf1df_6.0.21996.1_none_7d6b053978bcd706;C:\Program Files\Android\Android Studio\jre\bin\server;C:\Users\Developer\.gradle\native\f6784746aeab05261644944871eae4fe03e0ef1612fff0a4a95f87b438bc6780\windows-amd64

VM Arguments:
jvm_args: --add-opens=java.base/java.util=ALL-UNNAMED --add-opens=java.base/java.lang=ALL-UNNAMED --add-opens=java.base/java.lang.invoke=ALL-UNNAMED --add-opens=java.prefs/java.util.prefs=ALL-UNNAMED -Xmx512m -Dfile.encoding=windows-1252 -Duser.country=US -Duser.language=en -Duser.variant 
java_command: org.gradle.launcher.daemon.bootstrap.GradleDaemon 6.5
java_class_path (initial): C:\Users\Developer\.gradle\wrapper\dists\gradle-6.5-bin\6nifqtx7604sqp1q6g8wikw7p\gradle-6.5\lib\gradle-launcher-6.5.jar
Launcher Type: SUN_STANDARD

[Global flags]
     intx CICompilerCount                          = 3                                         {product} {ergonomic}
     uint ConcGCThreads                            = 1                                         {product} {ergonomic}
     uint G1ConcRefinementThreads                  = 4                                         {product} {ergonomic}
   size_t G1HeapRegionSize                         = 1048576                                   {product} {ergonomic}
    uintx GCDrainStackTargetSize                   = 64                                        {product} {ergonomic}
   size_t InitialHeapSize                          = 199229440                                 {product} {ergonomic}
   size_t MarkStackSize                            = 4194304                                   {product} {ergonomic}
   size_t MaxHeapSize                              = 536870912                                 {product} {command line}
   size_t MaxNewSize                               = 321912832                                 {product} {ergonomic}
   size_t MinHeapDeltaBytes                        = 1048576                                   {product} {ergonomic}
    uintx NonNMethodCodeHeapSize                   = 5830732                                {pd product} {ergonomic}
    uintx NonProfiledCodeHeapSize                  = 122913754                              {pd product} {ergonomic}
    uintx ProfiledCodeHeapSize                     = 122913754                              {pd product} {ergonomic}
    uintx ReservedCodeCacheSize                    = 251658240                              {pd product} {ergonomic}
     bool SegmentedCodeCache                       = true                                      {product} {ergonomic}
     bool UseCompressedClassPointers               = true                                 {lp64_product} {ergonomic}
     bool UseCompressedOops                        = true                                 {lp64_product} {ergonomic}
     bool UseG1GC                                  = true                                      {product} {ergonomic}
     bool UseLargePagesIndividualAllocation        = false                                  {pd product} {ergonomic}

Logging:
Log output configuration:
 #0: stdout all=warning uptime,level,tags
 #1: stderr all=off uptime,level,tags

Environment Variables:
PATH=C:\Windows\system32;C:\Windows;C:\Windows\System32\Wbem;C:\Windows\System32\WindowsPowerShell\v1.0\;C:\Windows\System32\OpenSSH\;C:\Users\Developer\AppData\Local\Microsoft\WindowsApps;
USERNAME=Developer
OS=Windows_NT
PROCESSOR_IDENTIFIER=Intel64 Family 6 Model 142 Stepping 10, GenuineIntel



---------------  S Y S T E M  ---------------

OS: Windows 10 , 64 bit Build 21996 (10.0.21996.1)
OS uptime: 0 days 1:25 hours

CPU:total 4 (initial active 4) (2 cores per cpu, 2 threads per core) family 6 model 142 stepping 10, cmov, cx8, fxsr, mmx, sse, sse2, sse3, ssse3, sse4.1, sse4.2, popcnt, avx, avx2, aes, clmul, erms, 3dnowpref, lzcnt, ht, tsc, tscinvbit, bmi1, bmi2, adx, fma

Memory: 4k page, system-wide physical 12154M (267M free)
TotalPageFile size 27271M (AvailPageFile size 2M)
current process WorkingSet (physical memory assigned to process): 146M, peak: 146M
current process commit charge ("private bytes"): 311M, peak: 311M

vm_info: OpenJDK 64-Bit Server VM (11.0.8+10-b944.6842174) for windows-amd64 JRE (11.0.8+10-b944.6842174), built on Sep 19 2020 01:11:42 by "builder" with MS VC++ 14.0 (VS2015)

END.
