#
# There is insufficient memory for the Java Runtime Environment to continue.
# Native memory allocation (malloc) failed to allocate 2129616 bytes for Chunk::new
# Possible reasons:
#   The system is out of physical RAM or swap space
#   The process is running with CompressedOops enabled, and the Java Heap may be blocking the growth of the native heap
# Possible solutions:
#   Reduce memory load on the system
#   Increase physical memory or swap space
#   Check if swap backing store is full
#   Decrease Java heap size (-Xmx/-Xms)
#   Decrease number of Java threads
#   Decrease Java thread stack sizes (-Xss)
#   Set larger code cache with -XX:ReservedCodeCacheSize=
#   JVM is running with Zero Based Compressed Oops mode in which the Java heap is
#     placed in the first 32GB address space. The Java Heap base address is the
#     maximum limit for the native heap growth. Please use -XX:HeapBaseMinAddress
#     to set the Java Heap base and to place the Java Heap above 32GB virtual address.
# This output file may be truncated or incomplete.
#
#  Out of Memory Error (./src/hotspot/share/memory/arena.cpp:197), pid=14344, tid=2056
#
# JRE version: OpenJDK Runtime Environment (11.0.8+10) (build 11.0.8+10-b944.6842174)
# Java VM: OpenJDK 64-Bit Server VM (11.0.8+10-b944.6842174, mixed mode, tiered, compressed oops, g1 gc, windows-amd64)
# No core dump will be written. Minidumps are not enabled by default on client versions of Windows
#

---------------  S U M M A R Y ------------

Command Line: org.jetbrains.kotlin.cli.jvm.K2JVMCompiler @D:\GoSeek\app\build\20210907_9455769573778076590.compiler.options

Host: Intel(R) Core(TM) i3-7020U CPU @ 2.30GHz, 4 cores, 11G,  Windows 10 , 64 bit Build 21996 (10.0.21996.1)
Time: Tue Sep  7 17:15:06 2021 Pakistan Standard Time elapsed time: 6 seconds (0d 0h 0m 6s)

---------------  T H R E A D  ---------------

Current thread (0x0000024d68c16800):  JavaThread "C2 CompilerThread0" daemon [_thread_in_native, id=2056, stack(0x000000e51d900000,0x000000e51da00000)]


Current CompileTask:
C2:   6364 3442       4       jdk.internal.loader.ClassLoaders$AppClassLoader::loadClass (40 bytes)

Stack: [0x000000e51d900000,0x000000e51da00000]
Native frames: (J=compiled Java code, j=interpreted, Vv=VM code, C=native code)
V  [jvm.dll+0x5de50a]
V  [jvm.dll+0x7122f5]
V  [jvm.dll+0x71384d]
V  [jvm.dll+0x713f03]
V  [jvm.dll+0x23e728]
V  [jvm.dll+0xb899c]
V  [jvm.dll+0xb8e9c]
V  [jvm.dll+0x35020b]
V  [jvm.dll+0x31dea3]
V  [jvm.dll+0x31d39a]
V  [jvm.dll+0x1f7702]
V  [jvm.dll+0x1f68d4]
V  [jvm.dll+0x17f32c]
V  [jvm.dll+0x205047]
V  [jvm.dll+0x203891]
V  [jvm.dll+0x6dad3f]
V  [jvm.dll+0x6d3895]
V  [jvm.dll+0x5dd4a6]
C  [ucrtbase.dll+0x26c0c]
C  [KERNEL32.DLL+0x154e0]
C  [ntdll.dll+0x485b]


---------------  P R O C E S S  ---------------

Threads class SMR info:
_java_thread_list=0x0000024d68de26a0, length=10, elements={
0x0000024d4c44c000, 0x0000024d683d4000, 0x0000024d683c8000, 0x0000024d68c14800,
0x0000024d68c15800, 0x0000024d68c16800, 0x0000024d68c1a000, 0x0000024d68c6a800,
0x0000024d68dcf800, 0x0000024d68de9000
}

Java Threads: ( => current thread )
  0x0000024d4c44c000 JavaThread "main" [_thread_in_Java, id=17368, stack(0x000000e51ce00000,0x000000e51cf00000)]
  0x0000024d683d4000 JavaThread "Reference Handler" daemon [_thread_blocked, id=5520, stack(0x000000e51d500000,0x000000e51d600000)]
  0x0000024d683c8000 JavaThread "Finalizer" daemon [_thread_blocked, id=18392, stack(0x000000e51d600000,0x000000e51d700000)]
  0x0000024d68c14800 JavaThread "Signal Dispatcher" daemon [_thread_blocked, id=5472, stack(0x000000e51d700000,0x000000e51d800000)]
  0x0000024d68c15800 JavaThread "Attach Listener" daemon [_thread_blocked, id=1932, stack(0x000000e51d800000,0x000000e51d900000)]
=>0x0000024d68c16800 JavaThread "C2 CompilerThread0" daemon [_thread_in_native, id=2056, stack(0x000000e51d900000,0x000000e51da00000)]
  0x0000024d68c1a000 JavaThread "C1 CompilerThread0" daemon [_thread_blocked, id=5432, stack(0x000000e51da00000,0x000000e51db00000)]
  0x0000024d68c6a800 JavaThread "Sweeper thread" daemon [_thread_blocked, id=4536, stack(0x000000e51db00000,0x000000e51dc00000)]
  0x0000024d68dcf800 JavaThread "Service Thread" daemon [_thread_blocked, id=17580, stack(0x000000e51dc00000,0x000000e51dd00000)]
  0x0000024d68de9000 JavaThread "Common-Cleaner" daemon [_thread_blocked, id=12576, stack(0x000000e51de00000,0x000000e51df00000)]

Other Threads:
  0x0000024d68c04000 VMThread "VM Thread" [stack: 0x000000e51d400000,0x000000e51d500000] [id=17404]
  0x0000024d68dd0000 WatcherThread [stack: 0x000000e51dd00000,0x000000e51de00000] [id=17876]
  0x0000024d4c465000 GCTaskThread "GC Thread#0" [stack: 0x000000e51cf00000,0x000000e51d000000] [id=3844]
  0x0000024d6936a000 GCTaskThread "GC Thread#1" [stack: 0x000000e51df00000,0x000000e51e000000] [id=18140]
  0x0000024d693c1000 GCTaskThread "GC Thread#2" [stack: 0x000000e51e000000,0x000000e51e100000] [id=17576]
  0x0000024d692ac800 GCTaskThread "GC Thread#3" [stack: 0x000000e51e100000,0x000000e51e200000] [id=16688]
  0x0000024d4c4aa800 ConcurrentGCThread "G1 Main Marker" [stack: 0x000000e51d000000,0x000000e51d100000] [id=12196]
  0x0000024d4c4ac000 ConcurrentGCThread "G1 Conc#0" [stack: 0x000000e51d100000,0x000000e51d200000] [id=11928]
  0x0000024d68230800 ConcurrentGCThread "G1 Refine#0" [stack: 0x000000e51d200000,0x000000e51d300000] [id=7912]
  0x0000024d68231800 ConcurrentGCThread "G1 Young RemSet Sampling" [stack: 0x000000e51d300000,0x000000e51d400000] [id=16208]

Threads with active compile tasks:
C2 CompilerThread0   6395 3442       4       jdk.internal.loader.ClassLoaders$AppClassLoader::loadClass (40 bytes)

VM state:not at safepoint (normal execution)

VM Mutex/Monitor currently owned by a thread: None

Heap address: 0x0000000742000000, size: 3040 MB, Compressed Oops mode: Zero based, Oop shift amount: 3
Narrow klass base: 0x0000000800000000, Narrow klass shift: 0
Compressed class space size: 1073741824 Address: 0x0000000800000000

Heap:
 garbage-first heap   total 194560K, used 78208K [0x0000000742000000, 0x0000000800000000)
  region size 1024K, 54 young (55296K), 3 survivors (3072K)
 Metaspace       used 45485K, capacity 45964K, committed 46208K, reserved 1089536K
  class space    used 5308K, capacity 5479K, committed 5504K, reserved 1048576K
Heap Regions: E=young(eden), S=young(survivor), O=old, HS=humongous(starts), HC=humongous(continues), CS=collection set, F=free, A=archive, TAMS=top-at-mark-start (previous, next)
|   0|0x0000000742000000, 0x0000000742100000, 0x0000000742100000|100%|HS|  |TAMS 0x0000000742100000, 0x0000000742000000| Complete 
|   1|0x0000000742100000, 0x0000000742200000, 0x0000000742200000|100%|HC|  |TAMS 0x0000000742200000, 0x0000000742100000| Complete 
|   2|0x0000000742200000, 0x0000000742300000, 0x0000000742300000|100%|HC|  |TAMS 0x0000000742300000, 0x0000000742200000| Complete 
|   3|0x0000000742300000, 0x0000000742400000, 0x0000000742400000|100%| O|  |TAMS 0x0000000742400000, 0x0000000742300000| Untracked 
|   4|0x0000000742400000, 0x0000000742500000, 0x0000000742500000|100%| O|  |TAMS 0x0000000742500000, 0x0000000742400000| Untracked 
|   5|0x0000000742500000, 0x0000000742600000, 0x0000000742600000|100%|HS|  |TAMS 0x0000000742600000, 0x0000000742500000| Complete 
|   6|0x0000000742600000, 0x0000000742700000, 0x0000000742700000|100%|HC|  |TAMS 0x0000000742700000, 0x0000000742600000| Complete 
|   7|0x0000000742700000, 0x0000000742800000, 0x0000000742800000|100%|HC|  |TAMS 0x0000000742800000, 0x0000000742700000| Complete 
|   8|0x0000000742800000, 0x0000000742900000, 0x0000000742900000|100%|HS|  |TAMS 0x0000000742900000, 0x0000000742800000| Complete 
|   9|0x0000000742900000, 0x0000000742a00000, 0x0000000742a00000|100%|HC|  |TAMS 0x0000000742a00000, 0x0000000742900000| Complete 
|  10|0x0000000742a00000, 0x0000000742b00000, 0x0000000742b00000|100%|HC|  |TAMS 0x0000000742b00000, 0x0000000742a00000| Complete 
|  11|0x0000000742b00000, 0x0000000742c00000, 0x0000000742c00000|100%| O|  |TAMS 0x0000000742c00000, 0x0000000742b00000| Untracked 
|  12|0x0000000742c00000, 0x0000000742d00000, 0x0000000742d00000|100%| O|  |TAMS 0x0000000742d00000, 0x0000000742c00000| Untracked 
|  13|0x0000000742d00000, 0x0000000742e00000, 0x0000000742e00000|100%| O|  |TAMS 0x0000000742e00000, 0x0000000742d00000| Untracked 
|  14|0x0000000742e00000, 0x0000000742f00000, 0x0000000742f00000|100%| O|  |TAMS 0x0000000742f00000, 0x0000000742e00000| Untracked 
|  15|0x0000000742f00000, 0x0000000743000000, 0x0000000743000000|100%|HS|  |TAMS 0x0000000742f00000, 0x0000000742f00000| Complete 
|  16|0x0000000743000000, 0x0000000743100000, 0x0000000743100000|100%|HC|  |TAMS 0x0000000743000000, 0x0000000743000000| Complete 
|  17|0x0000000743100000, 0x0000000743200000, 0x0000000743200000|100%| O|  |TAMS 0x0000000743200000, 0x0000000743100000| Untracked 
|  18|0x0000000743200000, 0x0000000743300000, 0x0000000743300000|100%| O|  |TAMS 0x0000000743300000, 0x0000000743200000| Untracked 
|  19|0x0000000743300000, 0x0000000743400000, 0x0000000743400000|100%| O|  |TAMS 0x0000000743400000, 0x0000000743300000| Untracked 
|  20|0x0000000743400000, 0x0000000743500000, 0x0000000743500000|100%| O|  |TAMS 0x0000000743500000, 0x0000000743400000| Untracked 
|  21|0x0000000743500000, 0x0000000743600000, 0x0000000743600000|100%| O|  |TAMS 0x0000000743600000, 0x0000000743500000| Untracked 
|  22|0x0000000743600000, 0x0000000743700000, 0x0000000743700000|100%| O|  |TAMS 0x0000000743700000, 0x0000000743600000| Untracked 
|  23|0x0000000743700000, 0x0000000743787600, 0x0000000743800000| 52%| O|  |TAMS 0x0000000743787600, 0x0000000743700000| Untracked 
|  24|0x0000000743800000, 0x0000000743800000, 0x0000000743900000|  0%| F|  |TAMS 0x0000000743800000, 0x0000000743800000| Untracked 
|  25|0x0000000743900000, 0x0000000743900000, 0x0000000743a00000|  0%| F|  |TAMS 0x0000000743900000, 0x0000000743900000| Untracked 
|  26|0x0000000743a00000, 0x0000000743a00000, 0x0000000743b00000|  0%| F|  |TAMS 0x0000000743a00000, 0x0000000743a00000| Untracked 
|  27|0x0000000743b00000, 0x0000000743b00000, 0x0000000743c00000|  0%| F|  |TAMS 0x0000000743b00000, 0x0000000743b00000| Untracked 
|  28|0x0000000743c00000, 0x0000000743c00000, 0x0000000743d00000|  0%| F|  |TAMS 0x0000000743c00000, 0x0000000743c00000| Untracked 
|  29|0x0000000743d00000, 0x0000000743d00000, 0x0000000743e00000|  0%| F|  |TAMS 0x0000000743d00000, 0x0000000743d00000| Untracked 
|  30|0x0000000743e00000, 0x0000000743e00000, 0x0000000743f00000|  0%| F|  |TAMS 0x0000000743e00000, 0x0000000743e00000| Untracked 
|  31|0x0000000743f00000, 0x0000000743f00000, 0x0000000744000000|  0%| F|  |TAMS 0x0000000743f00000, 0x0000000743f00000| Untracked 
|  32|0x0000000744000000, 0x0000000744000000, 0x0000000744100000|  0%| F|  |TAMS 0x0000000744000000, 0x0000000744000000| Untracked 
|  33|0x0000000744100000, 0x0000000744100000, 0x0000000744200000|  0%| F|  |TAMS 0x0000000744100000, 0x0000000744100000| Untracked 
|  34|0x0000000744200000, 0x0000000744200000, 0x0000000744300000|  0%| F|  |TAMS 0x0000000744200000, 0x0000000744200000| Untracked 
|  35|0x0000000744300000, 0x0000000744300000, 0x0000000744400000|  0%| F|  |TAMS 0x0000000744300000, 0x0000000744300000| Untracked 
|  36|0x0000000744400000, 0x0000000744400000, 0x0000000744500000|  0%| F|  |TAMS 0x0000000744400000, 0x0000000744400000| Untracked 
|  37|0x0000000744500000, 0x0000000744500000, 0x0000000744600000|  0%| F|  |TAMS 0x0000000744500000, 0x0000000744500000| Untracked 
|  38|0x0000000744600000, 0x0000000744600000, 0x0000000744700000|  0%| F|  |TAMS 0x0000000744600000, 0x0000000744600000| Untracked 
|  39|0x0000000744700000, 0x0000000744700000, 0x0000000744800000|  0%| F|  |TAMS 0x0000000744700000, 0x0000000744700000| Untracked 
|  40|0x0000000744800000, 0x0000000744800000, 0x0000000744900000|  0%| F|  |TAMS 0x0000000744800000, 0x0000000744800000| Untracked 
|  41|0x0000000744900000, 0x0000000744900000, 0x0000000744a00000|  0%| F|  |TAMS 0x0000000744900000, 0x0000000744900000| Untracked 
|  42|0x0000000744a00000, 0x0000000744a00000, 0x0000000744b00000|  0%| F|  |TAMS 0x0000000744a00000, 0x0000000744a00000| Untracked 
|  43|0x0000000744b00000, 0x0000000744b00000, 0x0000000744c00000|  0%| F|  |TAMS 0x0000000744b00000, 0x0000000744b00000| Untracked 
|  44|0x0000000744c00000, 0x0000000744c00000, 0x0000000744d00000|  0%| F|  |TAMS 0x0000000744c00000, 0x0000000744c00000| Untracked 
|  45|0x0000000744d00000, 0x0000000744d00000, 0x0000000744e00000|  0%| F|  |TAMS 0x0000000744d00000, 0x0000000744d00000| Untracked 
|  46|0x0000000744e00000, 0x0000000744e00000, 0x0000000744f00000|  0%| F|  |TAMS 0x0000000744e00000, 0x0000000744e00000| Untracked 
|  47|0x0000000744f00000, 0x0000000744f00000, 0x0000000745000000|  0%| F|  |TAMS 0x0000000744f00000, 0x0000000744f00000| Untracked 
|  48|0x0000000745000000, 0x0000000745000000, 0x0000000745100000|  0%| F|  |TAMS 0x0000000745000000, 0x0000000745000000| Untracked 
|  49|0x0000000745100000, 0x0000000745100000, 0x0000000745200000|  0%| F|  |TAMS 0x0000000745100000, 0x0000000745100000| Untracked 
|  50|0x0000000745200000, 0x0000000745200000, 0x0000000745300000|  0%| F|  |TAMS 0x0000000745200000, 0x0000000745200000| Untracked 
|  51|0x0000000745300000, 0x0000000745300000, 0x0000000745400000|  0%| F|  |TAMS 0x0000000745300000, 0x0000000745300000| Untracked 
|  52|0x0000000745400000, 0x0000000745400000, 0x0000000745500000|  0%| F|  |TAMS 0x0000000745400000, 0x0000000745400000| Untracked 
|  53|0x0000000745500000, 0x0000000745500000, 0x0000000745600000|  0%| F|  |TAMS 0x0000000745500000, 0x0000000745500000| Untracked 
|  54|0x0000000745600000, 0x0000000745600000, 0x0000000745700000|  0%| F|  |TAMS 0x0000000745600000, 0x0000000745600000| Untracked 
|  55|0x0000000745700000, 0x0000000745700000, 0x0000000745800000|  0%| F|  |TAMS 0x0000000745700000, 0x0000000745700000| Untracked 
|  56|0x0000000745800000, 0x0000000745800000, 0x0000000745900000|  0%| F|  |TAMS 0x0000000745800000, 0x0000000745800000| Untracked 
|  57|0x0000000745900000, 0x0000000745900000, 0x0000000745a00000|  0%| F|  |TAMS 0x0000000745900000, 0x0000000745900000| Untracked 
|  58|0x0000000745a00000, 0x0000000745a00000, 0x0000000745b00000|  0%| F|  |TAMS 0x0000000745a00000, 0x0000000745a00000| Untracked 
|  59|0x0000000745b00000, 0x0000000745b00000, 0x0000000745c00000|  0%| F|  |TAMS 0x0000000745b00000, 0x0000000745b00000| Untracked 
|  60|0x0000000745c00000, 0x0000000745c00000, 0x0000000745d00000|  0%| F|  |TAMS 0x0000000745c00000, 0x0000000745c00000| Untracked 
|  61|0x0000000745d00000, 0x0000000745d00000, 0x0000000745e00000|  0%| F|  |TAMS 0x0000000745d00000, 0x0000000745d00000| Untracked 
|  62|0x0000000745e00000, 0x0000000745e00000, 0x0000000745f00000|  0%| F|  |TAMS 0x0000000745e00000, 0x0000000745e00000| Untracked 
|  63|0x0000000745f00000, 0x0000000745f00000, 0x0000000746000000|  0%| F|  |TAMS 0x0000000745f00000, 0x0000000745f00000| Untracked 
|  64|0x0000000746000000, 0x0000000746000000, 0x0000000746100000|  0%| F|  |TAMS 0x0000000746000000, 0x0000000746000000| Untracked 
|  65|0x0000000746100000, 0x0000000746100000, 0x0000000746200000|  0%| F|  |TAMS 0x0000000746100000, 0x0000000746100000| Untracked 
|  66|0x0000000746200000, 0x0000000746200000, 0x0000000746300000|  0%| F|  |TAMS 0x0000000746200000, 0x0000000746200000| Untracked 
|  67|0x0000000746300000, 0x0000000746300000, 0x0000000746400000|  0%| F|  |TAMS 0x0000000746300000, 0x0000000746300000| Untracked 
|  68|0x0000000746400000, 0x0000000746400000, 0x0000000746500000|  0%| F|  |TAMS 0x0000000746400000, 0x0000000746400000| Untracked 
|  69|0x0000000746500000, 0x0000000746500000, 0x0000000746600000|  0%| F|  |TAMS 0x0000000746500000, 0x0000000746500000| Untracked 
|  70|0x0000000746600000, 0x0000000746600000, 0x0000000746700000|  0%| F|  |TAMS 0x0000000746600000, 0x0000000746600000| Untracked 
|  71|0x0000000746700000, 0x0000000746700000, 0x0000000746800000|  0%| F|  |TAMS 0x0000000746700000, 0x0000000746700000| Untracked 
|  72|0x0000000746800000, 0x0000000746800000, 0x0000000746900000|  0%| F|  |TAMS 0x0000000746800000, 0x0000000746800000| Untracked 
|  73|0x0000000746900000, 0x0000000746900000, 0x0000000746a00000|  0%| F|  |TAMS 0x0000000746900000, 0x0000000746900000| Untracked 
|  74|0x0000000746a00000, 0x0000000746a00000, 0x0000000746b00000|  0%| F|  |TAMS 0x0000000746a00000, 0x0000000746a00000| Untracked 
|  75|0x0000000746b00000, 0x0000000746b00000, 0x0000000746c00000|  0%| F|  |TAMS 0x0000000746b00000, 0x0000000746b00000| Untracked 
|  76|0x0000000746c00000, 0x0000000746c00000, 0x0000000746d00000|  0%| F|  |TAMS 0x0000000746c00000, 0x0000000746c00000| Untracked 
|  77|0x0000000746d00000, 0x0000000746d00000, 0x0000000746e00000|  0%| F|  |TAMS 0x0000000746d00000, 0x0000000746d00000| Untracked 
|  78|0x0000000746e00000, 0x0000000746e00000, 0x0000000746f00000|  0%| F|  |TAMS 0x0000000746e00000, 0x0000000746e00000| Untracked 
|  79|0x0000000746f00000, 0x0000000746f00000, 0x0000000747000000|  0%| F|  |TAMS 0x0000000746f00000, 0x0000000746f00000| Untracked 
|  80|0x0000000747000000, 0x0000000747000000, 0x0000000747100000|  0%| F|  |TAMS 0x0000000747000000, 0x0000000747000000| Untracked 
|  81|0x0000000747100000, 0x0000000747100000, 0x0000000747200000|  0%| F|  |TAMS 0x0000000747100000, 0x0000000747100000| Untracked 
|  82|0x0000000747200000, 0x0000000747200000, 0x0000000747300000|  0%| F|  |TAMS 0x0000000747200000, 0x0000000747200000| Untracked 
|  83|0x0000000747300000, 0x0000000747300000, 0x0000000747400000|  0%| F|  |TAMS 0x0000000747300000, 0x0000000747300000| Untracked 
|  84|0x0000000747400000, 0x0000000747400000, 0x0000000747500000|  0%| F|  |TAMS 0x0000000747400000, 0x0000000747400000| Untracked 
|  85|0x0000000747500000, 0x0000000747500000, 0x0000000747600000|  0%| F|  |TAMS 0x0000000747500000, 0x0000000747500000| Untracked 
|  86|0x0000000747600000, 0x0000000747600000, 0x0000000747700000|  0%| F|  |TAMS 0x0000000747600000, 0x0000000747600000| Untracked 
|  87|0x0000000747700000, 0x0000000747700000, 0x0000000747800000|  0%| F|  |TAMS 0x0000000747700000, 0x0000000747700000| Untracked 
|  88|0x0000000747800000, 0x0000000747800000, 0x0000000747900000|  0%| F|  |TAMS 0x0000000747800000, 0x0000000747800000| Untracked 
|  89|0x0000000747900000, 0x0000000747900000, 0x0000000747a00000|  0%| F|  |TAMS 0x0000000747900000, 0x0000000747900000| Untracked 
|  90|0x0000000747a00000, 0x0000000747a00000, 0x0000000747b00000|  0%| F|  |TAMS 0x0000000747a00000, 0x0000000747a00000| Untracked 
|  91|0x0000000747b00000, 0x0000000747b00000, 0x0000000747c00000|  0%| F|  |TAMS 0x0000000747b00000, 0x0000000747b00000| Untracked 
|  92|0x0000000747c00000, 0x0000000747c00000, 0x0000000747d00000|  0%| F|  |TAMS 0x0000000747c00000, 0x0000000747c00000| Untracked 
|  93|0x0000000747d00000, 0x0000000747d00000, 0x0000000747e00000|  0%| F|  |TAMS 0x0000000747d00000, 0x0000000747d00000| Untracked 
|  94|0x0000000747e00000, 0x0000000747e00000, 0x0000000747f00000|  0%| F|  |TAMS 0x0000000747e00000, 0x0000000747e00000| Untracked 
|  95|0x0000000747f00000, 0x0000000747f00000, 0x0000000748000000|  0%| F|  |TAMS 0x0000000747f00000, 0x0000000747f00000| Untracked 
|  96|0x0000000748000000, 0x0000000748000000, 0x0000000748100000|  0%| F|  |TAMS 0x0000000748000000, 0x0000000748000000| Untracked 
|  97|0x0000000748100000, 0x0000000748100000, 0x0000000748200000|  0%| F|  |TAMS 0x0000000748100000, 0x0000000748100000| Untracked 
|  98|0x0000000748200000, 0x0000000748200000, 0x0000000748300000|  0%| F|  |TAMS 0x0000000748200000, 0x0000000748200000| Untracked 
|  99|0x0000000748300000, 0x0000000748300000, 0x0000000748400000|  0%| F|  |TAMS 0x0000000748300000, 0x0000000748300000| Untracked 
| 100|0x0000000748400000, 0x0000000748400000, 0x0000000748500000|  0%| F|  |TAMS 0x0000000748400000, 0x0000000748400000| Untracked 
| 101|0x0000000748500000, 0x0000000748500000, 0x0000000748600000|  0%| F|  |TAMS 0x0000000748500000, 0x0000000748500000| Untracked 
| 102|0x0000000748600000, 0x0000000748600000, 0x0000000748700000|  0%| F|  |TAMS 0x0000000748600000, 0x0000000748600000| Untracked 
| 103|0x0000000748700000, 0x0000000748700000, 0x0000000748800000|  0%| F|  |TAMS 0x0000000748700000, 0x0000000748700000| Untracked 
| 104|0x0000000748800000, 0x0000000748800000, 0x0000000748900000|  0%| F|  |TAMS 0x0000000748800000, 0x0000000748800000| Untracked 
| 105|0x0000000748900000, 0x0000000748900000, 0x0000000748a00000|  0%| F|  |TAMS 0x0000000748900000, 0x0000000748900000| Untracked 
| 106|0x0000000748a00000, 0x0000000748a00000, 0x0000000748b00000|  0%| F|  |TAMS 0x0000000748a00000, 0x0000000748a00000| Untracked 
| 107|0x0000000748b00000, 0x0000000748b00000, 0x0000000748c00000|  0%| F|  |TAMS 0x0000000748b00000, 0x0000000748b00000| Untracked 
| 108|0x0000000748c00000, 0x0000000748c00000, 0x0000000748d00000|  0%| F|  |TAMS 0x0000000748c00000, 0x0000000748c00000| Untracked 
| 109|0x0000000748d00000, 0x0000000748d00000, 0x0000000748e00000|  0%| F|  |TAMS 0x0000000748d00000, 0x0000000748d00000| Untracked 
| 110|0x0000000748e00000, 0x0000000748e00000, 0x0000000748f00000|  0%| F|  |TAMS 0x0000000748e00000, 0x0000000748e00000| Untracked 
| 111|0x0000000748f00000, 0x0000000748f00000, 0x0000000749000000|  0%| F|  |TAMS 0x0000000748f00000, 0x0000000748f00000| Untracked 
| 112|0x0000000749000000, 0x0000000749000000, 0x0000000749100000|  0%| F|  |TAMS 0x0000000749000000, 0x0000000749000000| Untracked 
| 113|0x0000000749100000, 0x0000000749100000, 0x0000000749200000|  0%| F|  |TAMS 0x0000000749100000, 0x0000000749100000| Untracked 
| 114|0x0000000749200000, 0x0000000749200000, 0x0000000749300000|  0%| F|  |TAMS 0x0000000749200000, 0x0000000749200000| Untracked 
| 115|0x0000000749300000, 0x0000000749300000, 0x0000000749400000|  0%| F|  |TAMS 0x0000000749300000, 0x0000000749300000| Untracked 
| 116|0x0000000749400000, 0x0000000749400000, 0x0000000749500000|  0%| F|  |TAMS 0x0000000749400000, 0x0000000749400000| Untracked 
| 117|0x0000000749500000, 0x0000000749500000, 0x0000000749600000|  0%| F|  |TAMS 0x0000000749500000, 0x0000000749500000| Untracked 
| 118|0x0000000749600000, 0x0000000749600000, 0x0000000749700000|  0%| F|  |TAMS 0x0000000749600000, 0x0000000749600000| Untracked 
| 119|0x0000000749700000, 0x0000000749700000, 0x0000000749800000|  0%| F|  |TAMS 0x0000000749700000, 0x0000000749700000| Untracked 
| 120|0x0000000749800000, 0x0000000749800000, 0x0000000749900000|  0%| F|  |TAMS 0x0000000749800000, 0x0000000749800000| Untracked 
| 121|0x0000000749900000, 0x0000000749900000, 0x0000000749a00000|  0%| F|  |TAMS 0x0000000749900000, 0x0000000749900000| Untracked 
| 122|0x0000000749a00000, 0x0000000749a00000, 0x0000000749b00000|  0%| F|  |TAMS 0x0000000749a00000, 0x0000000749a00000| Untracked 
| 123|0x0000000749b00000, 0x0000000749b00000, 0x0000000749c00000|  0%| F|  |TAMS 0x0000000749b00000, 0x0000000749b00000| Untracked 
| 124|0x0000000749c00000, 0x0000000749c00000, 0x0000000749d00000|  0%| F|  |TAMS 0x0000000749c00000, 0x0000000749c00000| Untracked 
| 125|0x0000000749d00000, 0x0000000749d00000, 0x0000000749e00000|  0%| F|  |TAMS 0x0000000749d00000, 0x0000000749d00000| Untracked 
| 126|0x0000000749e00000, 0x0000000749e00000, 0x0000000749f00000|  0%| F|  |TAMS 0x0000000749e00000, 0x0000000749e00000| Untracked 
| 127|0x0000000749f00000, 0x0000000749f00000, 0x000000074a000000|  0%| F|  |TAMS 0x0000000749f00000, 0x0000000749f00000| Untracked 
| 128|0x000000074a000000, 0x000000074a000000, 0x000000074a100000|  0%| F|  |TAMS 0x000000074a000000, 0x000000074a000000| Untracked 
| 129|0x000000074a100000, 0x000000074a100000, 0x000000074a200000|  0%| F|  |TAMS 0x000000074a100000, 0x000000074a100000| Untracked 
| 130|0x000000074a200000, 0x000000074a200000, 0x000000074a300000|  0%| F|  |TAMS 0x000000074a200000, 0x000000074a200000| Untracked 
| 131|0x000000074a300000, 0x000000074a300000, 0x000000074a400000|  0%| F|  |TAMS 0x000000074a300000, 0x000000074a300000| Untracked 
| 132|0x000000074a400000, 0x000000074a400000, 0x000000074a500000|  0%| F|  |TAMS 0x000000074a400000, 0x000000074a400000| Untracked 
| 133|0x000000074a500000, 0x000000074a500000, 0x000000074a600000|  0%| F|  |TAMS 0x000000074a500000, 0x000000074a500000| Untracked 
| 134|0x000000074a600000, 0x000000074a600000, 0x000000074a700000|  0%| F|  |TAMS 0x000000074a600000, 0x000000074a600000| Untracked 
| 135|0x000000074a700000, 0x000000074a700000, 0x000000074a800000|  0%| F|  |TAMS 0x000000074a700000, 0x000000074a700000| Untracked 
| 136|0x000000074a800000, 0x000000074a900000, 0x000000074a900000|100%| E|  |TAMS 0x000000074a800000, 0x000000074a800000| Complete 
| 137|0x000000074a900000, 0x000000074aa00000, 0x000000074aa00000|100%| E|CS|TAMS 0x000000074a900000, 0x000000074a900000| Complete 
| 138|0x000000074aa00000, 0x000000074ab00000, 0x000000074ab00000|100%| E|CS|TAMS 0x000000074aa00000, 0x000000074aa00000| Complete 
| 139|0x000000074ab00000, 0x000000074ac00000, 0x000000074ac00000|100%| E|CS|TAMS 0x000000074ab00000, 0x000000074ab00000| Complete 
| 140|0x000000074ac00000, 0x000000074ad00000, 0x000000074ad00000|100%| E|CS|TAMS 0x000000074ac00000, 0x000000074ac00000| Complete 
| 141|0x000000074ad00000, 0x000000074ae00000, 0x000000074ae00000|100%| E|CS|TAMS 0x000000074ad00000, 0x000000074ad00000| Complete 
| 142|0x000000074ae00000, 0x000000074af00000, 0x000000074af00000|100%| E|CS|TAMS 0x000000074ae00000, 0x000000074ae00000| Complete 
| 143|0x000000074af00000, 0x000000074b000000, 0x000000074b000000|100%| E|CS|TAMS 0x000000074af00000, 0x000000074af00000| Complete 
| 144|0x000000074b000000, 0x000000074b100000, 0x000000074b100000|100%| E|CS|TAMS 0x000000074b000000, 0x000000074b000000| Complete 
| 145|0x000000074b100000, 0x000000074b200000, 0x000000074b200000|100%| E|CS|TAMS 0x000000074b100000, 0x000000074b100000| Complete 
| 146|0x000000074b200000, 0x000000074b300000, 0x000000074b300000|100%| E|CS|TAMS 0x000000074b200000, 0x000000074b200000| Complete 
| 147|0x000000074b300000, 0x000000074b400000, 0x000000074b400000|100%| E|CS|TAMS 0x000000074b300000, 0x000000074b300000| Complete 
| 148|0x000000074b400000, 0x000000074b500000, 0x000000074b500000|100%| E|CS|TAMS 0x000000074b400000, 0x000000074b400000| Complete 
| 149|0x000000074b500000, 0x000000074b600000, 0x000000074b600000|100%| E|CS|TAMS 0x000000074b500000, 0x000000074b500000| Complete 
| 150|0x000000074b600000, 0x000000074b700000, 0x000000074b700000|100%| E|CS|TAMS 0x000000074b600000, 0x000000074b600000| Complete 
| 151|0x000000074b700000, 0x000000074b800000, 0x000000074b800000|100%| E|CS|TAMS 0x000000074b700000, 0x000000074b700000| Complete 
| 152|0x000000074b800000, 0x000000074b900000, 0x000000074b900000|100%| E|CS|TAMS 0x000000074b800000, 0x000000074b800000| Complete 
| 153|0x000000074b900000, 0x000000074ba00000, 0x000000074ba00000|100%| E|CS|TAMS 0x000000074b900000, 0x000000074b900000| Complete 
| 154|0x000000074ba00000, 0x000000074bb00000, 0x000000074bb00000|100%| E|CS|TAMS 0x000000074ba00000, 0x000000074ba00000| Complete 
| 155|0x000000074bb00000, 0x000000074bc00000, 0x000000074bc00000|100%| E|CS|TAMS 0x000000074bb00000, 0x000000074bb00000| Complete 
| 156|0x000000074bc00000, 0x000000074bd00000, 0x000000074bd00000|100%| E|CS|TAMS 0x000000074bc00000, 0x000000074bc00000| Complete 
| 157|0x000000074bd00000, 0x000000074be00000, 0x000000074be00000|100%| E|CS|TAMS 0x000000074bd00000, 0x000000074bd00000| Complete 
| 158|0x000000074be00000, 0x000000074bf00000, 0x000000074bf00000|100%| E|CS|TAMS 0x000000074be00000, 0x000000074be00000| Complete 
| 159|0x000000074bf00000, 0x000000074c000000, 0x000000074c000000|100%| E|CS|TAMS 0x000000074bf00000, 0x000000074bf00000| Complete 
| 160|0x000000074c000000, 0x000000074c100000, 0x000000074c100000|100%| E|CS|TAMS 0x000000074c000000, 0x000000074c000000| Complete 
| 161|0x000000074c100000, 0x000000074c200000, 0x000000074c200000|100%| E|CS|TAMS 0x000000074c100000, 0x000000074c100000| Complete 
| 162|0x000000074c200000, 0x000000074c300000, 0x000000074c300000|100%| E|CS|TAMS 0x000000074c200000, 0x000000074c200000| Complete 
| 163|0x000000074c300000, 0x000000074c3d8de0, 0x000000074c400000| 84%| S|CS|TAMS 0x000000074c300000, 0x000000074c300000| Complete 
| 164|0x000000074c400000, 0x000000074c500000, 0x000000074c500000|100%| S|CS|TAMS 0x000000074c400000, 0x000000074c400000| Complete 
| 165|0x000000074c500000, 0x000000074c600000, 0x000000074c600000|100%| S|CS|TAMS 0x000000074c500000, 0x000000074c500000| Complete 
| 166|0x000000074c600000, 0x000000074c700000, 0x000000074c700000|100%| E|CS|TAMS 0x000000074c600000, 0x000000074c600000| Complete 
| 167|0x000000074c700000, 0x000000074c800000, 0x000000074c800000|100%| E|CS|TAMS 0x000000074c700000, 0x000000074c700000| Complete 
| 168|0x000000074c800000, 0x000000074c900000, 0x000000074c900000|100%| E|CS|TAMS 0x000000074c800000, 0x000000074c800000| Complete 
| 169|0x000000074c900000, 0x000000074ca00000, 0x000000074ca00000|100%| E|CS|TAMS 0x000000074c900000, 0x000000074c900000| Complete 
| 170|0x000000074ca00000, 0x000000074cb00000, 0x000000074cb00000|100%| E|CS|TAMS 0x000000074ca00000, 0x000000074ca00000| Complete 
| 171|0x000000074cb00000, 0x000000074cc00000, 0x000000074cc00000|100%| E|CS|TAMS 0x000000074cb00000, 0x000000074cb00000| Complete 
| 172|0x000000074cc00000, 0x000000074cd00000, 0x000000074cd00000|100%| E|CS|TAMS 0x000000074cc00000, 0x000000074cc00000| Complete 
| 173|0x000000074cd00000, 0x000000074ce00000, 0x000000074ce00000|100%| E|CS|TAMS 0x000000074cd00000, 0x000000074cd00000| Complete 
| 174|0x000000074ce00000, 0x000000074cf00000, 0x000000074cf00000|100%| E|CS|TAMS 0x000000074ce00000, 0x000000074ce00000| Complete 
| 175|0x000000074cf00000, 0x000000074d000000, 0x000000074d000000|100%| E|CS|TAMS 0x000000074cf00000, 0x000000074cf00000| Complete 
| 176|0x000000074d000000, 0x000000074d100000, 0x000000074d100000|100%| E|CS|TAMS 0x000000074d000000, 0x000000074d000000| Complete 
| 177|0x000000074d100000, 0x000000074d200000, 0x000000074d200000|100%| E|CS|TAMS 0x000000074d100000, 0x000000074d100000| Complete 
| 178|0x000000074d200000, 0x000000074d300000, 0x000000074d300000|100%| E|CS|TAMS 0x000000074d200000, 0x000000074d200000| Complete 
| 179|0x000000074d300000, 0x000000074d400000, 0x000000074d400000|100%| E|CS|TAMS 0x000000074d300000, 0x000000074d300000| Complete 
| 180|0x000000074d400000, 0x000000074d500000, 0x000000074d500000|100%| E|CS|TAMS 0x000000074d400000, 0x000000074d400000| Complete 
| 181|0x000000074d500000, 0x000000074d600000, 0x000000074d600000|100%| E|CS|TAMS 0x000000074d500000, 0x000000074d500000| Complete 
| 182|0x000000074d600000, 0x000000074d700000, 0x000000074d700000|100%| E|CS|TAMS 0x000000074d600000, 0x000000074d600000| Complete 
| 183|0x000000074d700000, 0x000000074d800000, 0x000000074d800000|100%| E|CS|TAMS 0x000000074d700000, 0x000000074d700000| Complete 
| 184|0x000000074d800000, 0x000000074d900000, 0x000000074d900000|100%| E|CS|TAMS 0x000000074d800000, 0x000000074d800000| Complete 
| 185|0x000000074d900000, 0x000000074da00000, 0x000000074da00000|100%| E|CS|TAMS 0x000000074d900000, 0x000000074d900000| Complete 
| 186|0x000000074da00000, 0x000000074db00000, 0x000000074db00000|100%| E|CS|TAMS 0x000000074da00000, 0x000000074da00000| Complete 
| 187|0x000000074db00000, 0x000000074dc00000, 0x000000074dc00000|100%| E|CS|TAMS 0x000000074db00000, 0x000000074db00000| Complete 
| 188|0x000000074dc00000, 0x000000074dd00000, 0x000000074dd00000|100%| E|CS|TAMS 0x000000074dc00000, 0x000000074dc00000| Complete 
| 189|0x000000074dd00000, 0x000000074de00000, 0x000000074de00000|100%| E|CS|TAMS 0x000000074dd00000, 0x000000074dd00000| Complete 

Card table byte_map: [0x0000024d5f3c0000,0x0000024d5f9b0000] _byte_map_base: 0x0000024d5b9b0000

Marking Bits (Prev, Next): (CMBitMap*) 0x0000024d4c49dc28, (CMBitMap*) 0x0000024d4c49dc60
 Prev Bits: [0x0000024d5ffa0000, 0x0000024d62f20000)
 Next Bits: [0x0000024d62f20000, 0x0000024d65ea0000)

Polling page: 0x0000024d4a2c0000

Metaspace:

Usage:
  Non-class:     39.60 MB capacity,    39.34 MB (>99%) used,   205.81 KB ( <1%) free+waste,    64.88 KB ( <1%) overhead. 
      Class:      5.38 MB capacity,     5.20 MB ( 97%) used,   162.26 KB (  3%) free+waste,    27.31 KB ( <1%) overhead. 
       Both:     44.98 MB capacity,    44.53 MB (>99%) used,   368.07 KB ( <1%) free+waste,    92.19 KB ( <1%) overhead. 

Virtual space:
  Non-class space:       40.00 MB reserved,      39.75 MB (>99%) committed 
      Class space:        1.00 GB reserved,       5.50 MB ( <1%) committed 
             Both:        1.04 GB reserved,      45.25 MB (  4%) committed 

Chunk freelists:
   Non-Class:  25.00 KB
       Class:  23.00 KB
        Both:  48.00 KB

MaxMetaspaceSize: 17179869184.00 GB
CompressedClassSpaceSize: 1.00 GB

CodeHeap 'non-profiled nmethods': size=120064Kb used=1203Kb max_used=1203Kb free=118860Kb
 bounds [0x0000024d57890000, 0x0000024d57b00000, 0x0000024d5edd0000]
CodeHeap 'profiled nmethods': size=120000Kb used=7293Kb max_used=7293Kb free=112706Kb
 bounds [0x0000024d50360000, 0x0000024d50a80000, 0x0000024d57890000]
CodeHeap 'non-nmethods': size=5696Kb used=1186Kb max_used=1221Kb free=4509Kb
 bounds [0x0000024d4fdd0000, 0x0000024d50040000, 0x0000024d50360000]
 total_blobs=4122 nmethods=3594 adapters=439
 compilation: enabled
              stopped_count=0, restarted_count=0
 full_count=0

Compilation events (20 events):
Event: 6.351 Thread 0x0000024d68c1a000 3617       1       org.jetbrains.kotlin.load.java.lazy.descriptors.LazyJavaClassDescriptor::access$getC$p (5 bytes)
Event: 6.351 Thread 0x0000024d68c1a000 nmethod 3617 0x0000024d579bbd90 code [0x0000024d579bbf40, 0x0000024d579bbfd8]
Event: 6.351 Thread 0x0000024d68c1a000 3618       1       org.jetbrains.kotlin.resolve.lazy.descriptors.AbstractLazyMemberScope::getThisDescriptor (5 bytes)
Event: 6.352 Thread 0x0000024d68c1a000 nmethod 3618 0x0000024d579bc090 code [0x0000024d579bc240, 0x0000024d579bc2f8]
Event: 6.352 Thread 0x0000024d68c1a000 3624       1       org.jetbrains.kotlin.load.kotlin.JvmPackagePartProviderBase$ModuleMappingInfo::component1 (5 bytes)
Event: 6.352 Thread 0x0000024d68c1a000 nmethod 3624 0x0000024d579bc390 code [0x0000024d579bc540, 0x0000024d579bc5f8]
Event: 6.352 Thread 0x0000024d68c1a000 3625       1       org.jetbrains.kotlin.load.kotlin.JvmPackagePartProviderBase$ModuleMappingInfo::component2 (5 bytes)
Event: 6.352 Thread 0x0000024d68c1a000 nmethod 3625 0x0000024d579bc690 code [0x0000024d579bc840, 0x0000024d579bc8f8]
Event: 6.352 Thread 0x0000024d68c1a000 3627       2       org.jetbrains.kotlin.cli.jvm.compiler.NoScopeRecordCliBindingTrace::record (35 bytes)
Event: 6.353 Thread 0x0000024d68c1a000 nmethod 3627 0x0000024d50a78410 code [0x0000024d50a78640, 0x0000024d50a78a68]
Event: 6.353 Thread 0x0000024d68c1a000 3630       2       org.jetbrains.kotlin.com.intellij.psi.impl.PsiManagerImpl::findDirectory (21 bytes)
Event: 6.354 Thread 0x0000024d68c1a000 nmethod 3630 0x0000024d50a78d10 code [0x0000024d50a78ee0, 0x0000024d50a79088]
Event: 6.354 Thread 0x0000024d68c1a000 3631       2       org.jetbrains.kotlin.com.intellij.psi.impl.file.impl.FileManagerImpl::findDirectory (118 bytes)
Event: 6.355 Thread 0x0000024d68c1a000 nmethod 3631 0x0000024d50a79190 code [0x0000024d50a794c0, 0x0000024d50a79f08]
Event: 6.355 Thread 0x0000024d68c1a000 3632       2       org.jetbrains.kotlin.com.intellij.openapi.util.NotNullLazyValue$1::compute (13 bytes)
Event: 6.356 Thread 0x0000024d68c1a000 nmethod 3632 0x0000024d50a7a410 code [0x0000024d50a7a620, 0x0000024d50a7ab38]
Event: 6.356 Thread 0x0000024d68c1a000 3628       2       org.jetbrains.kotlin.util.slicedMap.BasicWritableSlice::check (39 bytes)
Event: 6.356 Thread 0x0000024d68c1a000 nmethod 3628 0x0000024d50a7ad90 code [0x0000024d50a7af40, 0x0000024d50a7b038]
Event: 6.356 Thread 0x0000024d68c1a000 3629       2       org.jetbrains.kotlin.util.slicedMap.OpenAddressLinearProbingHashTable::put (60 bytes)
Event: 6.357 Thread 0x0000024d68c1a000 nmethod 3629 0x0000024d50a7b110 code [0x0000024d50a7b360, 0x0000024d50a7b858]

GC Heap History (8 events):
Event: 0.738 GC heap before
{Heap before GC invocations=0 (full 0):
 garbage-first heap   total 194560K, used 17408K [0x0000000742000000, 0x0000000800000000)
  region size 1024K, 14 young (14336K), 0 survivors (0K)
 Metaspace       used 9946K, capacity 10054K, committed 10112K, reserved 1058816K
  class space    used 844K, capacity 861K, committed 896K, reserved 1048576K
}
Event: 0.741 GC heap after
{Heap after GC invocations=1 (full 0):
 garbage-first heap   total 194560K, used 5174K [0x0000000742000000, 0x0000000800000000)
  region size 1024K, 2 young (2048K), 2 survivors (2048K)
 Metaspace       used 9946K, capacity 10054K, committed 10112K, reserved 1058816K
  class space    used 844K, capacity 861K, committed 896K, reserved 1048576K
}
Event: 2.122 GC heap before
{Heap before GC invocations=1 (full 0):
 garbage-first heap   total 194560K, used 51254K [0x0000000742000000, 0x0000000800000000)
  region size 1024K, 48 young (49152K), 2 survivors (2048K)
 Metaspace       used 21032K, capacity 21227K, committed 21248K, reserved 1069056K
  class space    used 2220K, capacity 2286K, committed 2304K, reserved 1048576K
}
Event: 2.140 GC heap after
{Heap after GC invocations=2 (full 0):
 garbage-first heap   total 194560K, used 9383K [0x0000000742000000, 0x0000000800000000)
  region size 1024K, 7 young (7168K), 7 survivors (7168K)
 Metaspace       used 21032K, capacity 21227K, committed 21248K, reserved 1069056K
  class space    used 2220K, capacity 2286K, committed 2304K, reserved 1048576K
}
Event: 3.811 GC heap before
{Heap before GC invocations=3 (full 0):
 garbage-first heap   total 194560K, used 71847K [0x0000000742000000, 0x0000000800000000)
  region size 1024K, 56 young (57344K), 7 survivors (7168K)
 Metaspace       used 30571K, capacity 30981K, committed 31232K, reserved 1077248K
  class space    used 3584K, capacity 3758K, committed 3840K, reserved 1048576K
}
Event: 3.833 GC heap after
{Heap after GC invocations=4 (full 0):
 garbage-first heap   total 194560K, used 24517K [0x0000000742000000, 0x0000000800000000)
  region size 1024K, 7 young (7168K), 7 survivors (7168K)
 Metaspace       used 30571K, capacity 30981K, committed 31232K, reserved 1077248K
  class space    used 3584K, capacity 3758K, committed 3840K, reserved 1048576K
}
Event: 4.583 GC heap before
{Heap before GC invocations=4 (full 0):
 garbage-first heap   total 194560K, used 48069K [0x0000000742000000, 0x0000000800000000)
  region size 1024K, 31 young (31744K), 7 survivors (7168K)
 Metaspace       used 35309K, capacity 35691K, committed 35840K, reserved 1081344K
  class space    used 4118K, capacity 4281K, committed 4352K, reserved 1048576K
}
Event: 4.607 GC heap after
{Heap after GC invocations=5 (full 0):
 garbage-first heap   total 194560K, used 24960K [0x0000000742000000, 0x0000000800000000)
  region size 1024K, 3 young (3072K), 3 survivors (3072K)
 Metaspace       used 35309K, capacity 35691K, committed 35840K, reserved 1081344K
  class space    used 4118K, capacity 4281K, committed 4352K, reserved 1048576K
}

Deoptimization events (20 events):
Event: 6.157 Thread 0x0000024d4c44c000 Uncommon trap: trap_request=0xffffffc6 fr.pc=0x0000024d579811c0 relative=0x00000000000004c0
Event: 6.157 Thread 0x0000024d4c44c000 Uncommon trap: reason=bimorphic_or_optimized_type_check action=maybe_recompile pc=0x0000024d579811c0 method=org.jetbrains.kotlin.protobuf.CodedInputStream.tryRefillBuffer(I)Z @ 177 c2
Event: 6.157 Thread 0x0000024d4c44c000 DEOPT PACKING pc=0x0000024d579811c0 sp=0x000000e51cef9fd0
Event: 6.157 Thread 0x0000024d4c44c000 DEOPT UNPACKING pc=0x0000024d4fdf772f sp=0x000000e51cef9e98 mode 2
Event: 6.170 Thread 0x0000024d4c44c000 Uncommon trap: trap_request=0xffffffc6 fr.pc=0x0000024d579811c0 relative=0x00000000000004c0
Event: 6.170 Thread 0x0000024d4c44c000 Uncommon trap: reason=bimorphic_or_optimized_type_check action=maybe_recompile pc=0x0000024d579811c0 method=org.jetbrains.kotlin.protobuf.CodedInputStream.tryRefillBuffer(I)Z @ 177 c2
Event: 6.170 Thread 0x0000024d4c44c000 DEOPT PACKING pc=0x0000024d579811c0 sp=0x000000e51cefa2b0
Event: 6.170 Thread 0x0000024d4c44c000 DEOPT UNPACKING pc=0x0000024d4fdf772f sp=0x000000e51cefa178 mode 2
Event: 6.179 Thread 0x0000024d4c44c000 Uncommon trap: trap_request=0xffffff4d fr.pc=0x0000024d579b5734 relative=0x0000000000000554
Event: 6.179 Thread 0x0000024d4c44c000 Uncommon trap: reason=unstable_if action=reinterpret pc=0x0000024d579b5734 method=org.jetbrains.org.objectweb.asm.ClassReader.readUtf(II[C)Ljava/lang/String; @ 41 c2
Event: 6.179 Thread 0x0000024d4c44c000 DEOPT PACKING pc=0x0000024d579b5734 sp=0x000000e51cef9fb0
Event: 6.179 Thread 0x0000024d4c44c000 DEOPT UNPACKING pc=0x0000024d4fdf772f sp=0x000000e51cef9f58 mode 2
Event: 6.204 Thread 0x0000024d4c44c000 Uncommon trap: trap_request=0xffffffc6 fr.pc=0x0000024d579811c0 relative=0x00000000000004c0
Event: 6.204 Thread 0x0000024d4c44c000 Uncommon trap: reason=bimorphic_or_optimized_type_check action=maybe_recompile pc=0x0000024d579811c0 method=org.jetbrains.kotlin.protobuf.CodedInputStream.tryRefillBuffer(I)Z @ 177 c2
Event: 6.204 Thread 0x0000024d4c44c000 DEOPT PACKING pc=0x0000024d579811c0 sp=0x000000e51cefa820
Event: 6.204 Thread 0x0000024d4c44c000 DEOPT UNPACKING pc=0x0000024d4fdf772f sp=0x000000e51cefa6e8 mode 2
Event: 6.208 Thread 0x0000024d4c44c000 DEOPT PACKING pc=0x0000024d508bb8c0 sp=0x000000e51cef8470
Event: 6.208 Thread 0x0000024d4c44c000 DEOPT UNPACKING pc=0x0000024d4fdf754e sp=0x000000e51cef7988 mode 0
Event: 6.309 Thread 0x0000024d4c44c000 DEOPT PACKING pc=0x0000024d508a767f sp=0x000000e51cefa740
Event: 6.309 Thread 0x0000024d4c44c000 DEOPT UNPACKING pc=0x0000024d4fdf754e sp=0x000000e51cef9b90 mode 0

Classes redefined (0 events):
No events

Internal exceptions (20 events):
Event: 1.956 Thread 0x0000024d4c44c000 Exception <a 'java/lang/NoSuchMethodError'{0x000000074b4b6fa0}: 'long java.lang.invoke.DirectMethodHandle$Holder.invokeStaticInit(java.lang.Object)'> (0x000000074b4b6fa0) thrown at [./src/hotspot/share/interpreter/linkResolver.cpp, line 773]
Event: 2.036 Thread 0x0000024d4c44c000 Exception <a 'java/lang/NoSuchMethodError'{0x000000074b0466e0}: 'int java.lang.invoke.DirectMethodHandle$Holder.invokeStaticInit(java.lang.Object, java.lang.Object, java.lang.Object)'> (0x000000074b0466e0) thrown at [./src/hotspot/share/interpreter/linkResolver.cpp, line 773]
Event: 2.041 Thread 0x0000024d4c44c000 Exception <a 'java/lang/NoSuchMethodError'{0x000000074b072098}: 'int java.lang.invoke.DirectMethodHandle$Holder.invokeStaticInit(java.lang.Object, java.lang.Object)'> (0x000000074b072098) thrown at [./src/hotspot/share/interpreter/linkResolver.cpp, line 773]
Event: 2.398 Thread 0x0000024d4c44c000 Exception <a 'java/lang/NoSuchMethodError'{0x000000074d6c35f0}: 'java.lang.Object java.lang.invoke.DirectMethodHandle$Holder.invokeStatic(java.lang.Object, java.lang.Object, java.lang.Object, java.lang.Object, java.lang.Object, java.lang.Object, java.lang.Object, java.lang.Object, java.lang.Object, java.lang.Object, java.lang.Object, java.lang.Object, java.lang.Object, java.lang.Object, java.lang.Object)'> (0x000000074d6c35f0) thrown at [./src/hotspot/share/interpreter/linkResolver.cpp, line 773]
Event: 2.402 Thread 0x0000024d4c44c000 Exception <a 'java/lang/NoSuchMethodError'{0x000000074d6d1630}: 'java.lang.Object java.lang.invoke.DirectMethodHandle$Holder.invokeStatic(java.lang.Object, java.lang.Object, java.lang.Object, java.lang.Object, java.lang.Object, java.lang.Object, java.lang.Object, java.lang.Object, java.lang.Object, java.lang.Object, java.lang.Object, java.lang.Object, java.lang.Object, java.lang.Object, java.lang.Object, java.lang.Object)'> (0x000000074d6d1630) thrown at [./src/hotspot/share/interpreter/linkResolver.cpp, l
Event: 2.405 Thread 0x0000024d4c44c000 Exception <a 'java/lang/NoSuchMethodError'{0x000000074d6df548}: 'java.lang.Object java.lang.invoke.DirectMethodHandle$Holder.invokeSpecial(java.lang.Object, java.lang.Object, int, int, java.lang.Object, java.lang.Object, java.lang.Object)'> (0x000000074d6df548) thrown at [./src/hotspot/share/interpreter/linkResolver.cpp, line 773]
Event: 2.405 Thread 0x0000024d4c44c000 Exception <a 'java/lang/NoSuchMethodError'{0x000000074d6e2d80}: 'java.lang.Object java.lang.invoke.DelegatingMethodHandle$Holder.reinvoke_L(java.lang.Object, int, int, java.lang.Object, java.lang.Object, java.lang.Object)'> (0x000000074d6e2d80) thrown at [./src/hotspot/share/interpreter/linkResolver.cpp, line 773]
Event: 2.406 Thread 0x0000024d4c44c000 Exception <a 'java/lang/NoSuchMethodError'{0x000000074d6e7108}: 'java.lang.Object java.lang.invoke.DirectMethodHandle$Holder.invokeStatic(java.lang.Object, java.lang.Object, java.lang.Object, java.lang.Object, int)'> (0x000000074d6e7108) thrown at [./src/hotspot/share/interpreter/linkResolver.cpp, line 773]
Event: 2.469 Thread 0x0000024d4c44c000 Implicit null exception at 0x0000024d57912b2c to 0x0000024d57912cda
Event: 2.527 Thread 0x0000024d4c44c000 Exception <a 'java/lang/NoSuchMethodError'{0x000000074d062af8}: 'void java.lang.invoke.DirectMethodHandle$Holder.invokeStatic(java.lang.Object, java.lang.Object, java.lang.Object, java.lang.Object)'> (0x000000074d062af8) thrown at [./src/hotspot/share/interpreter/linkResolver.cpp, line 773]
Event: 2.562 Thread 0x0000024d4c44c000 Exception <a 'java/lang/NoSuchMethodError'{0x000000074cfb7398}: 'void java.lang.invoke.DirectMethodHandle$Holder.invokeSpecial(java.lang.Object, java.lang.Object)'> (0x000000074cfb7398) thrown at [./src/hotspot/share/interpreter/linkResolver.cpp, line 773]
Event: 2.609 Thread 0x0000024d4c44c000 Exception <a 'java/lang/NoSuchMethodError'{0x000000074cc5bb60}: 'void java.lang.invoke.DirectMethodHandle$Holder.invokeStaticInit(java.lang.Object, java.lang.Object)'> (0x000000074cc5bb60) thrown at [./src/hotspot/share/interpreter/linkResolver.cpp, line 773]
Event: 2.620 Thread 0x0000024d4c44c000 Exception <a 'java/lang/NoSuchMethodError'{0x000000074cc9ae00}: 'void java.lang.invoke.DirectMethodHandle$Holder.invokeInterface(java.lang.Object, java.lang.Object)'> (0x000000074cc9ae00) thrown at [./src/hotspot/share/interpreter/linkResolver.cpp, line 773]
Event: 2.744 Thread 0x0000024d4c44c000 Exception <a 'java/lang/NoSuchMethodError'{0x000000074c8ee920}: 'void java.lang.invoke.DirectMethodHandle$Holder.invokeVirtual(java.lang.Object, java.lang.Object)'> (0x000000074c8ee920) thrown at [./src/hotspot/share/interpreter/linkResolver.cpp, line 773]
Event: 2.792 Thread 0x0000024d4c44c000 Exception <a 'java/lang/NoSuchMethodError'{0x000000074c760b98}: 'int java.lang.invoke.DirectMethodHandle$Holder.invokeVirtual(java.lang.Object, java.lang.Object)'> (0x000000074c760b98) thrown at [./src/hotspot/share/interpreter/linkResolver.cpp, line 773]
Event: 4.188 Thread 0x0000024d4c44c000 Exception <a 'java/lang/NoSuchMethodError'{0x000000074d366e70}: 'java.lang.Object java.lang.invoke.DirectMethodHandle$Holder.invokeVirtual(java.lang.Object, java.lang.Object, java.lang.Object)'> (0x000000074d366e70) thrown at [./src/hotspot/share/interpreter/linkResolver.cpp, line 773]
Event: 5.613 Thread 0x0000024d4c44c000 Exception <a 'java/lang/NoSuchMethodError'{0x000000074bf9e908}: 'java.lang.Object java.lang.invoke.Invokers$Holder.linkToTargetMethod(java.lang.Object, int, java.lang.Object)'> (0x000000074bf9e908) thrown at [./src/hotspot/share/interpreter/linkResolver.cpp, line 773]
Event: 5.806 Thread 0x0000024d4c44c000 Exception <a 'java/lang/NoSuchMethodError'{0x000000074bbd82c0}: 'java.lang.Object java.lang.invoke.DirectMethodHandle$Holder.invokeStatic(java.lang.Object, java.lang.Object, java.lang.Object, int)'> (0x000000074bbd82c0) thrown at [./src/hotspot/share/interpreter/linkResolver.cpp, line 773]
Event: 5.807 Thread 0x0000024d4c44c000 Exception <a 'java/lang/NoSuchMethodError'{0x000000074bbdbf30}: 'java.lang.Object java.lang.invoke.DirectMethodHandle$Holder.invokeSpecial(java.lang.Object, java.lang.Object, java.lang.Object, java.lang.Object, int)'> (0x000000074bbdbf30) thrown at [./src/hotspot/share/interpreter/linkResolver.cpp, line 773]
Event: 5.807 Thread 0x0000024d4c44c000 Exception <a 'java/lang/NoSuchMethodError'{0x000000074bbdf240}: 'java.lang.Object java.lang.invoke.Invokers$Holder.linkToTargetMethod(java.lang.Object, java.lang.Object, int, java.lang.Object)'> (0x000000074bbdf240) thrown at [./src/hotspot/share/interpreter/linkResolver.cpp, line 773]

Events (20 events):
Event: 6.354 loading class org/jetbrains/kotlin/utils/SmartSet
Event: 6.354 loading class org/jetbrains/kotlin/utils/SmartSet done
Event: 6.355 loading class org/jetbrains/kotlin/utils/SmartSet$Companion
Event: 6.355 loading class org/jetbrains/kotlin/utils/SmartSet$Companion done
Event: 6.356 loading class org/jetbrains/kotlin/types/DefinitelyNotNullType
Event: 6.356 loading class org/jetbrains/kotlin/types/DefinitelyNotNullType done
Event: 6.356 loading class org/jetbrains/kotlin/types/CustomTypeVariable
Event: 6.356 loading class org/jetbrains/kotlin/types/CustomTypeVariable done
Event: 6.356 loading class org/jetbrains/kotlin/types/IntersectionTypeConstructor
Event: 6.356 loading class org/jetbrains/kotlin/types/IntersectionTypeConstructor done
Event: 6.357 loading class org/jetbrains/kotlin/types/model/IntersectionTypeConstructorMarker
Event: 6.357 loading class org/jetbrains/kotlin/types/model/IntersectionTypeConstructorMarker done
Event: 6.358 loading class org/jetbrains/kotlin/resolve/scopes/LexicalWritableScope$Snapshot
Event: 6.358 loading class org/jetbrains/kotlin/resolve/scopes/LexicalWritableScope$Snapshot done
Event: 6.359 loading class org/jetbrains/kotlin/types/checker/StrictEqualityTypeChecker
Event: 6.359 loading class org/jetbrains/kotlin/types/checker/StrictEqualityTypeChecker done
Event: 6.359 loading class org/jetbrains/kotlin/types/AbstractStrictEqualityTypeChecker
Event: 6.359 loading class org/jetbrains/kotlin/types/AbstractStrictEqualityTypeChecker done
Event: 6.360 loading class org/jetbrains/kotlin/types/checker/SimpleClassicTypeSystemContext
Event: 6.360 loading class org/jetbrains/kotlin/types/checker/SimpleClassicTypeSystemContext done


Dynamic libraries:
0x00007ff72d240000 - 0x00007ff72d24a000 	C:\Program Files\Android\Android Studio\jre\bin\java.exe
0x00007ffffe3c0000 - 0x00007ffffe5c7000 	C:\Windows\SYSTEM32\ntdll.dll
0x00007ffffd660000 - 0x00007ffffd71d000 	C:\Windows\System32\KERNEL32.DLL
0x00007ffffba30000 - 0x00007ffffbda2000 	C:\Windows\System32\KERNELBASE.dll
0x00007ffffbe30000 - 0x00007ffffbf41000 	C:\Windows\System32\ucrtbase.dll
0x00007fffb6380000 - 0x00007fffb6397000 	C:\Program Files\Android\Android Studio\jre\bin\VCRUNTIME140.dll
0x00007fffb63a0000 - 0x00007fffb63b9000 	C:\Program Files\Android\Android Studio\jre\bin\jli.dll
0x00007ffffe1c0000 - 0x00007ffffe36c000 	C:\Windows\System32\USER32.dll
0x00007ffffb8e0000 - 0x00007ffffb906000 	C:\Windows\System32\win32u.dll
0x00007fffe3340000 - 0x00007fffe35e5000 	C:\Windows\WinSxS\amd64_microsoft.windows.common-controls_6595b64144ccf1df_6.0.21996.1_none_7d6b053978bcd706\COMCTL32.dll
0x00007ffffc310000 - 0x00007ffffc339000 	C:\Windows\System32\GDI32.dll
0x00007ffffb910000 - 0x00007ffffba22000 	C:\Windows\System32\gdi32full.dll
0x00007ffffd740000 - 0x00007ffffd7e3000 	C:\Windows\System32\msvcrt.dll
0x00007ffffc010000 - 0x00007ffffc0ad000 	C:\Windows\System32\msvcp_win.dll
0x00007ffffce10000 - 0x00007ffffce41000 	C:\Windows\System32\IMM32.DLL
0x00007fffb62e0000 - 0x00007fffb637d000 	C:\Program Files\Android\Android Studio\jre\bin\msvcp140.dll
0x00007fffb2560000 - 0x00007fffb301c000 	C:\Program Files\Android\Android Studio\jre\bin\server\jvm.dll
0x00007ffffc500000 - 0x00007ffffc5ac000 	C:\Windows\System32\ADVAPI32.dll
0x00007ffffc5b0000 - 0x00007ffffc64d000 	C:\Windows\System32\sechost.dll
0x00007ffffc370000 - 0x00007ffffc491000 	C:\Windows\System32\RPCRT4.dll
0x00007ffffe370000 - 0x00007ffffe378000 	C:\Windows\System32\PSAPI.DLL
0x00007ffff8780000 - 0x00007ffff8789000 	C:\Windows\SYSTEM32\WSOCK32.dll
0x00007ffffd7f0000 - 0x00007ffffd85f000 	C:\Windows\System32\WS2_32.dll
0x00007ffff4440000 - 0x00007ffff444a000 	C:\Windows\SYSTEM32\VERSION.dll
0x00007ffff6cd0000 - 0x00007ffff6d03000 	C:\Windows\SYSTEM32\WINMM.dll
0x00007ffffab00000 - 0x00007ffffab17000 	C:\Windows\SYSTEM32\kernel.appcore.dll
0x00007ffff7af0000 - 0x00007ffff7b01000 	C:\Program Files\Android\Android Studio\jre\bin\verify.dll
0x00007ffff4fd0000 - 0x00007ffff51f1000 	C:\Windows\SYSTEM32\DBGHELP.DLL
0x00007ffff4680000 - 0x00007ffff46b1000 	C:\Windows\SYSTEM32\dbgcore.DLL
0x00007ffffbdb0000 - 0x00007ffffbe30000 	C:\Windows\System32\bcryptPrimitives.dll
0x00007ffff6f80000 - 0x00007ffff6fa9000 	C:\Program Files\Android\Android Studio\jre\bin\java.dll
0x00007ffff8770000 - 0x00007ffff877b000 	C:\Program Files\Android\Android Studio\jre\bin\jimage.dll
0x00007ffff54f0000 - 0x00007ffff5508000 	C:\Program Files\Android\Android Studio\jre\bin\zip.dll
0x00007ffffce50000 - 0x00007ffffd5b9000 	C:\Windows\System32\SHELL32.dll
0x00007ffff9ab0000 - 0x00007ffffa308000 	C:\Windows\SYSTEM32\windows.storage.dll
0x00007ffffdd90000 - 0x00007ffffe105000 	C:\Windows\System32\combase.dll
0x00007ffff9940000 - 0x00007ffff9aa6000 	C:\Windows\SYSTEM32\wintypes.dll
0x00007ffffd860000 - 0x00007ffffd94a000 	C:\Windows\System32\SHCORE.dll
0x00007ffffc4a0000 - 0x00007ffffc4fd000 	C:\Windows\System32\shlwapi.dll
0x00007ffffb810000 - 0x00007ffffb831000 	C:\Windows\SYSTEM32\profapi.dll
0x00007ffff54d0000 - 0x00007ffff54ea000 	C:\Program Files\Android\Android Studio\jre\bin\net.dll
0x00007ffff69d0000 - 0x00007ffff6adc000 	C:\Windows\SYSTEM32\WINHTTP.dll
0x00007ffffaf10000 - 0x00007ffffaf77000 	C:\Windows\system32\mswsock.dll
0x00007ffff4130000 - 0x00007ffff4144000 	C:\Program Files\Android\Android Studio\jre\bin\nio.dll

dbghelp: loaded successfully - version: 4.0.5 - missing functions: none
symbol engine: initialized successfully - sym options: 0x614 - pdb path: .;C:\Program Files\Android\Android Studio\jre\bin;C:\Windows\SYSTEM32;C:\Windows\WinSxS\amd64_microsoft.windows.common-controls_6595b64144ccf1df_6.0.21996.1_none_7d6b053978bcd706;C:\Program Files\Android\Android Studio\jre\bin\server

VM Arguments:
java_command: org.jetbrains.kotlin.cli.jvm.K2JVMCompiler @D:\GoSeek\app\build\20210907_9455769573778076590.compiler.options
java_class_path (initial): C:\Users\Developer\.gradle\caches\modules-2\files-2.1\org.jetbrains.kotlin\kotlin-compiler-embeddable\1.4.32\b4fc9be460ca88eecea2303e142ce2920bd14775\kotlin-compiler-embeddable-1.4.32.jar;C:\Users\Developer\.gradle\caches\modules-2\files-2.1\org.jetbrains.kotlin\kotlin-reflect\1.4.32\ce852b166d97f0f1991b5130c2bb02e2ef6c554e\kotlin-reflect-1.4.32.jar;C:\Users\Developer\.gradle\caches\modules-2\files-2.1\org.jetbrains.kotlin\kotlin-stdlib\1.4.32\461367948840adbb0839c51d91ed74ef4a9ccb52\kotlin-stdlib-1.4.32.jar;C:\Users\Developer\.gradle\caches\modules-2\files-2.1\org.jetbrains.kotlin\kotlin-script-runtime\1.4.32\bac50b0748be017dbc13fc1cb7231b1c9da0e106\kotlin-script-runtime-1.4.32.jar;C:\Users\Developer\.gradle\caches\modules-2\files-2.1\org.jetbrains.kotlin\kotlin-daemon-embeddable\1.4.32\b40c5de5adea26ebb4e5fc36945c482ac20acee2\kotlin-daemon-embeddable-1.4.32.jar;C:\Users\Developer\.gradle\caches\modules-2\files-2.1\org.jetbrains.intellij.deps\trove4j\1.0.20181211\216c2e14b070f334479d800987affe4054cd563f\trove4j-1.0.20181211.jar;C:\Users\Developer\.gradle\caches\modules-2\files-2.1\org.jetbrains.kotlin\kotlin-stdlib-common\1.4.32\ef50bfa2c0491a11dcc35d9822edbfd6170e1ea2\kotlin-stdlib-common-1.4.32.jar;C:\Users\Developer\.gradle\caches\modules-2\files-2.1\org.jetbrains\annotations\13.0\919f0dfe192fb4e063e7dacadee7f8bb9a2672a9\annotations-13.0.jar
Launcher Type: SUN_STANDARD

[Global flags]
     intx CICompilerCount                          = 3                                         {product} {ergonomic}
     uint ConcGCThreads                            = 1                                         {product} {ergonomic}
     uint G1ConcRefinementThreads                  = 4                                         {product} {ergonomic}
   size_t G1HeapRegionSize                         = 1048576                                   {product} {ergonomic}
    uintx GCDrainStackTargetSize                   = 64                                        {product} {ergonomic}
   size_t InitialHeapSize                          = 199229440                                 {product} {ergonomic}
   size_t MarkStackSize                            = 4194304                                   {product} {ergonomic}
   size_t MaxHeapSize                              = 3187671040                                {product} {ergonomic}
   size_t MaxNewSize                               = 1912602624                                {product} {ergonomic}
   size_t MinHeapDeltaBytes                        = 1048576                                   {product} {ergonomic}
    uintx NonNMethodCodeHeapSize                   = 5830732                                {pd product} {ergonomic}
    uintx NonProfiledCodeHeapSize                  = 122913754                              {pd product} {ergonomic}
    uintx ProfiledCodeHeapSize                     = 122913754                              {pd product} {ergonomic}
    uintx ReservedCodeCacheSize                    = 251658240                              {pd product} {ergonomic}
     bool SegmentedCodeCache                       = true                                      {product} {ergonomic}
     bool UseCompressedClassPointers               = true                                 {lp64_product} {ergonomic}
     bool UseCompressedOops                        = true                                 {lp64_product} {ergonomic}
     bool UseG1GC                                  = true                                      {product} {ergonomic}
     bool UseLargePagesIndividualAllocation        = false                                  {pd product} {ergonomic}

Logging:
Log output configuration:
 #0: stdout all=warning uptime,level,tags
 #1: stderr all=off uptime,level,tags

Environment Variables:
PATH=C:\Windows\system32;C:\Windows;C:\Windows\System32\Wbem;C:\Windows\System32\WindowsPowerShell\v1.0\;C:\Windows\System32\OpenSSH\;C:\Users\Developer\AppData\Local\Microsoft\WindowsApps;
USERNAME=Developer
OS=Windows_NT
PROCESSOR_IDENTIFIER=Intel64 Family 6 Model 142 Stepping 10, GenuineIntel



---------------  S Y S T E M  ---------------

OS: Windows 10 , 64 bit Build 21996 (10.0.21996.1)
OS uptime: 0 days 2:05 hours

CPU:total 4 (initial active 4) (2 cores per cpu, 2 threads per core) family 6 model 142 stepping 10, cmov, cx8, fxsr, mmx, sse, sse2, sse3, ssse3, sse4.1, sse4.2, popcnt, avx, avx2, aes, clmul, erms, 3dnowpref, lzcnt, ht, tsc, tscinvbit, bmi1, bmi2, adx, fma

Memory: 4k page, system-wide physical 12154M (257M free)
TotalPageFile size 27271M (AvailPageFile size 6M)
current process WorkingSet (physical memory assigned to process): 209M, peak: 211M
current process commit charge ("private bytes"): 344M, peak: 347M

vm_info: OpenJDK 64-Bit Server VM (11.0.8+10-b944.6842174) for windows-amd64 JRE (11.0.8+10-b944.6842174), built on Sep 19 2020 01:11:42 by "builder" with MS VC++ 14.0 (VS2015)

END.
