#
# There is insufficient memory for the Java Runtime Environment to continue.
# Native memory allocation (malloc) failed to allocate 65552 bytes for Chunk::new
# Possible reasons:
#   The system is out of physical RAM or swap space
#   The process is running with CompressedOops enabled, and the Java Heap may be blocking the growth of the native heap
# Possible solutions:
#   Reduce memory load on the system
#   Increase physical memory or swap space
#   Check if swap backing store is full
#   Decrease Java heap size (-Xmx/-Xms)
#   Decrease number of Java threads
#   Decrease Java thread stack sizes (-Xss)
#   Set larger code cache with -XX:ReservedCodeCacheSize=
#   JVM is running with Unscaled Compressed Oops mode in which the Java heap is
#     placed in the first 4GB address space. The Java Heap base address is the
#     maximum limit for the native heap growth. Please use -XX:HeapBaseMinAddress
#     to set the Java Heap base and to place the Java Heap above 4GB virtual address.
# This output file may be truncated or incomplete.
#
#  Out of Memory Error (./src/hotspot/share/memory/arena.cpp:197), pid=7988, tid=17108
#
# JRE version: OpenJDK Runtime Environment (11.0.8+10) (build 11.0.8+10-b944.6842174)
# Java VM: OpenJDK 64-Bit Server VM (11.0.8+10-b944.6842174, mixed mode, tiered, compressed oops, g1 gc, windows-amd64)
# No core dump will be written. Minidumps are not enabled by default on client versions of Windows
#

---------------  S U M M A R Y ------------

Command Line: --add-opens=java.base/java.util=ALL-UNNAMED --add-opens=java.base/java.lang=ALL-UNNAMED --add-opens=java.base/java.lang.invoke=ALL-UNNAMED --add-opens=java.prefs/java.util.prefs=ALL-UNNAMED -Xmx512m -Dfile.encoding=windows-1252 -Duser.country=US -Duser.language=en -Duser.variant org.gradle.launcher.daemon.bootstrap.GradleDaemon 6.5

Host: Intel(R) Core(TM) i3-7020U CPU @ 2.30GHz, 4 cores, 11G,  Windows 10 , 64 bit Build 21996 (10.0.21996.1)
Time: Tue Sep  7 16:52:20 2021 Pakistan Standard Time elapsed time: 25 seconds (0d 0h 0m 25s)

---------------  T H R E A D  ---------------

Current thread (0x00000217357a8000):  JavaThread "C2 CompilerThread0" daemon [_thread_in_native, id=17108, stack(0x000000cb1d400000,0x000000cb1d500000)]


Current CompileTask:
C2:  25833 11114       4       org.gradle.tooling.internal.adapter.ProtocolToModelAdapter$InvocationHandlerImpl::invoke (176 bytes)

Stack: [0x000000cb1d400000,0x000000cb1d500000]
Native frames: (J=compiled Java code, j=interpreted, Vv=VM code, C=native code)
V  [jvm.dll+0x5de50a]
V  [jvm.dll+0x7122f5]
V  [jvm.dll+0x71384d]
V  [jvm.dll+0x713f03]
V  [jvm.dll+0x23e728]
V  [jvm.dll+0xb899c]
V  [jvm.dll+0xb8e9c]
V  [jvm.dll+0xb8a98]
V  [jvm.dll+0x5be3b0]
V  [jvm.dll+0x502e02]
V  [jvm.dll+0x5023b7]
V  [jvm.dll+0x1f8cde]
V  [jvm.dll+0x1f685f]
V  [jvm.dll+0x17f32c]
V  [jvm.dll+0x205047]
V  [jvm.dll+0x203891]
V  [jvm.dll+0x6dad3f]
V  [jvm.dll+0x6d3895]
V  [jvm.dll+0x5dd4a6]
C  [ucrtbase.dll+0x26c0c]
C  [KERNEL32.DLL+0x154e0]
C  [ntdll.dll+0x485b]


---------------  P R O C E S S  ---------------

Threads class SMR info:
_java_thread_list=0x000002173f835200, length=156, elements={
0x000002171ec8a800, 0x0000021734dfd800, 0x0000021734e20800, 0x00000217357a3800,
0x00000217357a6800, 0x00000217357a8000, 0x00000217357ac800, 0x00000217357ae800,
0x00000217358f0000, 0x0000021735903800, 0x00000217379d9800, 0x0000021736d9c800,
0x000002173761b000, 0x0000021736e7b800, 0x0000021736872000, 0x0000021736d15800,
0x0000021736a47000, 0x0000021736d55800, 0x0000021736af4800, 0x0000021736b03000,
0x0000021737871000, 0x0000021737875000, 0x0000021737874000, 0x000002173786f800,
0x0000021737872800, 0x0000021737876000, 0x0000021737873800, 0x0000021737870000,
0x000002173b684800, 0x000002173b680800, 0x000002173b681000, 0x000002173b682000,
0x000002173b682800, 0x000002173b683800, 0x000002173b685000, 0x000002173b67f800,
0x000002173b687800, 0x000002173b686000, 0x000002173b68b800, 0x000002173b689800,
0x000002173b68b000, 0x000002173b68c800, 0x000002173b68a000, 0x000002173b688800,
0x000002173b687000, 0x000002173b68d800, 0x000002173b68e000, 0x000002173be2b800,
0x000002173be2c800, 0x000002173be32000, 0x000002173be2d800, 0x000002173be34000,
0x000002173be2e000, 0x000002173be34800, 0x000002173be2f000, 0x000002173be35800,
0x000002173be36800, 0x000002173be30800, 0x000002173be37000, 0x000002173be31800,
0x000002173be3a800, 0x000002173be38800, 0x000002173be39800, 0x000002173be38000,
0x0000021737871800, 0x0000021737c77000, 0x0000021737c78000, 0x0000021737c79000,
0x0000021737c74000, 0x0000021737c75000, 0x0000021737c76800, 0x0000021737c73000,
0x0000021737c75800, 0x0000021737c7f800, 0x0000021737c7e000, 0x0000021737c7e800,
0x0000021737c7a800, 0x0000021737c79800, 0x0000021737c7b800, 0x0000021737c80000,
0x0000021737c81000, 0x0000021737c82000, 0x0000021737c7c000, 0x0000021737c7d000,
0x000002173bb6b000, 0x000002173bb6a000, 0x000002173bb69800, 0x000002173bb6e000,
0x000002173bb6f000, 0x000002173bb70000, 0x000002173bb6c800, 0x000002173bb71800,
0x000002173bb70800, 0x000002173bb6b800, 0x000002173bb72000, 0x000002173bb73000,
0x000002173bb6d800, 0x000002173bb76800, 0x000002173bb77000, 0x000002173bb75800,
0x000002173bb78000, 0x000002173bb74000, 0x000002173bb74800, 0x000002173b261000,
0x000002173b264000, 0x000002173b263800, 0x000002173b262800, 0x000002173b266000,
0x000002173b260000, 0x000002173b266800, 0x000002173b265000, 0x000002173b267800,
0x000002173b261800, 0x000002173b26a000, 0x000002173b269000, 0x000002173b26a800,
0x000002173b26b800, 0x000002173b26c800, 0x000002173b26d000, 0x000002173b268800,
0x000002173b26e000, 0x000002173b26f000, 0x000002173bd34800, 0x000002173bd38800,
0x000002173bd36000, 0x000002173bd37000, 0x000002173bd35800, 0x000002173bd38000,
0x000002173bd39800, 0x000002173bd34000, 0x000002173bd3f000, 0x000002173bd3d000,
0x000002173bd3a800, 0x000002173bd3d800, 0x000002173bd3b000, 0x000002173bd40000,
0x000002173bd3e800, 0x000002173bd41000, 0x000002173bd41800, 0x000002173bd3c000,
0x000002173bd42800, 0x000002173b0e6000, 0x000002173b0e5000, 0x000002173b0e2000,
0x000002173b0e0800, 0x000002173b0e3800, 0x000002173b0e2800, 0x000002173b0e7000,
0x000002173b0e1000, 0x000002173b0e4800, 0x000002173b0e9800, 0x000002173b0ea000,
0x000002173b0eb000, 0x000002173b0ed800, 0x000002173b0eb800, 0x000002173b0e7800
}

Java Threads: ( => current thread )
  0x000002171ec8a800 JavaThread "main" [_thread_blocked, id=15968, stack(0x000000cb1c900000,0x000000cb1ca00000)]
  0x0000021734dfd800 JavaThread "Reference Handler" daemon [_thread_blocked, id=15928, stack(0x000000cb1d000000,0x000000cb1d100000)]
  0x0000021734e20800 JavaThread "Finalizer" daemon [_thread_blocked, id=12672, stack(0x000000cb1d100000,0x000000cb1d200000)]
  0x00000217357a3800 JavaThread "Signal Dispatcher" daemon [_thread_blocked, id=9480, stack(0x000000cb1d200000,0x000000cb1d300000)]
  0x00000217357a6800 JavaThread "Attach Listener" daemon [_thread_blocked, id=9892, stack(0x000000cb1d300000,0x000000cb1d400000)]
=>0x00000217357a8000 JavaThread "C2 CompilerThread0" daemon [_thread_in_native, id=17108, stack(0x000000cb1d400000,0x000000cb1d500000)]
  0x00000217357ac800 JavaThread "C1 CompilerThread0" daemon [_thread_blocked, id=15980, stack(0x000000cb1d500000,0x000000cb1d600000)]
  0x00000217357ae800 JavaThread "Sweeper thread" daemon [_thread_blocked, id=15640, stack(0x000000cb1d600000,0x000000cb1d700000)]
  0x00000217358f0000 JavaThread "Common-Cleaner" daemon [_thread_blocked, id=15404, stack(0x000000cb1d700000,0x000000cb1d800000)]
  0x0000021735903800 JavaThread "Service Thread" daemon [_thread_blocked, id=5784, stack(0x000000cb1d800000,0x000000cb1d900000)]
  0x00000217379d9800 JavaThread "Daemon health stats" [_thread_blocked, id=4708, stack(0x000000cb1de00000,0x000000cb1df00000)]
  0x0000021736d9c800 JavaThread "Incoming local TCP Connector on port 53506" [_thread_in_native, id=13720, stack(0x000000cb1e000000,0x000000cb1e100000)]
  0x000002173761b000 JavaThread "Daemon periodic checks" [_thread_blocked, id=8764, stack(0x000000cb1e200000,0x000000cb1e300000)]
  0x0000021736e7b800 JavaThread "Daemon" [_thread_blocked, id=14348, stack(0x000000cb1e300000,0x000000cb1e400000)]
  0x0000021736872000 JavaThread "Handler for socket connection from /127.0.0.1:53506 to /127.0.0.1:53507" [_thread_in_native, id=14960, stack(0x000000cb1e400000,0x000000cb1e500000)]
  0x0000021736d15800 JavaThread "Cancel handler" [_thread_blocked, id=16116, stack(0x000000cb1e500000,0x000000cb1e600000)]
  0x0000021736a47000 JavaThread "Daemon worker" [_thread_in_vm, id=13680, stack(0x000000cb1e600000,0x000000cb1e700000)]
  0x0000021736d55800 JavaThread "Asynchronous log dispatcher for DefaultDaemonConnection: socket connection from /127.0.0.1:53506 to /127.0.0.1:53507" [_thread_blocked, id=12740, stack(0x000000cb1e700000,0x000000cb1e800000)]
  0x0000021736af4800 JavaThread "Stdin handler" [_thread_blocked, id=11000, stack(0x000000cb1e800000,0x000000cb1e900000)]
  0x0000021736b03000 JavaThread "Thread-8" [_thread_blocked, id=3712, stack(0x000000cb1e900000,0x000000cb1ea00000)]
  0x0000021737871000 JavaThread "Cache worker for journal cache (C:\Users\Developer\.gradle\caches\journal-1)" [_thread_blocked, id=8056, stack(0x000000cb1ea00000,0x000000cb1eb00000)]
  0x0000021737875000 JavaThread "File lock request listener" [_thread_in_native, id=4496, stack(0x000000cb1eb00000,0x000000cb1ec00000)]
  0x0000021737874000 JavaThread "Cache worker for file hash cache (C:\Users\Developer\.gradle\caches\6.5\fileHashes)" [_thread_blocked, id=13472, stack(0x000000cb1ec00000,0x000000cb1ed00000)]
  0x000002173786f800 JavaThread "Cache worker for file hash cache (D:\GoSeek\.gradle\6.5\fileHashes)" [_thread_blocked, id=14300, stack(0x000000cb1ed00000,0x000000cb1ee00000)]
  0x0000021737872800 JavaThread "jar transforms" [_thread_blocked, id=8424, stack(0x000000cb1ee00000,0x000000cb1ef00000)]
  0x0000021737876000 JavaThread "jar transforms Thread 2" [_thread_blocked, id=4896, stack(0x000000cb1ef00000,0x000000cb1f000000)]
  0x0000021737873800 JavaThread "jar transforms Thread 3" [_thread_blocked, id=7012, stack(0x000000cb1f000000,0x000000cb1f100000)]
  0x0000021737870000 JavaThread "jar transforms Thread 4" [_thread_blocked, id=13620, stack(0x000000cb1f100000,0x000000cb1f200000)]
  0x000002173b684800 JavaThread "jar transforms Thread 5" [_thread_blocked, id=14240, stack(0x000000cb1f200000,0x000000cb1f300000)]
  0x000002173b680800 JavaThread "jar transforms Thread 6" [_thread_blocked, id=13288, stack(0x000000cb1f300000,0x000000cb1f400000)]
  0x000002173b681000 JavaThread "jar transforms Thread 7" [_thread_blocked, id=2848, stack(0x000000cb1f400000,0x000000cb1f500000)]
  0x000002173b682000 JavaThread "jar transforms Thread 8" [_thread_blocked, id=4536, stack(0x000000cb1f500000,0x000000cb1f600000)]
  0x000002173b682800 JavaThread "jar transforms Thread 9" [_thread_blocked, id=16364, stack(0x000000cb1f600000,0x000000cb1f700000)]
  0x000002173b683800 JavaThread "jar transforms Thread 10" [_thread_blocked, id=16124, stack(0x000000cb1f700000,0x000000cb1f800000)]
  0x000002173b685000 JavaThread "jar transforms Thread 11" [_thread_blocked, id=14360, stack(0x000000cb1f800000,0x000000cb1f900000)]
  0x000002173b67f800 JavaThread "jar transforms Thread 12" [_thread_blocked, id=2448, stack(0x000000cb1f900000,0x000000cb1fa00000)]
  0x000002173b687800 JavaThread "jar transforms Thread 13" [_thread_blocked, id=2132, stack(0x000000cb1fa00000,0x000000cb1fb00000)]
  0x000002173b686000 JavaThread "jar transforms Thread 14" [_thread_blocked, id=15080, stack(0x000000cb1fb00000,0x000000cb1fc00000)]
  0x000002173b68b800 JavaThread "jar transforms Thread 15" [_thread_blocked, id=16184, stack(0x000000cb1fc00000,0x000000cb1fd00000)]
  0x000002173b689800 JavaThread "jar transforms Thread 16" [_thread_blocked, id=8184, stack(0x000000cb1fd00000,0x000000cb1fe00000)]
  0x000002173b68b000 JavaThread "jar transforms Thread 17" [_thread_blocked, id=17272, stack(0x000000cb1fe00000,0x000000cb1ff00000)]
  0x000002173b68c800 JavaThread "jar transforms Thread 18" [_thread_blocked, id=15704, stack(0x000000cb1ff00000,0x000000cb20000000)]
  0x000002173b68a000 JavaThread "jar transforms Thread 19" [_thread_blocked, id=944, stack(0x000000cb20000000,0x000000cb20100000)]
  0x000002173b688800 JavaThread "jar transforms Thread 20" [_thread_blocked, id=11868, stack(0x000000cb20100000,0x000000cb20200000)]
  0x000002173b687000 JavaThread "jar transforms Thread 21" [_thread_blocked, id=12228, stack(0x000000cb20200000,0x000000cb20300000)]
  0x000002173b68d800 JavaThread "Cache worker for checksums cache (D:\GoSeek\.gradle\checksums)" [_thread_blocked, id=2668, stack(0x000000cb20300000,0x000000cb20400000)]
  0x000002173b68e000 JavaThread "Cache worker for cache directory md-supplier (C:\Users\Developer\.gradle\caches\6.5\md-supplier)" [_thread_blocked, id=16312, stack(0x000000cb20400000,0x000000cb20500000)]
  0x000002173be2b800 JavaThread "Cache worker for cache directory md-rule (C:\Users\Developer\.gradle\caches\6.5\md-rule)" [_thread_blocked, id=10092, stack(0x000000cb20500000,0x000000cb20600000)]
  0x000002173be2c800 JavaThread "Cache worker for execution history cache (C:\Users\Developer\.gradle\caches\6.5\executionHistory)" [_thread_blocked, id=3748, stack(0x000000cb20600000,0x000000cb20700000)]
  0x000002173be32000 JavaThread "Cache worker for file content cache (C:\Users\Developer\.gradle\caches\6.5\fileContent)" [_thread_blocked, id=11356, stack(0x000000cb20700000,0x000000cb20800000)]
  0x000002173be2d800 JavaThread "Cache worker for Build Output Cleanup Cache (D:\GoSeek\.gradle\buildOutputCleanup)" [_thread_blocked, id=15132, stack(0x000000cb20800000,0x000000cb20900000)]
  0x000002173be34000 JavaThread "Build operations" [_thread_blocked, id=15108, stack(0x000000cb20900000,0x000000cb20a00000)]
  0x000002173be2e000 JavaThread "Build operations Thread 2" [_thread_blocked, id=13112, stack(0x000000cb20a00000,0x000000cb20b00000)]
  0x000002173be34800 JavaThread "Build operations Thread 3" [_thread_blocked, id=17036, stack(0x000000cb20b00000,0x000000cb20c00000)]
  0x000002173be2f000 JavaThread "Build operations Thread 4" [_thread_blocked, id=8556, stack(0x000000cb20c00000,0x000000cb20d00000)]
  0x000002173be35800 JavaThread "jar transforms Thread 22" [_thread_blocked, id=17032, stack(0x000000cb20d00000,0x000000cb20e00000)]
  0x000002173be36800 JavaThread "jar transforms Thread 23" [_thread_blocked, id=12028, stack(0x000000cb20e00000,0x000000cb20f00000)]
  0x000002173be30800 JavaThread "jar transforms Thread 24" [_thread_blocked, id=17224, stack(0x000000cb20f00000,0x000000cb21000000)]
  0x000002173be37000 JavaThread "jar transforms Thread 25" [_thread_blocked, id=13584, stack(0x000000cb21000000,0x000000cb21100000)]
  0x000002173be31800 JavaThread "jar transforms Thread 26" [_thread_blocked, id=12652, stack(0x000000cb21100000,0x000000cb21200000)]
  0x000002173be3a800 JavaThread "jar transforms Thread 27" [_thread_blocked, id=15960, stack(0x000000cb21200000,0x000000cb21300000)]
  0x000002173be38800 JavaThread "jar transforms Thread 28" [_thread_blocked, id=5792, stack(0x000000cb21300000,0x000000cb21400000)]
  0x000002173be39800 JavaThread "jar transforms Thread 29" [_thread_blocked, id=10464, stack(0x000000cb21400000,0x000000cb21500000)]
  0x000002173be38000 JavaThread "jar transforms Thread 30" [_thread_blocked, id=7972, stack(0x000000cb21500000,0x000000cb21600000)]
  0x0000021737871800 JavaThread "jar transforms Thread 31" [_thread_blocked, id=14304, stack(0x000000cb21600000,0x000000cb21700000)]
  0x0000021737c77000 JavaThread "jar transforms Thread 32" [_thread_blocked, id=12576, stack(0x000000cb21700000,0x000000cb21800000)]
  0x0000021737c78000 JavaThread "jar transforms Thread 33" [_thread_blocked, id=15448, stack(0x000000cb21800000,0x000000cb21900000)]
  0x0000021737c79000 JavaThread "jar transforms Thread 34" [_thread_blocked, id=2528, stack(0x000000cb21900000,0x000000cb21a00000)]
  0x0000021737c74000 JavaThread "jar transforms Thread 35" [_thread_blocked, id=17076, stack(0x000000cb21a00000,0x000000cb21b00000)]
  0x0000021737c75000 JavaThread "jar transforms Thread 36" [_thread_blocked, id=3796, stack(0x000000cb21b00000,0x000000cb21c00000)]
  0x0000021737c76800 JavaThread "jar transforms Thread 37" [_thread_blocked, id=4308, stack(0x000000cb21c00000,0x000000cb21d00000)]
  0x0000021737c73000 JavaThread "jar transforms Thread 38" [_thread_blocked, id=12360, stack(0x000000cb21d00000,0x000000cb21e00000)]
  0x0000021737c75800 JavaThread "jar transforms Thread 39" [_thread_blocked, id=1988, stack(0x000000cb21e00000,0x000000cb21f00000)]
  0x0000021737c7f800 JavaThread "jar transforms Thread 40" [_thread_blocked, id=13852, stack(0x000000cb21f00000,0x000000cb22000000)]
  0x0000021737c7e000 JavaThread "jar transforms Thread 41" [_thread_blocked, id=15620, stack(0x000000cb22000000,0x000000cb22100000)]
  0x0000021737c7e800 JavaThread "jar transforms Thread 42" [_thread_blocked, id=1008, stack(0x000000cb22100000,0x000000cb22200000)]
  0x0000021737c7a800 JavaThread "jar transforms Thread 43" [_thread_blocked, id=5036, stack(0x000000cb22200000,0x000000cb22300000)]
  0x0000021737c79800 JavaThread "jar transforms Thread 44" [_thread_blocked, id=12996, stack(0x000000cb22300000,0x000000cb22400000)]
  0x0000021737c7b800 JavaThread "jar transforms Thread 45" [_thread_blocked, id=16604, stack(0x000000cb22400000,0x000000cb22500000)]
  0x0000021737c80000 JavaThread "jar transforms Thread 46" [_thread_blocked, id=16608, stack(0x000000cb22500000,0x000000cb22600000)]
  0x0000021737c81000 JavaThread "jar transforms Thread 47" [_thread_blocked, id=10800, stack(0x000000cb22600000,0x000000cb22700000)]
  0x0000021737c82000 JavaThread "jar transforms Thread 48" [_thread_blocked, id=16412, stack(0x000000cb22700000,0x000000cb22800000)]
  0x0000021737c7c000 JavaThread "jar transforms Thread 49" [_thread_blocked, id=15728, stack(0x000000cb22800000,0x000000cb22900000)]
  0x0000021737c7d000 JavaThread "jar transforms Thread 50" [_thread_blocked, id=12096, stack(0x000000cb22900000,0x000000cb22a00000)]
  0x000002173bb6b000 JavaThread "jar transforms Thread 51" [_thread_blocked, id=15592, stack(0x000000cb22a00000,0x000000cb22b00000)]
  0x000002173bb6a000 JavaThread "jar transforms Thread 52" [_thread_blocked, id=15868, stack(0x000000cb22b00000,0x000000cb22c00000)]
  0x000002173bb69800 JavaThread "jar transforms Thread 53" [_thread_blocked, id=10964, stack(0x000000cb22c00000,0x000000cb22d00000)]
  0x000002173bb6e000 JavaThread "jar transforms Thread 54" [_thread_blocked, id=10604, stack(0x000000cb22d00000,0x000000cb22e00000)]
  0x000002173bb6f000 JavaThread "jar transforms Thread 55" [_thread_blocked, id=15712, stack(0x000000cb22e00000,0x000000cb22f00000)]
  0x000002173bb70000 JavaThread "jar transforms Thread 56" [_thread_blocked, id=17404, stack(0x000000cb22f00000,0x000000cb23000000)]
  0x000002173bb6c800 JavaThread "jar transforms Thread 57" [_thread_blocked, id=11408, stack(0x000000cb23000000,0x000000cb23100000)]
  0x000002173bb71800 JavaThread "jar transforms Thread 58" [_thread_blocked, id=13372, stack(0x000000cb23100000,0x000000cb23200000)]
  0x000002173bb70800 JavaThread "jar transforms Thread 59" [_thread_blocked, id=13576, stack(0x000000cb23200000,0x000000cb23300000)]
  0x000002173bb6b800 JavaThread "jar transforms Thread 60" [_thread_blocked, id=16936, stack(0x000000cb23300000,0x000000cb23400000)]
  0x000002173bb72000 JavaThread "jar transforms Thread 61" [_thread_blocked, id=12608, stack(0x000000cb23400000,0x000000cb23500000)]
  0x000002173bb73000 JavaThread "jar transforms Thread 62" [_thread_blocked, id=13468, stack(0x000000cb23500000,0x000000cb23600000)]
  0x000002173bb6d800 JavaThread "jar transforms Thread 63" [_thread_blocked, id=2916, stack(0x000000cb23600000,0x000000cb23700000)]
  0x000002173bb76800 JavaThread "jar transforms Thread 64" [_thread_blocked, id=12248, stack(0x000000cb23700000,0x000000cb23800000)]
  0x000002173bb77000 JavaThread "jar transforms Thread 65" [_thread_blocked, id=15992, stack(0x000000cb23800000,0x000000cb23900000)]
  0x000002173bb75800 JavaThread "jar transforms Thread 66" [_thread_blocked, id=2160, stack(0x000000cb23900000,0x000000cb23a00000)]
  0x000002173bb78000 JavaThread "jar transforms Thread 67" [_thread_blocked, id=12444, stack(0x000000cb23a00000,0x000000cb23b00000)]
  0x000002173bb74000 JavaThread "jar transforms Thread 68" [_thread_blocked, id=12188, stack(0x000000cb23b00000,0x000000cb23c00000)]
  0x000002173bb74800 JavaThread "jar transforms Thread 69" [_thread_blocked, id=16520, stack(0x000000cb23c00000,0x000000cb23d00000)]
  0x000002173b261000 JavaThread "jar transforms Thread 70" [_thread_blocked, id=6372, stack(0x000000cb23d00000,0x000000cb23e00000)]
  0x000002173b264000 JavaThread "jar transforms Thread 71" [_thread_blocked, id=13520, stack(0x000000cb23e00000,0x000000cb23f00000)]
  0x000002173b263800 JavaThread "jar transforms Thread 72" [_thread_blocked, id=11316, stack(0x000000cb23f00000,0x000000cb24000000)]
  0x000002173b262800 JavaThread "jar transforms Thread 73" [_thread_blocked, id=15776, stack(0x000000cb24000000,0x000000cb24100000)]
  0x000002173b266000 JavaThread "jar transforms Thread 74" [_thread_blocked, id=6448, stack(0x000000cb24100000,0x000000cb24200000)]
  0x000002173b260000 JavaThread "jar transforms Thread 75" [_thread_blocked, id=9220, stack(0x000000cb24200000,0x000000cb24300000)]
  0x000002173b266800 JavaThread "jar transforms Thread 76" [_thread_blocked, id=3356, stack(0x000000cb24300000,0x000000cb24400000)]
  0x000002173b265000 JavaThread "jar transforms Thread 77" [_thread_blocked, id=15600, stack(0x000000cb24400000,0x000000cb24500000)]
  0x000002173b267800 JavaThread "jar transforms Thread 78" [_thread_blocked, id=16904, stack(0x000000cb24500000,0x000000cb24600000)]
  0x000002173b261800 JavaThread "jar transforms Thread 79" [_thread_blocked, id=1276, stack(0x000000cb24600000,0x000000cb24700000)]
  0x000002173b26a000 JavaThread "jar transforms Thread 80" [_thread_blocked, id=13148, stack(0x000000cb24700000,0x000000cb24800000)]
  0x000002173b269000 JavaThread "jar transforms Thread 81" [_thread_blocked, id=1696, stack(0x000000cb24800000,0x000000cb24900000)]
  0x000002173b26a800 JavaThread "jar transforms Thread 82" [_thread_blocked, id=10444, stack(0x000000cb24900000,0x000000cb24a00000)]
  0x000002173b26b800 JavaThread "jar transforms Thread 83" [_thread_blocked, id=13652, stack(0x000000cb24a00000,0x000000cb24b00000)]
  0x000002173b26c800 JavaThread "jar transforms Thread 84" [_thread_blocked, id=16436, stack(0x000000cb24b00000,0x000000cb24c00000)]
  0x000002173b26d000 JavaThread "jar transforms Thread 85" [_thread_blocked, id=960, stack(0x000000cb24c00000,0x000000cb24d00000)]
  0x000002173b268800 JavaThread "jar transforms Thread 86" [_thread_blocked, id=14168, stack(0x000000cb24d00000,0x000000cb24e00000)]
  0x000002173b26e000 JavaThread "jar transforms Thread 87" [_thread_blocked, id=15772, stack(0x000000cb24e00000,0x000000cb24f00000)]
  0x000002173b26f000 JavaThread "jar transforms Thread 88" [_thread_blocked, id=15860, stack(0x000000cb24f00000,0x000000cb25000000)]
  0x000002173bd34800 JavaThread "jar transforms Thread 89" [_thread_blocked, id=5760, stack(0x000000cb25000000,0x000000cb25100000)]
  0x000002173bd38800 JavaThread "jar transforms Thread 90" [_thread_blocked, id=12256, stack(0x000000cb25100000,0x000000cb25200000)]
  0x000002173bd36000 JavaThread "jar transforms Thread 91" [_thread_blocked, id=12080, stack(0x000000cb25200000,0x000000cb25300000)]
  0x000002173bd37000 JavaThread "jar transforms Thread 92" [_thread_blocked, id=7904, stack(0x000000cb25300000,0x000000cb25400000)]
  0x000002173bd35800 JavaThread "jar transforms Thread 93" [_thread_blocked, id=7052, stack(0x000000cb25400000,0x000000cb25500000)]
  0x000002173bd38000 JavaThread "jar transforms Thread 94" [_thread_blocked, id=10120, stack(0x000000cb25500000,0x000000cb25600000)]
  0x000002173bd39800 JavaThread "jar transforms Thread 95" [_thread_blocked, id=7236, stack(0x000000cb25600000,0x000000cb25700000)]
  0x000002173bd34000 JavaThread "jar transforms Thread 96" [_thread_blocked, id=15288, stack(0x000000cb25700000,0x000000cb25800000)]
  0x000002173bd3f000 JavaThread "jar transforms Thread 97" [_thread_blocked, id=14716, stack(0x000000cb25800000,0x000000cb25900000)]
  0x000002173bd3d000 JavaThread "jar transforms Thread 98" [_thread_blocked, id=5400, stack(0x000000cb25900000,0x000000cb25a00000)]
  0x000002173bd3a800 JavaThread "jar transforms Thread 99" [_thread_blocked, id=11668, stack(0x000000cb25a00000,0x000000cb25b00000)]
  0x000002173bd3d800 JavaThread "jar transforms Thread 100" [_thread_blocked, id=6824, stack(0x000000cb25b00000,0x000000cb25c00000)]
  0x000002173bd3b000 JavaThread "jar transforms Thread 101" [_thread_blocked, id=11744, stack(0x000000cb25c00000,0x000000cb25d00000)]
  0x000002173bd40000 JavaThread "jar transforms Thread 102" [_thread_blocked, id=12964, stack(0x000000cb25d00000,0x000000cb25e00000)]
  0x000002173bd3e800 JavaThread "jar transforms Thread 103" [_thread_blocked, id=13588, stack(0x000000cb25e00000,0x000000cb25f00000)]
  0x000002173bd41000 JavaThread "jar transforms Thread 104" [_thread_blocked, id=16132, stack(0x000000cb25f00000,0x000000cb26000000)]
  0x000002173bd41800 JavaThread "jar transforms Thread 105" [_thread_blocked, id=3404, stack(0x000000cb26000000,0x000000cb26100000)]
  0x000002173bd3c000 JavaThread "jar transforms Thread 106" [_thread_blocked, id=16320, stack(0x000000cb26100000,0x000000cb26200000)]
  0x000002173bd42800 JavaThread "jar transforms Thread 107" [_thread_blocked, id=12424, stack(0x000000cb26200000,0x000000cb26300000)]
  0x000002173b0e6000 JavaThread "jar transforms Thread 108" [_thread_blocked, id=9636, stack(0x000000cb26300000,0x000000cb26400000)]
  0x000002173b0e5000 JavaThread "jar transforms Thread 109" [_thread_blocked, id=16892, stack(0x000000cb26400000,0x000000cb26500000)]
  0x000002173b0e2000 JavaThread "jar transforms Thread 110" [_thread_blocked, id=7612, stack(0x000000cb26500000,0x000000cb26600000)]
  0x000002173b0e0800 JavaThread "jar transforms Thread 111" [_thread_blocked, id=12776, stack(0x000000cb26600000,0x000000cb26700000)]
  0x000002173b0e3800 JavaThread "jar transforms Thread 112" [_thread_blocked, id=1436, stack(0x000000cb26700000,0x000000cb26800000)]
  0x000002173b0e2800 JavaThread "jar transforms Thread 113" [_thread_blocked, id=15144, stack(0x000000cb26800000,0x000000cb26900000)]
  0x000002173b0e7000 JavaThread "jar transforms Thread 114" [_thread_blocked, id=15280, stack(0x000000cb26900000,0x000000cb26a00000)]
  0x000002173b0e1000 JavaThread "jar transforms Thread 115" [_thread_blocked, id=17092, stack(0x000000cb26a00000,0x000000cb26b00000)]
  0x000002173b0e4800 JavaThread "jar transforms Thread 116" [_thread_blocked, id=11772, stack(0x000000cb26b00000,0x000000cb26c00000)]
  0x000002173b0e9800 JavaThread "jar transforms Thread 117" [_thread_blocked, id=1676, stack(0x000000cb26c00000,0x000000cb26d00000)]
  0x000002173b0ea000 JavaThread "jar transforms Thread 118" [_thread_blocked, id=144, stack(0x000000cb26d00000,0x000000cb26e00000)]
  0x000002173b0eb000 JavaThread "jar transforms Thread 119" [_thread_blocked, id=9132, stack(0x000000cb26e00000,0x000000cb26f00000)]
  0x000002173b0ed800 JavaThread "pool-1-thread-1" [_thread_blocked, id=14448, stack(0x000000cb26f00000,0x000000cb27000000)]
  0x000002173b0eb800 JavaThread "Memory manager" [_thread_blocked, id=13104, stack(0x000000cb27000000,0x000000cb27100000)]
  0x000002173b0e7800 JavaThread "C2 CompilerThread1" daemon [_thread_in_native, id=16668, stack(0x000000cb1e100000,0x000000cb1e200000)]

Other Threads:
  0x0000021734dfa800 VMThread "VM Thread" [stack: 0x000000cb1cf00000,0x000000cb1d000000] [id=16500]
  0x0000021735919800 WatcherThread [stack: 0x000000cb1d900000,0x000000cb1da00000] [id=5900]
  0x000002171eca5800 GCTaskThread "GC Thread#0" [stack: 0x000000cb1ca00000,0x000000cb1cb00000] [id=14276]
  0x0000021735c96000 GCTaskThread "GC Thread#1" [stack: 0x000000cb1db00000,0x000000cb1dc00000] [id=7172]
  0x0000021735fd0000 GCTaskThread "GC Thread#2" [stack: 0x000000cb1dc00000,0x000000cb1dd00000] [id=14096]
  0x0000021735baa800 GCTaskThread "GC Thread#3" [stack: 0x000000cb1dd00000,0x000000cb1de00000] [id=5064]
  0x000002171ecb6800 ConcurrentGCThread "G1 Main Marker" [stack: 0x000000cb1cb00000,0x000000cb1cc00000] [id=16688]
  0x000002171ecb8000 ConcurrentGCThread "G1 Conc#0" [stack: 0x000000cb1cc00000,0x000000cb1cd00000] [id=16496]
  0x0000021734c70800 ConcurrentGCThread "G1 Refine#0" [stack: 0x000000cb1cd00000,0x000000cb1ce00000] [id=7424]
  0x0000021734c71000 ConcurrentGCThread "G1 Young RemSet Sampling" [stack: 0x000000cb1ce00000,0x000000cb1cf00000] [id=9416]

Threads with active compile tasks:
C2 CompilerThread0  25886 11114       4       org.gradle.tooling.internal.adapter.ProtocolToModelAdapter$InvocationHandlerImpl::invoke (176 bytes)
C1 CompilerThread0  25886 11227   !   3       jdk.internal.reflect.GeneratedConstructorAccessor72::newInstance (69 bytes)
C2 CompilerThread1  25886 11175 %     4       java.io.ObjectOutputStream$BlockDataOutputStream::getUTFLength @ 47 (124 bytes)

VM state:not at safepoint (normal execution)

VM Mutex/Monitor currently owned by a thread: None

Heap address: 0x00000000e0000000, size: 512 MB, Compressed Oops mode: 32-bit
Narrow klass base: 0x0000000000000000, Narrow klass shift: 3
Compressed class space size: 1073741824 Address: 0x0000000100000000

Heap:
 garbage-first heap   total 194560K, used 153013K [0x00000000e0000000, 0x0000000100000000)
  region size 1024K, 69 young (70656K), 10 survivors (10240K)
 Metaspace       used 98672K, capacity 101331K, committed 101664K, reserved 1136640K
  class space    used 12650K, capacity 13571K, committed 13696K, reserved 1048576K
Heap Regions: E=young(eden), S=young(survivor), O=old, HS=humongous(starts), HC=humongous(continues), CS=collection set, F=free, A=archive, TAMS=top-at-mark-start (previous, next)
|   0|0x00000000e0000000, 0x00000000e0100000, 0x00000000e0100000|100%| O|  |TAMS 0x00000000e0100000, 0x00000000e0000000| Untracked 
|   1|0x00000000e0100000, 0x00000000e0200000, 0x00000000e0200000|100%| O|  |TAMS 0x00000000e0200000, 0x00000000e0100000| Untracked 
|   2|0x00000000e0200000, 0x00000000e0300000, 0x00000000e0300000|100%| O|  |TAMS 0x00000000e0300000, 0x00000000e0200000| Untracked 
|   3|0x00000000e0300000, 0x00000000e0400000, 0x00000000e0400000|100%|HS|  |TAMS 0x00000000e0400000, 0x00000000e0300000| Complete 
|   4|0x00000000e0400000, 0x00000000e0500000, 0x00000000e0500000|100%|HC|  |TAMS 0x00000000e0500000, 0x00000000e0400000| Complete 
|   5|0x00000000e0500000, 0x00000000e0600000, 0x00000000e0600000|100%|HC|  |TAMS 0x00000000e0600000, 0x00000000e0500000| Complete 
|   6|0x00000000e0600000, 0x00000000e0700000, 0x00000000e0700000|100%| O|  |TAMS 0x00000000e0700000, 0x00000000e0600000| Untracked 
|   7|0x00000000e0700000, 0x00000000e0800000, 0x00000000e0800000|100%| O|  |TAMS 0x00000000e0800000, 0x00000000e0700000| Untracked 
|   8|0x00000000e0800000, 0x00000000e0900000, 0x00000000e0900000|100%| O|  |TAMS 0x00000000e0900000, 0x00000000e0800000| Untracked 
|   9|0x00000000e0900000, 0x00000000e0a00000, 0x00000000e0a00000|100%| O|  |TAMS 0x00000000e0a00000, 0x00000000e0900000| Untracked 
|  10|0x00000000e0a00000, 0x00000000e0b00000, 0x00000000e0b00000|100%| O|  |TAMS 0x00000000e0b00000, 0x00000000e0a00000| Untracked 
|  11|0x00000000e0b00000, 0x00000000e0c00000, 0x00000000e0c00000|100%| O|  |TAMS 0x00000000e0c00000, 0x00000000e0b00000| Untracked 
|  12|0x00000000e0c00000, 0x00000000e0d00000, 0x00000000e0d00000|100%| O|  |TAMS 0x00000000e0d00000, 0x00000000e0c00000| Untracked 
|  13|0x00000000e0d00000, 0x00000000e0e00000, 0x00000000e0e00000|100%|HS|  |TAMS 0x00000000e0e00000, 0x00000000e0d00000| Complete 
|  14|0x00000000e0e00000, 0x00000000e0f00000, 0x00000000e0f00000|100%|HC|  |TAMS 0x00000000e0f00000, 0x00000000e0e00000| Complete 
|  15|0x00000000e0f00000, 0x00000000e1000000, 0x00000000e1000000|100%|HS|  |TAMS 0x00000000e1000000, 0x00000000e0f00000| Complete 
|  16|0x00000000e1000000, 0x00000000e1100000, 0x00000000e1100000|100%|HC|  |TAMS 0x00000000e1100000, 0x00000000e1000000| Complete 
|  17|0x00000000e1100000, 0x00000000e1200000, 0x00000000e1200000|100%|HC|  |TAMS 0x00000000e1200000, 0x00000000e1100000| Complete 
|  18|0x00000000e1200000, 0x00000000e1300000, 0x00000000e1300000|100%|HS|  |TAMS 0x00000000e1300000, 0x00000000e1200000| Complete 
|  19|0x00000000e1300000, 0x00000000e1400000, 0x00000000e1400000|100%|HC|  |TAMS 0x00000000e1400000, 0x00000000e1300000| Complete 
|  20|0x00000000e1400000, 0x00000000e1500000, 0x00000000e1500000|100%|HC|  |TAMS 0x00000000e1500000, 0x00000000e1400000| Complete 
|  21|0x00000000e1500000, 0x00000000e1600000, 0x00000000e1600000|100%|HC|  |TAMS 0x00000000e1600000, 0x00000000e1500000| Complete 
|  22|0x00000000e1600000, 0x00000000e1700000, 0x00000000e1700000|100%| O|  |TAMS 0x00000000e1700000, 0x00000000e1600000| Untracked 
|  23|0x00000000e1700000, 0x00000000e1800000, 0x00000000e1800000|100%| O|  |TAMS 0x00000000e1800000, 0x00000000e1700000| Untracked 
|  24|0x00000000e1800000, 0x00000000e1900000, 0x00000000e1900000|100%| O|  |TAMS 0x00000000e1900000, 0x00000000e1800000| Untracked 
|  25|0x00000000e1900000, 0x00000000e1a00000, 0x00000000e1a00000|100%|HS|  |TAMS 0x00000000e1a00000, 0x00000000e1900000| Complete 
|  26|0x00000000e1a00000, 0x00000000e1b00000, 0x00000000e1b00000|100%|HS|  |TAMS 0x00000000e1b00000, 0x00000000e1a00000| Complete 
|  27|0x00000000e1b00000, 0x00000000e1c00000, 0x00000000e1c00000|100%|HC|  |TAMS 0x00000000e1c00000, 0x00000000e1b00000| Complete 
|  28|0x00000000e1c00000, 0x00000000e1d00000, 0x00000000e1d00000|100%| O|  |TAMS 0x00000000e1d00000, 0x00000000e1c00000| Untracked 
|  29|0x00000000e1d00000, 0x00000000e1e00000, 0x00000000e1e00000|100%| O|  |TAMS 0x00000000e1e00000, 0x00000000e1d00000| Untracked 
|  30|0x00000000e1e00000, 0x00000000e1f00000, 0x00000000e1f00000|100%| O|  |TAMS 0x00000000e1f00000, 0x00000000e1e00000| Untracked 
|  31|0x00000000e1f00000, 0x00000000e2000000, 0x00000000e2000000|100%| O|  |TAMS 0x00000000e2000000, 0x00000000e1f00000| Untracked 
|  32|0x00000000e2000000, 0x00000000e2100000, 0x00000000e2100000|100%|HS|  |TAMS 0x00000000e2100000, 0x00000000e2000000| Complete 
|  33|0x00000000e2100000, 0x00000000e2200000, 0x00000000e2200000|100%|HC|  |TAMS 0x00000000e2200000, 0x00000000e2100000| Complete 
|  34|0x00000000e2200000, 0x00000000e2300000, 0x00000000e2300000|100%|HC|  |TAMS 0x00000000e2300000, 0x00000000e2200000| Complete 
|  35|0x00000000e2300000, 0x00000000e2400000, 0x00000000e2400000|100%| O|  |TAMS 0x00000000e2400000, 0x00000000e2300000| Untracked 
|  36|0x00000000e2400000, 0x00000000e2500000, 0x00000000e2500000|100%| O|  |TAMS 0x00000000e2500000, 0x00000000e2400000| Untracked 
|  37|0x00000000e2500000, 0x00000000e2600000, 0x00000000e2600000|100%| O|  |TAMS 0x00000000e2600000, 0x00000000e2500000| Untracked 
|  38|0x00000000e2600000, 0x00000000e2700000, 0x00000000e2700000|100%| O|  |TAMS 0x00000000e2700000, 0x00000000e2600000| Untracked 
|  39|0x00000000e2700000, 0x00000000e2800000, 0x00000000e2800000|100%| O|  |TAMS 0x00000000e2800000, 0x00000000e2700000| Untracked 
|  40|0x00000000e2800000, 0x00000000e2900000, 0x00000000e2900000|100%| O|  |TAMS 0x00000000e2900000, 0x00000000e2800000| Untracked 
|  41|0x00000000e2900000, 0x00000000e2a00000, 0x00000000e2a00000|100%| O|  |TAMS 0x00000000e2a00000, 0x00000000e2900000| Untracked 
|  42|0x00000000e2a00000, 0x00000000e2b00000, 0x00000000e2b00000|100%| O|  |TAMS 0x00000000e2b00000, 0x00000000e2a00000| Untracked 
|  43|0x00000000e2b00000, 0x00000000e2c00000, 0x00000000e2c00000|100%| O|  |TAMS 0x00000000e2c00000, 0x00000000e2b00000| Untracked 
|  44|0x00000000e2c00000, 0x00000000e2d00000, 0x00000000e2d00000|100%| O|  |TAMS 0x00000000e2d00000, 0x00000000e2c00000| Untracked 
|  45|0x00000000e2d00000, 0x00000000e2e00000, 0x00000000e2e00000|100%| O|  |TAMS 0x00000000e2e00000, 0x00000000e2d00000| Untracked 
|  46|0x00000000e2e00000, 0x00000000e2f00000, 0x00000000e2f00000|100%| O|  |TAMS 0x00000000e2f00000, 0x00000000e2e00000| Untracked 
|  47|0x00000000e2f00000, 0x00000000e3000000, 0x00000000e3000000|100%| O|  |TAMS 0x00000000e3000000, 0x00000000e2f00000| Untracked 
|  48|0x00000000e3000000, 0x00000000e3100000, 0x00000000e3100000|100%| O|  |TAMS 0x00000000e3100000, 0x00000000e3000000| Untracked 
|  49|0x00000000e3100000, 0x00000000e3200000, 0x00000000e3200000|100%| O|  |TAMS 0x00000000e3200000, 0x00000000e3100000| Untracked 
|  50|0x00000000e3200000, 0x00000000e3300000, 0x00000000e3300000|100%| O|  |TAMS 0x00000000e3300000, 0x00000000e3200000| Untracked 
|  51|0x00000000e3300000, 0x00000000e3400000, 0x00000000e3400000|100%| O|  |TAMS 0x00000000e3400000, 0x00000000e3300000| Untracked 
|  52|0x00000000e3400000, 0x00000000e3500000, 0x00000000e3500000|100%| O|  |TAMS 0x00000000e3500000, 0x00000000e3400000| Untracked 
|  53|0x00000000e3500000, 0x00000000e3600000, 0x00000000e3600000|100%| O|  |TAMS 0x00000000e3593e00, 0x00000000e3500000| Untracked 
|  54|0x00000000e3600000, 0x00000000e3700000, 0x00000000e3700000|100%| O|  |TAMS 0x00000000e3600000, 0x00000000e3600000| Untracked 
|  55|0x00000000e3700000, 0x00000000e3800000, 0x00000000e3800000|100%| O|  |TAMS 0x00000000e3700000, 0x00000000e3700000| Untracked 
|  56|0x00000000e3800000, 0x00000000e3900000, 0x00000000e3900000|100%| O|  |TAMS 0x00000000e3800000, 0x00000000e3800000| Untracked 
|  57|0x00000000e3900000, 0x00000000e3a00000, 0x00000000e3a00000|100%| O|  |TAMS 0x00000000e3900000, 0x00000000e3900000| Untracked 
|  58|0x00000000e3a00000, 0x00000000e3b00000, 0x00000000e3b00000|100%| O|  |TAMS 0x00000000e3a00000, 0x00000000e3a00000| Untracked 
|  59|0x00000000e3b00000, 0x00000000e3c00000, 0x00000000e3c00000|100%| O|  |TAMS 0x00000000e3b00000, 0x00000000e3b00000| Untracked 
|  60|0x00000000e3c00000, 0x00000000e3d00000, 0x00000000e3d00000|100%| O|  |TAMS 0x00000000e3c00000, 0x00000000e3c00000| Untracked 
|  61|0x00000000e3d00000, 0x00000000e3e00000, 0x00000000e3e00000|100%| O|  |TAMS 0x00000000e3d00000, 0x00000000e3d00000| Untracked 
|  62|0x00000000e3e00000, 0x00000000e3f00000, 0x00000000e3f00000|100%| O|  |TAMS 0x00000000e3e00000, 0x00000000e3e00000| Untracked 
|  63|0x00000000e3f00000, 0x00000000e4000000, 0x00000000e4000000|100%| O|  |TAMS 0x00000000e3f00000, 0x00000000e3f00000| Untracked 
|  64|0x00000000e4000000, 0x00000000e4100000, 0x00000000e4100000|100%| O|  |TAMS 0x00000000e4000000, 0x00000000e4000000| Untracked 
|  65|0x00000000e4100000, 0x00000000e4200000, 0x00000000e4200000|100%| O|  |TAMS 0x00000000e4100000, 0x00000000e4100000| Untracked 
|  66|0x00000000e4200000, 0x00000000e4300000, 0x00000000e4300000|100%| O|  |TAMS 0x00000000e4200000, 0x00000000e4200000| Untracked 
|  67|0x00000000e4300000, 0x00000000e4400000, 0x00000000e4400000|100%| O|  |TAMS 0x00000000e4300000, 0x00000000e4300000| Untracked 
|  68|0x00000000e4400000, 0x00000000e4500000, 0x00000000e4500000|100%| O|  |TAMS 0x00000000e4400000, 0x00000000e4400000| Untracked 
|  69|0x00000000e4500000, 0x00000000e4600000, 0x00000000e4600000|100%| O|  |TAMS 0x00000000e4500000, 0x00000000e4500000| Untracked 
|  70|0x00000000e4600000, 0x00000000e4700000, 0x00000000e4700000|100%| O|  |TAMS 0x00000000e4600000, 0x00000000e4600000| Untracked 
|  71|0x00000000e4700000, 0x00000000e4800000, 0x00000000e4800000|100%| O|  |TAMS 0x00000000e4700000, 0x00000000e4700000| Untracked 
|  72|0x00000000e4800000, 0x00000000e4900000, 0x00000000e4900000|100%| O|  |TAMS 0x00000000e4800000, 0x00000000e4800000| Untracked 
|  73|0x00000000e4900000, 0x00000000e4a00000, 0x00000000e4a00000|100%| O|  |TAMS 0x00000000e4900000, 0x00000000e4900000| Untracked 
|  74|0x00000000e4a00000, 0x00000000e4b00000, 0x00000000e4b00000|100%| O|  |TAMS 0x00000000e4a00000, 0x00000000e4a00000| Untracked 
|  75|0x00000000e4b00000, 0x00000000e4c00000, 0x00000000e4c00000|100%| O|  |TAMS 0x00000000e4b00000, 0x00000000e4b00000| Untracked 
|  76|0x00000000e4c00000, 0x00000000e4d00000, 0x00000000e4d00000|100%| O|  |TAMS 0x00000000e4c00000, 0x00000000e4c00000| Untracked 
|  77|0x00000000e4d00000, 0x00000000e4e00000, 0x00000000e4e00000|100%| O|  |TAMS 0x00000000e4d00000, 0x00000000e4d00000| Untracked 
|  78|0x00000000e4e00000, 0x00000000e4f00000, 0x00000000e4f00000|100%| O|  |TAMS 0x00000000e4e00000, 0x00000000e4e00000| Untracked 
|  79|0x00000000e4f00000, 0x00000000e5000000, 0x00000000e5000000|100%| O|  |TAMS 0x00000000e4f00000, 0x00000000e4f00000| Untracked 
|  80|0x00000000e5000000, 0x00000000e5100000, 0x00000000e5100000|100%| O|  |TAMS 0x00000000e5000000, 0x00000000e5000000| Untracked 
|  81|0x00000000e5100000, 0x00000000e5200000, 0x00000000e5200000|100%| O|  |TAMS 0x00000000e5100000, 0x00000000e5100000| Untracked 
|  82|0x00000000e5200000, 0x00000000e5300000, 0x00000000e5300000|100%|HS|  |TAMS 0x00000000e5200000, 0x00000000e5200000| Complete 
|  83|0x00000000e5300000, 0x00000000e5300000, 0x00000000e5400000|  0%| F|  |TAMS 0x00000000e5300000, 0x00000000e5300000| Untracked 
|  84|0x00000000e5400000, 0x00000000e5400000, 0x00000000e5500000|  0%| F|  |TAMS 0x00000000e5400000, 0x00000000e5400000| Untracked 
|  85|0x00000000e5500000, 0x00000000e5500000, 0x00000000e5600000|  0%| F|  |TAMS 0x00000000e5500000, 0x00000000e5500000| Untracked 
|  86|0x00000000e5600000, 0x00000000e5600000, 0x00000000e5700000|  0%| F|  |TAMS 0x00000000e5600000, 0x00000000e5600000| Untracked 
|  87|0x00000000e5700000, 0x00000000e5700000, 0x00000000e5800000|  0%| F|  |TAMS 0x00000000e5700000, 0x00000000e5700000| Untracked 
|  88|0x00000000e5800000, 0x00000000e5800000, 0x00000000e5900000|  0%| F|  |TAMS 0x00000000e5800000, 0x00000000e5800000| Untracked 
|  89|0x00000000e5900000, 0x00000000e5900000, 0x00000000e5a00000|  0%| F|  |TAMS 0x00000000e5900000, 0x00000000e5900000| Untracked 
|  90|0x00000000e5a00000, 0x00000000e5a00000, 0x00000000e5b00000|  0%| F|  |TAMS 0x00000000e5a00000, 0x00000000e5a00000| Untracked 
|  91|0x00000000e5b00000, 0x00000000e5b00000, 0x00000000e5c00000|  0%| F|  |TAMS 0x00000000e5b00000, 0x00000000e5b00000| Untracked 
|  92|0x00000000e5c00000, 0x00000000e5c00000, 0x00000000e5d00000|  0%| F|  |TAMS 0x00000000e5c00000, 0x00000000e5c00000| Untracked 
|  93|0x00000000e5d00000, 0x00000000e5d00000, 0x00000000e5e00000|  0%| F|  |TAMS 0x00000000e5d00000, 0x00000000e5d00000| Untracked 
|  94|0x00000000e5e00000, 0x00000000e5e00000, 0x00000000e5f00000|  0%| F|  |TAMS 0x00000000e5e00000, 0x00000000e5e00000| Untracked 
|  95|0x00000000e5f00000, 0x00000000e5f00000, 0x00000000e6000000|  0%| F|  |TAMS 0x00000000e5f00000, 0x00000000e5f00000| Untracked 
|  96|0x00000000e6000000, 0x00000000e6000000, 0x00000000e6100000|  0%| F|  |TAMS 0x00000000e6000000, 0x00000000e6000000| Untracked 
|  97|0x00000000e6100000, 0x00000000e6100000, 0x00000000e6200000|  0%| F|  |TAMS 0x00000000e6100000, 0x00000000e6100000| Untracked 
|  98|0x00000000e6200000, 0x00000000e6200000, 0x00000000e6300000|  0%| F|  |TAMS 0x00000000e6200000, 0x00000000e6200000| Untracked 
|  99|0x00000000e6300000, 0x00000000e6300000, 0x00000000e6400000|  0%| F|  |TAMS 0x00000000e6300000, 0x00000000e6300000| Untracked 
| 100|0x00000000e6400000, 0x00000000e6400000, 0x00000000e6500000|  0%| F|  |TAMS 0x00000000e6400000, 0x00000000e6400000| Untracked 
| 101|0x00000000e6500000, 0x00000000e6500000, 0x00000000e6600000|  0%| F|  |TAMS 0x00000000e6500000, 0x00000000e6500000| Untracked 
| 102|0x00000000e6600000, 0x00000000e6600000, 0x00000000e6700000|  0%| F|  |TAMS 0x00000000e6600000, 0x00000000e6600000| Untracked 
| 103|0x00000000e6700000, 0x00000000e6700000, 0x00000000e6800000|  0%| F|  |TAMS 0x00000000e6700000, 0x00000000e6700000| Untracked 
| 104|0x00000000e6800000, 0x00000000e6800000, 0x00000000e6900000|  0%| F|  |TAMS 0x00000000e6800000, 0x00000000e6800000| Untracked 
| 105|0x00000000e6900000, 0x00000000e6900000, 0x00000000e6a00000|  0%| F|  |TAMS 0x00000000e6900000, 0x00000000e6900000| Untracked 
| 106|0x00000000e6a00000, 0x00000000e6a6d520, 0x00000000e6b00000| 42%| S|CS|TAMS 0x00000000e6a00000, 0x00000000e6a00000| Complete 
| 107|0x00000000e6b00000, 0x00000000e6c00000, 0x00000000e6c00000|100%| S|CS|TAMS 0x00000000e6b00000, 0x00000000e6b00000| Complete 
| 108|0x00000000e6c00000, 0x00000000e6c00000, 0x00000000e6d00000|  0%| F|  |TAMS 0x00000000e6c00000, 0x00000000e6c00000| Untracked 
| 109|0x00000000e6d00000, 0x00000000e6d00000, 0x00000000e6e00000|  0%| F|  |TAMS 0x00000000e6d00000, 0x00000000e6d00000| Untracked 
| 110|0x00000000e6e00000, 0x00000000e6e00000, 0x00000000e6f00000|  0%| F|  |TAMS 0x00000000e6e00000, 0x00000000e6e00000| Untracked 
| 111|0x00000000e6f00000, 0x00000000e6f00000, 0x00000000e7000000|  0%| F|  |TAMS 0x00000000e6f00000, 0x00000000e6f00000| Untracked 
| 112|0x00000000e7000000, 0x00000000e7000000, 0x00000000e7100000|  0%| F|  |TAMS 0x00000000e7000000, 0x00000000e7000000| Untracked 
| 113|0x00000000e7100000, 0x00000000e7100000, 0x00000000e7200000|  0%| F|  |TAMS 0x00000000e7100000, 0x00000000e7100000| Untracked 
| 114|0x00000000e7200000, 0x00000000e7300000, 0x00000000e7300000|100%| S|CS|TAMS 0x00000000e7200000, 0x00000000e7200000| Complete 
| 115|0x00000000e7300000, 0x00000000e7400000, 0x00000000e7400000|100%| S|CS|TAMS 0x00000000e7300000, 0x00000000e7300000| Complete 
| 116|0x00000000e7400000, 0x00000000e7500000, 0x00000000e7500000|100%| S|CS|TAMS 0x00000000e7400000, 0x00000000e7400000| Complete 
| 117|0x00000000e7500000, 0x00000000e7600000, 0x00000000e7600000|100%| S|CS|TAMS 0x00000000e7500000, 0x00000000e7500000| Complete 
| 118|0x00000000e7600000, 0x00000000e7600000, 0x00000000e7700000|  0%| F|  |TAMS 0x00000000e7600000, 0x00000000e7600000| Untracked 
| 119|0x00000000e7700000, 0x00000000e7800000, 0x00000000e7800000|100%| S|CS|TAMS 0x00000000e7700000, 0x00000000e7700000| Complete 
| 120|0x00000000e7800000, 0x00000000e7900000, 0x00000000e7900000|100%| S|CS|TAMS 0x00000000e7800000, 0x00000000e7800000| Complete 
| 121|0x00000000e7900000, 0x00000000e7a00000, 0x00000000e7a00000|100%| S|CS|TAMS 0x00000000e7900000, 0x00000000e7900000| Complete 
| 122|0x00000000e7a00000, 0x00000000e7b00000, 0x00000000e7b00000|100%| S|CS|TAMS 0x00000000e7a00000, 0x00000000e7a00000| Complete 
| 123|0x00000000e7b00000, 0x00000000e7b00000, 0x00000000e7c00000|  0%| F|  |TAMS 0x00000000e7b00000, 0x00000000e7b00000| Untracked 
| 124|0x00000000e7c00000, 0x00000000e7c00000, 0x00000000e7d00000|  0%| F|  |TAMS 0x00000000e7c00000, 0x00000000e7c00000| Untracked 
| 125|0x00000000e7d00000, 0x00000000e7d00000, 0x00000000e7e00000|  0%| F|  |TAMS 0x00000000e7d00000, 0x00000000e7d00000| Untracked 
| 126|0x00000000e7e00000, 0x00000000e7e00000, 0x00000000e7f00000|  0%| F|  |TAMS 0x00000000e7e00000, 0x00000000e7e00000| Untracked 
| 127|0x00000000e7f00000, 0x00000000e7f00000, 0x00000000e8000000|  0%| F|  |TAMS 0x00000000e7f00000, 0x00000000e7f00000| Untracked 
| 128|0x00000000e8000000, 0x00000000e8000000, 0x00000000e8100000|  0%| F|  |TAMS 0x00000000e8000000, 0x00000000e8000000| Untracked 
| 129|0x00000000e8100000, 0x00000000e8100000, 0x00000000e8200000|  0%| F|  |TAMS 0x00000000e8100000, 0x00000000e8100000| Untracked 
| 130|0x00000000e8200000, 0x00000000e8200000, 0x00000000e8300000|  0%| F|  |TAMS 0x00000000e8200000, 0x00000000e8200000| Untracked 
| 131|0x00000000e8300000, 0x00000000e83250a0, 0x00000000e8400000| 14%| E|  |TAMS 0x00000000e8300000, 0x00000000e8300000| Complete 
| 132|0x00000000e8400000, 0x00000000e8500000, 0x00000000e8500000|100%| E|CS|TAMS 0x00000000e8400000, 0x00000000e8400000| Complete 
| 133|0x00000000e8500000, 0x00000000e8600000, 0x00000000e8600000|100%| E|CS|TAMS 0x00000000e8500000, 0x00000000e8500000| Complete 
| 134|0x00000000e8600000, 0x00000000e8700000, 0x00000000e8700000|100%| E|CS|TAMS 0x00000000e8600000, 0x00000000e8600000| Complete 
| 135|0x00000000e8700000, 0x00000000e8800000, 0x00000000e8800000|100%| E|CS|TAMS 0x00000000e8700000, 0x00000000e8700000| Complete 
| 136|0x00000000e8800000, 0x00000000e8900000, 0x00000000e8900000|100%| E|CS|TAMS 0x00000000e8800000, 0x00000000e8800000| Complete 
| 137|0x00000000e8900000, 0x00000000e8a00000, 0x00000000e8a00000|100%| E|CS|TAMS 0x00000000e8900000, 0x00000000e8900000| Complete 
| 138|0x00000000e8a00000, 0x00000000e8b00000, 0x00000000e8b00000|100%| E|  |TAMS 0x00000000e8a00000, 0x00000000e8a00000| Complete 
| 139|0x00000000e8b00000, 0x00000000e8c00000, 0x00000000e8c00000|100%| E|CS|TAMS 0x00000000e8b00000, 0x00000000e8b00000| Complete 
| 140|0x00000000e8c00000, 0x00000000e8d00000, 0x00000000e8d00000|100%| E|CS|TAMS 0x00000000e8c00000, 0x00000000e8c00000| Complete 
| 141|0x00000000e8d00000, 0x00000000e8e00000, 0x00000000e8e00000|100%| E|CS|TAMS 0x00000000e8d00000, 0x00000000e8d00000| Complete 
| 142|0x00000000e8e00000, 0x00000000e8f00000, 0x00000000e8f00000|100%| E|CS|TAMS 0x00000000e8e00000, 0x00000000e8e00000| Complete 
| 143|0x00000000e8f00000, 0x00000000e9000000, 0x00000000e9000000|100%| E|CS|TAMS 0x00000000e8f00000, 0x00000000e8f00000| Complete 
| 144|0x00000000e9000000, 0x00000000e9100000, 0x00000000e9100000|100%| E|CS|TAMS 0x00000000e9000000, 0x00000000e9000000| Complete 
| 145|0x00000000e9100000, 0x00000000e9200000, 0x00000000e9200000|100%| E|CS|TAMS 0x00000000e9100000, 0x00000000e9100000| Complete 
| 146|0x00000000e9200000, 0x00000000e9300000, 0x00000000e9300000|100%| E|CS|TAMS 0x00000000e9200000, 0x00000000e9200000| Complete 
| 147|0x00000000e9300000, 0x00000000e9400000, 0x00000000e9400000|100%| E|CS|TAMS 0x00000000e9300000, 0x00000000e9300000| Complete 
| 148|0x00000000e9400000, 0x00000000e9500000, 0x00000000e9500000|100%| E|CS|TAMS 0x00000000e9400000, 0x00000000e9400000| Complete 
| 149|0x00000000e9500000, 0x00000000e9600000, 0x00000000e9600000|100%| E|CS|TAMS 0x00000000e9500000, 0x00000000e9500000| Complete 
| 150|0x00000000e9600000, 0x00000000e9700000, 0x00000000e9700000|100%| E|CS|TAMS 0x00000000e9600000, 0x00000000e9600000| Complete 
| 151|0x00000000e9700000, 0x00000000e9800000, 0x00000000e9800000|100%| E|CS|TAMS 0x00000000e9700000, 0x00000000e9700000| Complete 
| 152|0x00000000e9800000, 0x00000000e9900000, 0x00000000e9900000|100%| E|CS|TAMS 0x00000000e9800000, 0x00000000e9800000| Complete 
| 153|0x00000000e9900000, 0x00000000e9a00000, 0x00000000e9a00000|100%| E|CS|TAMS 0x00000000e9900000, 0x00000000e9900000| Complete 
| 154|0x00000000e9a00000, 0x00000000e9b00000, 0x00000000e9b00000|100%| E|CS|TAMS 0x00000000e9a00000, 0x00000000e9a00000| Complete 
| 155|0x00000000e9b00000, 0x00000000e9c00000, 0x00000000e9c00000|100%| E|CS|TAMS 0x00000000e9b00000, 0x00000000e9b00000| Complete 
| 156|0x00000000e9c00000, 0x00000000e9d00000, 0x00000000e9d00000|100%| E|CS|TAMS 0x00000000e9c00000, 0x00000000e9c00000| Complete 
| 157|0x00000000e9d00000, 0x00000000e9e00000, 0x00000000e9e00000|100%| E|CS|TAMS 0x00000000e9d00000, 0x00000000e9d00000| Complete 
| 158|0x00000000e9e00000, 0x00000000e9f00000, 0x00000000e9f00000|100%| E|CS|TAMS 0x00000000e9e00000, 0x00000000e9e00000| Complete 
| 159|0x00000000e9f00000, 0x00000000ea000000, 0x00000000ea000000|100%| E|CS|TAMS 0x00000000e9f00000, 0x00000000e9f00000| Complete 
| 160|0x00000000ea000000, 0x00000000ea100000, 0x00000000ea100000|100%| E|CS|TAMS 0x00000000ea000000, 0x00000000ea000000| Complete 
| 161|0x00000000ea100000, 0x00000000ea200000, 0x00000000ea200000|100%| E|CS|TAMS 0x00000000ea100000, 0x00000000ea100000| Complete 
| 162|0x00000000ea200000, 0x00000000ea300000, 0x00000000ea300000|100%| E|CS|TAMS 0x00000000ea200000, 0x00000000ea200000| Complete 
| 163|0x00000000ea300000, 0x00000000ea400000, 0x00000000ea400000|100%| E|CS|TAMS 0x00000000ea300000, 0x00000000ea300000| Complete 
| 164|0x00000000ea400000, 0x00000000ea500000, 0x00000000ea500000|100%| E|CS|TAMS 0x00000000ea400000, 0x00000000ea400000| Complete 
| 165|0x00000000ea500000, 0x00000000ea600000, 0x00000000ea600000|100%| E|CS|TAMS 0x00000000ea500000, 0x00000000ea500000| Complete 
| 166|0x00000000ea600000, 0x00000000ea700000, 0x00000000ea700000|100%| E|CS|TAMS 0x00000000ea600000, 0x00000000ea600000| Complete 
| 167|0x00000000ea700000, 0x00000000ea800000, 0x00000000ea800000|100%| E|CS|TAMS 0x00000000ea700000, 0x00000000ea700000| Complete 
| 168|0x00000000ea800000, 0x00000000ea900000, 0x00000000ea900000|100%| E|CS|TAMS 0x00000000ea800000, 0x00000000ea800000| Complete 
| 169|0x00000000ea900000, 0x00000000eaa00000, 0x00000000eaa00000|100%| E|CS|TAMS 0x00000000ea900000, 0x00000000ea900000| Complete 
| 170|0x00000000eaa00000, 0x00000000eab00000, 0x00000000eab00000|100%| E|CS|TAMS 0x00000000eaa00000, 0x00000000eaa00000| Complete 
| 171|0x00000000eab00000, 0x00000000eac00000, 0x00000000eac00000|100%| E|CS|TAMS 0x00000000eab00000, 0x00000000eab00000| Complete 
| 172|0x00000000eac00000, 0x00000000ead00000, 0x00000000ead00000|100%| E|CS|TAMS 0x00000000eac00000, 0x00000000eac00000| Complete 
| 173|0x00000000ead00000, 0x00000000eae00000, 0x00000000eae00000|100%| E|CS|TAMS 0x00000000ead00000, 0x00000000ead00000| Complete 
| 174|0x00000000eae00000, 0x00000000eaf00000, 0x00000000eaf00000|100%| E|CS|TAMS 0x00000000eae00000, 0x00000000eae00000| Complete 
| 175|0x00000000eaf00000, 0x00000000eb000000, 0x00000000eb000000|100%| E|CS|TAMS 0x00000000eaf00000, 0x00000000eaf00000| Complete 
| 176|0x00000000eb000000, 0x00000000eb100000, 0x00000000eb100000|100%| E|CS|TAMS 0x00000000eb000000, 0x00000000eb000000| Complete 
| 177|0x00000000eb100000, 0x00000000eb200000, 0x00000000eb200000|100%| E|CS|TAMS 0x00000000eb100000, 0x00000000eb100000| Complete 
| 178|0x00000000eb200000, 0x00000000eb300000, 0x00000000eb300000|100%| E|CS|TAMS 0x00000000eb200000, 0x00000000eb200000| Complete 
| 179|0x00000000eb300000, 0x00000000eb400000, 0x00000000eb400000|100%| E|CS|TAMS 0x00000000eb300000, 0x00000000eb300000| Complete 
| 180|0x00000000eb400000, 0x00000000eb500000, 0x00000000eb500000|100%| E|CS|TAMS 0x00000000eb400000, 0x00000000eb400000| Complete 
| 181|0x00000000eb500000, 0x00000000eb600000, 0x00000000eb600000|100%| E|CS|TAMS 0x00000000eb500000, 0x00000000eb500000| Complete 
| 182|0x00000000eb600000, 0x00000000eb700000, 0x00000000eb700000|100%| E|CS|TAMS 0x00000000eb600000, 0x00000000eb600000| Complete 
| 183|0x00000000eb700000, 0x00000000eb800000, 0x00000000eb800000|100%| E|CS|TAMS 0x00000000eb700000, 0x00000000eb700000| Complete 
| 184|0x00000000eb800000, 0x00000000eb900000, 0x00000000eb900000|100%| E|CS|TAMS 0x00000000eb800000, 0x00000000eb800000| Complete 
| 185|0x00000000eb900000, 0x00000000eba00000, 0x00000000eba00000|100%| E|CS|TAMS 0x00000000eb900000, 0x00000000eb900000| Complete 
| 186|0x00000000eba00000, 0x00000000ebb00000, 0x00000000ebb00000|100%| E|CS|TAMS 0x00000000eba00000, 0x00000000eba00000| Complete 
| 187|0x00000000ebb00000, 0x00000000ebc00000, 0x00000000ebc00000|100%| E|CS|TAMS 0x00000000ebb00000, 0x00000000ebb00000| Complete 
| 188|0x00000000ebc00000, 0x00000000ebd00000, 0x00000000ebd00000|100%| E|CS|TAMS 0x00000000ebc00000, 0x00000000ebc00000| Complete 
| 189|0x00000000ebd00000, 0x00000000ebe00000, 0x00000000ebe00000|100%| E|CS|TAMS 0x00000000ebd00000, 0x00000000ebd00000| Complete 

Card table byte_map: [0x0000021731610000,0x0000021731710000] _byte_map_base: 0x0000021730f10000

Marking Bits (Prev, Next): (CMBitMap*) 0x000002171ecb3ba8, (CMBitMap*) 0x000002171ecb3be0
 Prev Bits: [0x0000021731810000, 0x0000021732010000)
 Next Bits: [0x0000021732010000, 0x0000021732810000)

Polling page: 0x000002171cb20000

Metaspace:

Usage:
  Non-class:     85.70 MB capacity,    84.01 MB ( 98%) used,     1.43 MB (  2%) free+waste,   265.00 KB ( <1%) overhead. 
      Class:     13.25 MB capacity,    12.36 MB ( 93%) used,   796.41 KB (  6%) free+waste,   123.06 KB ( <1%) overhead. 
       Both:     98.96 MB capacity,    96.37 MB ( 97%) used,     2.21 MB (  2%) free+waste,   388.06 KB ( <1%) overhead. 

Virtual space:
  Non-class space:       86.00 MB reserved,      85.91 MB (>99%) committed 
      Class space:        1.00 GB reserved,      13.38 MB (  1%) committed 
             Both:        1.08 GB reserved,      99.28 MB (  9%) committed 

Chunk freelists:
   Non-Class:  16.00 KB
       Class:  0 bytes
        Both:  16.00 KB

MaxMetaspaceSize: 17179869184.00 GB
CompressedClassSpaceSize: 1.00 GB

CodeHeap 'non-profiled nmethods': size=120064Kb used=5507Kb max_used=5914Kb free=114556Kb
 bounds [0x000002172a0d0000, 0x000002172a6a0000, 0x0000021731610000]
CodeHeap 'profiled nmethods': size=120000Kb used=22325Kb max_used=23297Kb free=97674Kb
 bounds [0x0000021722ba0000, 0x0000021724270000, 0x000002172a0d0000]
CodeHeap 'non-nmethods': size=5696Kb used=2295Kb max_used=2327Kb free=3400Kb
 bounds [0x0000021722610000, 0x0000021722880000, 0x0000021722ba0000]
 total_blobs=11337 nmethods=10441 adapters=806
 compilation: enabled
              stopped_count=0, restarted_count=0
 full_count=0

Compilation events (20 events):
Event: 25.800 Thread 0x00000217357ac800 nmethod 11188 0x0000021724260490 code [0x0000021724260740, 0x0000021724261458]
Event: 25.801 Thread 0x00000217357ac800 11187       1       java.lang.Short::shortValue (5 bytes)
Event: 25.801 Thread 0x00000217357ac800 nmethod 11187 0x000002172a695e90 code [0x000002172a696040, 0x000002172a6960f8]
Event: 25.805 Thread 0x00000217357ac800 11193       3       java.io.ObjectStreamClass$FieldReflector::getObjFieldValues (99 bytes)
Event: 25.806 Thread 0x00000217357ac800 nmethod 11193 0x0000021724261990 code [0x0000021724261ba0, 0x00000217242621f8]
Event: 25.806 Thread 0x00000217357ac800 11194       3       java.io.ObjectOutputStream$BlockDataOutputStream::writeBlockHeader (70 bytes)
Event: 25.806 Thread 0x00000217357ac800 nmethod 11194 0x0000021724262510 code [0x0000021724262700, 0x0000021724262ac8]
Event: 25.806 Thread 0x00000217357ac800 11195       3       java.io.ObjectOutputStream::writeInt (9 bytes)
Event: 25.807 Thread 0x00000217357ac800 nmethod 11195 0x0000021724262c90 code [0x0000021724262e40, 0x0000021724262f88]
Event: 25.808 Thread 0x00000217357ac800 11196       1       java.lang.reflect.Constructor::getSlot (5 bytes)
Event: 25.808 Thread 0x00000217357ac800 nmethod 11196 0x000002172a696190 code [0x000002172a696340, 0x000002172a6963f8]
Event: 25.808 Thread 0x00000217357ac800 11197       1       java.lang.reflect.Constructor::getRawAnnotations (5 bytes)
Event: 25.808 Thread 0x00000217357ac800 nmethod 11197 0x000002172a696490 code [0x000002172a696640, 0x000002172a6966f8]
Event: 25.808 Thread 0x00000217357ac800 11198       1       java.lang.reflect.Constructor::getRawParameterAnnotations (5 bytes)
Event: 25.808 Thread 0x00000217357ac800 nmethod 11198 0x000002172a696790 code [0x000002172a696940, 0x000002172a6969f8]
Event: 25.828 Thread 0x00000217357ac800 11199       3       java.io.ObjectStreamClass::getSerialVersionUID (33 bytes)
Event: 25.829 Thread 0x00000217357ac800 nmethod 11199 0x0000021724263090 code [0x0000021724263280, 0x00000217242636c8]
Event: 25.831 Thread 0x00000217357ac800 11201  s    3       java.net.URL::writeObject (5 bytes)
Event: 25.831 Thread 0x00000217357ac800 nmethod 11201 0x0000021724263810 code [0x00000217242639e0, 0x0000021724263d08]
Event: 25.831 Thread 0x00000217357ac800 11202   !   3       jdk.internal.reflect.GeneratedMethodAccessor22::invoke (66 bytes)

GC Heap History (20 events):
Event: 9.272 GC heap before
{Heap before GC invocations=10 (full 0):
 garbage-first heap   total 194560K, used 141316K [0x00000000e0000000, 0x0000000100000000)
  region size 1024K, 105 young (107520K), 10 survivors (10240K)
 Metaspace       used 46922K, capacity 48421K, committed 48684K, reserved 1091584K
  class space    used 6015K, capacity 6485K, committed 6528K, reserved 1048576K
}
Event: 9.300 GC heap after
{Heap after GC invocations=11 (full 0):
 garbage-first heap   total 194560K, used 55210K [0x00000000e0000000, 0x0000000100000000)
  region size 1024K, 14 young (14336K), 14 survivors (14336K)
 Metaspace       used 46922K, capacity 48421K, committed 48684K, reserved 1091584K
  class space    used 6015K, capacity 6485K, committed 6528K, reserved 1048576K
}
Event: 11.779 GC heap before
{Heap before GC invocations=11 (full 0):
 garbage-first heap   total 194560K, used 139178K [0x00000000e0000000, 0x0000000100000000)
  region size 1024K, 97 young (99328K), 14 survivors (14336K)
 Metaspace       used 58150K, capacity 59703K, committed 59808K, reserved 1101824K
  class space    used 7366K, capacity 7891K, committed 7936K, reserved 1048576K
}
Event: 11.807 GC heap after
{Heap after GC invocations=12 (full 0):
 garbage-first heap   total 194560K, used 60492K [0x00000000e0000000, 0x0000000100000000)
  region size 1024K, 6 young (6144K), 6 survivors (6144K)
 Metaspace       used 58150K, capacity 59703K, committed 59808K, reserved 1101824K
  class space    used 7366K, capacity 7891K, committed 7936K, reserved 1048576K
}
Event: 11.808 GC heap before
{Heap before GC invocations=12 (full 0):
 garbage-first heap   total 194560K, used 60492K [0x00000000e0000000, 0x0000000100000000)
  region size 1024K, 7 young (7168K), 6 survivors (6144K)
 Metaspace       used 58152K, capacity 59703K, committed 59808K, reserved 1101824K
  class space    used 7366K, capacity 7891K, committed 7936K, reserved 1048576K
}
Event: 11.820 GC heap after
{Heap after GC invocations=13 (full 0):
 garbage-first heap   total 194560K, used 60622K [0x00000000e0000000, 0x0000000100000000)
  region size 1024K, 6 young (6144K), 6 survivors (6144K)
 Metaspace       used 58152K, capacity 59703K, committed 59808K, reserved 1101824K
  class space    used 7366K, capacity 7891K, committed 7936K, reserved 1048576K
}
Event: 13.723 GC heap before
{Heap before GC invocations=14 (full 0):
 garbage-first heap   total 194560K, used 139470K [0x00000000e0000000, 0x0000000100000000)
  region size 1024K, 82 young (83968K), 6 survivors (6144K)
 Metaspace       used 65653K, capacity 67387K, committed 67488K, reserved 1107968K
  class space    used 8268K, capacity 8861K, committed 8960K, reserved 1048576K
}
Event: 13.747 GC heap after
{Heap after GC invocations=15 (full 0):
 garbage-first heap   total 194560K, used 66127K [0x00000000e0000000, 0x0000000100000000)
  region size 1024K, 11 young (11264K), 11 survivors (11264K)
 Metaspace       used 65653K, capacity 67387K, committed 67488K, reserved 1107968K
  class space    used 8268K, capacity 8861K, committed 8960K, reserved 1048576K
}
Event: 15.977 GC heap before
{Heap before GC invocations=16 (full 0):
 garbage-first heap   total 194560K, used 143951K [0x00000000e0000000, 0x0000000100000000)
  region size 1024K, 87 young (89088K), 11 survivors (11264K)
 Metaspace       used 73264K, capacity 75118K, committed 75296K, reserved 1114112K
  class space    used 9437K, capacity 10085K, committed 10112K, reserved 1048576K
}
Event: 16.006 GC heap after
{Heap after GC invocations=17 (full 0):
 garbage-first heap   total 194560K, used 71182K [0x00000000e0000000, 0x0000000100000000)
  region size 1024K, 6 young (6144K), 6 survivors (6144K)
 Metaspace       used 73264K, capacity 75118K, committed 75296K, reserved 1114112K
  class space    used 9437K, capacity 10085K, committed 10112K, reserved 1048576K
}
Event: 17.545 GC heap before
{Heap before GC invocations=17 (full 0):
 garbage-first heap   total 194560K, used 147982K [0x00000000e0000000, 0x0000000100000000)
  region size 1024K, 81 young (82944K), 6 survivors (6144K)
 Metaspace       used 77722K, capacity 79707K, committed 79904K, reserved 1118208K
  class space    used 10102K, capacity 10778K, committed 10880K, reserved 1048576K
}
Event: 17.564 GC heap after
{Heap after GC invocations=18 (full 0):
 garbage-first heap   total 194560K, used 74805K [0x00000000e0000000, 0x0000000100000000)
  region size 1024K, 9 young (9216K), 9 survivors (9216K)
 Metaspace       used 77722K, capacity 79707K, committed 79904K, reserved 1118208K
  class space    used 10102K, capacity 10778K, committed 10880K, reserved 1048576K
}
Event: 20.505 GC heap before
{Heap before GC invocations=18 (full 0):
 garbage-first heap   total 194560K, used 151605K [0x00000000e0000000, 0x0000000100000000)
  region size 1024K, 84 young (86016K), 9 survivors (9216K)
 Metaspace       used 83452K, capacity 85534K, committed 85792K, reserved 1124352K
  class space    used 10868K, capacity 11593K, committed 11648K, reserved 1048576K
}
Event: 20.534 GC heap after
{Heap after GC invocations=19 (full 0):
 garbage-first heap   total 194560K, used 80268K [0x00000000e0000000, 0x0000000100000000)
  region size 1024K, 10 young (10240K), 10 survivors (10240K)
 Metaspace       used 83452K, capacity 85534K, committed 85792K, reserved 1124352K
  class space    used 10868K, capacity 11593K, committed 11648K, reserved 1048576K
}
Event: 22.327 GC heap before
{Heap before GC invocations=19 (full 0):
 garbage-first heap   total 194560K, used 152972K [0x00000000e0000000, 0x0000000100000000)
  region size 1024K, 82 young (83968K), 10 survivors (10240K)
 Metaspace       used 88005K, capacity 90177K, committed 90400K, reserved 1128448K
  class space    used 11410K, capacity 12152K, committed 12160K, reserved 1048576K
}
Event: 22.352 GC heap after
{Heap after GC invocations=20 (full 0):
 garbage-first heap   total 194560K, used 84222K [0x00000000e0000000, 0x0000000100000000)
  region size 1024K, 9 young (9216K), 9 survivors (9216K)
 Metaspace       used 88005K, capacity 90177K, committed 90400K, reserved 1128448K
  class space    used 11410K, capacity 12152K, committed 12160K, reserved 1048576K
}
Event: 23.705 GC heap before
{Heap before GC invocations=20 (full 0):
 garbage-first heap   total 194560K, used 156926K [0x00000000e0000000, 0x0000000100000000)
  region size 1024K, 80 young (81920K), 9 survivors (9216K)
 Metaspace       used 92756K, capacity 95087K, committed 95264K, reserved 1132544K
  class space    used 12001K, capacity 12803K, committed 12928K, reserved 1048576K
}
Event: 23.730 GC heap after
{Heap after GC invocations=21 (full 0):
 garbage-first heap   total 194560K, used 89519K [0x00000000e0000000, 0x0000000100000000)
  region size 1024K, 10 young (10240K), 10 survivors (10240K)
 Metaspace       used 92756K, capacity 95087K, committed 95264K, reserved 1132544K
  class space    used 12001K, capacity 12803K, committed 12928K, reserved 1048576K
}
Event: 24.753 GC heap before
{Heap before GC invocations=21 (full 0):
 garbage-first heap   total 194560K, used 157103K [0x00000000e0000000, 0x0000000100000000)
  region size 1024K, 77 young (78848K), 10 survivors (10240K)
 Metaspace       used 93953K, capacity 96361K, committed 96544K, reserved 1132544K
  class space    used 12089K, capacity 12900K, committed 12928K, reserved 1048576K
}
Event: 24.778 GC heap after
{Heap after GC invocations=22 (full 0):
 garbage-first heap   total 194560K, used 93621K [0x00000000e0000000, 0x0000000100000000)
  region size 1024K, 10 young (10240K), 10 survivors (10240K)
 Metaspace       used 93953K, capacity 96361K, committed 96544K, reserved 1132544K
  class space    used 12089K, capacity 12900K, committed 12928K, reserved 1048576K
}

Deoptimization events (20 events):
Event: 25.218 Thread 0x0000021736a47000 Uncommon trap: trap_request=0xffffffc6 fr.pc=0x000002172a5591c8 relative=0x0000000000001b68
Event: 25.218 Thread 0x0000021736a47000 Uncommon trap: reason=bimorphic_or_optimized_type_check action=maybe_recompile pc=0x000002172a5591c8 method=java.util.concurrent.ConcurrentHashMap.putVal(Ljava/lang/Object;Ljava/lang/Object;Z)Ljava/lang/Object; @ 159 c2
Event: 25.218 Thread 0x0000021736a47000 DEOPT PACKING pc=0x000002172a5591c8 sp=0x000000cb1e6f9620
Event: 25.218 Thread 0x0000021736a47000 DEOPT UNPACKING pc=0x00000217226374af sp=0x000000cb1e6f95c0 mode 2
Event: 25.715 Thread 0x0000021736a47000 Uncommon trap: trap_request=0xffffffc6 fr.pc=0x000002172a2d2f18 relative=0x0000000000000158
Event: 25.715 Thread 0x0000021736a47000 Uncommon trap: reason=bimorphic_or_optimized_type_check action=maybe_recompile pc=0x000002172a2d2f18 method=java.util.regex.Pattern$BmpCharPredicate.lambda$union$2(Ljava/util/regex/Pattern$CharPredicate;I)Z @ 12 c2
Event: 25.715 Thread 0x0000021736a47000 DEOPT PACKING pc=0x000002172a2d2f18 sp=0x000000cb1e6faaa0
Event: 25.715 Thread 0x0000021736a47000 DEOPT UNPACKING pc=0x00000217226374af sp=0x000000cb1e6fa9b8 mode 2
Event: 25.716 Thread 0x0000021736a47000 Uncommon trap: trap_request=0xffffffc6 fr.pc=0x000002172a2d2f18 relative=0x0000000000000158
Event: 25.716 Thread 0x0000021736a47000 Uncommon trap: reason=bimorphic_or_optimized_type_check action=maybe_recompile pc=0x000002172a2d2f18 method=java.util.regex.Pattern$BmpCharPredicate.lambda$union$2(Ljava/util/regex/Pattern$CharPredicate;I)Z @ 12 c2
Event: 25.716 Thread 0x0000021736a47000 DEOPT PACKING pc=0x000002172a2d2f18 sp=0x000000cb1e6faaa0
Event: 25.716 Thread 0x0000021736a47000 DEOPT UNPACKING pc=0x00000217226374af sp=0x000000cb1e6fa9b8 mode 2
Event: 25.716 Thread 0x0000021736a47000 Uncommon trap: trap_request=0xffffffc6 fr.pc=0x000002172a2d2f18 relative=0x0000000000000158
Event: 25.716 Thread 0x0000021736a47000 Uncommon trap: reason=bimorphic_or_optimized_type_check action=maybe_recompile pc=0x000002172a2d2f18 method=java.util.regex.Pattern$BmpCharPredicate.lambda$union$2(Ljava/util/regex/Pattern$CharPredicate;I)Z @ 12 c2
Event: 25.716 Thread 0x0000021736a47000 DEOPT PACKING pc=0x000002172a2d2f18 sp=0x000000cb1e6fa940
Event: 25.716 Thread 0x0000021736a47000 DEOPT UNPACKING pc=0x00000217226374af sp=0x000000cb1e6fa858 mode 2
Event: 25.716 Thread 0x0000021736a47000 Uncommon trap: trap_request=0xffffffc6 fr.pc=0x000002172a2d2f18 relative=0x0000000000000158
Event: 25.716 Thread 0x0000021736a47000 Uncommon trap: reason=bimorphic_or_optimized_type_check action=maybe_recompile pc=0x000002172a2d2f18 method=java.util.regex.Pattern$BmpCharPredicate.lambda$union$2(Ljava/util/regex/Pattern$CharPredicate;I)Z @ 12 c2
Event: 25.716 Thread 0x0000021736a47000 DEOPT PACKING pc=0x000002172a2d2f18 sp=0x000000cb1e6fa940
Event: 25.716 Thread 0x0000021736a47000 DEOPT UNPACKING pc=0x00000217226374af sp=0x000000cb1e6fa858 mode 2

Classes redefined (0 events):
No events

Internal exceptions (20 events):
Event: 23.237 Thread 0x0000021736a47000 Exception <a 'java/lang/ClassNotFoundException'{0x00000000e89338c0}: org/gradle/api/internal/tasks/DefaultTaskContainer_DecoratedCustomizer> (0x00000000e89338c0) thrown at [./src/hotspot/share/classfile/systemDictionary.cpp, line 231]
Event: 23.248 Thread 0x0000021736a47000 Exception <a 'java/lang/ClassNotFoundException'{0x00000000e89b21d8}: java/lang/SystemBeanInfo> (0x00000000e89b21d8) thrown at [./src/hotspot/share/classfile/systemDictionary.cpp, line 231]
Event: 23.248 Thread 0x0000021736a47000 Exception <a 'java/lang/ClassNotFoundException'{0x00000000e89b8920}: java/lang/SystemCustomizer> (0x00000000e89b8920) thrown at [./src/hotspot/share/classfile/systemDictionary.cpp, line 231]
Event: 23.269 Thread 0x0000021736a47000 Exception <a 'java/lang/ClassNotFoundException'{0x00000000e8850350}: org/gradle/api/tasks/SourceSetBeanInfo> (0x00000000e8850350) thrown at [./src/hotspot/share/classfile/systemDictionary.cpp, line 231]
Event: 23.270 Thread 0x0000021736a47000 Exception <a 'java/lang/ClassNotFoundException'{0x00000000e8864d80}: org/gradle/api/tasks/SourceSetCustomizer> (0x00000000e8864d80) thrown at [./src/hotspot/share/classfile/systemDictionary.cpp, line 231]
Event: 23.274 Thread 0x0000021736a47000 Exception <a 'java/lang/ClassNotFoundException'{0x00000000e88dd330}: java/util/LinkedHashMapBeanInfo> (0x00000000e88dd330) thrown at [./src/hotspot/share/classfile/systemDictionary.cpp, line 231]
Event: 23.274 Thread 0x0000021736a47000 Exception <a 'java/lang/ClassNotFoundException'{0x00000000e88e37d8}: java/util/HashMapBeanInfo> (0x00000000e88e37d8) thrown at [./src/hotspot/share/classfile/systemDictionary.cpp, line 231]
Event: 23.274 Thread 0x0000021736a47000 Exception <a 'java/lang/ClassNotFoundException'{0x00000000e88ea788}: java/util/AbstractMapBeanInfo> (0x00000000e88ea788) thrown at [./src/hotspot/share/classfile/systemDictionary.cpp, line 231]
Event: 23.274 Thread 0x0000021736a47000 Exception <a 'java/lang/ClassNotFoundException'{0x00000000e88f11c0}: java/util/AbstractMapCustomizer> (0x00000000e88f11c0) thrown at [./src/hotspot/share/classfile/systemDictionary.cpp, line 231]
Event: 23.275 Thread 0x0000021736a47000 Exception <a 'java/lang/ClassNotFoundException'{0x00000000e8701cb8}: java/util/HashMapCustomizer> (0x00000000e8701cb8) thrown at [./src/hotspot/share/classfile/systemDictionary.cpp, line 231]
Event: 23.277 Thread 0x0000021736a47000 Exception <a 'java/lang/ClassNotFoundException'{0x00000000e871f810}: java/util/LinkedHashMapCustomizer> (0x00000000e871f810) thrown at [./src/hotspot/share/classfile/systemDictionary.cpp, line 231]
Event: 23.838 Thread 0x0000021736a47000 Exception <a 'java/lang/reflect/InvocationTargetException'{0x00000000eb968c78}> (0x00000000eb968c78) thrown at [./src/hotspot/share/runtime/reflection.cpp, line 1247]
Event: 23.892 Thread 0x000002173be34000 Implicit null exception at 0x000002172a61b8a0 to 0x000002172a61bb98
Event: 24.988 Thread 0x0000021736a47000 Exception <a 'java/lang/NoSuchMethodError'{0x00000000eadd2fb8}: 'int java.lang.invoke.DirectMethodHandle$Holder.invokeSpecialIFC(java.lang.Object, java.lang.Object, java.lang.Object)'> (0x00000000eadd2fb8) thrown at [./src/hotspot/share/interpreter/linkResolver.cpp, line 773]
Event: 25.263 Thread 0x0000021736a47000 Exception <a 'java/lang/NoSuchMethodError'{0x00000000ea4a6f48}: 'int java.lang.invoke.DirectMethodHandle$Holder.invokeVirtual(java.lang.Object, java.lang.Object, java.lang.Object)'> (0x00000000ea4a6f48) thrown at [./src/hotspot/share/interpreter/linkResolver.cpp, line 773]
Event: 25.325 Thread 0x0000021736a47000 Exception <a 'java/lang/NoSuchMethodError'{0x00000000ea2fdc90}: 'java.lang.Object java.lang.invoke.DirectMethodHandle$Holder.invokeStatic(java.lang.Object, java.lang.Object, java.lang.Object, java.lang.Object, java.lang.Object, java.lang.Object, java.lang.Object, java.lang.Object, java.lang.Object, java.lang.Object, java.lang.Object, java.lang.Object, java.lang.Object, java.lang.Object, java.lang.Object, java.lang.Object, java.lang.Object, int, java.lang.Object)'> (0x00000000ea2fdc90) thrown at [./src/hots
Event: 25.326 Thread 0x0000021736a47000 Exception <a 'java/lang/NoSuchMethodError'{0x00000000ea103f78}: 'java.lang.Object java.lang.invoke.DirectMethodHandle$Holder.invokeStaticInit(java.lang.Object, java.lang.Object, java.lang.Object, java.lang.Object, java.lang.Object, java.lang.Object, java.lang.Object, java.lang.Object, java.lang.Object, java.lang.Object, java.lang.Object, java.lang.Object, java.lang.Object, java.lang.Object, java.lang.Object, java.lang.Object, java.lang.Object, int, java.lang.Object)'> (0x00000000ea103f78) thrown at [./src/
Event: 25.375 Thread 0x0000021736a47000 Exception <a 'java/lang/NoSuchMethodError'{0x00000000e9f67748}: 'void java.lang.invoke.DirectMethodHandle$Holder.invokeStaticInit(java.lang.Object, java.lang.Object, java.lang.Object, java.lang.Object, java.lang.Object)'> (0x00000000e9f67748) thrown at [./src/hotspot/share/interpreter/linkResolver.cpp, line 773]
Event: 25.404 Thread 0x0000021736a47000 Exception <a 'java/lang/NoSuchMethodError'{0x00000000e9e87918}: 'java.lang.Object java.lang.invoke.DirectMethodHandle$Holder.invokeStatic(java.lang.Object, int, java.lang.Object, java.lang.Object)'> (0x00000000e9e87918) thrown at [./src/hotspot/share/interpreter/linkResolver.cpp, line 773]
Event: 25.830 Thread 0x0000021736b03000 Exception <a 'java/lang/NoSuchMethodError'{0x00000000e848b9f0}: <clinit>> (0x00000000e848b9f0) thrown at [./src/hotspot/share/prims/jni.cpp, line 1362]

Events (20 events):
Event: 25.830 Thread 0x00000217357ae800 flushing nmethod 0x000002172a1f2190
Event: 25.830 Thread 0x00000217357ae800 flushing nmethod 0x000002172a1f4010
Event: 25.830 Thread 0x00000217357ae800 flushing nmethod 0x000002172a208510
Event: 25.830 Thread 0x00000217357ae800 flushing nmethod 0x000002172a208d10
Event: 25.830 Thread 0x00000217357ae800 flushing nmethod 0x000002172a20a490
Event: 25.830 Thread 0x00000217357ae800 flushing nmethod 0x000002172a216590
Event: 25.830 Thread 0x00000217357ae800 flushing nmethod 0x000002172a21b490
Event: 25.830 Thread 0x00000217357ae800 flushing nmethod 0x000002172a223010
Event: 25.830 Thread 0x00000217357ae800 flushing nmethod 0x000002172a22d210
Event: 25.830 Thread 0x00000217357ae800 flushing nmethod 0x000002172a232610
Event: 25.830 Thread 0x00000217357ae800 flushing nmethod 0x000002172a23a190
Event: 25.830 Thread 0x00000217357ae800 flushing nmethod 0x000002172a246f10
Event: 25.830 Thread 0x00000217357ae800 flushing nmethod 0x000002172a256890
Event: 25.830 Thread 0x00000217357ae800 flushing nmethod 0x000002172a25d010
Event: 25.830 Thread 0x00000217357ae800 flushing nmethod 0x000002172a289810
Event: 25.830 Thread 0x00000217357ae800 flushing nmethod 0x000002172a2add90
Event: 25.830 Thread 0x00000217357ae800 flushing nmethod 0x000002172a2ae690
Event: 25.830 Thread 0x00000217357ae800 flushing nmethod 0x000002172a2ca690
Event: 25.830 Thread 0x00000217357ae800 flushing nmethod 0x000002172a310e90
Event: 25.830 Thread 0x00000217357ae800 flushing nmethod 0x000002172a32ed10


Dynamic libraries:
0x00007ff72d240000 - 0x00007ff72d24a000 	C:\Program Files\Android\Android Studio\jre\bin\java.exe
0x00007ffffe3c0000 - 0x00007ffffe5c7000 	C:\Windows\SYSTEM32\ntdll.dll
0x00007ffffd660000 - 0x00007ffffd71d000 	C:\Windows\System32\KERNEL32.DLL
0x00007ffffba30000 - 0x00007ffffbda2000 	C:\Windows\System32\KERNELBASE.dll
0x00007ffffbe30000 - 0x00007ffffbf41000 	C:\Windows\System32\ucrtbase.dll
0x00007fffb63a0000 - 0x00007fffb63b9000 	C:\Program Files\Android\Android Studio\jre\bin\jli.dll
0x00007fffb6380000 - 0x00007fffb6397000 	C:\Program Files\Android\Android Studio\jre\bin\VCRUNTIME140.dll
0x00007ffffe1c0000 - 0x00007ffffe36c000 	C:\Windows\System32\USER32.dll
0x00007ffffb8e0000 - 0x00007ffffb906000 	C:\Windows\System32\win32u.dll
0x00007fffe3340000 - 0x00007fffe35e5000 	C:\Windows\WinSxS\amd64_microsoft.windows.common-controls_6595b64144ccf1df_6.0.21996.1_none_7d6b053978bcd706\COMCTL32.dll
0x00007ffffc310000 - 0x00007ffffc339000 	C:\Windows\System32\GDI32.dll
0x00007ffffd740000 - 0x00007ffffd7e3000 	C:\Windows\System32\msvcrt.dll
0x00007ffffb910000 - 0x00007ffffba22000 	C:\Windows\System32\gdi32full.dll
0x00007ffffc010000 - 0x00007ffffc0ad000 	C:\Windows\System32\msvcp_win.dll
0x00007ffffce10000 - 0x00007ffffce41000 	C:\Windows\System32\IMM32.DLL
0x00007fffb62e0000 - 0x00007fffb637d000 	C:\Program Files\Android\Android Studio\jre\bin\msvcp140.dll
0x00007fffb2560000 - 0x00007fffb301c000 	C:\Program Files\Android\Android Studio\jre\bin\server\jvm.dll
0x00007ffffc500000 - 0x00007ffffc5ac000 	C:\Windows\System32\ADVAPI32.dll
0x00007ffffc5b0000 - 0x00007ffffc64d000 	C:\Windows\System32\sechost.dll
0x00007ffffc370000 - 0x00007ffffc491000 	C:\Windows\System32\RPCRT4.dll
0x00007ffffe370000 - 0x00007ffffe378000 	C:\Windows\System32\PSAPI.DLL
0x00007ffff8780000 - 0x00007ffff8789000 	C:\Windows\SYSTEM32\WSOCK32.dll
0x00007ffff6cd0000 - 0x00007ffff6d03000 	C:\Windows\SYSTEM32\WINMM.dll
0x00007ffffd7f0000 - 0x00007ffffd85f000 	C:\Windows\System32\WS2_32.dll
0x00007ffff4440000 - 0x00007ffff444a000 	C:\Windows\SYSTEM32\VERSION.dll
0x00007ffffab00000 - 0x00007ffffab17000 	C:\Windows\SYSTEM32\kernel.appcore.dll
0x00007ffff7af0000 - 0x00007ffff7b01000 	C:\Program Files\Android\Android Studio\jre\bin\verify.dll
0x00007ffff4fd0000 - 0x00007ffff51f1000 	C:\Windows\SYSTEM32\DBGHELP.DLL
0x00007ffff4680000 - 0x00007ffff46b1000 	C:\Windows\SYSTEM32\dbgcore.DLL
0x00007ffffbdb0000 - 0x00007ffffbe30000 	C:\Windows\System32\bcryptPrimitives.dll
0x00007ffff6f80000 - 0x00007ffff6fa9000 	C:\Program Files\Android\Android Studio\jre\bin\java.dll
0x00007ffff8770000 - 0x00007ffff877b000 	C:\Program Files\Android\Android Studio\jre\bin\jimage.dll
0x00007ffff54f0000 - 0x00007ffff5508000 	C:\Program Files\Android\Android Studio\jre\bin\zip.dll
0x00007ffffce50000 - 0x00007ffffd5b9000 	C:\Windows\System32\SHELL32.dll
0x00007ffff9ab0000 - 0x00007ffffa308000 	C:\Windows\SYSTEM32\windows.storage.dll
0x00007ffffdd90000 - 0x00007ffffe105000 	C:\Windows\System32\combase.dll
0x00007ffff9940000 - 0x00007ffff9aa6000 	C:\Windows\SYSTEM32\wintypes.dll
0x00007ffffd860000 - 0x00007ffffd94a000 	C:\Windows\System32\SHCORE.dll
0x00007ffffc4a0000 - 0x00007ffffc4fd000 	C:\Windows\System32\shlwapi.dll
0x00007ffffb810000 - 0x00007ffffb831000 	C:\Windows\SYSTEM32\profapi.dll
0x00007ffff54d0000 - 0x00007ffff54ea000 	C:\Program Files\Android\Android Studio\jre\bin\net.dll
0x00007ffff69d0000 - 0x00007ffff6adc000 	C:\Windows\SYSTEM32\WINHTTP.dll
0x00007ffffaf10000 - 0x00007ffffaf77000 	C:\Windows\system32\mswsock.dll
0x00007ffff4130000 - 0x00007ffff4144000 	C:\Program Files\Android\Android Studio\jre\bin\nio.dll
0x00007fffaefa0000 - 0x00007fffaefc7000 	C:\Users\Developer\.gradle\native\f6784746aeab05261644944871eae4fe03e0ef1612fff0a4a95f87b438bc6780\windows-amd64\native-platform.dll
0x00007ffff8740000 - 0x00007ffff874a000 	C:\Program Files\Android\Android Studio\jre\bin\management.dll
0x00007ffff8280000 - 0x00007ffff828c000 	C:\Program Files\Android\Android Studio\jre\bin\management_ext.dll
0x00007ffffb150000 - 0x00007ffffb168000 	C:\Windows\SYSTEM32\CRYPTSP.dll
0x00007ffffaa60000 - 0x00007ffffaa95000 	C:\Windows\system32\rsaenh.dll
0x00007ffffb000000 - 0x00007ffffb029000 	C:\Windows\SYSTEM32\USERENV.dll
0x00007ffffb2d0000 - 0x00007ffffb2f7000 	C:\Windows\SYSTEM32\bcrypt.dll
0x00007ffffb170000 - 0x00007ffffb17c000 	C:\Windows\SYSTEM32\CRYPTBASE.dll
0x00007ffffa640000 - 0x00007ffffa66d000 	C:\Windows\SYSTEM32\IPHLPAPI.DLL
0x00007ffffc360000 - 0x00007ffffc369000 	C:\Windows\System32\NSI.dll
0x00007ffff6bb0000 - 0x00007ffff6bc9000 	C:\Windows\SYSTEM32\dhcpcsvc6.DLL
0x00007ffff7910000 - 0x00007ffff792e000 	C:\Windows\SYSTEM32\dhcpcsvc.DLL
0x00007ffffa670000 - 0x00007ffffa755000 	C:\Windows\SYSTEM32\DNSAPI.dll
0x00007ffff6ba0000 - 0x00007ffff6bac000 	C:\Windows\SYSTEM32\WINNSI.DLL

dbghelp: loaded successfully - version: 4.0.5 - missing functions: none
symbol engine: initialized successfully - sym options: 0x614 - pdb path: .;C:\Program Files\Android\Android Studio\jre\bin;C:\Windows\SYSTEM32;C:\Windows\WinSxS\amd64_microsoft.windows.common-controls_6595b64144ccf1df_6.0.21996.1_none_7d6b053978bcd706;C:\Program Files\Android\Android Studio\jre\bin\server;C:\Users\Developer\.gradle\native\f6784746aeab05261644944871eae4fe03e0ef1612fff0a4a95f87b438bc6780\windows-amd64

VM Arguments:
jvm_args: --add-opens=java.base/java.util=ALL-UNNAMED --add-opens=java.base/java.lang=ALL-UNNAMED --add-opens=java.base/java.lang.invoke=ALL-UNNAMED --add-opens=java.prefs/java.util.prefs=ALL-UNNAMED -Xmx512m -Dfile.encoding=windows-1252 -Duser.country=US -Duser.language=en -Duser.variant 
java_command: org.gradle.launcher.daemon.bootstrap.GradleDaemon 6.5
java_class_path (initial): C:\Users\Developer\.gradle\wrapper\dists\gradle-6.5-bin\6nifqtx7604sqp1q6g8wikw7p\gradle-6.5\lib\gradle-launcher-6.5.jar
Launcher Type: SUN_STANDARD

[Global flags]
     intx CICompilerCount                          = 3                                         {product} {ergonomic}
     uint ConcGCThreads                            = 1                                         {product} {ergonomic}
     uint G1ConcRefinementThreads                  = 4                                         {product} {ergonomic}
   size_t G1HeapRegionSize                         = 1048576                                   {product} {ergonomic}
    uintx GCDrainStackTargetSize                   = 64                                        {product} {ergonomic}
   size_t InitialHeapSize                          = 199229440                                 {product} {ergonomic}
   size_t MarkStackSize                            = 4194304                                   {product} {ergonomic}
   size_t MaxHeapSize                              = 536870912                                 {product} {command line}
   size_t MaxNewSize                               = 321912832                                 {product} {ergonomic}
   size_t MinHeapDeltaBytes                        = 1048576                                   {product} {ergonomic}
    uintx NonNMethodCodeHeapSize                   = 5830732                                {pd product} {ergonomic}
    uintx NonProfiledCodeHeapSize                  = 122913754                              {pd product} {ergonomic}
    uintx ProfiledCodeHeapSize                     = 122913754                              {pd product} {ergonomic}
    uintx ReservedCodeCacheSize                    = 251658240                              {pd product} {ergonomic}
     bool SegmentedCodeCache                       = true                                      {product} {ergonomic}
     bool UseCompressedClassPointers               = true                                 {lp64_product} {ergonomic}
     bool UseCompressedOops                        = true                                 {lp64_product} {ergonomic}
     bool UseG1GC                                  = true                                      {product} {ergonomic}
     bool UseLargePagesIndividualAllocation        = false                                  {pd product} {ergonomic}

Logging:
Log output configuration:
 #0: stdout all=warning uptime,level,tags
 #1: stderr all=off uptime,level,tags

Environment Variables:
PATH=C:\Windows\system32;C:\Windows;C:\Windows\System32\Wbem;C:\Windows\System32\WindowsPowerShell\v1.0\;C:\Windows\System32\OpenSSH\;C:\Users\Developer\AppData\Local\Microsoft\WindowsApps;
USERNAME=Developer
OS=Windows_NT
PROCESSOR_IDENTIFIER=Intel64 Family 6 Model 142 Stepping 10, GenuineIntel



---------------  S Y S T E M  ---------------

OS: Windows 10 , 64 bit Build 21996 (10.0.21996.1)
OS uptime: 0 days 1:42 hours

CPU:total 4 (initial active 4) (2 cores per cpu, 2 threads per core) family 6 model 142 stepping 10, cmov, cx8, fxsr, mmx, sse, sse2, sse3, ssse3, sse4.1, sse4.2, popcnt, avx, avx2, aes, clmul, erms, 3dnowpref, lzcnt, ht, tsc, tscinvbit, bmi1, bmi2, adx, fma

Memory: 4k page, system-wide physical 12154M (973M free)
TotalPageFile size 27271M (AvailPageFile size 4M)
current process WorkingSet (physical memory assigned to process): 453M, peak: 453M
current process commit charge ("private bytes"): 487M, peak: 487M

vm_info: OpenJDK 64-Bit Server VM (11.0.8+10-b944.6842174) for windows-amd64 JRE (11.0.8+10-b944.6842174), built on Sep 19 2020 01:11:42 by "builder" with MS VC++ 14.0 (VS2015)

END.
