#
# There is insufficient memory for the Java Runtime Environment to continue.
# Native memory allocation (mmap) failed to map 37748736 bytes for Failed to commit area from 0x00000000f0f00000 to 0x00000000f3300000 of length 37748736.
# Possible reasons:
#   The system is out of physical RAM or swap space
#   The process is running with CompressedOops enabled, and the Java Heap may be blocking the growth of the native heap
# Possible solutions:
#   Reduce memory load on the system
#   Increase physical memory or swap space
#   Check if swap backing store is full
#   Decrease Java heap size (-Xmx/-Xms)
#   Decrease number of Java threads
#   Decrease Java thread stack sizes (-Xss)
#   Set larger code cache with -XX:ReservedCodeCacheSize=
#   JVM is running with Unscaled Compressed Oops mode in which the Java heap is
#     placed in the first 4GB address space. The Java Heap base address is the
#     maximum limit for the native heap growth. Please use -XX:HeapBaseMinAddress
#     to set the Java Heap base and to place the Java Heap above 4GB virtual address.
# This output file may be truncated or incomplete.
#
#  Out of Memory Error (./src/hotspot/os/windows/os_windows.cpp:3301), pid=10312, tid=12428
#
# JRE version: OpenJDK Runtime Environment (11.0.10) (build 11.0.10+0-b96-7249189)
# Java VM: OpenJDK 64-Bit Server VM (11.0.10+0-b96-7249189, mixed mode, tiered, compressed oops, g1 gc, windows-amd64)
# No core dump will be written. Minidumps are not enabled by default on client versions of Windows
#

---------------  S U M M A R Y ------------

Command Line: --add-opens=java.base/java.util=ALL-UNNAMED --add-opens=java.base/java.lang=ALL-UNNAMED --add-opens=java.base/java.lang.invoke=ALL-UNNAMED --add-opens=java.prefs/java.util.prefs=ALL-UNNAMED -Xmx512m -Dfile.encoding=windows-1252 -Duser.country=US -Duser.language=en -Duser.variant org.gradle.launcher.daemon.bootstrap.GradleDaemon 6.5

Host: Intel(R) Core(TM) i3-7020U CPU @ 2.30GHz, 4 cores, 11G,  Windows 10 , 64 bit Build 21996 (10.0.21996.1)
Time: Mon Dec 20 15:24:25 2021 Pakistan Standard Time elapsed time: 145.587512 seconds (0d 0h 2m 25s)

---------------  T H R E A D  ---------------

Current thread (0x00000192a9459800):  VMThread "VM Thread" [stack: 0x0000006408800000,0x0000006408900000] [id=12428]

Stack: [0x0000006408800000,0x0000006408900000]
[error occurred during error reporting (printing stack bounds), id 0xc0000005, EXCEPTION_ACCESS_VIOLATION (0xc0000005) at pc=0x0000019296c80f2d]

Native frames: (J=compiled Java code, j=interpreted, Vv=VM code, C=native code)
V  [jvm.dll+0x5ecfaa]
V  [jvm.dll+0x722bd5]
V  [jvm.dll+0x72412d]
V  [jvm.dll+0x724745]
V  [jvm.dll+0x7246fb]
V  [jvm.dll+0x5ec348]
V  [jvm.dll+0x5ecad8]
C  [ntdll.dll+0xa7c5f]
C  [ntdll.dll+0x359ba]
C  [ntdll.dll+0xa6c6e]
C  0x0000019296c80f2d

VM_Operation (0x0000006412df9b80): G1CollectForAllocation, mode: safepoint, requested by thread 0x00000192aca84000


---------------  P R O C E S S  ---------------

Threads class SMR info:
_java_thread_list=0x00000192b34ba930, length=61, elements={
0x000001929318a800, 0x00000192a945d000, 0x00000192a9488000, 0x00000192a949f800,
0x00000192a94a0000, 0x00000192a94a1800, 0x00000192a94a5000, 0x00000192a94ac000,
0x00000192a94af000, 0x00000192a9f5e800, 0x00000192ab522800, 0x00000192aacca800,
0x00000192aadff800, 0x00000192ab6f1000, 0x00000192ab92c000, 0x00000192abc88000,
0x00000192abc89000, 0x00000192abc84000, 0x00000192aca89800, 0x00000192aca84800,
0x00000192b0dbe000, 0x00000192b0dbb800, 0x00000192b0dbf000, 0x00000192b0dbc800,
0x00000192b0dc0000, 0x00000192b0dba000, 0x00000192b0dc0800, 0x00000192b0dbb000,
0x00000192b0dc7000, 0x00000192b0dc6800, 0x00000192b0dc5800, 0x00000192b0dc4800,
0x00000192b0dc2800, 0x00000192b0dc8000, 0x00000192b0dc3000, 0x00000192b0dc4000,
0x00000192aca84000, 0x00000192aca8a800, 0x00000192aca8c000, 0x00000192aca8d000,
0x00000192ab98a000, 0x00000192ab984800, 0x00000192abc8a000, 0x00000192abc8a800,
0x00000192aca8d800, 0x00000192b2f57800, 0x00000192b2f59800, 0x00000192b2f58000,
0x00000192b2f5b800, 0x00000192b2f5e800, 0x00000192b2f5c000, 0x00000192b2f5f800,
0x00000192b2f60000, 0x00000192b2f5a800, 0x00000192b2f62000, 0x00000192b2f63800,
0x00000192b2f5e000, 0x00000192b2f64800, 0x00000192b2f66000, 0x00000192b2f61000,
0x00000192b2f6b000
}

Java Threads: ( => current thread )
  0x000001929318a800 JavaThread "main" [_thread_blocked, id=18100, stack(0x0000006408200000,0x0000006408300000)]
  0x00000192a945d000 JavaThread "Reference Handler" daemon [_thread_blocked, id=12932, stack(0x0000006408900000,0x0000006408a00000)]
  0x00000192a9488000 JavaThread "Finalizer" daemon [_thread_blocked, id=10272, stack(0x0000006408a00000,0x0000006408b00000)]
  0x00000192a949f800 JavaThread "Signal Dispatcher" daemon [_thread_blocked, id=14132, stack(0x0000006408b00000,0x0000006408c00000)]
  0x00000192a94a0000 JavaThread "Attach Listener" daemon [_thread_blocked, id=13820, stack(0x0000006408c00000,0x0000006408d00000)]
  0x00000192a94a1800 JavaThread "Service Thread" daemon [_thread_blocked, id=16540, stack(0x0000006408d00000,0x0000006408e00000)]
  0x00000192a94a5000 JavaThread "C2 CompilerThread0" daemon [_thread_blocked, id=10780, stack(0x0000006408e00000,0x0000006408f00000)]
  0x00000192a94ac000 JavaThread "C1 CompilerThread0" daemon [_thread_blocked, id=17700, stack(0x0000006408f00000,0x0000006409000000)]
  0x00000192a94af000 JavaThread "Sweeper thread" daemon [_thread_blocked, id=5924, stack(0x0000006409000000,0x0000006409100000)]
  0x00000192a9f5e800 JavaThread "Common-Cleaner" daemon [_thread_blocked, id=5844, stack(0x0000006409100000,0x0000006409200000)]
  0x00000192ab522800 JavaThread "Daemon health stats" [_thread_blocked, id=1336, stack(0x0000006409700000,0x0000006409800000)]
  0x00000192aacca800 JavaThread "Incoming local TCP Connector on port 62167" [_thread_in_native, id=1224, stack(0x0000006409900000,0x0000006409a00000)]
  0x00000192aadff800 JavaThread "Daemon periodic checks" [_thread_blocked, id=17976, stack(0x0000006409b00000,0x0000006409c00000)]
  0x00000192ab6f1000 JavaThread "Daemon" [_thread_blocked, id=4804, stack(0x0000006409c00000,0x0000006409d00000)]
  0x00000192ab92c000 JavaThread "Daemon worker" [_thread_blocked, id=16940, stack(0x0000006409f00000,0x000000640a000000)]
  0x00000192abc88000 JavaThread "Cache worker for journal cache (C:\Users\Developer\.gradle\caches\journal-1)" [_thread_blocked, id=17476, stack(0x000000640a300000,0x000000640a400000)]
  0x00000192abc89000 JavaThread "File lock request listener" [_thread_in_native, id=14360, stack(0x000000640a400000,0x000000640a500000)]
  0x00000192abc84000 JavaThread "Cache worker for file hash cache (C:\Users\Developer\.gradle\caches\6.5\fileHashes)" [_thread_blocked, id=12052, stack(0x0000006409a00000,0x0000006409b00000)]
  0x00000192aca89800 JavaThread "Cache worker for execution history cache (C:\Users\Developer\.gradle\caches\6.5\executionHistory)" [_thread_blocked, id=11128, stack(0x000000640be00000,0x000000640bf00000)]
  0x00000192aca84800 JavaThread "Cache worker for file content cache (C:\Users\Developer\.gradle\caches\6.5\fileContent)" [_thread_blocked, id=8100, stack(0x000000640bf00000,0x000000640c000000)]
  0x00000192b0dbe000 JavaThread "Memory manager" [_thread_blocked, id=16420, stack(0x0000006412a00000,0x0000006412b00000)]
  0x00000192b0dbb800 JavaThread "Handler for socket connection from /127.0.0.1:62167 to /127.0.0.1:59491" [_thread_in_native, id=10148, stack(0x0000006409d00000,0x0000006409e00000)]
  0x00000192b0dbf000 JavaThread "Cancel handler" [_thread_blocked, id=16112, stack(0x0000006409e00000,0x0000006409f00000)]
  0x00000192b0dbc800 JavaThread "Asynchronous log dispatcher for DefaultDaemonConnection: socket connection from /127.0.0.1:62167 to /127.0.0.1:59491" [_thread_blocked, id=15148, stack(0x000000640a000000,0x000000640a100000)]
  0x00000192b0dc0000 JavaThread "Thread-150" [_thread_blocked, id=7332, stack(0x000000640a200000,0x000000640a300000)]
  0x00000192b0dba000 JavaThread "Cache worker for file hash cache (E:\Fawad\goseek\GoSeek\.gradle\6.5\fileHashes)" [_thread_blocked, id=16844, stack(0x000000640a600000,0x000000640a700000)]
  0x00000192b0dc0800 JavaThread "Cache worker for checksums cache (E:\Fawad\goseek\GoSeek\.gradle\checksums)" [_thread_blocked, id=11280, stack(0x000000640a800000,0x000000640a900000)]
  0x00000192b0dbb000 JavaThread "Cache worker for cache directory md-supplier (C:\Users\Developer\.gradle\caches\6.5\md-supplier)" [_thread_blocked, id=4116, stack(0x000000640bb00000,0x000000640bc00000)]
  0x00000192b0dc7000 JavaThread "Cache worker for cache directory md-rule (C:\Users\Developer\.gradle\caches\6.5\md-rule)" [_thread_blocked, id=9996, stack(0x000000640bc00000,0x000000640bd00000)]
  0x00000192b0dc6800 JavaThread "Build operations" [_thread_blocked, id=17736, stack(0x000000640c100000,0x000000640c200000)]
  0x00000192b0dc5800 JavaThread "Build operations Thread 2" [_thread_blocked, id=11092, stack(0x000000640c200000,0x000000640c300000)]
  0x00000192b0dc4800 JavaThread "Build operations Thread 3" [_thread_blocked, id=11196, stack(0x000000640c300000,0x000000640c400000)]
  0x00000192b0dc2800 JavaThread "Build operations Thread 4" [_thread_blocked, id=16744, stack(0x000000640c400000,0x000000640c500000)]
  0x00000192b0dc8000 JavaThread "Cache worker for Build Output Cleanup Cache (E:\Fawad\goseek\GoSeek\.gradle\buildOutputCleanup)" [_thread_blocked, id=17460, stack(0x0000006412800000,0x0000006412900000)]
  0x00000192b0dc3000 JavaThread "pool-3-thread-1" [_thread_blocked, id=16980, stack(0x0000006412900000,0x0000006412a00000)]
  0x00000192b0dc4000 JavaThread "Cache worker for file content cache (E:\Fawad\goseek\GoSeek\.gradle\6.5\fileContent)" [_thread_blocked, id=10448, stack(0x0000006412c00000,0x0000006412d00000)]
  0x00000192aca84000 JavaThread "Execution worker for ':'" [_thread_blocked, id=14628, stack(0x0000006412d00000,0x0000006412e00000)]
  0x00000192aca8a800 JavaThread "Execution worker for ':' Thread 2" [_thread_blocked, id=912, stack(0x0000006412e00000,0x0000006412f00000)]
  0x00000192aca8c000 JavaThread "Execution worker for ':' Thread 3" [_thread_blocked, id=14136, stack(0x0000006412f00000,0x0000006413000000)]
  0x00000192aca8d000 JavaThread "Cache worker for execution history cache (E:\Fawad\goseek\GoSeek\.gradle\6.5\executionHistory)" [_thread_blocked, id=8912, stack(0x0000006413000000,0x0000006413100000)]
  0x00000192ab98a000 JavaThread "WorkerExecutor Queue" [_thread_blocked, id=1468, stack(0x0000006408000000,0x0000006408100000)]
  0x00000192ab984800 JavaThread "WorkerExecutor Queue Thread 2" [_thread_blocked, id=3320, stack(0x000000640c000000,0x000000640c100000)]
  0x00000192abc8a000 JavaThread "WorkerExecutor Queue Thread 3" [_thread_blocked, id=12656, stack(0x0000006413100000,0x0000006413200000)]
  0x00000192abc8a800 JavaThread "WorkerExecutor Queue Thread 4" [_thread_blocked, id=9548, stack(0x0000006413200000,0x0000006413300000)]
  0x00000192aca8d800 JavaThread "Java2D Disposer" daemon [_thread_blocked, id=9980, stack(0x0000006413400000,0x0000006413500000)]
  0x00000192b2f57800 JavaThread "pool-4-thread-1" [_thread_blocked, id=12724, stack(0x0000006413500000,0x0000006413600000)]
  0x00000192b2f59800 JavaThread "stderr" [_thread_in_native, id=888, stack(0x0000006413600000,0x0000006413700000)]
  0x00000192b2f58000 JavaThread "stdout" [_thread_in_native, id=18156, stack(0x0000006413700000,0x0000006413800000)]
  0x00000192b2f5b800 JavaThread "stderr" [_thread_in_native, id=11592, stack(0x0000006413800000,0x0000006413900000)]
  0x00000192b2f5e800 JavaThread "stdout" [_thread_in_native, id=12864, stack(0x0000006413900000,0x0000006413a00000)]
  0x00000192b2f5c000 JavaThread "stderr" [_thread_in_native, id=18092, stack(0x0000006413a00000,0x0000006413b00000)]
  0x00000192b2f5f800 JavaThread "stdout" [_thread_in_native, id=8184, stack(0x0000006413b00000,0x0000006413c00000)]
  0x00000192b2f60000 JavaThread "stderr" [_thread_in_native, id=7996, stack(0x0000006413c00000,0x0000006413d00000)]
  0x00000192b2f5a800 JavaThread "stdout" [_thread_in_native, id=16904, stack(0x0000006413d00000,0x0000006413e00000)]
  0x00000192b2f62000 JavaThread "RMI Scheduler(0)" daemon [_thread_blocked, id=17576, stack(0x0000006407f00000,0x0000006408000000)]
  0x00000192b2f63800 JavaThread "RMI GC Daemon" daemon [_thread_blocked, id=10344, stack(0x0000006414000000,0x0000006414100000)]
  0x00000192b2f5e000 JavaThread "RMI TCP Accept-0" daemon [_thread_in_native, id=11228, stack(0x0000006414100000,0x0000006414200000)]
  0x00000192b2f64800 JavaThread "RMI Reaper" [_thread_blocked, id=17588, stack(0x0000006414200000,0x0000006414300000)]
  0x00000192b2f66000 JavaThread "RMI TCP Connection(2)-127.0.0.1" daemon [_thread_in_native, id=16692, stack(0x0000006414300000,0x0000006414400000)]
  0x00000192b2f61000 JavaThread "Cache worker for Java compile cache (C:\Users\Developer\.gradle\caches\6.5\javaCompile)" [_thread_blocked, id=2896, stack(0x0000006408100000,0x0000006408200000)]
  0x00000192b2f6b000 JavaThread "Cache worker for Java compile cache (E:\Fawad\goseek\GoSeek\.gradle\6.5\javaCompile)" [_thread_blocked, id=13316, stack(0x0000006409300000,0x0000006409400000)]

Other Threads:
=>0x00000192a9459800 VMThread "VM Thread" [stack: 0x0000006408800000,0x0000006408900000] [id=12428]
  0x00000192a9f58800 WatcherThread [stack: 0x0000006409200000,0x0000006409300000] [id=15208]
  0x00000192931a5800 GCTaskThread "GC Thread#0" [stack: 0x0000006408300000,0x0000006408400000] [id=14108]
  0x00000192aa6a6800 GCTaskThread "GC Thread#1" [stack: 0x0000006409400000,0x0000006409500000] [id=17016]
  0x00000192aa2ef000 GCTaskThread "GC Thread#2" [stack: 0x0000006409500000,0x0000006409600000] [id=16000]
  0x00000192aa20a800 GCTaskThread "GC Thread#3" [stack: 0x0000006409600000,0x0000006409700000] [id=5292]
  0x00000192931b5000 ConcurrentGCThread "G1 Main Marker" [stack: 0x0000006408400000,0x0000006408500000] [id=3676]
  0x00000192931b6800 ConcurrentGCThread "G1 Conc#0" [stack: 0x0000006408500000,0x0000006408600000] [id=1300]
  0x00000192a92d0800 ConcurrentGCThread "G1 Refine#0" [stack: 0x0000006408600000,0x0000006408700000] [id=4032]
  0x00000192a92d1800 ConcurrentGCThread "G1 Young RemSet Sampling" [stack: 0x0000006408700000,0x0000006408800000] [id=15712]

Threads with active compile tasks:
C2 CompilerThread0 145655 20929       4       org.apache.xerces.dom.DeferredDocumentImpl::getNodeObject (510 bytes)

VM state:at safepoint (normal execution)

VM Mutex/Monitor currently owned by a thread:  ([mutex/lock_event])
[0x00000192931885f0] Threads_lock - owner thread: 0x00000192a9459800
[0x0000019293187a20] Heap_lock - owner thread: 0x00000192aca84000

Heap address: 0x00000000e0000000, size: 512 MB, Compressed Oops mode: 32-bit
Narrow klass base: 0x0000000000000000, Narrow klass shift: 3
Compressed class space size: 1073741824 Address: 0x0000000100000000

Heap:
 garbage-first heap   total 314368K, used 263745K [0x00000000e0000000, 0x0000000100000000)
  region size 1024K, 2 young (2048K), 2 survivors (2048K)
 Metaspace       used 146903K, capacity 150495K, committed 150612K, reserved 1181696K
  class space    used 17907K, capacity 19231K, committed 19328K, reserved 1048576K
Heap Regions: E=young(eden), S=young(survivor), O=old, HS=humongous(starts), HC=humongous(continues), CS=collection set, F=free, A=archive, TAMS=top-at-mark-start (previous, next)
|   0|0x00000000e0000000, 0x00000000e0100000, 0x00000000e0100000|100%| O|  |TAMS 0x00000000e0100000, 0x00000000e0000000| Updating 
|   1|0x00000000e0100000, 0x00000000e0200000, 0x00000000e0200000|100%| O|  |TAMS 0x00000000e0200000, 0x00000000e0100000| Updating 
|   2|0x00000000e0200000, 0x00000000e0300000, 0x00000000e0300000|100%| O|  |TAMS 0x00000000e0300000, 0x00000000e0200000| Updating 
|   3|0x00000000e0300000, 0x00000000e0400000, 0x00000000e0400000|100%|HS|  |TAMS 0x00000000e0400000, 0x00000000e0300000| Complete 
|   4|0x00000000e0400000, 0x00000000e0500000, 0x00000000e0500000|100%|HC|  |TAMS 0x00000000e0500000, 0x00000000e0400000| Complete 
|   5|0x00000000e0500000, 0x00000000e0600000, 0x00000000e0600000|100%|HC|  |TAMS 0x00000000e0600000, 0x00000000e0500000| Complete 
|   6|0x00000000e0600000, 0x00000000e0700000, 0x00000000e0700000|100%| O|  |TAMS 0x00000000e0700000, 0x00000000e0600000| Updating 
|   7|0x00000000e0700000, 0x00000000e0800000, 0x00000000e0800000|100%| O|  |TAMS 0x00000000e0800000, 0x00000000e0700000| Updating 
|   8|0x00000000e0800000, 0x00000000e0900000, 0x00000000e0900000|100%| O|  |TAMS 0x00000000e0900000, 0x00000000e0800000| Updating 
|   9|0x00000000e0900000, 0x00000000e0a00000, 0x00000000e0a00000|100%| O|  |TAMS 0x00000000e0a00000, 0x00000000e0900000| Updating 
|  10|0x00000000e0a00000, 0x00000000e0b00000, 0x00000000e0b00000|100%| O|  |TAMS 0x00000000e0b00000, 0x00000000e0a00000| Updating 
|  11|0x00000000e0b00000, 0x00000000e0c00000, 0x00000000e0c00000|100%| O|  |TAMS 0x00000000e0c00000, 0x00000000e0b00000| Updating 
|  12|0x00000000e0c00000, 0x00000000e0d00000, 0x00000000e0d00000|100%| O|  |TAMS 0x00000000e0d00000, 0x00000000e0c00000| Updating 
|  13|0x00000000e0d00000, 0x00000000e0e00000, 0x00000000e0e00000|100%|HS|  |TAMS 0x00000000e0e00000, 0x00000000e0d00000| Complete 
|  14|0x00000000e0e00000, 0x00000000e0f00000, 0x00000000e0f00000|100%|HC|  |TAMS 0x00000000e0f00000, 0x00000000e0e00000| Complete 
|  15|0x00000000e0f00000, 0x00000000e1000000, 0x00000000e1000000|100%|HS|  |TAMS 0x00000000e1000000, 0x00000000e0f00000| Complete 
|  16|0x00000000e1000000, 0x00000000e1100000, 0x00000000e1100000|100%|HC|  |TAMS 0x00000000e1100000, 0x00000000e1000000| Complete 
|  17|0x00000000e1100000, 0x00000000e1200000, 0x00000000e1200000|100%|HC|  |TAMS 0x00000000e1200000, 0x00000000e1100000| Complete 
|  18|0x00000000e1200000, 0x00000000e1300000, 0x00000000e1300000|100%|HS|  |TAMS 0x00000000e1300000, 0x00000000e1200000| Complete 
|  19|0x00000000e1300000, 0x00000000e1400000, 0x00000000e1400000|100%|HC|  |TAMS 0x00000000e1400000, 0x00000000e1300000| Complete 
|  20|0x00000000e1400000, 0x00000000e1500000, 0x00000000e1500000|100%|HC|  |TAMS 0x00000000e1500000, 0x00000000e1400000| Complete 
|  21|0x00000000e1500000, 0x00000000e1600000, 0x00000000e1600000|100%|HC|  |TAMS 0x00000000e1600000, 0x00000000e1500000| Complete 
|  22|0x00000000e1600000, 0x00000000e1700000, 0x00000000e1700000|100%|HC|  |TAMS 0x00000000e1700000, 0x00000000e1600000| Complete 
|  23|0x00000000e1700000, 0x00000000e1800000, 0x00000000e1800000|100%| O|  |TAMS 0x00000000e1800000, 0x00000000e1700000| Updating 
|  24|0x00000000e1800000, 0x00000000e1900000, 0x00000000e1900000|100%| O|  |TAMS 0x00000000e1900000, 0x00000000e1800000| Updating 
|  25|0x00000000e1900000, 0x00000000e1a00000, 0x00000000e1a00000|100%| O|  |TAMS 0x00000000e1a00000, 0x00000000e1900000| Updating 
|  26|0x00000000e1a00000, 0x00000000e1b00000, 0x00000000e1b00000|100%| O|  |TAMS 0x00000000e1b00000, 0x00000000e1a00000| Updating 
|  27|0x00000000e1b00000, 0x00000000e1c00000, 0x00000000e1c00000|100%| O|  |TAMS 0x00000000e1c00000, 0x00000000e1b00000| Updating 
|  28|0x00000000e1c00000, 0x00000000e1d00000, 0x00000000e1d00000|100%| O|  |TAMS 0x00000000e1d00000, 0x00000000e1c00000| Updating 
|  29|0x00000000e1d00000, 0x00000000e1e00000, 0x00000000e1e00000|100%| O|  |TAMS 0x00000000e1e00000, 0x00000000e1d00000| Updating 
|  30|0x00000000e1e00000, 0x00000000e1f00000, 0x00000000e1f00000|100%| O|  |TAMS 0x00000000e1f00000, 0x00000000e1e00000| Updating 
|  31|0x00000000e1f00000, 0x00000000e2000000, 0x00000000e2000000|100%| O|  |TAMS 0x00000000e2000000, 0x00000000e1f00000| Updating 
|  32|0x00000000e2000000, 0x00000000e2100000, 0x00000000e2100000|100%| O|  |TAMS 0x00000000e2100000, 0x00000000e2000000| Updating 
|  33|0x00000000e2100000, 0x00000000e2200000, 0x00000000e2200000|100%| O|  |TAMS 0x00000000e2200000, 0x00000000e2100000| Updating 
|  34|0x00000000e2200000, 0x00000000e2300000, 0x00000000e2300000|100%| O|  |TAMS 0x00000000e2300000, 0x00000000e2200000| Updating 
|  35|0x00000000e2300000, 0x00000000e2400000, 0x00000000e2400000|100%|HS|  |TAMS 0x00000000e2400000, 0x00000000e2300000| Complete 
|  36|0x00000000e2400000, 0x00000000e2500000, 0x00000000e2500000|100%|HS|  |TAMS 0x00000000e2500000, 0x00000000e2400000| Complete 
|  37|0x00000000e2500000, 0x00000000e2600000, 0x00000000e2600000|100%|HS|  |TAMS 0x00000000e2600000, 0x00000000e2500000| Complete 
|  38|0x00000000e2600000, 0x00000000e2700000, 0x00000000e2700000|100%|HC|  |TAMS 0x00000000e2700000, 0x00000000e2600000| Complete 
|  39|0x00000000e2700000, 0x00000000e2800000, 0x00000000e2800000|100%|HC|  |TAMS 0x00000000e2800000, 0x00000000e2700000| Complete 
|  40|0x00000000e2800000, 0x00000000e2900000, 0x00000000e2900000|100%|HS|  |TAMS 0x00000000e2900000, 0x00000000e2800000| Complete 
|  41|0x00000000e2900000, 0x00000000e2a00000, 0x00000000e2a00000|100%|HC|  |TAMS 0x00000000e2a00000, 0x00000000e2900000| Complete 
|  42|0x00000000e2a00000, 0x00000000e2b00000, 0x00000000e2b00000|100%| O|  |TAMS 0x00000000e2b00000, 0x00000000e2a00000| Updating 
|  43|0x00000000e2b00000, 0x00000000e2c00000, 0x00000000e2c00000|100%| O|  |TAMS 0x00000000e2c00000, 0x00000000e2b00000| Updating 
|  44|0x00000000e2c00000, 0x00000000e2d00000, 0x00000000e2d00000|100%| O|  |TAMS 0x00000000e2d00000, 0x00000000e2c00000| Updating 
|  45|0x00000000e2d00000, 0x00000000e2e00000, 0x00000000e2e00000|100%| O|  |TAMS 0x00000000e2e00000, 0x00000000e2d00000| Updating 
|  46|0x00000000e2e00000, 0x00000000e2f00000, 0x00000000e2f00000|100%| O|  |TAMS 0x00000000e2f00000, 0x00000000e2e00000| Updating 
|  47|0x00000000e2f00000, 0x00000000e3000000, 0x00000000e3000000|100%| O|  |TAMS 0x00000000e3000000, 0x00000000e2f00000| Updating 
|  48|0x00000000e3000000, 0x00000000e3100000, 0x00000000e3100000|100%| O|  |TAMS 0x00000000e3100000, 0x00000000e3000000| Updating 
|  49|0x00000000e3100000, 0x00000000e3200000, 0x00000000e3200000|100%| O|  |TAMS 0x00000000e3200000, 0x00000000e3100000| Updating 
|  50|0x00000000e3200000, 0x00000000e3300000, 0x00000000e3300000|100%| O|  |TAMS 0x00000000e3300000, 0x00000000e3200000| Updating 
|  51|0x00000000e3300000, 0x00000000e3400000, 0x00000000e3400000|100%| O|  |TAMS 0x00000000e3400000, 0x00000000e3300000| Updating 
|  52|0x00000000e3400000, 0x00000000e3500000, 0x00000000e3500000|100%| O|  |TAMS 0x00000000e3500000, 0x00000000e3400000| Updating 
|  53|0x00000000e3500000, 0x00000000e3600000, 0x00000000e3600000|100%| O|  |TAMS 0x00000000e3600000, 0x00000000e3500000| Updating 
|  54|0x00000000e3600000, 0x00000000e3700000, 0x00000000e3700000|100%| O|  |TAMS 0x00000000e3700000, 0x00000000e3600000| Updating 
|  55|0x00000000e3700000, 0x00000000e3800000, 0x00000000e3800000|100%| O|  |TAMS 0x00000000e3800000, 0x00000000e3700000| Updating 
|  56|0x00000000e3800000, 0x00000000e3900000, 0x00000000e3900000|100%| O|  |TAMS 0x00000000e3900000, 0x00000000e3800000| Updating 
|  57|0x00000000e3900000, 0x00000000e3a00000, 0x00000000e3a00000|100%| O|  |TAMS 0x00000000e3a00000, 0x00000000e3900000| Updating 
|  58|0x00000000e3a00000, 0x00000000e3b00000, 0x00000000e3b00000|100%| O|  |TAMS 0x00000000e3b00000, 0x00000000e3a00000| Updating 
|  59|0x00000000e3b00000, 0x00000000e3c00000, 0x00000000e3c00000|100%| O|  |TAMS 0x00000000e3c00000, 0x00000000e3b00000| Updating 
|  60|0x00000000e3c00000, 0x00000000e3d00000, 0x00000000e3d00000|100%| O|  |TAMS 0x00000000e3d00000, 0x00000000e3c00000| Updating 
|  61|0x00000000e3d00000, 0x00000000e3e00000, 0x00000000e3e00000|100%| O|  |TAMS 0x00000000e3e00000, 0x00000000e3d00000| Updating 
|  62|0x00000000e3e00000, 0x00000000e3f00000, 0x00000000e3f00000|100%| O|  |TAMS 0x00000000e3f00000, 0x00000000e3e00000| Updating 
|  63|0x00000000e3f00000, 0x00000000e4000000, 0x00000000e4000000|100%| O|  |TAMS 0x00000000e4000000, 0x00000000e3f00000| Updating 
|  64|0x00000000e4000000, 0x00000000e4100000, 0x00000000e4100000|100%| O|  |TAMS 0x00000000e4100000, 0x00000000e4000000| Updating 
|  65|0x00000000e4100000, 0x00000000e4200000, 0x00000000e4200000|100%| O|  |TAMS 0x00000000e4200000, 0x00000000e4100000| Updating 
|  66|0x00000000e4200000, 0x00000000e4300000, 0x00000000e4300000|100%| O|  |TAMS 0x00000000e4300000, 0x00000000e4200000| Updating 
|  67|0x00000000e4300000, 0x00000000e4400000, 0x00000000e4400000|100%| O|  |TAMS 0x00000000e4400000, 0x00000000e4300000| Updating 
|  68|0x00000000e4400000, 0x00000000e4500000, 0x00000000e4500000|100%| O|  |TAMS 0x00000000e4500000, 0x00000000e4400000| Updating 
|  69|0x00000000e4500000, 0x00000000e4600000, 0x00000000e4600000|100%| O|  |TAMS 0x00000000e4600000, 0x00000000e4500000| Updating 
|  70|0x00000000e4600000, 0x00000000e4700000, 0x00000000e4700000|100%| O|  |TAMS 0x00000000e4700000, 0x00000000e4600000| Updating 
|  71|0x00000000e4700000, 0x00000000e4800000, 0x00000000e4800000|100%| O|  |TAMS 0x00000000e4800000, 0x00000000e4700000| Updating 
|  72|0x00000000e4800000, 0x00000000e4900000, 0x00000000e4900000|100%| O|  |TAMS 0x00000000e4900000, 0x00000000e4800000| Updating 
|  73|0x00000000e4900000, 0x00000000e4a00000, 0x00000000e4a00000|100%| O|  |TAMS 0x00000000e4a00000, 0x00000000e4900000| Updating 
|  74|0x00000000e4a00000, 0x00000000e4b00000, 0x00000000e4b00000|100%| O|  |TAMS 0x00000000e4b00000, 0x00000000e4a00000| Updating 
|  75|0x00000000e4b00000, 0x00000000e4c00000, 0x00000000e4c00000|100%| O|  |TAMS 0x00000000e4c00000, 0x00000000e4b00000| Updating 
|  76|0x00000000e4c00000, 0x00000000e4d00000, 0x00000000e4d00000|100%| O|  |TAMS 0x00000000e4d00000, 0x00000000e4c00000| Updating 
|  77|0x00000000e4d00000, 0x00000000e4e00000, 0x00000000e4e00000|100%| O|  |TAMS 0x00000000e4e00000, 0x00000000e4d00000| Updating 
|  78|0x00000000e4e00000, 0x00000000e4f00000, 0x00000000e4f00000|100%| O|  |TAMS 0x00000000e4f00000, 0x00000000e4e00000| Updating 
|  79|0x00000000e4f00000, 0x00000000e5000000, 0x00000000e5000000|100%| O|  |TAMS 0x00000000e5000000, 0x00000000e4f00000| Updating 
|  80|0x00000000e5000000, 0x00000000e5100000, 0x00000000e5100000|100%| O|  |TAMS 0x00000000e5100000, 0x00000000e5000000| Updating 
|  81|0x00000000e5100000, 0x00000000e5200000, 0x00000000e5200000|100%| O|  |TAMS 0x00000000e5200000, 0x00000000e5100000| Updating 
|  82|0x00000000e5200000, 0x00000000e5300000, 0x00000000e5300000|100%| O|  |TAMS 0x00000000e5300000, 0x00000000e5200000| Updating 
|  83|0x00000000e5300000, 0x00000000e5400000, 0x00000000e5400000|100%| O|  |TAMS 0x00000000e5400000, 0x00000000e5300000| Updating 
|  84|0x00000000e5400000, 0x00000000e5500000, 0x00000000e5500000|100%| O|  |TAMS 0x00000000e5500000, 0x00000000e5400000| Updating 
|  85|0x00000000e5500000, 0x00000000e5600000, 0x00000000e5600000|100%| O|  |TAMS 0x00000000e5600000, 0x00000000e5500000| Updating 
|  86|0x00000000e5600000, 0x00000000e5700000, 0x00000000e5700000|100%| O|  |TAMS 0x00000000e5700000, 0x00000000e5600000| Updating 
|  87|0x00000000e5700000, 0x00000000e5800000, 0x00000000e5800000|100%| O|  |TAMS 0x00000000e5800000, 0x00000000e5700000| Updating 
|  88|0x00000000e5800000, 0x00000000e5900000, 0x00000000e5900000|100%| O|  |TAMS 0x00000000e5900000, 0x00000000e5800000| Updating 
|  89|0x00000000e5900000, 0x00000000e5a00000, 0x00000000e5a00000|100%| O|  |TAMS 0x00000000e5a00000, 0x00000000e5900000| Updating 
|  90|0x00000000e5a00000, 0x00000000e5b00000, 0x00000000e5b00000|100%| O|  |TAMS 0x00000000e5b00000, 0x00000000e5a00000| Updating 
|  91|0x00000000e5b00000, 0x00000000e5c00000, 0x00000000e5c00000|100%| O|  |TAMS 0x00000000e5c00000, 0x00000000e5b00000| Updating 
|  92|0x00000000e5c00000, 0x00000000e5d00000, 0x00000000e5d00000|100%| O|  |TAMS 0x00000000e5d00000, 0x00000000e5c00000| Updating 
|  93|0x00000000e5d00000, 0x00000000e5e00000, 0x00000000e5e00000|100%| O|  |TAMS 0x00000000e5e00000, 0x00000000e5d00000| Updating 
|  94|0x00000000e5e00000, 0x00000000e5f00000, 0x00000000e5f00000|100%| O|  |TAMS 0x00000000e5f00000, 0x00000000e5e00000| Updating 
|  95|0x00000000e5f00000, 0x00000000e6000000, 0x00000000e6000000|100%| O|  |TAMS 0x00000000e6000000, 0x00000000e5f00000| Updating 
|  96|0x00000000e6000000, 0x00000000e6100000, 0x00000000e6100000|100%| O|  |TAMS 0x00000000e6100000, 0x00000000e6000000| Updating 
|  97|0x00000000e6100000, 0x00000000e6200000, 0x00000000e6200000|100%| O|  |TAMS 0x00000000e6200000, 0x00000000e6100000| Updating 
|  98|0x00000000e6200000, 0x00000000e6300000, 0x00000000e6300000|100%| O|  |TAMS 0x00000000e6300000, 0x00000000e6200000| Updating 
|  99|0x00000000e6300000, 0x00000000e6400000, 0x00000000e6400000|100%| O|  |TAMS 0x00000000e6400000, 0x00000000e6300000| Updating 
| 100|0x00000000e6400000, 0x00000000e6500000, 0x00000000e6500000|100%| O|  |TAMS 0x00000000e6500000, 0x00000000e6400000| Updating 
| 101|0x00000000e6500000, 0x00000000e6600000, 0x00000000e6600000|100%| O|  |TAMS 0x00000000e6600000, 0x00000000e6500000| Updating 
| 102|0x00000000e6600000, 0x00000000e6700000, 0x00000000e6700000|100%| O|  |TAMS 0x00000000e6700000, 0x00000000e6600000| Updating 
| 103|0x00000000e6700000, 0x00000000e6800000, 0x00000000e6800000|100%|HS|  |TAMS 0x00000000e6800000, 0x00000000e6700000| Complete 
| 104|0x00000000e6800000, 0x00000000e6900000, 0x00000000e6900000|100%|HC|  |TAMS 0x00000000e6900000, 0x00000000e6800000| Complete 
| 105|0x00000000e6900000, 0x00000000e6a00000, 0x00000000e6a00000|100%| O|  |TAMS 0x00000000e6a00000, 0x00000000e6900000| Updating 
| 106|0x00000000e6a00000, 0x00000000e6b00000, 0x00000000e6b00000|100%| O|  |TAMS 0x00000000e6b00000, 0x00000000e6a00000| Updating 
| 107|0x00000000e6b00000, 0x00000000e6c00000, 0x00000000e6c00000|100%| O|  |TAMS 0x00000000e6c00000, 0x00000000e6b00000| Updating 
| 108|0x00000000e6c00000, 0x00000000e6d00000, 0x00000000e6d00000|100%| O|  |TAMS 0x00000000e6d00000, 0x00000000e6c00000| Updating 
| 109|0x00000000e6d00000, 0x00000000e6e00000, 0x00000000e6e00000|100%| O|  |TAMS 0x00000000e6e00000, 0x00000000e6d00000| Updating 
| 110|0x00000000e6e00000, 0x00000000e6f00000, 0x00000000e6f00000|100%| O|  |TAMS 0x00000000e6f00000, 0x00000000e6e00000| Updating 
| 111|0x00000000e6f00000, 0x00000000e7000000, 0x00000000e7000000|100%| O|  |TAMS 0x00000000e7000000, 0x00000000e6f00000| Updating 
| 112|0x00000000e7000000, 0x00000000e7100000, 0x00000000e7100000|100%| O|  |TAMS 0x00000000e7100000, 0x00000000e7000000| Updating 
| 113|0x00000000e7100000, 0x00000000e7200000, 0x00000000e7200000|100%| O|  |TAMS 0x00000000e7200000, 0x00000000e7100000| Updating 
| 114|0x00000000e7200000, 0x00000000e7300000, 0x00000000e7300000|100%| O|  |TAMS 0x00000000e7300000, 0x00000000e7200000| Updating 
| 115|0x00000000e7300000, 0x00000000e7400000, 0x00000000e7400000|100%| O|  |TAMS 0x00000000e7400000, 0x00000000e7300000| Updating 
| 116|0x00000000e7400000, 0x00000000e7500000, 0x00000000e7500000|100%| O|  |TAMS 0x00000000e7500000, 0x00000000e7400000| Updating 
| 117|0x00000000e7500000, 0x00000000e7600000, 0x00000000e7600000|100%| O|  |TAMS 0x00000000e7600000, 0x00000000e7500000| Updating 
| 118|0x00000000e7600000, 0x00000000e7700000, 0x00000000e7700000|100%| O|  |TAMS 0x00000000e7700000, 0x00000000e7600000| Updating 
| 119|0x00000000e7700000, 0x00000000e7800000, 0x00000000e7800000|100%| O|  |TAMS 0x00000000e7800000, 0x00000000e7700000| Updating 
| 120|0x00000000e7800000, 0x00000000e7900000, 0x00000000e7900000|100%| O|  |TAMS 0x00000000e7900000, 0x00000000e7800000| Updating 
| 121|0x00000000e7900000, 0x00000000e7a00000, 0x00000000e7a00000|100%| O|  |TAMS 0x00000000e7a00000, 0x00000000e7900000| Updating 
| 122|0x00000000e7a00000, 0x00000000e7b00000, 0x00000000e7b00000|100%| O|  |TAMS 0x00000000e7b00000, 0x00000000e7a00000| Updating 
| 123|0x00000000e7b00000, 0x00000000e7c00000, 0x00000000e7c00000|100%| O|  |TAMS 0x00000000e7c00000, 0x00000000e7b00000| Updating 
| 124|0x00000000e7c00000, 0x00000000e7d00000, 0x00000000e7d00000|100%| O|  |TAMS 0x00000000e7d00000, 0x00000000e7c00000| Updating 
| 125|0x00000000e7d00000, 0x00000000e7e00000, 0x00000000e7e00000|100%| O|  |TAMS 0x00000000e7e00000, 0x00000000e7d00000| Updating 
| 126|0x00000000e7e00000, 0x00000000e7f00000, 0x00000000e7f00000|100%| O|  |TAMS 0x00000000e7f00000, 0x00000000e7e00000| Updating 
| 127|0x00000000e7f00000, 0x00000000e8000000, 0x00000000e8000000|100%| O|  |TAMS 0x00000000e8000000, 0x00000000e7f00000| Updating 
| 128|0x00000000e8000000, 0x00000000e8100000, 0x00000000e8100000|100%| O|  |TAMS 0x00000000e8100000, 0x00000000e8000000| Updating 
| 129|0x00000000e8100000, 0x00000000e8200000, 0x00000000e8200000|100%| O|  |TAMS 0x00000000e8200000, 0x00000000e8100000| Updating 
| 130|0x00000000e8200000, 0x00000000e8300000, 0x00000000e8300000|100%| O|  |TAMS 0x00000000e8300000, 0x00000000e8200000| Updating 
| 131|0x00000000e8300000, 0x00000000e8400000, 0x00000000e8400000|100%| O|  |TAMS 0x00000000e8400000, 0x00000000e8300000| Updating 
| 132|0x00000000e8400000, 0x00000000e8500000, 0x00000000e8500000|100%| O|  |TAMS 0x00000000e8500000, 0x00000000e8400000| Updating 
| 133|0x00000000e8500000, 0x00000000e8600000, 0x00000000e8600000|100%| O|  |TAMS 0x00000000e8600000, 0x00000000e8500000| Updating 
| 134|0x00000000e8600000, 0x00000000e8700000, 0x00000000e8700000|100%| O|  |TAMS 0x00000000e8700000, 0x00000000e8600000| Updating 
| 135|0x00000000e8700000, 0x00000000e8800000, 0x00000000e8800000|100%| O|  |TAMS 0x00000000e8800000, 0x00000000e8700000| Updating 
| 136|0x00000000e8800000, 0x00000000e8900000, 0x00000000e8900000|100%| O|  |TAMS 0x00000000e8900000, 0x00000000e8800000| Updating 
| 137|0x00000000e8900000, 0x00000000e8a00000, 0x00000000e8a00000|100%| O|  |TAMS 0x00000000e8a00000, 0x00000000e8900000| Updating 
| 138|0x00000000e8a00000, 0x00000000e8b00000, 0x00000000e8b00000|100%| O|  |TAMS 0x00000000e8b00000, 0x00000000e8a00000| Updating 
| 139|0x00000000e8b00000, 0x00000000e8c00000, 0x00000000e8c00000|100%| O|  |TAMS 0x00000000e8c00000, 0x00000000e8b00000| Updating 
| 140|0x00000000e8c00000, 0x00000000e8d00000, 0x00000000e8d00000|100%| O|  |TAMS 0x00000000e8d00000, 0x00000000e8c00000| Updating 
| 141|0x00000000e8d00000, 0x00000000e8e00000, 0x00000000e8e00000|100%| O|  |TAMS 0x00000000e8e00000, 0x00000000e8d00000| Updating 
| 142|0x00000000e8e00000, 0x00000000e8f00000, 0x00000000e8f00000|100%| O|  |TAMS 0x00000000e8f00000, 0x00000000e8e00000| Updating 
| 143|0x00000000e8f00000, 0x00000000e9000000, 0x00000000e9000000|100%| O|  |TAMS 0x00000000e9000000, 0x00000000e8f00000| Updating 
| 144|0x00000000e9000000, 0x00000000e9100000, 0x00000000e9100000|100%| O|  |TAMS 0x00000000e9100000, 0x00000000e9000000| Updating 
| 145|0x00000000e9100000, 0x00000000e9200000, 0x00000000e9200000|100%| O|  |TAMS 0x00000000e9200000, 0x00000000e9100000| Updating 
| 146|0x00000000e9200000, 0x00000000e9300000, 0x00000000e9300000|100%| O|  |TAMS 0x00000000e9300000, 0x00000000e9200000| Updating 
| 147|0x00000000e9300000, 0x00000000e9400000, 0x00000000e9400000|100%| O|  |TAMS 0x00000000e9400000, 0x00000000e9300000| Updating 
| 148|0x00000000e9400000, 0x00000000e9500000, 0x00000000e9500000|100%| O|  |TAMS 0x00000000e9500000, 0x00000000e9400000| Updating 
| 149|0x00000000e9500000, 0x00000000e9600000, 0x00000000e9600000|100%| O|  |TAMS 0x00000000e9600000, 0x00000000e9500000| Updating 
| 150|0x00000000e9600000, 0x00000000e9700000, 0x00000000e9700000|100%| O|  |TAMS 0x00000000e9700000, 0x00000000e9600000| Updating 
| 151|0x00000000e9700000, 0x00000000e9800000, 0x00000000e9800000|100%| O|  |TAMS 0x00000000e9800000, 0x00000000e9700000| Updating 
| 152|0x00000000e9800000, 0x00000000e9900000, 0x00000000e9900000|100%| O|  |TAMS 0x00000000e9900000, 0x00000000e9800000| Updating 
| 153|0x00000000e9900000, 0x00000000e9a00000, 0x00000000e9a00000|100%| O|  |TAMS 0x00000000e9a00000, 0x00000000e9900000| Updating 
| 154|0x00000000e9a00000, 0x00000000e9b00000, 0x00000000e9b00000|100%| O|  |TAMS 0x00000000e9b00000, 0x00000000e9a00000| Updating 
| 155|0x00000000e9b00000, 0x00000000e9c00000, 0x00000000e9c00000|100%| O|  |TAMS 0x00000000e9c00000, 0x00000000e9b00000| Updating 
| 156|0x00000000e9c00000, 0x00000000e9d00000, 0x00000000e9d00000|100%| O|  |TAMS 0x00000000e9d00000, 0x00000000e9c00000| Updating 
| 157|0x00000000e9d00000, 0x00000000e9e00000, 0x00000000e9e00000|100%| O|  |TAMS 0x00000000e9e00000, 0x00000000e9d00000| Updating 
| 158|0x00000000e9e00000, 0x00000000e9f00000, 0x00000000e9f00000|100%| O|  |TAMS 0x00000000e9f00000, 0x00000000e9e00000| Updating 
| 159|0x00000000e9f00000, 0x00000000ea000000, 0x00000000ea000000|100%| O|  |TAMS 0x00000000ea000000, 0x00000000e9f00000| Updating 
| 160|0x00000000ea000000, 0x00000000ea100000, 0x00000000ea100000|100%| O|  |TAMS 0x00000000ea100000, 0x00000000ea000000| Updating 
| 161|0x00000000ea100000, 0x00000000ea200000, 0x00000000ea200000|100%| O|  |TAMS 0x00000000ea200000, 0x00000000ea100000| Updating 
| 162|0x00000000ea200000, 0x00000000ea300000, 0x00000000ea300000|100%| O|  |TAMS 0x00000000ea300000, 0x00000000ea200000| Updating 
| 163|0x00000000ea300000, 0x00000000ea400000, 0x00000000ea400000|100%| O|  |TAMS 0x00000000ea400000, 0x00000000ea300000| Updating 
| 164|0x00000000ea400000, 0x00000000ea500000, 0x00000000ea500000|100%| O|  |TAMS 0x00000000ea500000, 0x00000000ea400000| Updating 
| 165|0x00000000ea500000, 0x00000000ea600000, 0x00000000ea600000|100%| O|  |TAMS 0x00000000ea600000, 0x00000000ea500000| Updating 
| 166|0x00000000ea600000, 0x00000000ea700000, 0x00000000ea700000|100%| O|  |TAMS 0x00000000ea700000, 0x00000000ea600000| Updating 
| 167|0x00000000ea700000, 0x00000000ea800000, 0x00000000ea800000|100%| O|  |TAMS 0x00000000ea800000, 0x00000000ea700000| Updating 
| 168|0x00000000ea800000, 0x00000000ea900000, 0x00000000ea900000|100%| O|  |TAMS 0x00000000ea900000, 0x00000000ea800000| Updating 
| 169|0x00000000ea900000, 0x00000000eaa00000, 0x00000000eaa00000|100%| O|  |TAMS 0x00000000eaa00000, 0x00000000ea900000| Updating 
| 170|0x00000000eaa00000, 0x00000000eab00000, 0x00000000eab00000|100%| O|  |TAMS 0x00000000eab00000, 0x00000000eaa00000| Updating 
| 171|0x00000000eab00000, 0x00000000eac00000, 0x00000000eac00000|100%| O|  |TAMS 0x00000000eac00000, 0x00000000eab00000| Updating 
| 172|0x00000000eac00000, 0x00000000ead00000, 0x00000000ead00000|100%| O|  |TAMS 0x00000000ead00000, 0x00000000eac00000| Updating 
| 173|0x00000000ead00000, 0x00000000eae00000, 0x00000000eae00000|100%| O|  |TAMS 0x00000000eae00000, 0x00000000ead00000| Updating 
| 174|0x00000000eae00000, 0x00000000eaf00000, 0x00000000eaf00000|100%| O|  |TAMS 0x00000000eaf00000, 0x00000000eae00000| Updating 
| 175|0x00000000eaf00000, 0x00000000eb000000, 0x00000000eb000000|100%| O|  |TAMS 0x00000000eb000000, 0x00000000eaf00000| Updating 
| 176|0x00000000eb000000, 0x00000000eb100000, 0x00000000eb100000|100%| O|  |TAMS 0x00000000eb100000, 0x00000000eb000000| Updating 
| 177|0x00000000eb100000, 0x00000000eb200000, 0x00000000eb200000|100%| O|  |TAMS 0x00000000eb200000, 0x00000000eb100000| Updating 
| 178|0x00000000eb200000, 0x00000000eb300000, 0x00000000eb300000|100%| O|  |TAMS 0x00000000eb300000, 0x00000000eb200000| Updating 
| 179|0x00000000eb300000, 0x00000000eb400000, 0x00000000eb400000|100%| O|  |TAMS 0x00000000eb400000, 0x00000000eb300000| Updating 
| 180|0x00000000eb400000, 0x00000000eb500000, 0x00000000eb500000|100%| O|  |TAMS 0x00000000eb500000, 0x00000000eb400000| Updating 
| 181|0x00000000eb500000, 0x00000000eb600000, 0x00000000eb600000|100%| O|  |TAMS 0x00000000eb600000, 0x00000000eb500000| Updating 
| 182|0x00000000eb600000, 0x00000000eb700000, 0x00000000eb700000|100%| O|  |TAMS 0x00000000eb700000, 0x00000000eb600000| Updating 
| 183|0x00000000eb700000, 0x00000000eb800000, 0x00000000eb800000|100%| O|  |TAMS 0x00000000eb800000, 0x00000000eb700000| Updating 
| 184|0x00000000eb800000, 0x00000000eb900000, 0x00000000eb900000|100%| O|  |TAMS 0x00000000eb900000, 0x00000000eb800000| Updating 
| 185|0x00000000eb900000, 0x00000000eba00000, 0x00000000eba00000|100%| O|  |TAMS 0x00000000eba00000, 0x00000000eb900000| Updating 
| 186|0x00000000eba00000, 0x00000000ebb00000, 0x00000000ebb00000|100%| O|  |TAMS 0x00000000ebb00000, 0x00000000eba00000| Updating 
| 187|0x00000000ebb00000, 0x00000000ebc00000, 0x00000000ebc00000|100%| O|  |TAMS 0x00000000ebc00000, 0x00000000ebb00000| Updating 
| 188|0x00000000ebc00000, 0x00000000ebd00000, 0x00000000ebd00000|100%| O|  |TAMS 0x00000000ebd00000, 0x00000000ebc00000| Updating 
| 189|0x00000000ebd00000, 0x00000000ebe00000, 0x00000000ebe00000|100%| O|  |TAMS 0x00000000ebe00000, 0x00000000ebd00000| Updating 
| 190|0x00000000ebe00000, 0x00000000ebf00000, 0x00000000ebf00000|100%| O|  |TAMS 0x00000000ebf00000, 0x00000000ebe00000| Updating 
| 191|0x00000000ebf00000, 0x00000000ec000000, 0x00000000ec000000|100%| O|  |TAMS 0x00000000ec000000, 0x00000000ebf00000| Updating 
| 192|0x00000000ec000000, 0x00000000ec100000, 0x00000000ec100000|100%| O|  |TAMS 0x00000000ec100000, 0x00000000ec000000| Updating 
| 193|0x00000000ec100000, 0x00000000ec200000, 0x00000000ec200000|100%| O|  |TAMS 0x00000000ec200000, 0x00000000ec100000| Updating 
| 194|0x00000000ec200000, 0x00000000ec300000, 0x00000000ec300000|100%| O|  |TAMS 0x00000000ec300000, 0x00000000ec200000| Updating 
| 195|0x00000000ec300000, 0x00000000ec400000, 0x00000000ec400000|100%| O|  |TAMS 0x00000000ec400000, 0x00000000ec300000| Updating 
| 196|0x00000000ec400000, 0x00000000ec500000, 0x00000000ec500000|100%| O|  |TAMS 0x00000000ec500000, 0x00000000ec400000| Updating 
| 197|0x00000000ec500000, 0x00000000ec600000, 0x00000000ec600000|100%| O|  |TAMS 0x00000000ec56bc00, 0x00000000ec500000| Updating 
| 198|0x00000000ec600000, 0x00000000ec700000, 0x00000000ec700000|100%| O|  |TAMS 0x00000000ec600000, 0x00000000ec600000| Untracked 
| 199|0x00000000ec700000, 0x00000000ec800000, 0x00000000ec800000|100%| O|  |TAMS 0x00000000ec700000, 0x00000000ec700000| Untracked 
| 200|0x00000000ec800000, 0x00000000ec900000, 0x00000000ec900000|100%| O|  |TAMS 0x00000000ec800000, 0x00000000ec800000| Untracked 
| 201|0x00000000ec900000, 0x00000000eca00000, 0x00000000eca00000|100%| O|  |TAMS 0x00000000ec900000, 0x00000000ec900000| Untracked 
| 202|0x00000000eca00000, 0x00000000ecb00000, 0x00000000ecb00000|100%| O|  |TAMS 0x00000000eca00000, 0x00000000eca00000| Untracked 
| 203|0x00000000ecb00000, 0x00000000ecc00000, 0x00000000ecc00000|100%| O|  |TAMS 0x00000000ecb00000, 0x00000000ecb00000| Untracked 
| 204|0x00000000ecc00000, 0x00000000ecd00000, 0x00000000ecd00000|100%| O|  |TAMS 0x00000000ecc00000, 0x00000000ecc00000| Untracked 
| 205|0x00000000ecd00000, 0x00000000ece00000, 0x00000000ece00000|100%| O|  |TAMS 0x00000000ecd00000, 0x00000000ecd00000| Untracked 
| 206|0x00000000ece00000, 0x00000000ecf00000, 0x00000000ecf00000|100%| O|  |TAMS 0x00000000ece00000, 0x00000000ece00000| Untracked 
| 207|0x00000000ecf00000, 0x00000000ed000000, 0x00000000ed000000|100%| O|  |TAMS 0x00000000ecf00000, 0x00000000ecf00000| Untracked 
| 208|0x00000000ed000000, 0x00000000ed100000, 0x00000000ed100000|100%| O|  |TAMS 0x00000000ed000000, 0x00000000ed000000| Untracked 
| 209|0x00000000ed100000, 0x00000000ed200000, 0x00000000ed200000|100%| O|  |TAMS 0x00000000ed100000, 0x00000000ed100000| Untracked 
| 210|0x00000000ed200000, 0x00000000ed300000, 0x00000000ed300000|100%| O|  |TAMS 0x00000000ed200000, 0x00000000ed200000| Untracked 
| 211|0x00000000ed300000, 0x00000000ed400000, 0x00000000ed400000|100%| O|  |TAMS 0x00000000ed300000, 0x00000000ed300000| Untracked 
| 212|0x00000000ed400000, 0x00000000ed500000, 0x00000000ed500000|100%| O|  |TAMS 0x00000000ed400000, 0x00000000ed400000| Untracked 
| 213|0x00000000ed500000, 0x00000000ed600000, 0x00000000ed600000|100%| O|  |TAMS 0x00000000ed500000, 0x00000000ed500000| Untracked 
| 214|0x00000000ed600000, 0x00000000ed700000, 0x00000000ed700000|100%| O|  |TAMS 0x00000000ed600000, 0x00000000ed600000| Untracked 
| 215|0x00000000ed700000, 0x00000000ed800000, 0x00000000ed800000|100%| O|  |TAMS 0x00000000ed700000, 0x00000000ed700000| Untracked 
| 216|0x00000000ed800000, 0x00000000ed900000, 0x00000000ed900000|100%| O|  |TAMS 0x00000000ed800000, 0x00000000ed800000| Untracked 
| 217|0x00000000ed900000, 0x00000000eda00000, 0x00000000eda00000|100%| O|  |TAMS 0x00000000ed900000, 0x00000000ed900000| Untracked 
| 218|0x00000000eda00000, 0x00000000edb00000, 0x00000000edb00000|100%| O|  |TAMS 0x00000000eda00000, 0x00000000eda00000| Untracked 
| 219|0x00000000edb00000, 0x00000000edc00000, 0x00000000edc00000|100%| O|  |TAMS 0x00000000edb00000, 0x00000000edb00000| Untracked 
| 220|0x00000000edc00000, 0x00000000edd00000, 0x00000000edd00000|100%| O|  |TAMS 0x00000000edc00000, 0x00000000edc00000| Untracked 
| 221|0x00000000edd00000, 0x00000000ede00000, 0x00000000ede00000|100%| O|  |TAMS 0x00000000edd00000, 0x00000000edd00000| Untracked 
| 222|0x00000000ede00000, 0x00000000edf00000, 0x00000000edf00000|100%| O|  |TAMS 0x00000000ede00000, 0x00000000ede00000| Untracked 
| 223|0x00000000edf00000, 0x00000000ee000000, 0x00000000ee000000|100%| O|  |TAMS 0x00000000edf00000, 0x00000000edf00000| Untracked 
| 224|0x00000000ee000000, 0x00000000ee100000, 0x00000000ee100000|100%| O|  |TAMS 0x00000000ee000000, 0x00000000ee000000| Untracked 
| 225|0x00000000ee100000, 0x00000000ee200000, 0x00000000ee200000|100%| O|  |TAMS 0x00000000ee100000, 0x00000000ee100000| Untracked 
| 226|0x00000000ee200000, 0x00000000ee300000, 0x00000000ee300000|100%| O|  |TAMS 0x00000000ee200000, 0x00000000ee200000| Untracked 
| 227|0x00000000ee300000, 0x00000000ee400000, 0x00000000ee400000|100%| O|  |TAMS 0x00000000ee300000, 0x00000000ee300000| Untracked 
| 228|0x00000000ee400000, 0x00000000ee500000, 0x00000000ee500000|100%| O|  |TAMS 0x00000000ee400000, 0x00000000ee400000| Untracked 
| 229|0x00000000ee500000, 0x00000000ee600000, 0x00000000ee600000|100%| O|  |TAMS 0x00000000ee500000, 0x00000000ee500000| Untracked 
| 230|0x00000000ee600000, 0x00000000ee700000, 0x00000000ee700000|100%| O|  |TAMS 0x00000000ee600000, 0x00000000ee600000| Untracked 
| 231|0x00000000ee700000, 0x00000000ee800000, 0x00000000ee800000|100%| O|  |TAMS 0x00000000ee700000, 0x00000000ee700000| Untracked 
| 232|0x00000000ee800000, 0x00000000ee900000, 0x00000000ee900000|100%| O|  |TAMS 0x00000000ee800000, 0x00000000ee800000| Untracked 
| 233|0x00000000ee900000, 0x00000000eea00000, 0x00000000eea00000|100%| O|  |TAMS 0x00000000ee900000, 0x00000000ee900000| Untracked 
| 234|0x00000000eea00000, 0x00000000eeb00000, 0x00000000eeb00000|100%| O|  |TAMS 0x00000000eea00000, 0x00000000eea00000| Untracked 
| 235|0x00000000eeb00000, 0x00000000eec00000, 0x00000000eec00000|100%| O|  |TAMS 0x00000000eeb00000, 0x00000000eeb00000| Untracked 
| 236|0x00000000eec00000, 0x00000000eed00000, 0x00000000eed00000|100%| O|  |TAMS 0x00000000eec00000, 0x00000000eec00000| Updating 
| 237|0x00000000eed00000, 0x00000000eee00000, 0x00000000eee00000|100%| O|  |TAMS 0x00000000eed00000, 0x00000000eed00000| Untracked 
| 238|0x00000000eee00000, 0x00000000eef00000, 0x00000000eef00000|100%| O|  |TAMS 0x00000000eee00000, 0x00000000eee00000| Untracked 
| 239|0x00000000eef00000, 0x00000000ef000000, 0x00000000ef000000|100%| O|  |TAMS 0x00000000eef00000, 0x00000000eef00000| Untracked 
| 240|0x00000000ef000000, 0x00000000ef100000, 0x00000000ef100000|100%| O|  |TAMS 0x00000000ef000000, 0x00000000ef000000| Untracked 
| 241|0x00000000ef100000, 0x00000000ef200000, 0x00000000ef200000|100%| O|  |TAMS 0x00000000ef100000, 0x00000000ef100000| Untracked 
| 242|0x00000000ef200000, 0x00000000ef300000, 0x00000000ef300000|100%| O|  |TAMS 0x00000000ef200000, 0x00000000ef200000| Untracked 
| 243|0x00000000ef300000, 0x00000000ef400000, 0x00000000ef400000|100%| O|  |TAMS 0x00000000ef300000, 0x00000000ef300000| Untracked 
| 244|0x00000000ef400000, 0x00000000ef500000, 0x00000000ef500000|100%| O|  |TAMS 0x00000000ef400000, 0x00000000ef400000| Untracked 
| 245|0x00000000ef500000, 0x00000000ef600000, 0x00000000ef600000|100%| O|  |TAMS 0x00000000ef500000, 0x00000000ef500000| Untracked 
| 246|0x00000000ef600000, 0x00000000ef700000, 0x00000000ef700000|100%| S|CS|TAMS 0x00000000ef600000, 0x00000000ef600000| Complete 
| 247|0x00000000ef700000, 0x00000000ef700000, 0x00000000ef800000|  0%| F|  |TAMS 0x00000000ef700000, 0x00000000ef700000| Untracked 
| 248|0x00000000ef800000, 0x00000000ef800000, 0x00000000ef900000|  0%| F|  |TAMS 0x00000000ef800000, 0x00000000ef800000| Untracked 
| 249|0x00000000ef900000, 0x00000000ef900000, 0x00000000efa00000|  0%| F|  |TAMS 0x00000000ef900000, 0x00000000ef900000| Untracked 
| 250|0x00000000efa00000, 0x00000000efa00000, 0x00000000efb00000|  0%| F|  |TAMS 0x00000000efa00000, 0x00000000efa00000| Untracked 
| 251|0x00000000efb00000, 0x00000000efb00000, 0x00000000efc00000|  0%| F|  |TAMS 0x00000000efb00000, 0x00000000efb00000| Untracked 
| 252|0x00000000efc00000, 0x00000000efc00000, 0x00000000efd00000|  0%| F|  |TAMS 0x00000000efc00000, 0x00000000efc00000| Untracked 
| 253|0x00000000efd00000, 0x00000000efd00000, 0x00000000efe00000|  0%| F|  |TAMS 0x00000000efd00000, 0x00000000efd00000| Untracked 
| 254|0x00000000efe00000, 0x00000000efe00000, 0x00000000eff00000|  0%| F|  |TAMS 0x00000000efe00000, 0x00000000efe00000| Untracked 
| 255|0x00000000eff00000, 0x00000000eff00000, 0x00000000f0000000|  0%| F|  |TAMS 0x00000000eff00000, 0x00000000eff00000| Untracked 
| 256|0x00000000f0000000, 0x00000000f0000000, 0x00000000f0100000|  0%| F|  |TAMS 0x00000000f0000000, 0x00000000f0000000| Untracked 
| 257|0x00000000f0100000, 0x00000000f0100000, 0x00000000f0200000|  0%| F|  |TAMS 0x00000000f0100000, 0x00000000f0100000| Untracked 
| 258|0x00000000f0200000, 0x00000000f0200000, 0x00000000f0300000|  0%| F|  |TAMS 0x00000000f0200000, 0x00000000f0200000| Untracked 
| 259|0x00000000f0300000, 0x00000000f0300000, 0x00000000f0400000|  0%| F|  |TAMS 0x00000000f0300000, 0x00000000f0300000| Untracked 
| 260|0x00000000f0400000, 0x00000000f0500000, 0x00000000f0500000|100%| S|CS|TAMS 0x00000000f0400000, 0x00000000f0400000| Complete 
| 261|0x00000000f0500000, 0x00000000f0600000, 0x00000000f0600000|100%| O|  |TAMS 0x00000000f0500000, 0x00000000f0500000| Untracked 
| 262|0x00000000f0600000, 0x00000000f0700000, 0x00000000f0700000|100%| O|  |TAMS 0x00000000f0600000, 0x00000000f0600000| Untracked 
| 263|0x00000000f0700000, 0x00000000f0800000, 0x00000000f0800000|100%| O|  |TAMS 0x00000000f0700000, 0x00000000f0700000| Untracked 
| 264|0x00000000f0800000, 0x00000000f0900000, 0x00000000f0900000|100%| O|  |TAMS 0x00000000f0800000, 0x00000000f0800000| Untracked 
| 265|0x00000000f0900000, 0x00000000f0a00000, 0x00000000f0a00000|100%| O|  |TAMS 0x00000000f0900000, 0x00000000f0900000| Untracked 
| 266|0x00000000f0a00000, 0x00000000f0b00000, 0x00000000f0b00000|100%| O|  |TAMS 0x00000000f0a00000, 0x00000000f0a00000| Untracked 
| 267|0x00000000f0b00000, 0x00000000f0c00000, 0x00000000f0c00000|100%| O|  |TAMS 0x00000000f0b00000, 0x00000000f0b00000| Untracked 
| 268|0x00000000f0c00000, 0x00000000f0d00000, 0x00000000f0d00000|100%| O|  |TAMS 0x00000000f0c00000, 0x00000000f0c00000| Untracked 
| 269|0x00000000f0d00000, 0x00000000f0e00000, 0x00000000f0e00000|100%| O|  |TAMS 0x00000000f0d00000, 0x00000000f0d00000| Untracked 
| 270|0x00000000f0e00000, 0x00000000f0e90600, 0x00000000f0f00000| 56%| O|  |TAMS 0x00000000f0e00000, 0x00000000f0e00000| Untracked 

Card table byte_map: [0x00000192a5c80000,0x00000192a5d80000] _byte_map_base: 0x00000192a5580000

Marking Bits (Prev, Next): (CMBitMap*) 0x00000192931b2158, (CMBitMap*) 0x00000192931b2190
 Prev Bits: [0x00000192a5e80000, 0x00000192a6680000)
 Next Bits: [0x00000192a6680000, 0x00000192a6e80000)

Polling page: 0x00000192911b0000

Metaspace:

Usage:
  Non-class:    128.19 MB capacity,   125.97 MB ( 98%) used,     1.84 MB (  1%) free+waste,   383.19 KB ( <1%) overhead. 
      Class:     18.78 MB capacity,    17.49 MB ( 93%) used,     1.13 MB (  6%) free+waste,   170.31 KB ( <1%) overhead. 
       Both:    146.97 MB capacity,   143.46 MB ( 98%) used,     2.97 MB (  2%) free+waste,   553.50 KB ( <1%) overhead. 

Virtual space:
  Non-class space:      130.00 MB reserved,     128.21 MB ( 99%) committed 
      Class space:        1.00 GB reserved,      18.88 MB (  2%) committed 
             Both:        1.13 GB reserved,     147.08 MB ( 13%) committed 

Chunk freelists:
   Non-Class:  20.00 KB
       Class:  1.00 KB
        Both:  21.00 KB

MaxMetaspaceSize: 17179869184.00 GB
CompressedClassSpaceSize: 1.00 GB

CodeHeap 'non-profiled nmethods': size=120064Kb used=13352Kb max_used=13431Kb free=106711Kb
 bounds [0x000001929e740000, 0x000001929f470000, 0x00000192a5c80000]
CodeHeap 'profiled nmethods': size=120000Kb used=42954Kb max_used=42954Kb free=77045Kb
 bounds [0x0000019297210000, 0x0000019299c30000, 0x000001929e740000]
CodeHeap 'non-nmethods': size=5696Kb used=2467Kb max_used=2511Kb free=3228Kb
 bounds [0x0000019296c80000, 0x0000019296f00000, 0x0000019297210000]
 total_blobs=20229 nmethods=19079 adapters=1060
 compilation: enabled
              stopped_count=0, restarted_count=0
 full_count=0

Compilation events (20 events):
Event: 145.299 Thread 0x00000192a94ac000 21048       2       android.databinding.tool.store.BindingAdapterStore$Companion$merge$1$1$1::accept (11 bytes)
Event: 145.299 Thread 0x00000192a94ac000 nmethod 21048 0x000001929853f410 code [0x000001929853f5e0, 0x000001929853f778]
Event: 145.301 Thread 0x00000192a94ac000 21049       2       java.util.LinkedHashMap::forEach (65 bytes)
Event: 145.301 Thread 0x00000192a94ac000 nmethod 21049 0x0000019298564c90 code [0x0000019298564e80, 0x00000192985651c8]
Event: 145.302 Thread 0x00000192a94ac000 21050       2       android.databinding.tool.store.BindingAdapterStore$Companion$merge$1::accept (10 bytes)
Event: 145.302 Thread 0x00000192a94ac000 nmethod 21050 0x0000019298592710 code [0x00000192985928c0, 0x0000019298592a28]
Event: 145.303 Thread 0x00000192a94ac000 21051       2       android.databinding.tool.store.BindingAdapterStore$Companion$merge$1$1$1::<init> (10 bytes)
Event: 145.303 Thread 0x00000192a94ac000 nmethod 21051 0x000001929851b290 code [0x000001929851b440, 0x000001929851b578]
Event: 145.307 Thread 0x00000192a94ac000 21052       2       android.databinding.tool.store.SetterStore::access$700 (5 bytes)
Event: 145.307 Thread 0x00000192a94ac000 nmethod 21052 0x0000019298535010 code [0x00000192985351c0, 0x00000192985352a8]
Event: 145.323 Thread 0x00000192a94ac000 21053       2       org.apache.xerces.parsers.XIncludeAwareParserConfiguration::getFeature (34 bytes)
Event: 145.323 Thread 0x00000192a94ac000 nmethod 21053 0x00000192985a4d10 code [0x00000192985a4f00, 0x00000192985a5158]
Event: 145.495 Thread 0x00000192a94a5000 nmethod 20908% 0x000001929f45df10 code [0x000001929f45e620, 0x000001929f465460]
Event: 145.495 Thread 0x00000192a94a5000 20944       4       org.apache.xerces.dom.DeferredDocumentImpl::getPrevSibling (106 bytes)
Event: 145.502 Thread 0x00000192a94a5000 nmethod 20944 0x000001929eaa8d10 code [0x000001929eaa8ec0, 0x000001929eaa9198]
Event: 145.502 Thread 0x00000192a94a5000 20955       4       com.sun.tools.javac.processing.JavacProcessingEnvironment$1::scan (15 bytes)
Event: 145.503 Thread 0x00000192a94a5000 nmethod 20955 0x000001929eaba510 code [0x000001929eaba6a0, 0x000001929eaba778]
Event: 145.503 Thread 0x00000192a94a5000 20928       4       org.apache.xerces.dom.DeferredDocumentImpl::clearChunkIndex (57 bytes)
Event: 145.506 Thread 0x00000192a94a5000 nmethod 20928 0x000001929eaba010 code [0x000001929eaba1a0, 0x000001929eaba358]
Event: 145.506 Thread 0x00000192a94a5000 20929       4       org.apache.xerces.dom.DeferredDocumentImpl::getNodeObject (510 bytes)

GC Heap History (20 events):
Event: 144.278 GC heap after
{Heap after GC invocations=119 (full 0):
 garbage-first heap   total 218112K, used 199767K [0x00000000e0000000, 0x0000000100000000)
  region size 1024K, 2 young (2048K), 2 survivors (2048K)
 Metaspace       used 146724K, capacity 150352K, committed 150612K, reserved 1181696K
  class space    used 17900K, capacity 19229K, committed 19328K, reserved 1048576K
}
Event: 144.363 GC heap before
{Heap before GC invocations=119 (full 0):
 garbage-first heap   total 218112K, used 207959K [0x00000000e0000000, 0x0000000100000000)
  region size 1024K, 10 young (10240K), 2 survivors (2048K)
 Metaspace       used 146761K, capacity 150357K, committed 150612K, reserved 1181696K
  class space    used 17900K, capacity 19229K, committed 19328K, reserved 1048576K
}
Event: 144.372 GC heap after
{Heap after GC invocations=120 (full 0):
 garbage-first heap   total 218112K, used 199828K [0x00000000e0000000, 0x0000000100000000)
  region size 1024K, 1 young (1024K), 1 survivors (1024K)
 Metaspace       used 146761K, capacity 150357K, committed 150612K, reserved 1181696K
  class space    used 17900K, capacity 19229K, committed 19328K, reserved 1048576K
}
Event: 144.461 GC heap before
{Heap before GC invocations=120 (full 0):
 garbage-first heap   total 218112K, used 209044K [0x00000000e0000000, 0x0000000100000000)
  region size 1024K, 10 young (10240K), 1 survivors (1024K)
 Metaspace       used 146839K, capacity 150431K, committed 150612K, reserved 1181696K
  class space    used 17907K, capacity 19231K, committed 19328K, reserved 1048576K
}
Event: 144.469 GC heap after
{Heap after GC invocations=121 (full 0):
 garbage-first heap   total 218112K, used 204207K [0x00000000e0000000, 0x0000000100000000)
  region size 1024K, 2 young (2048K), 2 survivors (2048K)
 Metaspace       used 146839K, capacity 150431K, committed 150612K, reserved 1181696K
  class space    used 17907K, capacity 19231K, committed 19328K, reserved 1048576K
}
Event: 144.532 GC heap before
{Heap before GC invocations=121 (full 0):
 garbage-first heap   total 218112K, used 212399K [0x00000000e0000000, 0x0000000100000000)
  region size 1024K, 10 young (10240K), 2 survivors (2048K)
 Metaspace       used 146839K, capacity 150431K, committed 150612K, reserved 1181696K
  class space    used 17907K, capacity 19231K, committed 19328K, reserved 1048576K
}
Event: 144.546 GC heap after
{Heap after GC invocations=122 (full 0):
 garbage-first heap   total 223232K, used 212515K [0x00000000e0000000, 0x0000000100000000)
  region size 1024K, 2 young (2048K), 2 survivors (2048K)
 Metaspace       used 146839K, capacity 150431K, committed 150612K, reserved 1181696K
  class space    used 17907K, capacity 19231K, committed 19328K, reserved 1048576K
}
Event: 144.596 GC heap before
{Heap before GC invocations=122 (full 0):
 garbage-first heap   total 223232K, used 220707K [0x00000000e0000000, 0x0000000100000000)
  region size 1024K, 10 young (10240K), 2 survivors (2048K)
 Metaspace       used 146839K, capacity 150431K, committed 150612K, reserved 1181696K
  class space    used 17907K, capacity 19231K, committed 19328K, reserved 1048576K
}
Event: 144.606 GC heap after
{Heap after GC invocations=123 (full 0):
 garbage-first heap   total 231424K, used 221184K [0x00000000e0000000, 0x0000000100000000)
  region size 1024K, 2 young (2048K), 2 survivors (2048K)
 Metaspace       used 146839K, capacity 150431K, committed 150612K, reserved 1181696K
  class space    used 17907K, capacity 19231K, committed 19328K, reserved 1048576K
}
Event: 144.631 GC heap before
{Heap before GC invocations=123 (full 0):
 garbage-first heap   total 231424K, used 230400K [0x00000000e0000000, 0x0000000100000000)
  region size 1024K, 11 young (11264K), 2 survivors (2048K)
 Metaspace       used 146839K, capacity 150431K, committed 150612K, reserved 1181696K
  class space    used 17907K, capacity 19231K, committed 19328K, reserved 1048576K
}
Event: 144.644 GC heap after
{Heap after GC invocations=124 (full 0):
 garbage-first heap   total 240640K, used 228733K [0x00000000e0000000, 0x0000000100000000)
  region size 1024K, 2 young (2048K), 2 survivors (2048K)
 Metaspace       used 146839K, capacity 150431K, committed 150612K, reserved 1181696K
  class space    used 17907K, capacity 19231K, committed 19328K, reserved 1048576K
}
Event: 144.669 GC heap before
{Heap before GC invocations=124 (full 0):
 garbage-first heap   total 240640K, used 237949K [0x00000000e0000000, 0x0000000100000000)
  region size 1024K, 11 young (11264K), 2 survivors (2048K)
 Metaspace       used 146839K, capacity 150431K, committed 150612K, reserved 1181696K
  class space    used 17907K, capacity 19231K, committed 19328K, reserved 1048576K
}
Event: 144.689 GC heap after
{Heap after GC invocations=125 (full 0):
 garbage-first heap   total 266240K, used 235876K [0x00000000e0000000, 0x0000000100000000)
  region size 1024K, 2 young (2048K), 2 survivors (2048K)
 Metaspace       used 146839K, capacity 150431K, committed 150612K, reserved 1181696K
  class space    used 17907K, capacity 19231K, committed 19328K, reserved 1048576K
}
Event: 145.062 GC heap before
{Heap before GC invocations=125 (full 0):
 garbage-first heap   total 266240K, used 247140K [0x00000000e0000000, 0x0000000100000000)
  region size 1024K, 13 young (13312K), 2 survivors (2048K)
 Metaspace       used 146839K, capacity 150431K, committed 150612K, reserved 1181696K
  class space    used 17907K, capacity 19231K, committed 19328K, reserved 1048576K
}
Event: 145.087 GC heap after
{Heap after GC invocations=126 (full 0):
 garbage-first heap   total 266240K, used 244730K [0x00000000e0000000, 0x0000000100000000)
  region size 1024K, 2 young (2048K), 2 survivors (2048K)
 Metaspace       used 146839K, capacity 150431K, committed 150612K, reserved 1181696K
  class space    used 17907K, capacity 19231K, committed 19328K, reserved 1048576K
}
Event: 145.162 GC heap before
{Heap before GC invocations=126 (full 0):
 garbage-first heap   total 266240K, used 255994K [0x00000000e0000000, 0x0000000100000000)
  region size 1024K, 13 young (13312K), 2 survivors (2048K)
 Metaspace       used 146873K, capacity 150495K, committed 150612K, reserved 1181696K
  class space    used 17907K, capacity 19231K, committed 19328K, reserved 1048576K
}
Event: 145.176 GC heap after
{Heap after GC invocations=127 (full 0):
 garbage-first heap   total 266240K, used 249597K [0x00000000e0000000, 0x0000000100000000)
  region size 1024K, 2 young (2048K), 2 survivors (2048K)
 Metaspace       used 146873K, capacity 150495K, committed 150612K, reserved 1181696K
  class space    used 17907K, capacity 19231K, committed 19328K, reserved 1048576K
}
Event: 145.375 GC heap before
{Heap before GC invocations=127 (full 0):
 garbage-first heap   total 266240K, used 260861K [0x00000000e0000000, 0x0000000100000000)
  region size 1024K, 13 young (13312K), 2 survivors (2048K)
 Metaspace       used 146903K, capacity 150495K, committed 150612K, reserved 1181696K
  class space    used 17907K, capacity 19231K, committed 19328K, reserved 1048576K
}
Event: 145.386 GC heap after
{Heap after GC invocations=128 (full 0):
 garbage-first heap   total 266240K, used 252161K [0x00000000e0000000, 0x0000000100000000)
  region size 1024K, 2 young (2048K), 2 survivors (2048K)
 Metaspace       used 146903K, capacity 150495K, committed 150612K, reserved 1181696K
  class space    used 17907K, capacity 19231K, committed 19328K, reserved 1048576K
}
Event: 145.509 GC heap before
{Heap before GC invocations=128 (full 0):
 garbage-first heap   total 266240K, used 263425K [0x00000000e0000000, 0x0000000100000000)
  region size 1024K, 13 young (13312K), 2 survivors (2048K)
 Metaspace       used 146903K, capacity 150495K, committed 150612K, reserved 1181696K
  class space    used 17907K, capacity 19231K, committed 19328K, reserved 1048576K
}

Deoptimization events (20 events):
Event: 144.460 Thread 0x00000192aca84000 DEOPT PACKING pc=0x0000019299bb2cf8 sp=0x0000006412df9950
Event: 144.460 Thread 0x00000192aca84000 DEOPT UNPACKING pc=0x0000019296ca76ce sp=0x0000006412df8e70 mode 0
Event: 144.460 Thread 0x00000192aca84000 DEOPT PACKING pc=0x0000019299bb2cf8 sp=0x0000006412df9950
Event: 144.460 Thread 0x00000192aca84000 DEOPT UNPACKING pc=0x0000019296ca76ce sp=0x0000006412df8e70 mode 0
Event: 144.460 Thread 0x00000192aca84000 DEOPT PACKING pc=0x0000019299bb2cf8 sp=0x0000006412df9950
Event: 144.460 Thread 0x00000192aca84000 DEOPT UNPACKING pc=0x0000019296ca76ce sp=0x0000006412df8e70 mode 0
Event: 144.461 Thread 0x00000192aca84000 DEOPT PACKING pc=0x0000019299bb2cf8 sp=0x0000006412df9950
Event: 144.461 Thread 0x00000192aca84000 DEOPT UNPACKING pc=0x0000019296ca76ce sp=0x0000006412df8e70 mode 0
Event: 144.469 Thread 0x00000192aca84000 DEOPT PACKING pc=0x0000019299bb2cf8 sp=0x0000006412df9aa0
Event: 144.469 Thread 0x00000192aca84000 DEOPT UNPACKING pc=0x0000019296ca76ce sp=0x0000006412df8fc0 mode 0
Event: 145.260 Thread 0x00000192aca84000 DEOPT PACKING pc=0x0000019299ad601c sp=0x0000006412df9cf0
Event: 145.260 Thread 0x00000192aca84000 DEOPT UNPACKING pc=0x0000019296ca76ce sp=0x0000006412df9120 mode 0
Event: 145.265 Thread 0x00000192aca84000 DEOPT PACKING pc=0x0000019299ad970a sp=0x0000006412df9ef0
Event: 145.265 Thread 0x00000192aca84000 DEOPT UNPACKING pc=0x0000019296ca76ce sp=0x0000006412df93b0 mode 0
Event: 145.327 Thread 0x00000192aca84000 Uncommon trap: trap_request=0xffffffde fr.pc=0x000001929f423784 relative=0x00000000000033e4
Event: 145.328 Thread 0x00000192aca84000 Uncommon trap: reason=class_check action=maybe_recompile pc=0x000001929f423784 method=org.apache.xerces.impl.XMLDocumentFragmentScannerImpl.scanStartElement()Z @ 309 c2
Event: 145.328 Thread 0x00000192aca84000 DEOPT PACKING pc=0x000001929f423784 sp=0x0000006412df9cc0
Event: 145.328 Thread 0x00000192aca84000 DEOPT UNPACKING pc=0x0000019296ca78af sp=0x0000006412df9ca8 mode 2
Event: 145.349 Thread 0x00000192aca84000 DEOPT PACKING pc=0x0000019299b707a0 sp=0x0000006412df9de0
Event: 145.349 Thread 0x00000192aca84000 DEOPT UNPACKING pc=0x0000019296ca76ce sp=0x0000006412df93a8 mode 0

Classes redefined (0 events):
No events

Internal exceptions (20 events):
Event: 144.012 Thread 0x00000192aca84000 Exception <a 'sun/nio/fs/WindowsException'{0x00000000ed0e2778}> (0x00000000ed0e2778) thrown at [./src/hotspot/share/prims/jni.cpp, line 615]
Event: 144.015 Thread 0x00000192aca84000 Exception <a 'sun/nio/fs/WindowsException'{0x00000000ecf0a6f0}> (0x00000000ecf0a6f0) thrown at [./src/hotspot/share/prims/jni.cpp, line 615]
Event: 144.047 Thread 0x00000192aca84000 Exception <a 'sun/nio/fs/WindowsException'{0x00000000ecf7f908}> (0x00000000ecf7f908) thrown at [./src/hotspot/share/prims/jni.cpp, line 615]
Event: 144.047 Thread 0x00000192aca84000 Exception <a 'sun/nio/fs/WindowsException'{0x00000000ecf7fa48}> (0x00000000ecf7fa48) thrown at [./src/hotspot/share/prims/jni.cpp, line 615]
Event: 144.048 Thread 0x00000192aca84000 Exception <a 'sun/nio/fs/WindowsException'{0x00000000ecf974b0}> (0x00000000ecf974b0) thrown at [./src/hotspot/share/prims/jni.cpp, line 615]
Event: 144.048 Thread 0x00000192aca84000 Exception <a 'sun/nio/fs/WindowsException'{0x00000000ecf97608}> (0x00000000ecf97608) thrown at [./src/hotspot/share/prims/jni.cpp, line 615]
Event: 144.072 Thread 0x00000192aca84000 Exception <a 'sun/nio/fs/WindowsException'{0x00000000ece59490}> (0x00000000ece59490) thrown at [./src/hotspot/share/prims/jni.cpp, line 615]
Event: 144.072 Thread 0x00000192aca84000 Exception <a 'sun/nio/fs/WindowsException'{0x00000000ece5a820}> (0x00000000ece5a820) thrown at [./src/hotspot/share/prims/jni.cpp, line 615]
Event: 144.073 Thread 0x00000192aca84000 Exception <a 'sun/nio/fs/WindowsException'{0x00000000ece5b880}> (0x00000000ece5b880) thrown at [./src/hotspot/share/prims/jni.cpp, line 615]
Event: 144.073 Thread 0x00000192aca84000 Exception <a 'sun/nio/fs/WindowsException'{0x00000000ece5ca98}> (0x00000000ece5ca98) thrown at [./src/hotspot/share/prims/jni.cpp, line 615]
Event: 144.073 Thread 0x00000192aca84000 Exception <a 'sun/nio/fs/WindowsException'{0x00000000ece5cbf8}> (0x00000000ece5cbf8) thrown at [./src/hotspot/share/prims/jni.cpp, line 615]
Event: 144.073 Thread 0x00000192aca84000 Exception <a 'sun/nio/fs/WindowsException'{0x00000000ece5ee18}> (0x00000000ece5ee18) thrown at [./src/hotspot/share/prims/jni.cpp, line 615]
Event: 144.074 Thread 0x00000192aca84000 Exception <a 'sun/nio/fs/WindowsException'{0x00000000ece6b020}> (0x00000000ece6b020) thrown at [./src/hotspot/share/prims/jni.cpp, line 615]
Event: 144.130 Thread 0x00000192aca84000 Exception <a 'sun/nio/fs/WindowsException'{0x00000000ed4d1f60}> (0x00000000ed4d1f60) thrown at [./src/hotspot/share/prims/jni.cpp, line 615]
Event: 144.135 Thread 0x00000192aca84000 Exception <a 'sun/nio/fs/WindowsException'{0x00000000ed4fa078}> (0x00000000ed4fa078) thrown at [./src/hotspot/share/prims/jni.cpp, line 615]
Event: 144.309 Thread 0x00000192aca84000 Exception <a 'sun/nio/fs/WindowsException'{0x00000000ed1bb770}> (0x00000000ed1bb770) thrown at [./src/hotspot/share/prims/jni.cpp, line 615]
Event: 144.309 Thread 0x00000192aca84000 Exception <a 'sun/nio/fs/WindowsException'{0x00000000ed1bb888}> (0x00000000ed1bb888) thrown at [./src/hotspot/share/prims/jni.cpp, line 615]
Event: 144.346 Thread 0x00000192aca84000 Exception <a 'sun/nio/fs/WindowsException'{0x00000000ecec6fc8}> (0x00000000ecec6fc8) thrown at [./src/hotspot/share/prims/jni.cpp, line 615]
Event: 144.347 Thread 0x00000192aca84000 Exception <a 'sun/nio/fs/WindowsException'{0x00000000ecec7100}> (0x00000000ecec7100) thrown at [./src/hotspot/share/prims/jni.cpp, line 615]
Event: 144.422 Thread 0x00000192aca84000 Implicit null exception at 0x000001929f439715 to 0x000001929f43c4f2

Events (20 events):
Event: 144.381 loading class com/sun/tools/javac/code/Type done
Event: 144.461 Executing VM operation: G1CollectForAllocation
Event: 144.469 Executing VM operation: G1CollectForAllocation done
Event: 144.532 Executing VM operation: G1CollectForAllocation
Event: 144.546 Executing VM operation: G1CollectForAllocation done
Event: 144.596 Executing VM operation: G1CollectForAllocation
Event: 144.606 Executing VM operation: G1CollectForAllocation done
Event: 144.630 Executing VM operation: G1CollectForAllocation
Event: 144.644 Executing VM operation: G1CollectForAllocation done
Event: 144.669 Executing VM operation: G1CollectForAllocation
Event: 144.689 Executing VM operation: G1CollectForAllocation done
Event: 145.061 Executing VM operation: G1CollectForAllocation
Event: 145.087 Executing VM operation: G1CollectForAllocation done
Event: 145.162 Executing VM operation: G1CollectForAllocation
Event: 145.176 Executing VM operation: G1CollectForAllocation done
Event: 145.234 Executing VM operation: CGC_Operation
Event: 145.257 Executing VM operation: CGC_Operation done
Event: 145.375 Executing VM operation: G1CollectForAllocation
Event: 145.386 Executing VM operation: G1CollectForAllocation done
Event: 145.508 Executing VM operation: G1CollectForAllocation


Dynamic libraries:
0x00007ff6cc570000 - 0x00007ff6cc57a000 	C:\Program Files\Android\Android Studio\jre\bin\java.exe
0x00007ffde4480000 - 0x00007ffde4687000 	C:\Windows\SYSTEM32\ntdll.dll
0x00007ffde2360000 - 0x00007ffde241d000 	C:\Windows\System32\KERNEL32.DLL
0x00007ffde1c00000 - 0x00007ffde1f72000 	C:\Windows\System32\KERNELBASE.dll
0x00007ffde20a0000 - 0x00007ffde21b1000 	C:\Windows\System32\ucrtbase.dll
0x00007ffddd8b0000 - 0x00007ffddd8c9000 	C:\Program Files\Android\Android Studio\jre\bin\jli.dll
0x00007ffddd890000 - 0x00007ffddd8a7000 	C:\Program Files\Android\Android Studio\jre\bin\VCRUNTIME140.dll
0x00007ffde2e60000 - 0x00007ffde300c000 	C:\Windows\System32\USER32.dll
0x00007ffde1bd0000 - 0x00007ffde1bf6000 	C:\Windows\System32\win32u.dll
0x00007ffdc8cf0000 - 0x00007ffdc8f95000 	C:\Windows\WinSxS\amd64_microsoft.windows.common-controls_6595b64144ccf1df_6.0.21996.1_none_7d6b053978bcd706\COMCTL32.dll
0x00007ffde3d20000 - 0x00007ffde3d49000 	C:\Windows\System32\GDI32.dll
0x00007ffde4300000 - 0x00007ffde43a3000 	C:\Windows\System32\msvcrt.dll
0x00007ffde1f80000 - 0x00007ffde2092000 	C:\Windows\System32\gdi32full.dll
0x00007ffde22b0000 - 0x00007ffde234d000 	C:\Windows\System32\msvcp_win.dll
0x00007ffde3ee0000 - 0x00007ffde3f11000 	C:\Windows\System32\IMM32.DLL
0x00007ffdc5230000 - 0x00007ffdc52cd000 	C:\Program Files\Android\Android Studio\jre\bin\msvcp140.dll
0x00007ffd99f10000 - 0x00007ffd9a9df000 	C:\Program Files\Android\Android Studio\jre\bin\server\jvm.dll
0x00007ffde36e0000 - 0x00007ffde378c000 	C:\Windows\System32\ADVAPI32.dll
0x00007ffde3e40000 - 0x00007ffde3edd000 	C:\Windows\System32\sechost.dll
0x00007ffde2450000 - 0x00007ffde2571000 	C:\Windows\System32\RPCRT4.dll
0x00007ffde2e50000 - 0x00007ffde2e58000 	C:\Windows\System32\PSAPI.DLL
0x00007ffdde4c0000 - 0x00007ffdde4c9000 	C:\Windows\SYSTEM32\WSOCK32.dll
0x00007ffddc200000 - 0x00007ffddc233000 	C:\Windows\SYSTEM32\WINMM.dll
0x00007ffde2580000 - 0x00007ffde25ef000 	C:\Windows\System32\WS2_32.dll
0x00007ffde02f0000 - 0x00007ffde02fa000 	C:\Windows\SYSTEM32\VERSION.dll
0x00007ffde0bc0000 - 0x00007ffde0bd7000 	C:\Windows\SYSTEM32\kernel.appcore.dll
0x00007ffdde4a0000 - 0x00007ffdde4b1000 	C:\Program Files\Android\Android Studio\jre\bin\verify.dll
0x00007ffdce6d0000 - 0x00007ffdce8f1000 	C:\Windows\SYSTEM32\DBGHELP.DLL
0x00007ffdce220000 - 0x00007ffdce251000 	C:\Windows\SYSTEM32\dbgcore.DLL
0x00007ffde21c0000 - 0x00007ffde2240000 	C:\Windows\System32\bcryptPrimitives.dll
0x00007ffdde470000 - 0x00007ffdde499000 	C:\Program Files\Android\Android Studio\jre\bin\java.dll
0x00007ffdde460000 - 0x00007ffdde46b000 	C:\Program Files\Android\Android Studio\jre\bin\jimage.dll
0x00007ffdde440000 - 0x00007ffdde458000 	C:\Program Files\Android\Android Studio\jre\bin\zip.dll
0x00007ffde26e0000 - 0x00007ffde2e49000 	C:\Windows\System32\SHELL32.dll
0x00007ffddfa70000 - 0x00007ffde02c8000 	C:\Windows\SYSTEM32\windows.storage.dll
0x00007ffde3f80000 - 0x00007ffde42f5000 	C:\Windows\System32\combase.dll
0x00007ffddf900000 - 0x00007ffddfa66000 	C:\Windows\SYSTEM32\wintypes.dll
0x00007ffde3d50000 - 0x00007ffde3e3a000 	C:\Windows\System32\SHCORE.dll
0x00007ffde3f20000 - 0x00007ffde3f7d000 	C:\Windows\System32\shlwapi.dll
0x00007ffde18d0000 - 0x00007ffde18f1000 	C:\Windows\SYSTEM32\profapi.dll
0x00007ffddd8f0000 - 0x00007ffddd90a000 	C:\Program Files\Android\Android Studio\jre\bin\net.dll
0x00007ffddc0f0000 - 0x00007ffddc1fc000 	C:\Windows\SYSTEM32\WINHTTP.dll
0x00007ffde0fd0000 - 0x00007ffde1037000 	C:\Windows\system32\mswsock.dll
0x00007ffdd77e0000 - 0x00007ffdd77f4000 	C:\Program Files\Android\Android Studio\jre\bin\nio.dll
0x00007ffddf3e0000 - 0x00007ffddf407000 	C:\Users\Developer\.gradle\native\f6784746aeab05261644944871eae4fe03e0ef1612fff0a4a95f87b438bc6780\windows-amd64\native-platform.dll
0x00007ffdde430000 - 0x00007ffdde43a000 	C:\Program Files\Android\Android Studio\jre\bin\management.dll
0x00007ffddd8e0000 - 0x00007ffddd8ec000 	C:\Program Files\Android\Android Studio\jre\bin\management_ext.dll
0x00007ffde1210000 - 0x00007ffde1228000 	C:\Windows\SYSTEM32\CRYPTSP.dll
0x00007ffde0b20000 - 0x00007ffde0b55000 	C:\Windows\system32\rsaenh.dll
0x00007ffde10c0000 - 0x00007ffde10e9000 	C:\Windows\SYSTEM32\USERENV.dll
0x00007ffde1390000 - 0x00007ffde13b7000 	C:\Windows\SYSTEM32\bcrypt.dll
0x00007ffde1230000 - 0x00007ffde123c000 	C:\Windows\SYSTEM32\CRYPTBASE.dll
0x00007ffde0700000 - 0x00007ffde072d000 	C:\Windows\SYSTEM32\IPHLPAPI.DLL
0x00007ffde3240000 - 0x00007ffde3249000 	C:\Windows\System32\NSI.dll
0x00007ffddbe00000 - 0x00007ffddbe19000 	C:\Windows\SYSTEM32\dhcpcsvc6.DLL
0x00007ffddd530000 - 0x00007ffddd54e000 	C:\Windows\SYSTEM32\dhcpcsvc.DLL
0x00007ffde0770000 - 0x00007ffde0855000 	C:\Windows\SYSTEM32\DNSAPI.dll
0x00007ffddb6b0000 - 0x00007ffddb6bc000 	C:\Windows\SYSTEM32\WINNSI.DLL
0x00007ffdd2a90000 - 0x00007ffdd2ab7000 	C:\Program Files\Android\Android Studio\jre\bin\sunec.dll
0x00007ffdd8b60000 - 0x00007ffdd8b6a000 	C:\Windows\System32\rasadhlp.dll
0x00007ffddb2d0000 - 0x00007ffddb351000 	C:\Windows\System32\fwpuclnt.dll
0x00007ffddef00000 - 0x00007ffddef34000 	C:\Windows\SYSTEM32\ntmarta.dll
0x00007ffdcc2c0000 - 0x00007ffdcc464000 	C:\Program Files\Android\Android Studio\jre\bin\awt.dll
0x00007ffde3160000 - 0x00007ffde3236000 	C:\Windows\System32\OLEAUT32.dll
0x00007ffddf3a0000 - 0x00007ffddf3d0000 	C:\Windows\SYSTEM32\dwmapi.dll
0x00007ffddec10000 - 0x00007ffddeca2000 	C:\Windows\SYSTEM32\apphelp.dll
0x00007ffddedb0000 - 0x00007ffddee5c000 	C:\Windows\system32\uxtheme.dll
0x00007ffddc410000 - 0x00007ffddc42e000 	C:\Users\Developer\AppData\Local\Temp\native-platform15625104412950106105dir\native-platform.dll
0x00007ffdd8b50000 - 0x00007ffdd8b58000 	C:\Program Files\Android\Android Studio\jre\bin\rmi.dll

dbghelp: loaded successfully - version: 4.0.5 - missing functions: none
symbol engine: initialized successfully - sym options: 0x614 - pdb path: .;C:\Program Files\Android\Android Studio\jre\bin;C:\Windows\SYSTEM32;C:\Windows\WinSxS\amd64_microsoft.windows.common-controls_6595b64144ccf1df_6.0.21996.1_none_7d6b053978bcd706;C:\Program Files\Android\Android Studio\jre\bin\server;C:\Users\Developer\.gradle\native\f6784746aeab05261644944871eae4fe03e0ef1612fff0a4a95f87b438bc6780\windows-amd64;C:\Users\Developer\AppData\Local\Temp\native-platform15625104412950106105dir

VM Arguments:
jvm_args: --add-opens=java.base/java.util=ALL-UNNAMED --add-opens=java.base/java.lang=ALL-UNNAMED --add-opens=java.base/java.lang.invoke=ALL-UNNAMED --add-opens=java.prefs/java.util.prefs=ALL-UNNAMED -Xmx512m -Dfile.encoding=windows-1252 -Duser.country=US -Duser.language=en -Duser.variant 
java_command: org.gradle.launcher.daemon.bootstrap.GradleDaemon 6.5
java_class_path (initial): C:\Users\Developer\.gradle\wrapper\dists\gradle-6.5-bin\6nifqtx7604sqp1q6g8wikw7p\gradle-6.5\lib\gradle-launcher-6.5.jar
Launcher Type: SUN_STANDARD

[Global flags]
     intx CICompilerCount                          = 3                                         {product} {ergonomic}
     uint ConcGCThreads                            = 1                                         {product} {ergonomic}
     uint G1ConcRefinementThreads                  = 4                                         {product} {ergonomic}
   size_t G1HeapRegionSize                         = 1048576                                   {product} {ergonomic}
    uintx GCDrainStackTargetSize                   = 64                                        {product} {ergonomic}
   size_t InitialHeapSize                          = 199229440                                 {product} {ergonomic}
   size_t MarkStackSize                            = 4194304                                   {product} {ergonomic}
   size_t MaxHeapSize                              = 536870912                                 {product} {command line}
   size_t MaxNewSize                               = 321912832                                 {product} {ergonomic}
   size_t MinHeapDeltaBytes                        = 1048576                                   {product} {ergonomic}
    uintx NonNMethodCodeHeapSize                   = 5830732                                {pd product} {ergonomic}
    uintx NonProfiledCodeHeapSize                  = 122913754                              {pd product} {ergonomic}
    uintx ProfiledCodeHeapSize                     = 122913754                              {pd product} {ergonomic}
    uintx ReservedCodeCacheSize                    = 251658240                              {pd product} {ergonomic}
     bool SegmentedCodeCache                       = true                                      {product} {ergonomic}
     bool UseCompressedClassPointers               = true                                 {lp64_product} {ergonomic}
     bool UseCompressedOops                        = true                                 {lp64_product} {ergonomic}
     bool UseG1GC                                  = true                                      {product} {ergonomic}
     bool UseLargePagesIndividualAllocation        = false                                  {pd product} {ergonomic}

Logging:
Log output configuration:
 #0: stdout all=warning uptime,level,tags
 #1: stderr all=off uptime,level,tags

Environment Variables:
JAVA_HOME=C:\Program Files\java\jdk-17.0.1\bin
PATH=C:\Program Files\Common Files\Oracle\Java\javapath;C:\Program Files (x86)\Common Files\Oracle\Java\javapath;C:\Windows\system32;C:\Windows;C:\Windows\System32\Wbem;C:\Windows\System32\WindowsPowerShell\v1.0\;C:\Windows\System32\OpenSSH\;C:\Program Files\Git\cmd;C:\Program Files\PuTTY\;C:\Program Files\java\jdk-17.0.1\bin;C:\Users\Developer\AppData\Local\Microsoft\WindowsApps;C:\Users\Developer\AppData\Local\GitHubDesktop\bin
USERNAME=Developer
OS=Windows_NT
PROCESSOR_IDENTIFIER=Intel64 Family 6 Model 142 Stepping 10, GenuineIntel



---------------  S Y S T E M  ---------------

OS: Windows 10 , 64 bit Build 21996 (10.0.21996.1)
OS uptime: 0 days 1:04 hours

CPU:total 4 (initial active 4) (2 cores per cpu, 2 threads per core) family 6 model 142 stepping 10 microcode 0xe0, cmov, cx8, fxsr, mmx, sse, sse2, sse3, ssse3, sse4.1, sse4.2, popcnt, avx, avx2, aes, clmul, erms, 3dnowpref, lzcnt, ht, tsc, tscinvbit, bmi1, bmi2, adx, fma

Memory: 4k page, system-wide physical 12154M (283M free)
TotalPageFile size 27271M (AvailPageFile size 27M)
current process WorkingSet (physical memory assigned to process): 635M, peak: 635M
current process commit charge ("private bytes"): 661M, peak: 697M

vm_info: OpenJDK 64-Bit Server VM (11.0.10+0-b96-7249189) for windows-amd64 JRE (11.0.10+0-b96-7249189), built on Mar 31 2021 21:44:00 by "builder" with MS VC++ 14.0 (VS2015)

END.
